ARM GAS  /tmp/cc25OU9t.s 			page 1


   1              		.cpu cortex-m0
   2              		.fpu softvfp
   3              		.eabi_attribute 20, 1
   4              		.eabi_attribute 21, 1
   5              		.eabi_attribute 23, 3
   6              		.eabi_attribute 24, 1
   7              		.eabi_attribute 25, 1
   8              		.eabi_attribute 26, 1
   9              		.eabi_attribute 30, 1
  10              		.eabi_attribute 34, 0
  11              		.eabi_attribute 18, 4
  12              		.code	16
  13              		.file	"adc.c"
  14              		.text
  15              	.Ltext0:
  16              		.cfi_sections	.debug_frame
  17              	.Letext0:
  18              		.section	.debug_info,"",%progbits
  19              	.Ldebug_info0:
  20 0000 75000000 		.4byte	0x75
  21 0004 0400     		.2byte	0x4
  22 0006 00000000 		.4byte	.Ldebug_abbrev0
  23 000a 04       		.byte	0x4
  24 000b 01       		.uleb128 0x1
  25 000c 2D000000 		.4byte	.LASF12
  26 0010 01       		.byte	0x1
  27 0011 09010000 		.4byte	.LASF13
  28 0015 69010000 		.4byte	.LASF14
  29 0019 00000000 		.4byte	.Ldebug_line0
  30 001d 02       		.uleb128 0x2
  31 001e 04       		.byte	0x4
  32 001f 05       		.byte	0x5
  33 0020 696E7400 		.ascii	"int\000"
  34 0024 03       		.uleb128 0x3
  35 0025 04       		.byte	0x4
  36 0026 07       		.byte	0x7
  37 0027 0E000000 		.4byte	.LASF0
  38 002b 03       		.uleb128 0x3
  39 002c 01       		.byte	0x1
  40 002d 06       		.byte	0x6
  41 002e 5D010000 		.4byte	.LASF1
  42 0032 03       		.uleb128 0x3
  43 0033 01       		.byte	0x1
  44 0034 08       		.byte	0x8
  45 0035 28010000 		.4byte	.LASF2
  46 0039 03       		.uleb128 0x3
  47 003a 02       		.byte	0x2
  48 003b 05       		.byte	0x5
  49 003c 88010000 		.4byte	.LASF3
  50 0040 03       		.uleb128 0x3
  51 0041 02       		.byte	0x2
  52 0042 07       		.byte	0x7
  53 0043 4A010000 		.4byte	.LASF4
  54 0047 03       		.uleb128 0x3
  55 0048 04       		.byte	0x4
  56 0049 05       		.byte	0x5
  57 004a 3B010000 		.4byte	.LASF5
ARM GAS  /tmp/cc25OU9t.s 			page 2


  58 004e 03       		.uleb128 0x3
  59 004f 04       		.byte	0x4
  60 0050 07       		.byte	0x7
  61 0051 1B000000 		.4byte	.LASF6
  62 0055 03       		.uleb128 0x3
  63 0056 08       		.byte	0x8
  64 0057 05       		.byte	0x5
  65 0058 00000000 		.4byte	.LASF7
  66 005c 03       		.uleb128 0x3
  67 005d 08       		.byte	0x8
  68 005e 07       		.byte	0x7
  69 005f F2000000 		.4byte	.LASF8
  70 0063 03       		.uleb128 0x3
  71 0064 01       		.byte	0x1
  72 0065 02       		.byte	0x2
  73 0066 44010000 		.4byte	.LASF9
  74 006a 03       		.uleb128 0x3
  75 006b 04       		.byte	0x4
  76 006c 07       		.byte	0x7
  77 006d 92010000 		.4byte	.LASF10
  78 0071 03       		.uleb128 0x3
  79 0072 01       		.byte	0x1
  80 0073 08       		.byte	0x8
  81 0074 36010000 		.4byte	.LASF11
  82 0078 00       		.byte	0
  83              		.section	.debug_abbrev,"",%progbits
  84              	.Ldebug_abbrev0:
  85 0000 01       		.uleb128 0x1
  86 0001 11       		.uleb128 0x11
  87 0002 01       		.byte	0x1
  88 0003 25       		.uleb128 0x25
  89 0004 0E       		.uleb128 0xe
  90 0005 13       		.uleb128 0x13
  91 0006 0B       		.uleb128 0xb
  92 0007 03       		.uleb128 0x3
  93 0008 0E       		.uleb128 0xe
  94 0009 1B       		.uleb128 0x1b
  95 000a 0E       		.uleb128 0xe
  96 000b 10       		.uleb128 0x10
  97 000c 17       		.uleb128 0x17
  98 000d 00       		.byte	0
  99 000e 00       		.byte	0
 100 000f 02       		.uleb128 0x2
 101 0010 24       		.uleb128 0x24
 102 0011 00       		.byte	0
 103 0012 0B       		.uleb128 0xb
 104 0013 0B       		.uleb128 0xb
 105 0014 3E       		.uleb128 0x3e
 106 0015 0B       		.uleb128 0xb
 107 0016 03       		.uleb128 0x3
 108 0017 08       		.uleb128 0x8
 109 0018 00       		.byte	0
 110 0019 00       		.byte	0
 111 001a 03       		.uleb128 0x3
 112 001b 24       		.uleb128 0x24
 113 001c 00       		.byte	0
 114 001d 0B       		.uleb128 0xb
ARM GAS  /tmp/cc25OU9t.s 			page 3


 115 001e 0B       		.uleb128 0xb
 116 001f 3E       		.uleb128 0x3e
 117 0020 0B       		.uleb128 0xb
 118 0021 03       		.uleb128 0x3
 119 0022 0E       		.uleb128 0xe
 120 0023 00       		.byte	0
 121 0024 00       		.byte	0
 122 0025 00       		.byte	0
 123              		.section	.debug_aranges,"",%progbits
 124 0000 14000000 		.4byte	0x14
 125 0004 0200     		.2byte	0x2
 126 0006 00000000 		.4byte	.Ldebug_info0
 127 000a 04       		.byte	0x4
 128 000b 00       		.byte	0
 129 000c 0000     		.2byte	0
 130 000e 0000     		.2byte	0
 131 0010 00000000 		.4byte	0
 132 0014 00000000 		.4byte	0
 133              		.section	.debug_line,"",%progbits
 134              	.Ldebug_line0:
 135 0000 19000000 		.section	.debug_str,"MS",%progbits,1
 135      02001300 
 135      00000201 
 135      FB0E0D00 
 135      01010101 
 136              	.LASF7:
 137 0000 6C6F6E67 		.ascii	"long long int\000"
 137      206C6F6E 
 137      6720696E 
 137      7400
 138              	.LASF0:
 139 000e 756E7369 		.ascii	"unsigned int\000"
 139      676E6564 
 139      20696E74 
 139      00
 140              	.LASF6:
 141 001b 6C6F6E67 		.ascii	"long unsigned int\000"
 141      20756E73 
 141      69676E65 
 141      6420696E 
 141      7400
 142              	.LASF12:
 143 002d 474E5520 		.ascii	"GNU C 4.8.4 20140526 (release) [ARM/embedded-4_8-br"
 143      4320342E 
 143      382E3420 
 143      32303134 
 143      30353236 
 144 0060 616E6368 		.ascii	"anch revision 211358] -mcpu=cortex-m0 -mno-thumb-in"
 144      20726576 
 144      6973696F 
 144      6E203231 
 144      31333538 
 145 0093 74657277 		.ascii	"terwork -mthumb -ggdb -O1 -fomit-frame-pointer -ffu"
 145      6F726B20 
 145      2D6D7468 
 145      756D6220 
 145      2D676764 
ARM GAS  /tmp/cc25OU9t.s 			page 4


 146 00c6 6E637469 		.ascii	"nction-sections -fdata-sections -fno-common\000"
 146      6F6E2D73 
 146      65637469 
 146      6F6E7320 
 146      2D666461 
 147              	.LASF8:
 148 00f2 6C6F6E67 		.ascii	"long long unsigned int\000"
 148      206C6F6E 
 148      6720756E 
 148      7369676E 
 148      65642069 
 149              	.LASF13:
 150 0109 43686962 		.ascii	"ChibiOS_2.6.5/os/hal/src/adc.c\000"
 150      694F535F 
 150      322E362E 
 150      352F6F73 
 150      2F68616C 
 151              	.LASF2:
 152 0128 756E7369 		.ascii	"unsigned char\000"
 152      676E6564 
 152      20636861 
 152      7200
 153              	.LASF11:
 154 0136 63686172 		.ascii	"char\000"
 154      00
 155              	.LASF5:
 156 013b 6C6F6E67 		.ascii	"long int\000"
 156      20696E74 
 156      00
 157              	.LASF9:
 158 0144 5F426F6F 		.ascii	"_Bool\000"
 158      6C00
 159              	.LASF4:
 160 014a 73686F72 		.ascii	"short unsigned int\000"
 160      7420756E 
 160      7369676E 
 160      65642069 
 160      6E7400
 161              	.LASF1:
 162 015d 7369676E 		.ascii	"signed char\000"
 162      65642063 
 162      68617200 
 163              	.LASF14:
 164 0169 2F484444 		.ascii	"/HDD/GIT/variometer/Altimeter/\000"
 164      2F474954 
 164      2F766172 
 164      696F6D65 
 164      7465722F 
 165              	.LASF3:
 166 0188 73686F72 		.ascii	"short int\000"
 166      7420696E 
 166      7400
 167              	.LASF10:
 168 0192 73697A65 		.ascii	"sizetype\000"
 168      74797065 
 168      00
 169              		.ident	"GCC: (GNU Tools for ARM Embedded Processors) 4.8.4 20140526 (release) [ARM/embedded-4_8-br
ARM GAS  /tmp/cc25OU9t.s 			page 5


ARM GAS  /tmp/cc25OU9t.s 			page 6


DEFINED SYMBOLS
                            *ABS*:00000000 adc.c

NO UNDEFINED SYMBOLS
