ARM GAS  /tmp/ccpoTkxL.s 			page 1


   1              		.cpu cortex-m0
   2              		.fpu softvfp
   3              		.eabi_attribute 20, 1
   4              		.eabi_attribute 21, 1
   5              		.eabi_attribute 23, 3
   6              		.eabi_attribute 24, 1
   7              		.eabi_attribute 25, 1
   8              		.eabi_attribute 26, 1
   9              		.eabi_attribute 30, 1
  10              		.eabi_attribute 34, 0
  11              		.eabi_attribute 18, 4
  12              		.code	16
  13              		.file	"board.c"
  14              		.text
  15              	.Ltext0:
  16              		.cfi_sections	.debug_frame
  17              		.section	.text.__early_init,"ax",%progbits
  18              		.align	2
  19              		.global	__early_init
  20              		.code	16
  21              		.thumb_func
  22              		.type	__early_init, %function
  23              	__early_init:
  24              	.LFB39:
  25              		.file 1 "ChibiOS_2.6.5/boards/EA_LPCXPRESSO_BB_11U14/board.c"
  26              		.loc 1 37 0
  27              		.cfi_startproc
  28 0000 08B5     		push	{r3, lr}
  29              		.cfi_def_cfa_offset 8
  30              		.cfi_offset 3, -8
  31              		.cfi_offset 14, -4
  32              		.loc 1 39 0
  33 0002 FFF7FEFF 		bl	lpc_clock_init
  34              	.LVL0:
  35              		.loc 1 40 0
  36              		@ sp needed
  37 0006 08BD     		pop	{r3, pc}
  38              		.cfi_endproc
  39              	.LFE39:
  40              		.size	__early_init, .-__early_init
  41              		.section	.text.boardInit,"ax",%progbits
  42              		.align	2
  43              		.global	boardInit
  44              		.code	16
  45              		.thumb_func
  46              		.type	boardInit, %function
  47              	boardInit:
  48              	.LFB40:
  49              		.loc 1 45 0
  50              		.cfi_startproc
  51              		.loc 1 52 0
  52 0000 0B4B     		ldr	r3, .L3
  53 0002 8122     		mov	r2, #129
  54 0004 9A61     		str	r2, [r3, #24]
  55              		.loc 1 53 0
  56 0006 8021     		mov	r1, #128
  57 0008 D961     		str	r1, [r3, #28]
ARM GAS  /tmp/ccpoTkxL.s 			page 2


  58              		.loc 1 54 0
  59 000a AC20     		mov	r0, #172
  60 000c 1950     		str	r1, [r3, r0]
  61              		.loc 1 55 0
  62 000e C020     		mov	r0, #192
  63 0010 1950     		str	r1, [r3, r0]
  64              		.loc 1 56 0
  65 0012 C420     		mov	r0, #196
  66 0014 1950     		str	r1, [r3, r0]
  67              		.loc 1 59 0
  68 0016 D420     		mov	r0, #212
  69 0018 1A50     		str	r2, [r3, r0]
  70              		.loc 1 60 0
  71 001a 9A60     		str	r2, [r3, #8]
  72              		.loc 1 61 0
  73 001c 1A62     		str	r2, [r3, #32]
  74              		.loc 1 62 0
  75 001e 5A62     		str	r2, [r3, #36]
  76              		.loc 1 63 0
  77 0020 1965     		str	r1, [r3, #80]
  78              		.loc 1 66 0
  79 0022 9A64     		str	r2, [r3, #72]
  80              		.loc 1 67 0
  81 0024 DA64     		str	r2, [r3, #76]
  82              		.loc 1 70 0
  83 0026 1A61     		str	r2, [r3, #16]
  84              		.loc 1 71 0
  85 0028 5A61     		str	r2, [r3, #20]
  86              		.loc 1 72 0
  87 002a DC22     		mov	r2, #220
  88 002c 9950     		str	r1, [r3, r2]
  89              		.loc 1 73 0
  90              		@ sp needed
  91 002e 7047     		bx	lr
  92              	.L4:
  93              		.align	2
  94              	.L3:
  95 0030 00400440 		.word	1074020352
  96              		.cfi_endproc
  97              	.LFE40:
  98              		.size	boardInit, .-boardInit
  99              		.global	pal_default_config
 100              		.section	.rodata.pal_default_config,"a",%progbits
 101              		.align	2
 102              		.type	pal_default_config, %object
 103              		.size	pal_default_config, 16
 104              	pal_default_config:
 105 0000 84001000 		.word	1048708
 106 0004 94001000 		.word	1048724
 107 0008 00000082 		.word	-2113929216
 108 000c 00000883 		.word	-2096627712
 109              		.text
 110              	.Letext0:
 111              		.file 2 "/usr/local/lpcxpresso_7.3.0_186/lpcxpresso/tools/arm-none-eabi/include/machine/_default_t
 112              		.file 3 "/usr/local/lpcxpresso_7.3.0_186/lpcxpresso/tools/arm-none-eabi/include/stdint.h"
 113              		.file 4 "CMSIS_CORE_LPC11Uxx/inc/LPC11Uxx.h"
 114              		.file 5 "ChibiOS_2.6.5/os/hal/platforms/LPC11Uxx/pal_lld.h"
ARM GAS  /tmp/ccpoTkxL.s 			page 3


 115              		.file 6 "ChibiOS_2.6.5/os/hal/platforms/LPC11Uxx/hal_lld.h"
 116              		.section	.debug_info,"",%progbits
 117              	.Ldebug_info0:
 118 0000 34040000 		.4byte	0x434
 119 0004 0400     		.2byte	0x4
 120 0006 00000000 		.4byte	.Ldebug_abbrev0
 121 000a 04       		.byte	0x4
 122 000b 01       		.uleb128 0x1
 123 000c 90000000 		.4byte	.LASF75
 124 0010 01       		.byte	0x1
 125 0011 7E030000 		.4byte	.LASF76
 126 0015 85020000 		.4byte	.LASF77
 127 0019 00000000 		.4byte	.Ldebug_ranges0+0
 128 001d 00000000 		.4byte	0
 129 0021 00000000 		.4byte	.Ldebug_line0
 130 0025 02       		.uleb128 0x2
 131 0026 04       		.byte	0x4
 132 0027 05       		.byte	0x5
 133 0028 696E7400 		.ascii	"int\000"
 134 002c 03       		.uleb128 0x3
 135 002d 04       		.byte	0x4
 136 002e 07       		.byte	0x7
 137 002f 4B020000 		.4byte	.LASF0
 138 0033 03       		.uleb128 0x3
 139 0034 01       		.byte	0x1
 140 0035 06       		.byte	0x6
 141 0036 78010000 		.4byte	.LASF1
 142 003a 03       		.uleb128 0x3
 143 003b 01       		.byte	0x1
 144 003c 08       		.byte	0x8
 145 003d F3010000 		.4byte	.LASF2
 146 0041 03       		.uleb128 0x3
 147 0042 02       		.byte	0x2
 148 0043 05       		.byte	0x5
 149 0044 2A000000 		.4byte	.LASF3
 150 0048 03       		.uleb128 0x3
 151 0049 02       		.byte	0x2
 152 004a 07       		.byte	0x7
 153 004b 72020000 		.4byte	.LASF4
 154 004f 03       		.uleb128 0x3
 155 0050 04       		.byte	0x4
 156 0051 05       		.byte	0x5
 157 0052 92010000 		.4byte	.LASF5
 158 0056 04       		.uleb128 0x4
 159 0057 85000000 		.4byte	.LASF9
 160 005b 02       		.byte	0x2
 161 005c 38       		.byte	0x38
 162 005d 61000000 		.4byte	0x61
 163 0061 03       		.uleb128 0x3
 164 0062 04       		.byte	0x4
 165 0063 07       		.byte	0x7
 166 0064 10030000 		.4byte	.LASF6
 167 0068 03       		.uleb128 0x3
 168 0069 08       		.byte	0x8
 169 006a 05       		.byte	0x5
 170 006b 84010000 		.4byte	.LASF7
 171 006f 03       		.uleb128 0x3
ARM GAS  /tmp/ccpoTkxL.s 			page 4


 172 0070 08       		.byte	0x8
 173 0071 07       		.byte	0x7
 174 0072 2B020000 		.4byte	.LASF8
 175 0076 04       		.uleb128 0x4
 176 0077 42020000 		.4byte	.LASF10
 177 007b 03       		.byte	0x3
 178 007c 42       		.byte	0x42
 179 007d 56000000 		.4byte	0x56
 180 0081 03       		.uleb128 0x3
 181 0082 01       		.byte	0x1
 182 0083 02       		.byte	0x2
 183 0084 CD020000 		.4byte	.LASF11
 184 0088 05       		.uleb128 0x5
 185 0089 76000000 		.4byte	0x76
 186 008d 03       		.uleb128 0x3
 187 008e 04       		.byte	0x4
 188 008f 07       		.byte	0x7
 189 0090 34000000 		.4byte	.LASF12
 190 0094 03       		.uleb128 0x3
 191 0095 01       		.byte	0x1
 192 0096 08       		.byte	0x8
 193 0097 AE020000 		.4byte	.LASF13
 194 009b 06       		.uleb128 0x6
 195 009c E0       		.byte	0xe0
 196 009d 04       		.byte	0x4
 197 009e 6E01     		.2byte	0x16e
 198 00a0 7D030000 		.4byte	0x37d
 199 00a4 07       		.uleb128 0x7
 200 00a5 58020000 		.4byte	.LASF14
 201 00a9 04       		.byte	0x4
 202 00aa 6F01     		.2byte	0x16f
 203 00ac 88000000 		.4byte	0x88
 204 00b0 00       		.byte	0
 205 00b1 07       		.uleb128 0x7
 206 00b2 31030000 		.4byte	.LASF15
 207 00b6 04       		.byte	0x4
 208 00b7 7001     		.2byte	0x170
 209 00b9 88000000 		.4byte	0x88
 210 00bd 04       		.byte	0x4
 211 00be 07       		.uleb128 0x7
 212 00bf 38030000 		.4byte	.LASF16
 213 00c3 04       		.byte	0x4
 214 00c4 7101     		.2byte	0x171
 215 00c6 88000000 		.4byte	0x88
 216 00ca 08       		.byte	0x8
 217 00cb 07       		.uleb128 0x7
 218 00cc 3F030000 		.4byte	.LASF17
 219 00d0 04       		.byte	0x4
 220 00d1 7201     		.2byte	0x172
 221 00d3 88000000 		.4byte	0x88
 222 00d7 0C       		.byte	0xc
 223 00d8 07       		.uleb128 0x7
 224 00d9 46030000 		.4byte	.LASF18
 225 00dd 04       		.byte	0x4
 226 00de 7301     		.2byte	0x173
 227 00e0 88000000 		.4byte	0x88
 228 00e4 10       		.byte	0x10
ARM GAS  /tmp/ccpoTkxL.s 			page 5


 229 00e5 07       		.uleb128 0x7
 230 00e6 08000000 		.4byte	.LASF19
 231 00ea 04       		.byte	0x4
 232 00eb 7401     		.2byte	0x174
 233 00ed 88000000 		.4byte	0x88
 234 00f1 14       		.byte	0x14
 235 00f2 07       		.uleb128 0x7
 236 00f3 5A030000 		.4byte	.LASF20
 237 00f7 04       		.byte	0x4
 238 00f8 7501     		.2byte	0x175
 239 00fa 88000000 		.4byte	0x88
 240 00fe 18       		.byte	0x18
 241 00ff 07       		.uleb128 0x7
 242 0100 61030000 		.4byte	.LASF21
 243 0104 04       		.byte	0x4
 244 0105 7601     		.2byte	0x176
 245 0107 88000000 		.4byte	0x88
 246 010b 1C       		.byte	0x1c
 247 010c 07       		.uleb128 0x7
 248 010d 68030000 		.4byte	.LASF22
 249 0111 04       		.byte	0x4
 250 0112 7701     		.2byte	0x177
 251 0114 88000000 		.4byte	0x88
 252 0118 20       		.byte	0x20
 253 0119 07       		.uleb128 0x7
 254 011a 6F030000 		.4byte	.LASF23
 255 011e 04       		.byte	0x4
 256 011f 7801     		.2byte	0x178
 257 0121 88000000 		.4byte	0x88
 258 0125 24       		.byte	0x24
 259 0126 07       		.uleb128 0x7
 260 0127 01020000 		.4byte	.LASF24
 261 012b 04       		.byte	0x4
 262 012c 7901     		.2byte	0x179
 263 012e 88000000 		.4byte	0x88
 264 0132 28       		.byte	0x28
 265 0133 07       		.uleb128 0x7
 266 0134 FA030000 		.4byte	.LASF25
 267 0138 04       		.byte	0x4
 268 0139 7A01     		.2byte	0x17a
 269 013b 88000000 		.4byte	0x88
 270 013f 2C       		.byte	0x2c
 271 0140 07       		.uleb128 0x7
 272 0141 E7030000 		.4byte	.LASF26
 273 0145 04       		.byte	0x4
 274 0146 7B01     		.2byte	0x17b
 275 0148 88000000 		.4byte	0x88
 276 014c 30       		.byte	0x30
 277 014d 07       		.uleb128 0x7
 278 014e 5F010000 		.4byte	.LASF27
 279 0152 04       		.byte	0x4
 280 0153 7C01     		.2byte	0x17c
 281 0155 88000000 		.4byte	0x88
 282 0159 34       		.byte	0x34
 283 015a 07       		.uleb128 0x7
 284 015b 65020000 		.4byte	.LASF28
 285 015f 04       		.byte	0x4
ARM GAS  /tmp/ccpoTkxL.s 			page 6


 286 0160 7D01     		.2byte	0x17d
 287 0162 88000000 		.4byte	0x88
 288 0166 38       		.byte	0x38
 289 0167 07       		.uleb128 0x7
 290 0168 D9030000 		.4byte	.LASF29
 291 016c 04       		.byte	0x4
 292 016d 7E01     		.2byte	0x17e
 293 016f 88000000 		.4byte	0x88
 294 0173 3C       		.byte	0x3c
 295 0174 07       		.uleb128 0x7
 296 0175 76030000 		.4byte	.LASF30
 297 0179 04       		.byte	0x4
 298 017a 7F01     		.2byte	0x17f
 299 017c 88000000 		.4byte	0x88
 300 0180 40       		.byte	0x40
 301 0181 07       		.uleb128 0x7
 302 0182 C2030000 		.4byte	.LASF31
 303 0186 04       		.byte	0x4
 304 0187 8001     		.2byte	0x180
 305 0189 88000000 		.4byte	0x88
 306 018d 44       		.byte	0x44
 307 018e 07       		.uleb128 0x7
 308 018f B2030000 		.4byte	.LASF32
 309 0193 04       		.byte	0x4
 310 0194 8101     		.2byte	0x181
 311 0196 88000000 		.4byte	0x88
 312 019a 48       		.byte	0x48
 313 019b 07       		.uleb128 0x7
 314 019c BA030000 		.4byte	.LASF33
 315 01a0 04       		.byte	0x4
 316 01a1 8201     		.2byte	0x182
 317 01a3 88000000 		.4byte	0x88
 318 01a7 4C       		.byte	0x4c
 319 01a8 07       		.uleb128 0x7
 320 01a9 45000000 		.4byte	.LASF34
 321 01ad 04       		.byte	0x4
 322 01ae 8301     		.2byte	0x183
 323 01b0 88000000 		.4byte	0x88
 324 01b4 50       		.byte	0x50
 325 01b5 07       		.uleb128 0x7
 326 01b6 4D000000 		.4byte	.LASF35
 327 01ba 04       		.byte	0x4
 328 01bb 8401     		.2byte	0x184
 329 01bd 88000000 		.4byte	0x88
 330 01c1 54       		.byte	0x54
 331 01c2 07       		.uleb128 0x7
 332 01c3 55000000 		.4byte	.LASF36
 333 01c7 04       		.byte	0x4
 334 01c8 8501     		.2byte	0x185
 335 01ca 88000000 		.4byte	0x88
 336 01ce 58       		.byte	0x58
 337 01cf 07       		.uleb128 0x7
 338 01d0 5D000000 		.4byte	.LASF37
 339 01d4 04       		.byte	0x4
 340 01d5 8601     		.2byte	0x186
 341 01d7 88000000 		.4byte	0x88
 342 01db 5C       		.byte	0x5c
ARM GAS  /tmp/ccpoTkxL.s 			page 7


 343 01dc 07       		.uleb128 0x7
 344 01dd D8020000 		.4byte	.LASF38
 345 01e1 04       		.byte	0x4
 346 01e2 8701     		.2byte	0x187
 347 01e4 88000000 		.4byte	0x88
 348 01e8 60       		.byte	0x60
 349 01e9 07       		.uleb128 0x7
 350 01ea DF020000 		.4byte	.LASF39
 351 01ee 04       		.byte	0x4
 352 01ef 8801     		.2byte	0x188
 353 01f1 88000000 		.4byte	0x88
 354 01f5 64       		.byte	0x64
 355 01f6 07       		.uleb128 0x7
 356 01f7 E6020000 		.4byte	.LASF40
 357 01fb 04       		.byte	0x4
 358 01fc 8901     		.2byte	0x189
 359 01fe 88000000 		.4byte	0x88
 360 0202 68       		.byte	0x68
 361 0203 07       		.uleb128 0x7
 362 0204 ED020000 		.4byte	.LASF41
 363 0208 04       		.byte	0x4
 364 0209 8A01     		.2byte	0x18a
 365 020b 88000000 		.4byte	0x88
 366 020f 6C       		.byte	0x6c
 367 0210 07       		.uleb128 0x7
 368 0211 F4020000 		.4byte	.LASF42
 369 0215 04       		.byte	0x4
 370 0216 8B01     		.2byte	0x18b
 371 0218 88000000 		.4byte	0x88
 372 021c 70       		.byte	0x70
 373 021d 07       		.uleb128 0x7
 374 021e FB020000 		.4byte	.LASF43
 375 0222 04       		.byte	0x4
 376 0223 8C01     		.2byte	0x18c
 377 0225 88000000 		.4byte	0x88
 378 0229 74       		.byte	0x74
 379 022a 07       		.uleb128 0x7
 380 022b 02030000 		.4byte	.LASF44
 381 022f 04       		.byte	0x4
 382 0230 8D01     		.2byte	0x18d
 383 0232 88000000 		.4byte	0x88
 384 0236 78       		.byte	0x78
 385 0237 07       		.uleb128 0x7
 386 0238 09030000 		.4byte	.LASF45
 387 023c 04       		.byte	0x4
 388 023d 8E01     		.2byte	0x18e
 389 023f 88000000 		.4byte	0x88
 390 0243 7C       		.byte	0x7c
 391 0244 07       		.uleb128 0x7
 392 0245 F3030000 		.4byte	.LASF46
 393 0249 04       		.byte	0x4
 394 024a 8F01     		.2byte	0x18f
 395 024c 88000000 		.4byte	0x88
 396 0250 80       		.byte	0x80
 397 0251 07       		.uleb128 0x7
 398 0252 22030000 		.4byte	.LASF47
 399 0256 04       		.byte	0x4
ARM GAS  /tmp/ccpoTkxL.s 			page 8


 400 0257 9001     		.2byte	0x190
 401 0259 88000000 		.4byte	0x88
 402 025d 84       		.byte	0x84
 403 025e 07       		.uleb128 0x7
 404 025f 06040000 		.4byte	.LASF48
 405 0263 04       		.byte	0x4
 406 0264 9101     		.2byte	0x191
 407 0266 88000000 		.4byte	0x88
 408 026a 88       		.byte	0x88
 409 026b 07       		.uleb128 0x7
 410 026c 3D000000 		.4byte	.LASF49
 411 0270 04       		.byte	0x4
 412 0271 9201     		.2byte	0x192
 413 0273 88000000 		.4byte	0x88
 414 0277 8C       		.byte	0x8c
 415 0278 07       		.uleb128 0x7
 416 0279 EB010000 		.4byte	.LASF50
 417 027d 04       		.byte	0x4
 418 027e 9301     		.2byte	0x193
 419 0280 88000000 		.4byte	0x88
 420 0284 90       		.byte	0x90
 421 0285 07       		.uleb128 0x7
 422 0286 00000000 		.4byte	.LASF51
 423 028a 04       		.byte	0x4
 424 028b 9401     		.2byte	0x194
 425 028d 88000000 		.4byte	0x88
 426 0291 94       		.byte	0x94
 427 0292 07       		.uleb128 0x7
 428 0293 29030000 		.4byte	.LASF52
 429 0297 04       		.byte	0x4
 430 0298 9501     		.2byte	0x195
 431 029a 88000000 		.4byte	0x88
 432 029e 98       		.byte	0x98
 433 029f 07       		.uleb128 0x7
 434 02a0 0F000000 		.4byte	.LASF53
 435 02a4 04       		.byte	0x4
 436 02a5 9601     		.2byte	0x196
 437 02a7 88000000 		.4byte	0x88
 438 02ab 9C       		.byte	0x9c
 439 02ac 07       		.uleb128 0x7
 440 02ad 65000000 		.4byte	.LASF54
 441 02b1 04       		.byte	0x4
 442 02b2 9701     		.2byte	0x197
 443 02b4 88000000 		.4byte	0x88
 444 02b8 A0       		.byte	0xa0
 445 02b9 07       		.uleb128 0x7
 446 02ba 6D000000 		.4byte	.LASF55
 447 02be 04       		.byte	0x4
 448 02bf 9801     		.2byte	0x198
 449 02c1 88000000 		.4byte	0x88
 450 02c5 A4       		.byte	0xa4
 451 02c6 07       		.uleb128 0x7
 452 02c7 75000000 		.4byte	.LASF56
 453 02cb 04       		.byte	0x4
 454 02cc 9901     		.2byte	0x199
 455 02ce 88000000 		.4byte	0x88
 456 02d2 A8       		.byte	0xa8
ARM GAS  /tmp/ccpoTkxL.s 			page 9


 457 02d3 07       		.uleb128 0x7
 458 02d4 7D000000 		.4byte	.LASF57
 459 02d8 04       		.byte	0x4
 460 02d9 9A01     		.2byte	0x19a
 461 02db 88000000 		.4byte	0x88
 462 02df AC       		.byte	0xac
 463 02e0 07       		.uleb128 0x7
 464 02e1 9B010000 		.4byte	.LASF58
 465 02e5 04       		.byte	0x4
 466 02e6 9B01     		.2byte	0x19b
 467 02e8 88000000 		.4byte	0x88
 468 02ec B0       		.byte	0xb0
 469 02ed 07       		.uleb128 0x7
 470 02ee A3010000 		.4byte	.LASF59
 471 02f2 04       		.byte	0x4
 472 02f3 9C01     		.2byte	0x19c
 473 02f5 88000000 		.4byte	0x88
 474 02f9 B4       		.byte	0xb4
 475 02fa 07       		.uleb128 0x7
 476 02fb AB010000 		.4byte	.LASF60
 477 02ff 04       		.byte	0x4
 478 0300 9D01     		.2byte	0x19d
 479 0302 88000000 		.4byte	0x88
 480 0306 B8       		.byte	0xb8
 481 0307 07       		.uleb128 0x7
 482 0308 B3010000 		.4byte	.LASF61
 483 030c 04       		.byte	0x4
 484 030d 9E01     		.2byte	0x19e
 485 030f 88000000 		.4byte	0x88
 486 0313 BC       		.byte	0xbc
 487 0314 07       		.uleb128 0x7
 488 0315 BB010000 		.4byte	.LASF62
 489 0319 04       		.byte	0x4
 490 031a 9F01     		.2byte	0x19f
 491 031c 88000000 		.4byte	0x88
 492 0320 C0       		.byte	0xc0
 493 0321 07       		.uleb128 0x7
 494 0322 C3010000 		.4byte	.LASF63
 495 0326 04       		.byte	0x4
 496 0327 A001     		.2byte	0x1a0
 497 0329 88000000 		.4byte	0x88
 498 032d C4       		.byte	0xc4
 499 032e 07       		.uleb128 0x7
 500 032f CB010000 		.4byte	.LASF64
 501 0333 04       		.byte	0x4
 502 0334 A101     		.2byte	0x1a1
 503 0336 88000000 		.4byte	0x88
 504 033a C8       		.byte	0xc8
 505 033b 07       		.uleb128 0x7
 506 033c D3010000 		.4byte	.LASF65
 507 0340 04       		.byte	0x4
 508 0341 A201     		.2byte	0x1a2
 509 0343 88000000 		.4byte	0x88
 510 0347 CC       		.byte	0xcc
 511 0348 07       		.uleb128 0x7
 512 0349 DB010000 		.4byte	.LASF66
 513 034d 04       		.byte	0x4
ARM GAS  /tmp/ccpoTkxL.s 			page 10


 514 034e A301     		.2byte	0x1a3
 515 0350 88000000 		.4byte	0x88
 516 0354 D0       		.byte	0xd0
 517 0355 07       		.uleb128 0x7
 518 0356 E3010000 		.4byte	.LASF67
 519 035a 04       		.byte	0x4
 520 035b A401     		.2byte	0x1a4
 521 035d 88000000 		.4byte	0x88
 522 0361 D4       		.byte	0xd4
 523 0362 07       		.uleb128 0x7
 524 0363 B3020000 		.4byte	.LASF68
 525 0367 04       		.byte	0x4
 526 0368 A501     		.2byte	0x1a5
 527 036a 88000000 		.4byte	0x88
 528 036e D8       		.byte	0xd8
 529 036f 07       		.uleb128 0x7
 530 0370 BB020000 		.4byte	.LASF69
 531 0374 04       		.byte	0x4
 532 0375 A601     		.2byte	0x1a6
 533 0377 88000000 		.4byte	0x88
 534 037b DC       		.byte	0xdc
 535 037c 00       		.byte	0
 536 037d 08       		.uleb128 0x8
 537 037e CA030000 		.4byte	.LASF70
 538 0382 04       		.byte	0x4
 539 0383 A701     		.2byte	0x1a7
 540 0385 9B000000 		.4byte	0x9b
 541 0389 09       		.uleb128 0x9
 542 038a 08       		.byte	0x8
 543 038b 05       		.byte	0x5
 544 038c 2E       		.byte	0x2e
 545 038d AA030000 		.4byte	0x3aa
 546 0391 0A       		.uleb128 0xa
 547 0392 D3020000 		.4byte	.LASF71
 548 0396 05       		.byte	0x5
 549 0397 30       		.byte	0x30
 550 0398 76000000 		.4byte	0x76
 551 039c 00       		.byte	0
 552 039d 0B       		.uleb128 0xb
 553 039e 64697200 		.ascii	"dir\000"
 554 03a2 05       		.byte	0x5
 555 03a3 32       		.byte	0x32
 556 03a4 76000000 		.4byte	0x76
 557 03a8 04       		.byte	0x4
 558 03a9 00       		.byte	0
 559 03aa 04       		.uleb128 0x4
 560 03ab 4D030000 		.4byte	.LASF72
 561 03af 05       		.byte	0x5
 562 03b0 33       		.byte	0x33
 563 03b1 89030000 		.4byte	0x389
 564 03b5 09       		.uleb128 0x9
 565 03b6 10       		.byte	0x10
 566 03b7 05       		.byte	0x5
 567 03b8 41       		.byte	0x41
 568 03b9 D4030000 		.4byte	0x3d4
 569 03bd 0B       		.uleb128 0xb
 570 03be 503000   		.ascii	"P0\000"
ARM GAS  /tmp/ccpoTkxL.s 			page 11


 571 03c1 05       		.byte	0x5
 572 03c2 43       		.byte	0x43
 573 03c3 AA030000 		.4byte	0x3aa
 574 03c7 00       		.byte	0
 575 03c8 0B       		.uleb128 0xb
 576 03c9 503100   		.ascii	"P1\000"
 577 03cc 05       		.byte	0x5
 578 03cd 45       		.byte	0x45
 579 03ce AA030000 		.4byte	0x3aa
 580 03d2 08       		.byte	0x8
 581 03d3 00       		.byte	0
 582 03d4 04       		.uleb128 0x4
 583 03d5 C3020000 		.4byte	.LASF73
 584 03d9 05       		.byte	0x5
 585 03da 46       		.byte	0x46
 586 03db B5030000 		.4byte	0x3b5
 587 03df 04       		.uleb128 0x4
 588 03e0 6B010000 		.4byte	.LASF74
 589 03e4 05       		.byte	0x5
 590 03e5 56       		.byte	0x56
 591 03e6 76000000 		.4byte	0x76
 592 03ea 0C       		.uleb128 0xc
 593 03eb 1E020000 		.4byte	.LASF78
 594 03ef 01       		.byte	0x1
 595 03f0 25       		.byte	0x25
 596 03f1 00000000 		.4byte	.LFB39
 597 03f5 08000000 		.4byte	.LFE39-.LFB39
 598 03f9 01       		.uleb128 0x1
 599 03fa 9C       		.byte	0x9c
 600 03fb 09040000 		.4byte	0x409
 601 03ff 0D       		.uleb128 0xd
 602 0400 06000000 		.4byte	.LVL0
 603 0404 30040000 		.4byte	0x430
 604 0408 00       		.byte	0
 605 0409 0E       		.uleb128 0xe
 606 040a 55010000 		.4byte	.LASF79
 607 040e 01       		.byte	0x1
 608 040f 2D       		.byte	0x2d
 609 0410 00000000 		.4byte	.LFB40
 610 0414 34000000 		.4byte	.LFE40-.LFB40
 611 0418 01       		.uleb128 0x1
 612 0419 9C       		.byte	0x9c
 613 041a 0F       		.uleb128 0xf
 614 041b 17000000 		.4byte	.LASF80
 615 041f 01       		.byte	0x1
 616 0420 1A       		.byte	0x1a
 617 0421 2B040000 		.4byte	0x42b
 618 0425 05       		.uleb128 0x5
 619 0426 03       		.byte	0x3
 620 0427 00000000 		.4byte	pal_default_config
 621 042b 10       		.uleb128 0x10
 622 042c D4030000 		.4byte	0x3d4
 623 0430 11       		.uleb128 0x11
 624 0431 0F020000 		.4byte	.LASF81
 625 0435 06       		.byte	0x6
 626 0436 D3       		.byte	0xd3
 627 0437 00       		.byte	0
ARM GAS  /tmp/ccpoTkxL.s 			page 12


 628              		.section	.debug_abbrev,"",%progbits
 629              	.Ldebug_abbrev0:
 630 0000 01       		.uleb128 0x1
 631 0001 11       		.uleb128 0x11
 632 0002 01       		.byte	0x1
 633 0003 25       		.uleb128 0x25
 634 0004 0E       		.uleb128 0xe
 635 0005 13       		.uleb128 0x13
 636 0006 0B       		.uleb128 0xb
 637 0007 03       		.uleb128 0x3
 638 0008 0E       		.uleb128 0xe
 639 0009 1B       		.uleb128 0x1b
 640 000a 0E       		.uleb128 0xe
 641 000b 55       		.uleb128 0x55
 642 000c 17       		.uleb128 0x17
 643 000d 11       		.uleb128 0x11
 644 000e 01       		.uleb128 0x1
 645 000f 10       		.uleb128 0x10
 646 0010 17       		.uleb128 0x17
 647 0011 00       		.byte	0
 648 0012 00       		.byte	0
 649 0013 02       		.uleb128 0x2
 650 0014 24       		.uleb128 0x24
 651 0015 00       		.byte	0
 652 0016 0B       		.uleb128 0xb
 653 0017 0B       		.uleb128 0xb
 654 0018 3E       		.uleb128 0x3e
 655 0019 0B       		.uleb128 0xb
 656 001a 03       		.uleb128 0x3
 657 001b 08       		.uleb128 0x8
 658 001c 00       		.byte	0
 659 001d 00       		.byte	0
 660 001e 03       		.uleb128 0x3
 661 001f 24       		.uleb128 0x24
 662 0020 00       		.byte	0
 663 0021 0B       		.uleb128 0xb
 664 0022 0B       		.uleb128 0xb
 665 0023 3E       		.uleb128 0x3e
 666 0024 0B       		.uleb128 0xb
 667 0025 03       		.uleb128 0x3
 668 0026 0E       		.uleb128 0xe
 669 0027 00       		.byte	0
 670 0028 00       		.byte	0
 671 0029 04       		.uleb128 0x4
 672 002a 16       		.uleb128 0x16
 673 002b 00       		.byte	0
 674 002c 03       		.uleb128 0x3
 675 002d 0E       		.uleb128 0xe
 676 002e 3A       		.uleb128 0x3a
 677 002f 0B       		.uleb128 0xb
 678 0030 3B       		.uleb128 0x3b
 679 0031 0B       		.uleb128 0xb
 680 0032 49       		.uleb128 0x49
 681 0033 13       		.uleb128 0x13
 682 0034 00       		.byte	0
 683 0035 00       		.byte	0
 684 0036 05       		.uleb128 0x5
ARM GAS  /tmp/ccpoTkxL.s 			page 13


 685 0037 35       		.uleb128 0x35
 686 0038 00       		.byte	0
 687 0039 49       		.uleb128 0x49
 688 003a 13       		.uleb128 0x13
 689 003b 00       		.byte	0
 690 003c 00       		.byte	0
 691 003d 06       		.uleb128 0x6
 692 003e 13       		.uleb128 0x13
 693 003f 01       		.byte	0x1
 694 0040 0B       		.uleb128 0xb
 695 0041 0B       		.uleb128 0xb
 696 0042 3A       		.uleb128 0x3a
 697 0043 0B       		.uleb128 0xb
 698 0044 3B       		.uleb128 0x3b
 699 0045 05       		.uleb128 0x5
 700 0046 01       		.uleb128 0x1
 701 0047 13       		.uleb128 0x13
 702 0048 00       		.byte	0
 703 0049 00       		.byte	0
 704 004a 07       		.uleb128 0x7
 705 004b 0D       		.uleb128 0xd
 706 004c 00       		.byte	0
 707 004d 03       		.uleb128 0x3
 708 004e 0E       		.uleb128 0xe
 709 004f 3A       		.uleb128 0x3a
 710 0050 0B       		.uleb128 0xb
 711 0051 3B       		.uleb128 0x3b
 712 0052 05       		.uleb128 0x5
 713 0053 49       		.uleb128 0x49
 714 0054 13       		.uleb128 0x13
 715 0055 38       		.uleb128 0x38
 716 0056 0B       		.uleb128 0xb
 717 0057 00       		.byte	0
 718 0058 00       		.byte	0
 719 0059 08       		.uleb128 0x8
 720 005a 16       		.uleb128 0x16
 721 005b 00       		.byte	0
 722 005c 03       		.uleb128 0x3
 723 005d 0E       		.uleb128 0xe
 724 005e 3A       		.uleb128 0x3a
 725 005f 0B       		.uleb128 0xb
 726 0060 3B       		.uleb128 0x3b
 727 0061 05       		.uleb128 0x5
 728 0062 49       		.uleb128 0x49
 729 0063 13       		.uleb128 0x13
 730 0064 00       		.byte	0
 731 0065 00       		.byte	0
 732 0066 09       		.uleb128 0x9
 733 0067 13       		.uleb128 0x13
 734 0068 01       		.byte	0x1
 735 0069 0B       		.uleb128 0xb
 736 006a 0B       		.uleb128 0xb
 737 006b 3A       		.uleb128 0x3a
 738 006c 0B       		.uleb128 0xb
 739 006d 3B       		.uleb128 0x3b
 740 006e 0B       		.uleb128 0xb
 741 006f 01       		.uleb128 0x1
ARM GAS  /tmp/ccpoTkxL.s 			page 14


 742 0070 13       		.uleb128 0x13
 743 0071 00       		.byte	0
 744 0072 00       		.byte	0
 745 0073 0A       		.uleb128 0xa
 746 0074 0D       		.uleb128 0xd
 747 0075 00       		.byte	0
 748 0076 03       		.uleb128 0x3
 749 0077 0E       		.uleb128 0xe
 750 0078 3A       		.uleb128 0x3a
 751 0079 0B       		.uleb128 0xb
 752 007a 3B       		.uleb128 0x3b
 753 007b 0B       		.uleb128 0xb
 754 007c 49       		.uleb128 0x49
 755 007d 13       		.uleb128 0x13
 756 007e 38       		.uleb128 0x38
 757 007f 0B       		.uleb128 0xb
 758 0080 00       		.byte	0
 759 0081 00       		.byte	0
 760 0082 0B       		.uleb128 0xb
 761 0083 0D       		.uleb128 0xd
 762 0084 00       		.byte	0
 763 0085 03       		.uleb128 0x3
 764 0086 08       		.uleb128 0x8
 765 0087 3A       		.uleb128 0x3a
 766 0088 0B       		.uleb128 0xb
 767 0089 3B       		.uleb128 0x3b
 768 008a 0B       		.uleb128 0xb
 769 008b 49       		.uleb128 0x49
 770 008c 13       		.uleb128 0x13
 771 008d 38       		.uleb128 0x38
 772 008e 0B       		.uleb128 0xb
 773 008f 00       		.byte	0
 774 0090 00       		.byte	0
 775 0091 0C       		.uleb128 0xc
 776 0092 2E       		.uleb128 0x2e
 777 0093 01       		.byte	0x1
 778 0094 3F       		.uleb128 0x3f
 779 0095 19       		.uleb128 0x19
 780 0096 03       		.uleb128 0x3
 781 0097 0E       		.uleb128 0xe
 782 0098 3A       		.uleb128 0x3a
 783 0099 0B       		.uleb128 0xb
 784 009a 3B       		.uleb128 0x3b
 785 009b 0B       		.uleb128 0xb
 786 009c 27       		.uleb128 0x27
 787 009d 19       		.uleb128 0x19
 788 009e 11       		.uleb128 0x11
 789 009f 01       		.uleb128 0x1
 790 00a0 12       		.uleb128 0x12
 791 00a1 06       		.uleb128 0x6
 792 00a2 40       		.uleb128 0x40
 793 00a3 18       		.uleb128 0x18
 794 00a4 9742     		.uleb128 0x2117
 795 00a6 19       		.uleb128 0x19
 796 00a7 01       		.uleb128 0x1
 797 00a8 13       		.uleb128 0x13
 798 00a9 00       		.byte	0
ARM GAS  /tmp/ccpoTkxL.s 			page 15


 799 00aa 00       		.byte	0
 800 00ab 0D       		.uleb128 0xd
 801 00ac 898201   		.uleb128 0x4109
 802 00af 00       		.byte	0
 803 00b0 11       		.uleb128 0x11
 804 00b1 01       		.uleb128 0x1
 805 00b2 31       		.uleb128 0x31
 806 00b3 13       		.uleb128 0x13
 807 00b4 00       		.byte	0
 808 00b5 00       		.byte	0
 809 00b6 0E       		.uleb128 0xe
 810 00b7 2E       		.uleb128 0x2e
 811 00b8 00       		.byte	0
 812 00b9 3F       		.uleb128 0x3f
 813 00ba 19       		.uleb128 0x19
 814 00bb 03       		.uleb128 0x3
 815 00bc 0E       		.uleb128 0xe
 816 00bd 3A       		.uleb128 0x3a
 817 00be 0B       		.uleb128 0xb
 818 00bf 3B       		.uleb128 0x3b
 819 00c0 0B       		.uleb128 0xb
 820 00c1 27       		.uleb128 0x27
 821 00c2 19       		.uleb128 0x19
 822 00c3 11       		.uleb128 0x11
 823 00c4 01       		.uleb128 0x1
 824 00c5 12       		.uleb128 0x12
 825 00c6 06       		.uleb128 0x6
 826 00c7 40       		.uleb128 0x40
 827 00c8 18       		.uleb128 0x18
 828 00c9 9742     		.uleb128 0x2117
 829 00cb 19       		.uleb128 0x19
 830 00cc 00       		.byte	0
 831 00cd 00       		.byte	0
 832 00ce 0F       		.uleb128 0xf
 833 00cf 34       		.uleb128 0x34
 834 00d0 00       		.byte	0
 835 00d1 03       		.uleb128 0x3
 836 00d2 0E       		.uleb128 0xe
 837 00d3 3A       		.uleb128 0x3a
 838 00d4 0B       		.uleb128 0xb
 839 00d5 3B       		.uleb128 0x3b
 840 00d6 0B       		.uleb128 0xb
 841 00d7 49       		.uleb128 0x49
 842 00d8 13       		.uleb128 0x13
 843 00d9 3F       		.uleb128 0x3f
 844 00da 19       		.uleb128 0x19
 845 00db 02       		.uleb128 0x2
 846 00dc 18       		.uleb128 0x18
 847 00dd 00       		.byte	0
 848 00de 00       		.byte	0
 849 00df 10       		.uleb128 0x10
 850 00e0 26       		.uleb128 0x26
 851 00e1 00       		.byte	0
 852 00e2 49       		.uleb128 0x49
 853 00e3 13       		.uleb128 0x13
 854 00e4 00       		.byte	0
 855 00e5 00       		.byte	0
ARM GAS  /tmp/ccpoTkxL.s 			page 16


 856 00e6 11       		.uleb128 0x11
 857 00e7 2E       		.uleb128 0x2e
 858 00e8 00       		.byte	0
 859 00e9 3F       		.uleb128 0x3f
 860 00ea 19       		.uleb128 0x19
 861 00eb 03       		.uleb128 0x3
 862 00ec 0E       		.uleb128 0xe
 863 00ed 3A       		.uleb128 0x3a
 864 00ee 0B       		.uleb128 0xb
 865 00ef 3B       		.uleb128 0x3b
 866 00f0 0B       		.uleb128 0xb
 867 00f1 27       		.uleb128 0x27
 868 00f2 19       		.uleb128 0x19
 869 00f3 3C       		.uleb128 0x3c
 870 00f4 19       		.uleb128 0x19
 871 00f5 00       		.byte	0
 872 00f6 00       		.byte	0
 873 00f7 00       		.byte	0
 874              		.section	.debug_aranges,"",%progbits
 875 0000 24000000 		.4byte	0x24
 876 0004 0200     		.2byte	0x2
 877 0006 00000000 		.4byte	.Ldebug_info0
 878 000a 04       		.byte	0x4
 879 000b 00       		.byte	0
 880 000c 0000     		.2byte	0
 881 000e 0000     		.2byte	0
 882 0010 00000000 		.4byte	.LFB39
 883 0014 08000000 		.4byte	.LFE39-.LFB39
 884 0018 00000000 		.4byte	.LFB40
 885 001c 34000000 		.4byte	.LFE40-.LFB40
 886 0020 00000000 		.4byte	0
 887 0024 00000000 		.4byte	0
 888              		.section	.debug_ranges,"",%progbits
 889              	.Ldebug_ranges0:
 890 0000 00000000 		.4byte	.LFB39
 891 0004 08000000 		.4byte	.LFE39
 892 0008 00000000 		.4byte	.LFB40
 893 000c 34000000 		.4byte	.LFE40
 894 0010 00000000 		.4byte	0
 895 0014 00000000 		.4byte	0
 896              		.section	.debug_line,"",%progbits
 897              	.Ldebug_line0:
 898 0000 9E010000 		.section	.debug_str,"MS",%progbits,1
 898      02006801 
 898      00000201 
 898      FB0E0D00 
 898      01010101 
 899              	.LASF51:
 900 0000 50494F31 		.ascii	"PIO1_13\000"
 900      5F313300 
 901              	.LASF19:
 902 0008 50494F30 		.ascii	"PIO0_5\000"
 902      5F3500
 903              	.LASF53:
 904 000f 50494F31 		.ascii	"PIO1_15\000"
 904      5F313500 
 905              	.LASF80:
ARM GAS  /tmp/ccpoTkxL.s 			page 17


 906 0017 70616C5F 		.ascii	"pal_default_config\000"
 906      64656661 
 906      756C745F 
 906      636F6E66 
 906      696700
 907              	.LASF3:
 908 002a 73686F72 		.ascii	"short int\000"
 908      7420696E 
 908      7400
 909              	.LASF12:
 910 0034 73697A65 		.ascii	"sizetype\000"
 910      74797065 
 910      00
 911              	.LASF49:
 912 003d 50494F31 		.ascii	"PIO1_11\000"
 912      5F313100 
 913              	.LASF34:
 914 0045 50494F30 		.ascii	"PIO0_20\000"
 914      5F323000 
 915              	.LASF35:
 916 004d 50494F30 		.ascii	"PIO0_21\000"
 916      5F323100 
 917              	.LASF36:
 918 0055 50494F30 		.ascii	"PIO0_22\000"
 918      5F323200 
 919              	.LASF37:
 920 005d 50494F30 		.ascii	"PIO0_23\000"
 920      5F323300 
 921              	.LASF54:
 922 0065 50494F31 		.ascii	"PIO1_16\000"
 922      5F313600 
 923              	.LASF55:
 924 006d 50494F31 		.ascii	"PIO1_17\000"
 924      5F313700 
 925              	.LASF56:
 926 0075 50494F31 		.ascii	"PIO1_18\000"
 926      5F313800 
 927              	.LASF57:
 928 007d 50494F31 		.ascii	"PIO1_19\000"
 928      5F313900 
 929              	.LASF9:
 930 0085 5F5F7569 		.ascii	"__uint32_t\000"
 930      6E743332 
 930      5F7400
 931              	.LASF75:
 932 0090 474E5520 		.ascii	"GNU C 4.8.4 20140526 (release) [ARM/embedded-4_8-br"
 932      4320342E 
 932      382E3420 
 932      32303134 
 932      30353236 
 933 00c3 616E6368 		.ascii	"anch revision 211358] -mcpu=cortex-m0 -mno-thumb-in"
 933      20726576 
 933      6973696F 
 933      6E203231 
 933      31333538 
 934 00f6 74657277 		.ascii	"terwork -mthumb -ggdb -O1 -fomit-frame-pointer -ffu"
 934      6F726B20 
ARM GAS  /tmp/ccpoTkxL.s 			page 18


 934      2D6D7468 
 934      756D6220 
 934      2D676764 
 935 0129 6E637469 		.ascii	"nction-sections -fdata-sections -fno-common\000"
 935      6F6E2D73 
 935      65637469 
 935      6F6E7320 
 935      2D666461 
 936              	.LASF79:
 937 0155 626F6172 		.ascii	"boardInit\000"
 937      64496E69 
 937      7400
 938              	.LASF27:
 939 015f 54444F5F 		.ascii	"TDO_PIO0_13\000"
 939      50494F30 
 939      5F313300 
 940              	.LASF74:
 941 016b 696F706F 		.ascii	"ioportmask_t\000"
 941      72746D61 
 941      736B5F74 
 941      00
 942              	.LASF1:
 943 0178 7369676E 		.ascii	"signed char\000"
 943      65642063 
 943      68617200 
 944              	.LASF7:
 945 0184 6C6F6E67 		.ascii	"long long int\000"
 945      206C6F6E 
 945      6720696E 
 945      7400
 946              	.LASF5:
 947 0192 6C6F6E67 		.ascii	"long int\000"
 947      20696E74 
 947      00
 948              	.LASF58:
 949 019b 50494F31 		.ascii	"PIO1_20\000"
 949      5F323000 
 950              	.LASF59:
 951 01a3 50494F31 		.ascii	"PIO1_21\000"
 951      5F323100 
 952              	.LASF60:
 953 01ab 50494F31 		.ascii	"PIO1_22\000"
 953      5F323200 
 954              	.LASF61:
 955 01b3 50494F31 		.ascii	"PIO1_23\000"
 955      5F323300 
 956              	.LASF62:
 957 01bb 50494F31 		.ascii	"PIO1_24\000"
 957      5F323400 
 958              	.LASF63:
 959 01c3 50494F31 		.ascii	"PIO1_25\000"
 959      5F323500 
 960              	.LASF64:
 961 01cb 50494F31 		.ascii	"PIO1_26\000"
 961      5F323600 
 962              	.LASF65:
 963 01d3 50494F31 		.ascii	"PIO1_27\000"
ARM GAS  /tmp/ccpoTkxL.s 			page 19


 963      5F323700 
 964              	.LASF66:
 965 01db 50494F31 		.ascii	"PIO1_28\000"
 965      5F323800 
 966              	.LASF67:
 967 01e3 50494F31 		.ascii	"PIO1_29\000"
 967      5F323900 
 968              	.LASF50:
 969 01eb 50494F31 		.ascii	"PIO1_12\000"
 969      5F313200 
 970              	.LASF2:
 971 01f3 756E7369 		.ascii	"unsigned char\000"
 971      676E6564 
 971      20636861 
 971      7200
 972              	.LASF24:
 973 0201 5357434C 		.ascii	"SWCLK_PIO0_10\000"
 973      4B5F5049 
 973      4F305F31 
 973      3000
 974              	.LASF81:
 975 020f 6C70635F 		.ascii	"lpc_clock_init\000"
 975      636C6F63 
 975      6B5F696E 
 975      697400
 976              	.LASF78:
 977 021e 5F5F6561 		.ascii	"__early_init\000"
 977      726C795F 
 977      696E6974 
 977      00
 978              	.LASF8:
 979 022b 6C6F6E67 		.ascii	"long long unsigned int\000"
 979      206C6F6E 
 979      6720756E 
 979      7369676E 
 979      65642069 
 980              	.LASF10:
 981 0242 75696E74 		.ascii	"uint32_t\000"
 981      33325F74 
 981      00
 982              	.LASF0:
 983 024b 756E7369 		.ascii	"unsigned int\000"
 983      676E6564 
 983      20696E74 
 983      00
 984              	.LASF14:
 985 0258 52455345 		.ascii	"RESET_PIO0_0\000"
 985      545F5049 
 985      4F305F30 
 985      00
 986              	.LASF28:
 987 0265 54525354 		.ascii	"TRST_PIO0_14\000"
 987      5F50494F 
 987      305F3134 
 987      00
 988              	.LASF4:
 989 0272 73686F72 		.ascii	"short unsigned int\000"
ARM GAS  /tmp/ccpoTkxL.s 			page 20


 989      7420756E 
 989      7369676E 
 989      65642069 
 989      6E7400
 990              	.LASF77:
 991 0285 2F484444 		.ascii	"/HDD/Projects/workspace_test4/Altimeter/\000"
 991      2F50726F 
 991      6A656374 
 991      732F776F 
 991      726B7370 
 992              	.LASF13:
 993 02ae 63686172 		.ascii	"char\000"
 993      00
 994              	.LASF68:
 995 02b3 50494F31 		.ascii	"PIO1_30\000"
 995      5F333000 
 996              	.LASF69:
 997 02bb 50494F31 		.ascii	"PIO1_31\000"
 997      5F333100 
 998              	.LASF73:
 999 02c3 50414C43 		.ascii	"PALConfig\000"
 999      6F6E6669 
 999      6700
 1000              	.LASF11:
 1001 02cd 5F426F6F 		.ascii	"_Bool\000"
 1001      6C00
 1002              	.LASF71:
 1003 02d3 64617461 		.ascii	"data\000"
 1003      00
 1004              	.LASF38:
 1005 02d8 50494F31 		.ascii	"PIO1_0\000"
 1005      5F3000
 1006              	.LASF39:
 1007 02df 50494F31 		.ascii	"PIO1_1\000"
 1007      5F3100
 1008              	.LASF40:
 1009 02e6 50494F31 		.ascii	"PIO1_2\000"
 1009      5F3200
 1010              	.LASF41:
 1011 02ed 50494F31 		.ascii	"PIO1_3\000"
 1011      5F3300
 1012              	.LASF42:
 1013 02f4 50494F31 		.ascii	"PIO1_4\000"
 1013      5F3400
 1014              	.LASF43:
 1015 02fb 50494F31 		.ascii	"PIO1_5\000"
 1015      5F3500
 1016              	.LASF44:
 1017 0302 50494F31 		.ascii	"PIO1_6\000"
 1017      5F3600
 1018              	.LASF45:
 1019 0309 50494F31 		.ascii	"PIO1_7\000"
 1019      5F3700
 1020              	.LASF6:
 1021 0310 6C6F6E67 		.ascii	"long unsigned int\000"
 1021      20756E73 
 1021      69676E65 
ARM GAS  /tmp/ccpoTkxL.s 			page 21


 1021      6420696E 
 1021      7400
 1022              	.LASF47:
 1023 0322 50494F31 		.ascii	"PIO1_9\000"
 1023      5F3900
 1024              	.LASF52:
 1025 0329 50494F31 		.ascii	"PIO1_14\000"
 1025      5F313400 
 1026              	.LASF15:
 1027 0331 50494F30 		.ascii	"PIO0_1\000"
 1027      5F3100
 1028              	.LASF16:
 1029 0338 50494F30 		.ascii	"PIO0_2\000"
 1029      5F3200
 1030              	.LASF17:
 1031 033f 50494F30 		.ascii	"PIO0_3\000"
 1031      5F3300
 1032              	.LASF18:
 1033 0346 50494F30 		.ascii	"PIO0_4\000"
 1033      5F3400
 1034              	.LASF72:
 1035 034d 6770696F 		.ascii	"gpio_setup_t\000"
 1035      5F736574 
 1035      75705F74 
 1035      00
 1036              	.LASF20:
 1037 035a 50494F30 		.ascii	"PIO0_6\000"
 1037      5F3600
 1038              	.LASF21:
 1039 0361 50494F30 		.ascii	"PIO0_7\000"
 1039      5F3700
 1040              	.LASF22:
 1041 0368 50494F30 		.ascii	"PIO0_8\000"
 1041      5F3800
 1042              	.LASF23:
 1043 036f 50494F30 		.ascii	"PIO0_9\000"
 1043      5F3900
 1044              	.LASF30:
 1045 0376 50494F30 		.ascii	"PIO0_16\000"
 1045      5F313600 
 1046              	.LASF76:
 1047 037e 43686962 		.ascii	"ChibiOS_2.6.5/boards/EA_LPCXPRESSO_BB_11U14/board.c"
 1047      694F535F 
 1047      322E362E 
 1047      352F626F 
 1047      61726473 
 1048 03b1 00       		.ascii	"\000"
 1049              	.LASF32:
 1050 03b2 50494F30 		.ascii	"PIO0_18\000"
 1050      5F313800 
 1051              	.LASF33:
 1052 03ba 50494F30 		.ascii	"PIO0_19\000"
 1052      5F313900 
 1053              	.LASF31:
 1054 03c2 50494F30 		.ascii	"PIO0_17\000"
 1054      5F313700 
 1055              	.LASF70:
ARM GAS  /tmp/ccpoTkxL.s 			page 22


 1056 03ca 4C50435F 		.ascii	"LPC_IOCON_Type\000"
 1056      494F434F 
 1056      4E5F5479 
 1056      706500
 1057              	.LASF29:
 1058 03d9 53574449 		.ascii	"SWDIO_PIO0_15\000"
 1058      4F5F5049 
 1058      4F305F31 
 1058      3500
 1059              	.LASF26:
 1060 03e7 544D535F 		.ascii	"TMS_PIO0_12\000"
 1060      50494F30 
 1060      5F313200 
 1061              	.LASF46:
 1062 03f3 50494F31 		.ascii	"PIO1_8\000"
 1062      5F3800
 1063              	.LASF25:
 1064 03fa 5444495F 		.ascii	"TDI_PIO0_11\000"
 1064      50494F30 
 1064      5F313100 
 1065              	.LASF48:
 1066 0406 50494F31 		.ascii	"PIO1_10\000"
 1066      5F313000 
 1067              		.ident	"GCC: (GNU Tools for ARM Embedded Processors) 4.8.4 20140526 (release) [ARM/embedded-4_8-br
ARM GAS  /tmp/ccpoTkxL.s 			page 23


DEFINED SYMBOLS
                            *ABS*:00000000 board.c
     /tmp/ccpoTkxL.s:18     .text.__early_init:00000000 $t
     /tmp/ccpoTkxL.s:23     .text.__early_init:00000000 __early_init
     /tmp/ccpoTkxL.s:42     .text.boardInit:00000000 $t
     /tmp/ccpoTkxL.s:47     .text.boardInit:00000000 boardInit
     /tmp/ccpoTkxL.s:95     .text.boardInit:00000030 $d
     /tmp/ccpoTkxL.s:104    .rodata.pal_default_config:00000000 pal_default_config
     /tmp/ccpoTkxL.s:101    .rodata.pal_default_config:00000000 $d
                     .debug_frame:00000010 $d

UNDEFINED SYMBOLS
lpc_clock_init
