ARM GAS  /tmp/cc4l8zsb.s 			page 1


   1              		.cpu cortex-m0
   2              		.fpu softvfp
   3              		.eabi_attribute 20, 1
   4              		.eabi_attribute 21, 1
   5              		.eabi_attribute 23, 3
   6              		.eabi_attribute 24, 1
   7              		.eabi_attribute 25, 1
   8              		.eabi_attribute 26, 1
   9              		.eabi_attribute 30, 1
  10              		.eabi_attribute 34, 0
  11              		.eabi_attribute 18, 4
  12              		.code	16
  13              		.file	"chcore_v6m.c"
  14              		.text
  15              	.Ltext0:
  16              		.cfi_sections	.debug_frame
  17              		.section	.text._port_switch_from_isr,"ax",%progbits
  18              		.align	2
  19              		.global	_port_switch_from_isr
  20              		.code	16
  21              		.thumb_func
  22              		.type	_port_switch_from_isr, %function
  23              	_port_switch_from_isr:
  24              	.LFB10:
  25              		.file 1 "ChibiOS_2.6.5/os/ports/GCC/ARMCMx/chcore_v6m.c"
  26              		.loc 1 141 0
  27              		.cfi_startproc
  28              		.loc 1 144 0
  29 0000 FFF7FEFF 		bl	chSchDoReschedule
  30              	.LVL0:
  31              		.loc 1 146 0
  32              	@ 146 "ChibiOS_2.6.5/os/ports/GCC/ARMCMx/chcore_v6m.c" 1
  33              		_port_exit_from_isr:
  34              	@ 0 "" 2
  35              		.loc 1 151 0
  36              		.code	16
  37 0004 8022     		mov	r2, #128
  38 0006 1206     		lsl	r2, r2, #24
  39 0008 014B     		ldr	r3, .L3
  40 000a 5A60     		str	r2, [r3, #4]
  41              	.L2:
  42 000c FEE7     		b	.L2
  43              	.L4:
  44 000e C046     		.align	2
  45              	.L3:
  46 0010 00ED00E0 		.word	-536810240
  47              		.cfi_endproc
  48              	.LFE10:
  49              		.size	_port_switch_from_isr, .-_port_switch_from_isr
  50              		.section	.text.NMIVector,"ax",%progbits
  51              		.align	2
  52              		.global	NMIVector
  53              		.code	16
  54              		.thumb_func
  55              		.type	NMIVector, %function
  56              	NMIVector:
  57              	.LFB8:
ARM GAS  /tmp/cc4l8zsb.s 			page 2


  58              		.loc 1 64 0
  59              		.cfi_startproc
  60              		.loc 1 69 0
  61              	@ 69 "ChibiOS_2.6.5/os/ports/GCC/ARMCMx/chcore_v6m.c" 1
  62 0000 EFF30983 		mrs     r3, PSP
  63              	@ 0 "" 2
  64              	.LVL1:
  65              		.loc 1 70 0
  66              		.code	16
  67 0004 2033     		add	r3, r3, #32
  68              	.LVL2:
  69              		.loc 1 71 0
  70              	@ 71 "ChibiOS_2.6.5/os/ports/GCC/ARMCMx/chcore_v6m.c" 1
  71 0006 83F30988 		msr     PSP, r3
  72              	@ 0 "" 2
  73              		.loc 1 72 0
  74              	@ 72 "ChibiOS_2.6.5/os/ports/GCC/ARMCMx/chcore_v6m.c" 1
  75 000a 62B6     		cpsie   i
  76              	@ 0 "" 2
  77              		.loc 1 73 0
  78              		.code	16
  79              		@ sp needed
  80 000c 7047     		bx	lr
  81              		.cfi_endproc
  82              	.LFE8:
  83              		.size	NMIVector, .-NMIVector
  84 000e C046     		.section	.text._port_irq_epilogue,"ax",%progbits
  85              		.align	2
  86              		.global	_port_irq_epilogue
  87              		.code	16
  88              		.thumb_func
  89              		.type	_port_irq_epilogue, %function
  90              	_port_irq_epilogue:
  91              	.LFB9:
  92              		.loc 1 102 0
  93              		.cfi_startproc
  94              	.LVL3:
  95              		.loc 1 104 0
  96 0000 0F30     		add	r0, r0, #15
  97 0002 27D0     		beq	.L6
  98              	.LVL4:
  99              	.LBB2:
 100              		.loc 1 107 0
 101              	@ 107 "ChibiOS_2.6.5/os/ports/GCC/ARMCMx/chcore_v6m.c" 1
 102 0004 72B6     		cpsid   i
 103              	@ 0 "" 2
 104              		.loc 1 110 0
 105              	@ 110 "ChibiOS_2.6.5/os/ports/GCC/ARMCMx/chcore_v6m.c" 1
 106 0006 EFF30983 		mrs     r3, PSP
 107              	@ 0 "" 2
 108              	.LVL5:
 109              		.loc 1 111 0
 110              		.code	16
 111 000a 1A1C     		mov	r2, r3
 112 000c 203A     		sub	r2, r2, #32
 113              	.LVL6:
 114              		.loc 1 112 0
ARM GAS  /tmp/cc4l8zsb.s 			page 3


 115              	@ 112 "ChibiOS_2.6.5/os/ports/GCC/ARMCMx/chcore_v6m.c" 1
 116 000e 82F30988 		msr     PSP, r2
 117              	@ 0 "" 2
 118              		.loc 1 113 0
 119              		.code	16
 120 0012 8021     		mov	r1, #128
 121 0014 4904     		lsl	r1, r1, #17
 122 0016 D161     		str	r1, [r2, #28]
 123              		.loc 1 117 0
 124 0018 0F4A     		ldr	r2, .L11
 125              	.LVL7:
 126 001a 9269     		ldr	r2, [r2, #24]
 127 001c D17F     		ldrb	r1, [r2, #31]
 128 001e 0029     		cmp	r1, #0
 129 0020 07D0     		beq	.L8
 130              		.loc 1 117 0 is_stmt 0 discriminator 1
 131 0022 0D49     		ldr	r1, .L11
 132 0024 0968     		ldr	r1, [r1]
 133 0026 8968     		ldr	r1, [r1, #8]
 134 0028 9268     		ldr	r2, [r2, #8]
 135 002a 8A42     		cmp	r2, r1
 136 002c 9241     		sbc	r2, r2, r2
 137 002e 5242     		neg	r2, r2
 138 0030 07E0     		b	.L9
 139              	.L8:
 140              		.loc 1 117 0 discriminator 2
 141 0032 0949     		ldr	r1, .L11
 142 0034 0968     		ldr	r1, [r1]
 143 0036 8868     		ldr	r0, [r1, #8]
 144 0038 9168     		ldr	r1, [r2, #8]
 145 003a 0022     		mov	r2, #0
 146 003c 8842     		cmp	r0, r1
 147 003e 5241     		adc	r2, r2, r2
 148 0040 D2B2     		uxtb	r2, r2
 149              	.L9:
 150              		.loc 1 117 0 discriminator 3
 151 0042 002A     		cmp	r2, #0
 152 0044 03D0     		beq	.L10
 153              		.loc 1 119 0 is_stmt 1
 154 0046 203B     		sub	r3, r3, #32
 155              	.LVL8:
 156 0048 044A     		ldr	r2, .L11+4
 157 004a 9A61     		str	r2, [r3, #24]
 158 004c 02E0     		b	.L6
 159              	.LVL9:
 160              	.L10:
 161              		.loc 1 124 0
 162 004e 203B     		sub	r3, r3, #32
 163              	.LVL10:
 164 0050 034A     		ldr	r2, .L11+8
 165 0052 9A61     		str	r2, [r3, #24]
 166              	.LVL11:
 167              	.L6:
 168              	.LBE2:
 169              		.loc 1 130 0
 170              		@ sp needed
 171 0054 7047     		bx	lr
ARM GAS  /tmp/cc4l8zsb.s 			page 4


 172              	.L12:
 173 0056 C046     		.align	2
 174              	.L11:
 175 0058 00000000 		.word	rlist
 176 005c 00000000 		.word	_port_switch_from_isr
 177 0060 04000000 		.word	_port_exit_from_isr
 178              		.cfi_endproc
 179              	.LFE9:
 180              		.size	_port_irq_epilogue, .-_port_irq_epilogue
 181              		.section	.text.SysTickVector,"ax",%progbits
 182              		.align	2
 183              		.global	SysTickVector
 184              		.code	16
 185              		.thumb_func
 186              		.type	SysTickVector, %function
 187              	SysTickVector:
 188              	.LFB7:
 189              		.loc 1 47 0
 190              		.cfi_startproc
 191 0000 10B5     		push	{r4, lr}
 192              		.cfi_def_cfa_offset 8
 193              		.cfi_offset 4, -8
 194              		.cfi_offset 14, -4
 195              		.loc 1 49 0
 196              	@ 49 "ChibiOS_2.6.5/os/ports/GCC/ARMCMx/chcore_v6m.c" 1
 197 0002 7446     		mov     r4, lr
 198              	@ 0 "" 2
 199              	.LVL12:
 200              		.loc 1 51 0
 201              	@ 51 "ChibiOS_2.6.5/os/ports/GCC/ARMCMx/chcore_v6m.c" 1
 202 0004 72B6     		cpsid   i
 203              	@ 0 "" 2
 204              		.loc 1 52 0
 205              		.code	16
 206 0006 FFF7FEFF 		bl	chSysTimerHandlerI
 207              	.LVL13:
 208              		.loc 1 53 0
 209              	@ 53 "ChibiOS_2.6.5/os/ports/GCC/ARMCMx/chcore_v6m.c" 1
 210 000a 62B6     		cpsie   i
 211              	@ 0 "" 2
 212              		.loc 1 55 0
 213              		.code	16
 214 000c 201C     		mov	r0, r4
 215 000e FFF7FEFF 		bl	_port_irq_epilogue
 216              	.LVL14:
 217              		.loc 1 56 0
 218              		@ sp needed
 219              	.LVL15:
 220 0012 10BD     		pop	{r4, pc}
 221              		.cfi_endproc
 222              	.LFE7:
 223              		.size	SysTickVector, .-SysTickVector
 224              		.section	.text._port_switch,"ax",%progbits
 225              		.align	2
 226              		.global	_port_switch
 227              		.code	16
 228              		.thumb_func
ARM GAS  /tmp/cc4l8zsb.s 			page 5


 229              		.type	_port_switch, %function
 230              	_port_switch:
 231              	.LFB11:
 232              		.loc 1 172 0
 233              		.cfi_startproc
 234              	.LVL16:
 235              		.loc 1 175 0
 236              	@ 175 "ChibiOS_2.6.5/os/ports/GCC/ARMCMx/chcore_v6m.c" 1
 237 0000 F0B5     		push    {r4, r5, r6, r7, lr}                   
 238 0002 4446     		mov     r4, r8                                 
 239 0004 4D46     		mov     r5, r9                                 
 240 0006 5646     		mov     r6, r10                                
 241 0008 5F46     		mov     r7, r11                                
 242 000a F0B4     		push    {r4, r5, r6, r7}
 243              	@ 0 "" 2
 244              		.loc 1 182 0
 245              		.code	16
 246 000c 6B46     		mov	r3, sp
 247 000e CB60     		str	r3, [r1, #12]
 248              		.loc 1 183 0
 249 0010 C368     		ldr	r3, [r0, #12]
 250 0012 9D46     		mov	sp, r3
 251              		.loc 1 185 0
 252              	@ 185 "ChibiOS_2.6.5/os/ports/GCC/ARMCMx/chcore_v6m.c" 1
 253 0014 F0BC     		pop     {r4, r5, r6, r7}                       
 254 0016 A046     		mov     r8, r4                                 
 255 0018 A946     		mov     r9, r5                                 
 256 001a B246     		mov     r10, r6                                
 257 001c BB46     		mov     r11, r7                                
 258 001e F0BD     		pop     {r4, r5, r6, r7, pc}
 259              	@ 0 "" 2
 260              		.loc 1 191 0
 261              		.code	16
 262              		.cfi_endproc
 263              	.LFE11:
 264              		.size	_port_switch, .-_port_switch
 265              		.section	.text._port_thread_start,"ax",%progbits
 266              		.align	2
 267              		.global	_port_thread_start
 268              		.code	16
 269              		.thumb_func
 270              		.type	_port_thread_start, %function
 271              	_port_thread_start:
 272              	.LFB12:
 273              		.loc 1 198 0
 274              		.cfi_startproc
 275              		.loc 1 200 0
 276              	@ 200 "ChibiOS_2.6.5/os/ports/GCC/ARMCMx/chcore_v6m.c" 1
 277 0000 62B6     		cpsie   i
 278              	@ 0 "" 2
 279              		.loc 1 201 0
 280              	@ 201 "ChibiOS_2.6.5/os/ports/GCC/ARMCMx/chcore_v6m.c" 1
 281 0002 281C     		mov     r0, r5                                 
 282 0004 A047     		blx     r4                                     
 283 0006 FFF7FEFF 		bl      chThdExit
 284              	@ 0 "" 2
 285              		.loc 1 204 0
ARM GAS  /tmp/cc4l8zsb.s 			page 6


 286              		.code	16
 287              		@ sp needed
 288 000a 7047     		bx	lr
 289              		.cfi_endproc
 290              	.LFE12:
 291              		.size	_port_thread_start, .-_port_thread_start
 292              		.text
 293              	.Letext0:
 294              		.file 2 "/usr/local/lpcxpresso_7.3.0_186/lpcxpresso/tools/arm-none-eabi/include/machine/_default_t
 295              		.file 3 "/usr/local/lpcxpresso_7.3.0_186/lpcxpresso/tools/arm-none-eabi/include/stdint.h"
 296              		.file 4 "ChibiOS_2.6.5/os/ports/GCC/ARMCMx/chtypes.h"
 297              		.file 5 "ChibiOS_2.6.5/os/kernel/include/chlists.h"
 298              		.file 6 "ChibiOS_2.6.5/os/kernel/include/chthreads.h"
 299              		.file 7 "ChibiOS_2.6.5/os/ports/GCC/ARMCMx/chcore_v6m.h"
 300              		.file 8 "CMSIS_CORE_LPC11Uxx/inc/nvic.h"
 301              		.file 9 "ChibiOS_2.6.5/os/kernel/include/chschd.h"
 302              		.file 10 "ChibiOS_2.6.5/os/kernel/include/chmtx.h"
 303              		.file 11 "ChibiOS_2.6.5/os/kernel/include/chsys.h"
 304              		.section	.debug_info,"",%progbits
 305              	.Ldebug_info0:
 306 0000 05070000 		.4byte	0x705
 307 0004 0400     		.2byte	0x4
 308 0006 00000000 		.4byte	.Ldebug_abbrev0
 309 000a 04       		.byte	0x4
 310 000b 01       		.uleb128 0x1
 311 000c D9010000 		.4byte	.LASF95
 312 0010 01       		.byte	0x1
 313 0011 B4000000 		.4byte	.LASF96
 314 0015 FE030000 		.4byte	.LASF97
 315 0019 00000000 		.4byte	.Ldebug_ranges0+0
 316 001d 00000000 		.4byte	0
 317 0021 00000000 		.4byte	.Ldebug_line0
 318 0025 02       		.uleb128 0x2
 319 0026 04       		.byte	0x4
 320 0027 05       		.byte	0x5
 321 0028 696E7400 		.ascii	"int\000"
 322 002c 03       		.uleb128 0x3
 323 002d 04       		.byte	0x4
 324 002e 07       		.byte	0x7
 325 002f 32010000 		.4byte	.LASF0
 326 0033 03       		.uleb128 0x3
 327 0034 01       		.byte	0x1
 328 0035 06       		.byte	0x6
 329 0036 85000000 		.4byte	.LASF1
 330 003a 04       		.uleb128 0x4
 331 003b 0D000000 		.4byte	.LASF5
 332 003f 02       		.byte	0x2
 333 0040 1C       		.byte	0x1c
 334 0041 45000000 		.4byte	0x45
 335 0045 03       		.uleb128 0x3
 336 0046 01       		.byte	0x1
 337 0047 08       		.byte	0x8
 338 0048 2B030000 		.4byte	.LASF2
 339 004c 03       		.uleb128 0x3
 340 004d 02       		.byte	0x2
 341 004e 05       		.byte	0x5
 342 004f 49030000 		.4byte	.LASF3
ARM GAS  /tmp/cc4l8zsb.s 			page 7


 343 0053 03       		.uleb128 0x3
 344 0054 02       		.byte	0x2
 345 0055 07       		.byte	0x7
 346 0056 8F010000 		.4byte	.LASF4
 347 005a 04       		.uleb128 0x4
 348 005b E8030000 		.4byte	.LASF6
 349 005f 02       		.byte	0x2
 350 0060 37       		.byte	0x37
 351 0061 65000000 		.4byte	0x65
 352 0065 03       		.uleb128 0x3
 353 0066 04       		.byte	0x4
 354 0067 05       		.byte	0x5
 355 0068 AB000000 		.4byte	.LASF7
 356 006c 04       		.uleb128 0x4
 357 006d 0C010000 		.4byte	.LASF8
 358 0071 02       		.byte	0x2
 359 0072 38       		.byte	0x38
 360 0073 77000000 		.4byte	0x77
 361 0077 03       		.uleb128 0x3
 362 0078 04       		.byte	0x4
 363 0079 07       		.byte	0x7
 364 007a 5A010000 		.4byte	.LASF9
 365 007e 03       		.uleb128 0x3
 366 007f 08       		.byte	0x8
 367 0080 05       		.byte	0x5
 368 0081 77000000 		.4byte	.LASF10
 369 0085 03       		.uleb128 0x3
 370 0086 08       		.byte	0x8
 371 0087 07       		.byte	0x7
 372 0088 40000000 		.4byte	.LASF11
 373 008c 04       		.uleb128 0x4
 374 008d 4B040000 		.4byte	.LASF12
 375 0091 03       		.byte	0x3
 376 0092 2A       		.byte	0x2a
 377 0093 3A000000 		.4byte	0x3a
 378 0097 04       		.uleb128 0x4
 379 0098 23030000 		.4byte	.LASF13
 380 009c 03       		.byte	0x3
 381 009d 41       		.byte	0x41
 382 009e 5A000000 		.4byte	0x5a
 383 00a2 04       		.uleb128 0x4
 384 00a3 A1030000 		.4byte	.LASF14
 385 00a7 03       		.byte	0x3
 386 00a8 42       		.byte	0x42
 387 00a9 6C000000 		.4byte	0x6c
 388 00ad 03       		.uleb128 0x3
 389 00ae 01       		.byte	0x1
 390 00af 02       		.byte	0x2
 391 00b0 1D030000 		.4byte	.LASF15
 392 00b4 04       		.uleb128 0x4
 393 00b5 7F030000 		.4byte	.LASF16
 394 00b9 04       		.byte	0x4
 395 00ba 2C       		.byte	0x2c
 396 00bb 8C000000 		.4byte	0x8c
 397 00bf 04       		.uleb128 0x4
 398 00c0 E3000000 		.4byte	.LASF17
 399 00c4 04       		.byte	0x4
ARM GAS  /tmp/cc4l8zsb.s 			page 8


 400 00c5 2D       		.byte	0x2d
 401 00c6 8C000000 		.4byte	0x8c
 402 00ca 04       		.uleb128 0x4
 403 00cb 01030000 		.4byte	.LASF18
 404 00cf 04       		.byte	0x4
 405 00d0 2E       		.byte	0x2e
 406 00d1 8C000000 		.4byte	0x8c
 407 00d5 04       		.uleb128 0x4
 408 00d6 A1000000 		.4byte	.LASF19
 409 00da 04       		.byte	0x4
 410 00db 2F       		.byte	0x2f
 411 00dc 8C000000 		.4byte	0x8c
 412 00e0 04       		.uleb128 0x4
 413 00e1 15030000 		.4byte	.LASF20
 414 00e5 04       		.byte	0x4
 415 00e6 30       		.byte	0x30
 416 00e7 A2000000 		.4byte	0xa2
 417 00eb 04       		.uleb128 0x4
 418 00ec A7010000 		.4byte	.LASF21
 419 00f0 04       		.byte	0x4
 420 00f1 31       		.byte	0x31
 421 00f2 97000000 		.4byte	0x97
 422 00f6 04       		.uleb128 0x4
 423 00f7 AA020000 		.4byte	.LASF22
 424 00fb 04       		.byte	0x4
 425 00fc 33       		.byte	0x33
 426 00fd A2000000 		.4byte	0xa2
 427 0101 04       		.uleb128 0x4
 428 0102 D3030000 		.4byte	.LASF23
 429 0106 04       		.byte	0x4
 430 0107 35       		.byte	0x35
 431 0108 A2000000 		.4byte	0xa2
 432 010c 04       		.uleb128 0x4
 433 010d 8F030000 		.4byte	.LASF24
 434 0111 05       		.byte	0x5
 435 0112 2A       		.byte	0x2a
 436 0113 17010000 		.4byte	0x117
 437 0117 05       		.uleb128 0x5
 438 0118 8F030000 		.4byte	.LASF24
 439 011c 48       		.byte	0x48
 440 011d 06       		.byte	0x6
 441 011e 5E       		.byte	0x5e
 442 011f 14020000 		.4byte	0x214
 443 0123 06       		.uleb128 0x6
 444 0124 78030000 		.4byte	.LASF25
 445 0128 06       		.byte	0x6
 446 0129 5F       		.byte	0x5f
 447 012a 35020000 		.4byte	0x235
 448 012e 00       		.byte	0
 449 012f 06       		.uleb128 0x6
 450 0130 0E030000 		.4byte	.LASF26
 451 0134 06       		.byte	0x6
 452 0135 61       		.byte	0x61
 453 0136 35020000 		.4byte	0x235
 454 013a 04       		.byte	0x4
 455 013b 06       		.uleb128 0x6
 456 013c 66000000 		.4byte	.LASF27
ARM GAS  /tmp/cc4l8zsb.s 			page 9


 457 0140 06       		.byte	0x6
 458 0141 63       		.byte	0x63
 459 0142 E0000000 		.4byte	0xe0
 460 0146 08       		.byte	0x8
 461 0147 06       		.uleb128 0x6
 462 0148 74040000 		.4byte	.LASF28
 463 014c 06       		.byte	0x6
 464 014d 64       		.byte	0x64
 465 014e 4D030000 		.4byte	0x34d
 466 0152 0C       		.byte	0xc
 467 0153 06       		.uleb128 0x6
 468 0154 FF000000 		.4byte	.LASF29
 469 0158 06       		.byte	0x6
 470 0159 66       		.byte	0x66
 471 015a 35020000 		.4byte	0x235
 472 015e 10       		.byte	0x10
 473 015f 06       		.uleb128 0x6
 474 0160 CA020000 		.4byte	.LASF30
 475 0164 06       		.byte	0x6
 476 0165 67       		.byte	0x67
 477 0166 35020000 		.4byte	0x235
 478 016a 14       		.byte	0x14
 479 016b 06       		.uleb128 0x6
 480 016c 5A040000 		.4byte	.LASF31
 481 0170 06       		.byte	0x6
 482 0171 6E       		.byte	0x6e
 483 0172 C4050000 		.4byte	0x5c4
 484 0176 18       		.byte	0x18
 485 0177 06       		.uleb128 0x6
 486 0178 53030000 		.4byte	.LASF32
 487 017c 06       		.byte	0x6
 488 017d 79       		.byte	0x79
 489 017e BF000000 		.4byte	0xbf
 490 0182 1C       		.byte	0x1c
 491 0183 06       		.uleb128 0x6
 492 0184 87030000 		.4byte	.LASF33
 493 0188 06       		.byte	0x6
 494 0189 7D       		.byte	0x7d
 495 018a B4000000 		.4byte	0xb4
 496 018e 1D       		.byte	0x1d
 497 018f 06       		.uleb128 0x6
 498 0190 2F040000 		.4byte	.LASF34
 499 0194 06       		.byte	0x6
 500 0195 82       		.byte	0x82
 501 0196 CA000000 		.4byte	0xca
 502 019a 1E       		.byte	0x1e
 503 019b 06       		.uleb128 0x6
 504 019c 5B030000 		.4byte	.LASF35
 505 01a0 06       		.byte	0x6
 506 01a1 88       		.byte	0x88
 507 01a2 D5000000 		.4byte	0xd5
 508 01a6 1F       		.byte	0x1f
 509 01a7 06       		.uleb128 0x6
 510 01a8 F2030000 		.4byte	.LASF36
 511 01ac 06       		.byte	0x6
 512 01ad 8F       		.byte	0x8f
 513 01ae EC040000 		.4byte	0x4ec
ARM GAS  /tmp/cc4l8zsb.s 			page 10


 514 01b2 20       		.byte	0x20
 515 01b3 07       		.uleb128 0x7
 516 01b4 705F7500 		.ascii	"p_u\000"
 517 01b8 06       		.byte	0x6
 518 01b9 B4       		.byte	0xb4
 519 01ba 8F050000 		.4byte	0x58f
 520 01be 24       		.byte	0x24
 521 01bf 06       		.uleb128 0x6
 522 01c0 7A040000 		.4byte	.LASF37
 523 01c4 06       		.byte	0x6
 524 01c5 B9       		.byte	0xb9
 525 01c6 5B020000 		.4byte	0x25b
 526 01ca 28       		.byte	0x28
 527 01cb 06       		.uleb128 0x6
 528 01cc 24040000 		.4byte	.LASF38
 529 01d0 06       		.byte	0x6
 530 01d1 BF       		.byte	0xbf
 531 01d2 3B020000 		.4byte	0x23b
 532 01d6 2C       		.byte	0x2c
 533 01d7 06       		.uleb128 0x6
 534 01d8 00000000 		.4byte	.LASF39
 535 01dc 06       		.byte	0x6
 536 01dd C3       		.byte	0xc3
 537 01de EB000000 		.4byte	0xeb
 538 01e2 34       		.byte	0x34
 539 01e3 06       		.uleb128 0x6
 540 01e4 96030000 		.4byte	.LASF40
 541 01e8 06       		.byte	0x6
 542 01e9 C9       		.byte	0xc9
 543 01ea F6000000 		.4byte	0xf6
 544 01ee 38       		.byte	0x38
 545 01ef 06       		.uleb128 0x6
 546 01f0 3F030000 		.4byte	.LASF41
 547 01f4 06       		.byte	0x6
 548 01f5 D0       		.byte	0xd0
 549 01f6 D6050000 		.4byte	0x5d6
 550 01fa 3C       		.byte	0x3c
 551 01fb 06       		.uleb128 0x6
 552 01fc DD030000 		.4byte	.LASF42
 553 0200 06       		.byte	0x6
 554 0201 D4       		.byte	0xd4
 555 0202 E0000000 		.4byte	0xe0
 556 0206 40       		.byte	0x40
 557 0207 06       		.uleb128 0x6
 558 0208 91000000 		.4byte	.LASF43
 559 020c 06       		.byte	0x6
 560 020d DA       		.byte	0xda
 561 020e 71020000 		.4byte	0x271
 562 0212 44       		.byte	0x44
 563 0213 00       		.byte	0
 564 0214 08       		.uleb128 0x8
 565 0215 08       		.byte	0x8
 566 0216 05       		.byte	0x5
 567 0217 61       		.byte	0x61
 568 0218 35020000 		.4byte	0x235
 569 021c 06       		.uleb128 0x6
 570 021d 78030000 		.4byte	.LASF25
ARM GAS  /tmp/cc4l8zsb.s 			page 11


 571 0221 05       		.byte	0x5
 572 0222 62       		.byte	0x62
 573 0223 35020000 		.4byte	0x235
 574 0227 00       		.byte	0
 575 0228 06       		.uleb128 0x6
 576 0229 0E030000 		.4byte	.LASF26
 577 022d 05       		.byte	0x5
 578 022e 64       		.byte	0x64
 579 022f 35020000 		.4byte	0x235
 580 0233 04       		.byte	0x4
 581 0234 00       		.byte	0
 582 0235 09       		.uleb128 0x9
 583 0236 04       		.byte	0x4
 584 0237 0C010000 		.4byte	0x10c
 585 023b 04       		.uleb128 0x4
 586 023c D8020000 		.4byte	.LASF44
 587 0240 05       		.byte	0x5
 588 0241 66       		.byte	0x66
 589 0242 14020000 		.4byte	0x214
 590 0246 08       		.uleb128 0x8
 591 0247 04       		.byte	0x4
 592 0248 05       		.byte	0x5
 593 0249 6B       		.byte	0x6b
 594 024a 5B020000 		.4byte	0x25b
 595 024e 06       		.uleb128 0x6
 596 024f 78030000 		.4byte	.LASF25
 597 0253 05       		.byte	0x5
 598 0254 6D       		.byte	0x6d
 599 0255 35020000 		.4byte	0x235
 600 0259 00       		.byte	0
 601 025a 00       		.byte	0
 602 025b 04       		.uleb128 0x4
 603 025c 9E020000 		.4byte	.LASF45
 604 0260 05       		.byte	0x5
 605 0261 70       		.byte	0x70
 606 0262 46020000 		.4byte	0x246
 607 0266 04       		.uleb128 0x4
 608 0267 17010000 		.4byte	.LASF46
 609 026b 07       		.byte	0x7
 610 026c A7       		.byte	0xa7
 611 026d 71020000 		.4byte	0x271
 612 0271 0A       		.uleb128 0xa
 613 0272 04       		.byte	0x4
 614 0273 05       		.uleb128 0x5
 615 0274 46010000 		.4byte	.LASF47
 616 0278 20       		.byte	0x20
 617 0279 07       		.byte	0x7
 618 027a AF       		.byte	0xaf
 619 027b DB020000 		.4byte	0x2db
 620 027f 07       		.uleb128 0x7
 621 0280 723000   		.ascii	"r0\000"
 622 0283 07       		.byte	0x7
 623 0284 B0       		.byte	0xb0
 624 0285 66020000 		.4byte	0x266
 625 0289 00       		.byte	0
 626 028a 07       		.uleb128 0x7
 627 028b 723100   		.ascii	"r1\000"
ARM GAS  /tmp/cc4l8zsb.s 			page 12


 628 028e 07       		.byte	0x7
 629 028f B1       		.byte	0xb1
 630 0290 66020000 		.4byte	0x266
 631 0294 04       		.byte	0x4
 632 0295 07       		.uleb128 0x7
 633 0296 723200   		.ascii	"r2\000"
 634 0299 07       		.byte	0x7
 635 029a B2       		.byte	0xb2
 636 029b 66020000 		.4byte	0x266
 637 029f 08       		.byte	0x8
 638 02a0 07       		.uleb128 0x7
 639 02a1 723300   		.ascii	"r3\000"
 640 02a4 07       		.byte	0x7
 641 02a5 B3       		.byte	0xb3
 642 02a6 66020000 		.4byte	0x266
 643 02aa 0C       		.byte	0xc
 644 02ab 07       		.uleb128 0x7
 645 02ac 72313200 		.ascii	"r12\000"
 646 02b0 07       		.byte	0x7
 647 02b1 B4       		.byte	0xb4
 648 02b2 66020000 		.4byte	0x266
 649 02b6 10       		.byte	0x10
 650 02b7 06       		.uleb128 0x6
 651 02b8 3F010000 		.4byte	.LASF48
 652 02bc 07       		.byte	0x7
 653 02bd B5       		.byte	0xb5
 654 02be 66020000 		.4byte	0x266
 655 02c2 14       		.byte	0x14
 656 02c3 07       		.uleb128 0x7
 657 02c4 706300   		.ascii	"pc\000"
 658 02c7 07       		.byte	0x7
 659 02c8 B6       		.byte	0xb6
 660 02c9 66020000 		.4byte	0x266
 661 02cd 18       		.byte	0x18
 662 02ce 06       		.uleb128 0x6
 663 02cf 65030000 		.4byte	.LASF49
 664 02d3 07       		.byte	0x7
 665 02d4 B7       		.byte	0xb7
 666 02d5 66020000 		.4byte	0x266
 667 02d9 1C       		.byte	0x1c
 668 02da 00       		.byte	0
 669 02db 05       		.uleb128 0x5
 670 02dc 1D040000 		.4byte	.LASF50
 671 02e0 24       		.byte	0x24
 672 02e1 07       		.byte	0x7
 673 02e2 BA       		.byte	0xba
 674 02e3 4D030000 		.4byte	0x34d
 675 02e7 07       		.uleb128 0x7
 676 02e8 723800   		.ascii	"r8\000"
 677 02eb 07       		.byte	0x7
 678 02ec BB       		.byte	0xbb
 679 02ed 66020000 		.4byte	0x266
 680 02f1 00       		.byte	0
 681 02f2 07       		.uleb128 0x7
 682 02f3 723900   		.ascii	"r9\000"
 683 02f6 07       		.byte	0x7
 684 02f7 BC       		.byte	0xbc
ARM GAS  /tmp/cc4l8zsb.s 			page 13


 685 02f8 66020000 		.4byte	0x266
 686 02fc 04       		.byte	0x4
 687 02fd 07       		.uleb128 0x7
 688 02fe 72313000 		.ascii	"r10\000"
 689 0302 07       		.byte	0x7
 690 0303 BD       		.byte	0xbd
 691 0304 66020000 		.4byte	0x266
 692 0308 08       		.byte	0x8
 693 0309 07       		.uleb128 0x7
 694 030a 72313100 		.ascii	"r11\000"
 695 030e 07       		.byte	0x7
 696 030f BE       		.byte	0xbe
 697 0310 66020000 		.4byte	0x266
 698 0314 0C       		.byte	0xc
 699 0315 07       		.uleb128 0x7
 700 0316 723400   		.ascii	"r4\000"
 701 0319 07       		.byte	0x7
 702 031a BF       		.byte	0xbf
 703 031b 66020000 		.4byte	0x266
 704 031f 10       		.byte	0x10
 705 0320 07       		.uleb128 0x7
 706 0321 723500   		.ascii	"r5\000"
 707 0324 07       		.byte	0x7
 708 0325 C0       		.byte	0xc0
 709 0326 66020000 		.4byte	0x266
 710 032a 14       		.byte	0x14
 711 032b 07       		.uleb128 0x7
 712 032c 723600   		.ascii	"r6\000"
 713 032f 07       		.byte	0x7
 714 0330 C1       		.byte	0xc1
 715 0331 66020000 		.4byte	0x266
 716 0335 18       		.byte	0x18
 717 0336 07       		.uleb128 0x7
 718 0337 723700   		.ascii	"r7\000"
 719 033a 07       		.byte	0x7
 720 033b C2       		.byte	0xc2
 721 033c 66020000 		.4byte	0x266
 722 0340 1C       		.byte	0x1c
 723 0341 07       		.uleb128 0x7
 724 0342 6C7200   		.ascii	"lr\000"
 725 0345 07       		.byte	0x7
 726 0346 C3       		.byte	0xc3
 727 0347 66020000 		.4byte	0x266
 728 034b 20       		.byte	0x20
 729 034c 00       		.byte	0
 730 034d 05       		.uleb128 0x5
 731 034e 87010000 		.4byte	.LASF51
 732 0352 04       		.byte	0x4
 733 0353 07       		.byte	0x7
 734 0354 CD       		.byte	0xcd
 735 0355 66030000 		.4byte	0x366
 736 0359 07       		.uleb128 0x7
 737 035a 72313300 		.ascii	"r13\000"
 738 035e 07       		.byte	0x7
 739 035f CE       		.byte	0xce
 740 0360 66030000 		.4byte	0x366
 741 0364 00       		.byte	0
ARM GAS  /tmp/cc4l8zsb.s 			page 14


 742 0365 00       		.byte	0
 743 0366 09       		.uleb128 0x9
 744 0367 04       		.byte	0x4
 745 0368 DB020000 		.4byte	0x2db
 746 036c 04       		.uleb128 0x4
 747 036d C4030000 		.4byte	.LASF52
 748 0371 08       		.byte	0x8
 749 0372 3A       		.byte	0x3a
 750 0373 77030000 		.4byte	0x377
 751 0377 0B       		.uleb128 0xb
 752 0378 A2000000 		.4byte	0xa2
 753 037c 03       		.uleb128 0x3
 754 037d 04       		.byte	0x4
 755 037e 07       		.byte	0x7
 756 037f BC020000 		.4byte	.LASF53
 757 0383 08       		.uleb128 0x8
 758 0384 8C       		.byte	0x8c
 759 0385 08       		.byte	0x8
 760 0386 89       		.byte	0x89
 761 0387 88040000 		.4byte	0x488
 762 038b 06       		.uleb128 0x6
 763 038c 60000000 		.4byte	.LASF54
 764 0390 08       		.byte	0x8
 765 0391 8A       		.byte	0x8a
 766 0392 6C030000 		.4byte	0x36c
 767 0396 00       		.byte	0
 768 0397 06       		.uleb128 0x6
 769 0398 A2010000 		.4byte	.LASF55
 770 039c 08       		.byte	0x8
 771 039d 8B       		.byte	0x8b
 772 039e 6C030000 		.4byte	0x36c
 773 03a2 04       		.byte	0x4
 774 03a3 06       		.uleb128 0x6
 775 03a4 6C010000 		.4byte	.LASF56
 776 03a8 08       		.byte	0x8
 777 03a9 8C       		.byte	0x8c
 778 03aa 6C030000 		.4byte	0x36c
 779 03ae 08       		.byte	0x8
 780 03af 06       		.uleb128 0x6
 781 03b0 AD010000 		.4byte	.LASF57
 782 03b4 08       		.byte	0x8
 783 03b5 8D       		.byte	0x8d
 784 03b6 6C030000 		.4byte	0x36c
 785 03ba 0C       		.byte	0xc
 786 03bb 07       		.uleb128 0x7
 787 03bc 53435200 		.ascii	"SCR\000"
 788 03c0 08       		.byte	0x8
 789 03c1 8E       		.byte	0x8e
 790 03c2 6C030000 		.4byte	0x36c
 791 03c6 10       		.byte	0x10
 792 03c7 07       		.uleb128 0x7
 793 03c8 43435200 		.ascii	"CCR\000"
 794 03cc 08       		.byte	0x8
 795 03cd 8F       		.byte	0x8f
 796 03ce 6C030000 		.4byte	0x36c
 797 03d2 14       		.byte	0x14
 798 03d3 06       		.uleb128 0x6
ARM GAS  /tmp/cc4l8zsb.s 			page 15


 799 03d4 F9030000 		.4byte	.LASF58
 800 03d8 08       		.byte	0x8
 801 03d9 90       		.byte	0x90
 802 03da 98040000 		.4byte	0x498
 803 03de 18       		.byte	0x18
 804 03df 06       		.uleb128 0x6
 805 03e0 39030000 		.4byte	.LASF59
 806 03e4 08       		.byte	0x8
 807 03e5 91       		.byte	0x91
 808 03e6 6C030000 		.4byte	0x36c
 809 03ea 24       		.byte	0x24
 810 03eb 06       		.uleb128 0x6
 811 03ec C5020000 		.4byte	.LASF60
 812 03f0 08       		.byte	0x8
 813 03f1 92       		.byte	0x92
 814 03f2 6C030000 		.4byte	0x36c
 815 03f6 28       		.byte	0x28
 816 03f7 06       		.uleb128 0x6
 817 03f8 67040000 		.4byte	.LASF61
 818 03fc 08       		.byte	0x8
 819 03fd 93       		.byte	0x93
 820 03fe 6C030000 		.4byte	0x36c
 821 0402 2C       		.byte	0x2c
 822 0403 06       		.uleb128 0x6
 823 0404 B3010000 		.4byte	.LASF62
 824 0408 08       		.byte	0x8
 825 0409 94       		.byte	0x94
 826 040a 6C030000 		.4byte	0x36c
 827 040e 30       		.byte	0x30
 828 040f 06       		.uleb128 0x6
 829 0410 C0010000 		.4byte	.LASF63
 830 0414 08       		.byte	0x8
 831 0415 95       		.byte	0x95
 832 0416 6C030000 		.4byte	0x36c
 833 041a 34       		.byte	0x34
 834 041b 06       		.uleb128 0x6
 835 041c 07010000 		.4byte	.LASF64
 836 0420 08       		.byte	0x8
 837 0421 96       		.byte	0x96
 838 0422 6C030000 		.4byte	0x36c
 839 0426 38       		.byte	0x38
 840 0427 06       		.uleb128 0x6
 841 0428 B2030000 		.4byte	.LASF65
 842 042c 08       		.byte	0x8
 843 042d 97       		.byte	0x97
 844 042e 6C030000 		.4byte	0x36c
 845 0432 3C       		.byte	0x3c
 846 0433 07       		.uleb128 0x7
 847 0434 50465200 		.ascii	"PFR\000"
 848 0438 08       		.byte	0x8
 849 0439 98       		.byte	0x98
 850 043a AD040000 		.4byte	0x4ad
 851 043e 40       		.byte	0x40
 852 043f 07       		.uleb128 0x7
 853 0440 44465200 		.ascii	"DFR\000"
 854 0444 08       		.byte	0x8
 855 0445 99       		.byte	0x99
ARM GAS  /tmp/cc4l8zsb.s 			page 16


 856 0446 6C030000 		.4byte	0x36c
 857 044a 48       		.byte	0x48
 858 044b 07       		.uleb128 0x7
 859 044c 41445200 		.ascii	"ADR\000"
 860 0450 08       		.byte	0x8
 861 0451 9A       		.byte	0x9a
 862 0452 6C030000 		.4byte	0x36c
 863 0456 4C       		.byte	0x4c
 864 0457 06       		.uleb128 0x6
 865 0458 40040000 		.4byte	.LASF66
 866 045c 08       		.byte	0x8
 867 045d 9B       		.byte	0x9b
 868 045e C2040000 		.4byte	0x4c2
 869 0462 50       		.byte	0x50
 870 0463 07       		.uleb128 0x7
 871 0464 53415200 		.ascii	"SAR\000"
 872 0468 08       		.byte	0x8
 873 0469 9C       		.byte	0x9c
 874 046a D7040000 		.4byte	0x4d7
 875 046e 60       		.byte	0x60
 876 046f 06       		.uleb128 0x6
 877 0470 B7030000 		.4byte	.LASF67
 878 0474 08       		.byte	0x8
 879 0475 9D       		.byte	0x9d
 880 0476 DC040000 		.4byte	0x4dc
 881 047a 74       		.byte	0x74
 882 047b 06       		.uleb128 0x6
 883 047c 61040000 		.4byte	.LASF68
 884 0480 08       		.byte	0x8
 885 0481 9E       		.byte	0x9e
 886 0482 6C030000 		.4byte	0x36c
 887 0486 88       		.byte	0x88
 888 0487 00       		.byte	0
 889 0488 0C       		.uleb128 0xc
 890 0489 6C030000 		.4byte	0x36c
 891 048d 98040000 		.4byte	0x498
 892 0491 0D       		.uleb128 0xd
 893 0492 7C030000 		.4byte	0x37c
 894 0496 02       		.byte	0x2
 895 0497 00       		.byte	0
 896 0498 0B       		.uleb128 0xb
 897 0499 88040000 		.4byte	0x488
 898 049d 0C       		.uleb128 0xc
 899 049e 6C030000 		.4byte	0x36c
 900 04a2 AD040000 		.4byte	0x4ad
 901 04a6 0D       		.uleb128 0xd
 902 04a7 7C030000 		.4byte	0x37c
 903 04ab 01       		.byte	0x1
 904 04ac 00       		.byte	0
 905 04ad 0B       		.uleb128 0xb
 906 04ae 9D040000 		.4byte	0x49d
 907 04b2 0C       		.uleb128 0xc
 908 04b3 6C030000 		.4byte	0x36c
 909 04b7 C2040000 		.4byte	0x4c2
 910 04bb 0D       		.uleb128 0xd
 911 04bc 7C030000 		.4byte	0x37c
 912 04c0 03       		.byte	0x3
ARM GAS  /tmp/cc4l8zsb.s 			page 17


 913 04c1 00       		.byte	0
 914 04c2 0B       		.uleb128 0xb
 915 04c3 B2040000 		.4byte	0x4b2
 916 04c7 0C       		.uleb128 0xc
 917 04c8 6C030000 		.4byte	0x36c
 918 04cc D7040000 		.4byte	0x4d7
 919 04d0 0D       		.uleb128 0xd
 920 04d1 7C030000 		.4byte	0x37c
 921 04d5 04       		.byte	0x4
 922 04d6 00       		.byte	0
 923 04d7 0B       		.uleb128 0xb
 924 04d8 C7040000 		.4byte	0x4c7
 925 04dc 0B       		.uleb128 0xb
 926 04dd C7040000 		.4byte	0x4c7
 927 04e1 04       		.uleb128 0x4
 928 04e2 17000000 		.4byte	.LASF69
 929 04e6 08       		.byte	0x8
 930 04e7 9F       		.byte	0x9f
 931 04e8 83030000 		.4byte	0x383
 932 04ec 0B       		.uleb128 0xb
 933 04ed 01010000 		.4byte	0x101
 934 04f1 08       		.uleb128 0x8
 935 04f2 1C       		.byte	0x1c
 936 04f3 09       		.byte	0x9
 937 04f4 5E       		.byte	0x5e
 938 04f5 42050000 		.4byte	0x542
 939 04f9 06       		.uleb128 0x6
 940 04fa AA030000 		.4byte	.LASF70
 941 04fe 09       		.byte	0x9
 942 04ff 5F       		.byte	0x5f
 943 0500 3B020000 		.4byte	0x23b
 944 0504 00       		.byte	0
 945 0505 06       		.uleb128 0x6
 946 0506 6A030000 		.4byte	.LASF71
 947 050a 09       		.byte	0x9
 948 050b 60       		.byte	0x60
 949 050c E0000000 		.4byte	0xe0
 950 0510 08       		.byte	0x8
 951 0511 06       		.uleb128 0x6
 952 0512 D2020000 		.4byte	.LASF72
 953 0516 09       		.byte	0x9
 954 0517 62       		.byte	0x62
 955 0518 4D030000 		.4byte	0x34d
 956 051c 0C       		.byte	0xc
 957 051d 06       		.uleb128 0x6
 958 051e B8010000 		.4byte	.LASF73
 959 0522 09       		.byte	0x9
 960 0523 65       		.byte	0x65
 961 0524 35020000 		.4byte	0x235
 962 0528 10       		.byte	0x10
 963 0529 06       		.uleb128 0x6
 964 052a F9020000 		.4byte	.LASF74
 965 052e 09       		.byte	0x9
 966 052f 66       		.byte	0x66
 967 0530 35020000 		.4byte	0x235
 968 0534 14       		.byte	0x14
 969 0535 06       		.uleb128 0x6
ARM GAS  /tmp/cc4l8zsb.s 			page 18


 970 0536 EF020000 		.4byte	.LASF75
 971 053a 09       		.byte	0x9
 972 053b 69       		.byte	0x69
 973 053c 35020000 		.4byte	0x235
 974 0540 18       		.byte	0x18
 975 0541 00       		.byte	0
 976 0542 04       		.uleb128 0x4
 977 0543 36040000 		.4byte	.LASF76
 978 0547 09       		.byte	0x9
 979 0548 6B       		.byte	0x6b
 980 0549 F1040000 		.4byte	0x4f1
 981 054d 05       		.uleb128 0x5
 982 054e B6020000 		.4byte	.LASF77
 983 0552 10       		.byte	0x10
 984 0553 0A       		.byte	0xa
 985 0554 2C       		.byte	0x2c
 986 0555 7E050000 		.4byte	0x57e
 987 0559 06       		.uleb128 0x6
 988 055a 99000000 		.4byte	.LASF78
 989 055e 0A       		.byte	0xa
 990 055f 2D       		.byte	0x2d
 991 0560 3B020000 		.4byte	0x23b
 992 0564 00       		.byte	0
 993 0565 06       		.uleb128 0x6
 994 0566 6C040000 		.4byte	.LASF79
 995 056a 0A       		.byte	0xa
 996 056b 2F       		.byte	0x2f
 997 056c 35020000 		.4byte	0x235
 998 0570 08       		.byte	0x8
 999 0571 06       		.uleb128 0x6
 1000 0572 CC030000 		.4byte	.LASF80
 1001 0576 0A       		.byte	0xa
 1002 0577 31       		.byte	0x31
 1003 0578 7E050000 		.4byte	0x57e
 1004 057c 0C       		.byte	0xc
 1005 057d 00       		.byte	0
 1006 057e 09       		.uleb128 0x9
 1007 057f 04       		.byte	0x4
 1008 0580 4D050000 		.4byte	0x54d
 1009 0584 04       		.uleb128 0x4
 1010 0585 B6020000 		.4byte	.LASF77
 1011 0589 0A       		.byte	0xa
 1012 058a 33       		.byte	0x33
 1013 058b 4D050000 		.4byte	0x54d
 1014 058f 0E       		.uleb128 0xe
 1015 0590 04       		.byte	0x4
 1016 0591 06       		.byte	0x6
 1017 0592 96       		.byte	0x96
 1018 0593 C4050000 		.4byte	0x5c4
 1019 0597 0F       		.uleb128 0xf
 1020 0598 06000000 		.4byte	.LASF81
 1021 059c 06       		.byte	0x6
 1022 059d 9D       		.byte	0x9d
 1023 059e EB000000 		.4byte	0xeb
 1024 05a2 0F       		.uleb128 0xf
 1025 05a3 57000000 		.4byte	.LASF82
 1026 05a7 06       		.byte	0x6
ARM GAS  /tmp/cc4l8zsb.s 			page 19


 1027 05a8 A4       		.byte	0xa4
 1028 05a9 EB000000 		.4byte	0xeb
 1029 05ad 0F       		.uleb128 0xf
 1030 05ae 53040000 		.4byte	.LASF83
 1031 05b2 06       		.byte	0x6
 1032 05b3 AB       		.byte	0xab
 1033 05b4 71020000 		.4byte	0x271
 1034 05b8 0F       		.uleb128 0xf
 1035 05b9 71030000 		.4byte	.LASF84
 1036 05bd 06       		.byte	0x6
 1037 05be B2       		.byte	0xb2
 1038 05bf F6000000 		.4byte	0xf6
 1039 05c3 00       		.byte	0
 1040 05c4 09       		.uleb128 0x9
 1041 05c5 04       		.byte	0x4
 1042 05c6 CA050000 		.4byte	0x5ca
 1043 05ca 10       		.uleb128 0x10
 1044 05cb CF050000 		.4byte	0x5cf
 1045 05cf 03       		.uleb128 0x3
 1046 05d0 01       		.byte	0x1
 1047 05d1 08       		.byte	0x8
 1048 05d2 BF030000 		.4byte	.LASF85
 1049 05d6 09       		.uleb128 0x9
 1050 05d7 04       		.byte	0x4
 1051 05d8 84050000 		.4byte	0x584
 1052 05dc 11       		.uleb128 0x11
 1053 05dd 71010000 		.4byte	.LASF86
 1054 05e1 01       		.byte	0x1
 1055 05e2 8D       		.byte	0x8d
 1056 05e3 00000000 		.4byte	.LFB10
 1057 05e7 14000000 		.4byte	.LFE10-.LFB10
 1058 05eb 01       		.uleb128 0x1
 1059 05ec 9C       		.byte	0x9c
 1060 05ed FB050000 		.4byte	0x5fb
 1061 05f1 12       		.uleb128 0x12
 1062 05f2 04000000 		.4byte	.LVL0
 1063 05f6 FA060000 		.4byte	0x6fa
 1064 05fa 00       		.byte	0
 1065 05fb 11       		.uleb128 0x11
 1066 05fc 6D000000 		.4byte	.LASF87
 1067 0600 01       		.byte	0x1
 1068 0601 40       		.byte	0x40
 1069 0602 00000000 		.4byte	.LFB8
 1070 0606 0E000000 		.4byte	.LFE8-.LFB8
 1071 060a 01       		.uleb128 0x1
 1072 060b 9C       		.byte	0x9c
 1073 060c 20060000 		.4byte	0x620
 1074 0610 13       		.uleb128 0x13
 1075 0611 09030000 		.4byte	.LASF89
 1076 0615 01       		.byte	0x1
 1077 0616 41       		.byte	0x41
 1078 0617 20060000 		.4byte	0x620
 1079 061b 00000000 		.4byte	.LLST0
 1080 061f 00       		.byte	0
 1081 0620 09       		.uleb128 0x9
 1082 0621 04       		.byte	0x4
 1083 0622 73020000 		.4byte	0x273
ARM GAS  /tmp/cc4l8zsb.s 			page 20


 1084 0626 11       		.uleb128 0x11
 1085 0627 C6010000 		.4byte	.LASF88
 1086 062b 01       		.byte	0x1
 1087 062c 66       		.byte	0x66
 1088 062d 00000000 		.4byte	.LFB9
 1089 0631 64000000 		.4byte	.LFE9-.LFB9
 1090 0635 01       		.uleb128 0x1
 1091 0636 9C       		.byte	0x9c
 1092 0637 63060000 		.4byte	0x663
 1093 063b 14       		.uleb128 0x14
 1094 063c 6C7200   		.ascii	"lr\000"
 1095 063f 01       		.byte	0x1
 1096 0640 66       		.byte	0x66
 1097 0641 66020000 		.4byte	0x266
 1098 0645 20000000 		.4byte	.LLST1
 1099 0649 15       		.uleb128 0x15
 1100 064a 04000000 		.4byte	.LBB2
 1101 064e 50000000 		.4byte	.LBE2-.LBB2
 1102 0652 13       		.uleb128 0x13
 1103 0653 09030000 		.4byte	.LASF89
 1104 0657 01       		.byte	0x1
 1105 0658 69       		.byte	0x69
 1106 0659 20060000 		.4byte	0x620
 1107 065d 33000000 		.4byte	.LLST2
 1108 0661 00       		.byte	0
 1109 0662 00       		.byte	0
 1110 0663 11       		.uleb128 0x11
 1111 0664 32000000 		.4byte	.LASF90
 1112 0668 01       		.byte	0x1
 1113 0669 2F       		.byte	0x2f
 1114 066a 00000000 		.4byte	.LFB7
 1115 066e 14000000 		.4byte	.LFE7-.LFB7
 1116 0672 01       		.uleb128 0x1
 1117 0673 9C       		.byte	0x9c
 1118 0674 A1060000 		.4byte	0x6a1
 1119 0678 13       		.uleb128 0x13
 1120 0679 E5020000 		.4byte	.LASF91
 1121 067d 01       		.byte	0x1
 1122 067e 31       		.byte	0x31
 1123 067f 66020000 		.4byte	0x266
 1124 0683 83000000 		.4byte	.LLST3
 1125 0687 12       		.uleb128 0x12
 1126 0688 0A000000 		.4byte	.LVL13
 1127 068c 01070000 		.4byte	0x701
 1128 0690 16       		.uleb128 0x16
 1129 0691 12000000 		.4byte	.LVL14
 1130 0695 26060000 		.4byte	0x626
 1131 0699 17       		.uleb128 0x17
 1132 069a 01       		.uleb128 0x1
 1133 069b 50       		.byte	0x50
 1134 069c 02       		.uleb128 0x2
 1135 069d 74       		.byte	0x74
 1136 069e 00       		.sleb128 0
 1137 069f 00       		.byte	0
 1138 06a0 00       		.byte	0
 1139 06a1 11       		.uleb128 0x11
 1140 06a2 4D010000 		.4byte	.LASF92
ARM GAS  /tmp/cc4l8zsb.s 			page 21


 1141 06a6 01       		.byte	0x1
 1142 06a7 AC       		.byte	0xac
 1143 06a8 00000000 		.4byte	.LFB11
 1144 06ac 20000000 		.4byte	.LFE11-.LFB11
 1145 06b0 01       		.uleb128 0x1
 1146 06b1 9C       		.byte	0x9c
 1147 06b2 DE060000 		.4byte	0x6de
 1148 06b6 18       		.uleb128 0x18
 1149 06b7 6E747000 		.ascii	"ntp\000"
 1150 06bb 01       		.byte	0x1
 1151 06bc AC       		.byte	0xac
 1152 06bd 35020000 		.4byte	0x235
 1153 06c1 01       		.uleb128 0x1
 1154 06c2 50       		.byte	0x50
 1155 06c3 18       		.uleb128 0x18
 1156 06c4 6F747000 		.ascii	"otp\000"
 1157 06c8 01       		.byte	0x1
 1158 06c9 AC       		.byte	0xac
 1159 06ca 35020000 		.4byte	0x235
 1160 06ce 01       		.uleb128 0x1
 1161 06cf 51       		.byte	0x51
 1162 06d0 19       		.uleb128 0x19
 1163 06d1 72313300 		.ascii	"r13\000"
 1164 06d5 01       		.byte	0x1
 1165 06d6 AD       		.byte	0xad
 1166 06d7 66030000 		.4byte	0x366
 1167 06db 01       		.uleb128 0x1
 1168 06dc 5D       		.byte	0x5d
 1169 06dd 00       		.byte	0
 1170 06de 1A       		.uleb128 0x1a
 1171 06df EC000000 		.4byte	.LASF98
 1172 06e3 01       		.byte	0x1
 1173 06e4 C6       		.byte	0xc6
 1174 06e5 00000000 		.4byte	.LFB12
 1175 06e9 0C000000 		.4byte	.LFE12-.LFB12
 1176 06ed 01       		.uleb128 0x1
 1177 06ee 9C       		.byte	0x9c
 1178 06ef 1B       		.uleb128 0x1b
 1179 06f0 45040000 		.4byte	.LASF99
 1180 06f4 09       		.byte	0x9
 1181 06f5 6F       		.byte	0x6f
 1182 06f6 42050000 		.4byte	0x542
 1183 06fa 1C       		.uleb128 0x1c
 1184 06fb 20010000 		.4byte	.LASF93
 1185 06ff 09       		.byte	0x9
 1186 0700 A8       		.byte	0xa8
 1187 0701 1C       		.uleb128 0x1c
 1188 0702 1F000000 		.4byte	.LASF94
 1189 0706 0B       		.byte	0xb
 1190 0707 F7       		.byte	0xf7
 1191 0708 00       		.byte	0
 1192              		.section	.debug_abbrev,"",%progbits
 1193              	.Ldebug_abbrev0:
 1194 0000 01       		.uleb128 0x1
 1195 0001 11       		.uleb128 0x11
 1196 0002 01       		.byte	0x1
 1197 0003 25       		.uleb128 0x25
ARM GAS  /tmp/cc4l8zsb.s 			page 22


 1198 0004 0E       		.uleb128 0xe
 1199 0005 13       		.uleb128 0x13
 1200 0006 0B       		.uleb128 0xb
 1201 0007 03       		.uleb128 0x3
 1202 0008 0E       		.uleb128 0xe
 1203 0009 1B       		.uleb128 0x1b
 1204 000a 0E       		.uleb128 0xe
 1205 000b 55       		.uleb128 0x55
 1206 000c 17       		.uleb128 0x17
 1207 000d 11       		.uleb128 0x11
 1208 000e 01       		.uleb128 0x1
 1209 000f 10       		.uleb128 0x10
 1210 0010 17       		.uleb128 0x17
 1211 0011 00       		.byte	0
 1212 0012 00       		.byte	0
 1213 0013 02       		.uleb128 0x2
 1214 0014 24       		.uleb128 0x24
 1215 0015 00       		.byte	0
 1216 0016 0B       		.uleb128 0xb
 1217 0017 0B       		.uleb128 0xb
 1218 0018 3E       		.uleb128 0x3e
 1219 0019 0B       		.uleb128 0xb
 1220 001a 03       		.uleb128 0x3
 1221 001b 08       		.uleb128 0x8
 1222 001c 00       		.byte	0
 1223 001d 00       		.byte	0
 1224 001e 03       		.uleb128 0x3
 1225 001f 24       		.uleb128 0x24
 1226 0020 00       		.byte	0
 1227 0021 0B       		.uleb128 0xb
 1228 0022 0B       		.uleb128 0xb
 1229 0023 3E       		.uleb128 0x3e
 1230 0024 0B       		.uleb128 0xb
 1231 0025 03       		.uleb128 0x3
 1232 0026 0E       		.uleb128 0xe
 1233 0027 00       		.byte	0
 1234 0028 00       		.byte	0
 1235 0029 04       		.uleb128 0x4
 1236 002a 16       		.uleb128 0x16
 1237 002b 00       		.byte	0
 1238 002c 03       		.uleb128 0x3
 1239 002d 0E       		.uleb128 0xe
 1240 002e 3A       		.uleb128 0x3a
 1241 002f 0B       		.uleb128 0xb
 1242 0030 3B       		.uleb128 0x3b
 1243 0031 0B       		.uleb128 0xb
 1244 0032 49       		.uleb128 0x49
 1245 0033 13       		.uleb128 0x13
 1246 0034 00       		.byte	0
 1247 0035 00       		.byte	0
 1248 0036 05       		.uleb128 0x5
 1249 0037 13       		.uleb128 0x13
 1250 0038 01       		.byte	0x1
 1251 0039 03       		.uleb128 0x3
 1252 003a 0E       		.uleb128 0xe
 1253 003b 0B       		.uleb128 0xb
 1254 003c 0B       		.uleb128 0xb
ARM GAS  /tmp/cc4l8zsb.s 			page 23


 1255 003d 3A       		.uleb128 0x3a
 1256 003e 0B       		.uleb128 0xb
 1257 003f 3B       		.uleb128 0x3b
 1258 0040 0B       		.uleb128 0xb
 1259 0041 01       		.uleb128 0x1
 1260 0042 13       		.uleb128 0x13
 1261 0043 00       		.byte	0
 1262 0044 00       		.byte	0
 1263 0045 06       		.uleb128 0x6
 1264 0046 0D       		.uleb128 0xd
 1265 0047 00       		.byte	0
 1266 0048 03       		.uleb128 0x3
 1267 0049 0E       		.uleb128 0xe
 1268 004a 3A       		.uleb128 0x3a
 1269 004b 0B       		.uleb128 0xb
 1270 004c 3B       		.uleb128 0x3b
 1271 004d 0B       		.uleb128 0xb
 1272 004e 49       		.uleb128 0x49
 1273 004f 13       		.uleb128 0x13
 1274 0050 38       		.uleb128 0x38
 1275 0051 0B       		.uleb128 0xb
 1276 0052 00       		.byte	0
 1277 0053 00       		.byte	0
 1278 0054 07       		.uleb128 0x7
 1279 0055 0D       		.uleb128 0xd
 1280 0056 00       		.byte	0
 1281 0057 03       		.uleb128 0x3
 1282 0058 08       		.uleb128 0x8
 1283 0059 3A       		.uleb128 0x3a
 1284 005a 0B       		.uleb128 0xb
 1285 005b 3B       		.uleb128 0x3b
 1286 005c 0B       		.uleb128 0xb
 1287 005d 49       		.uleb128 0x49
 1288 005e 13       		.uleb128 0x13
 1289 005f 38       		.uleb128 0x38
 1290 0060 0B       		.uleb128 0xb
 1291 0061 00       		.byte	0
 1292 0062 00       		.byte	0
 1293 0063 08       		.uleb128 0x8
 1294 0064 13       		.uleb128 0x13
 1295 0065 01       		.byte	0x1
 1296 0066 0B       		.uleb128 0xb
 1297 0067 0B       		.uleb128 0xb
 1298 0068 3A       		.uleb128 0x3a
 1299 0069 0B       		.uleb128 0xb
 1300 006a 3B       		.uleb128 0x3b
 1301 006b 0B       		.uleb128 0xb
 1302 006c 01       		.uleb128 0x1
 1303 006d 13       		.uleb128 0x13
 1304 006e 00       		.byte	0
 1305 006f 00       		.byte	0
 1306 0070 09       		.uleb128 0x9
 1307 0071 0F       		.uleb128 0xf
 1308 0072 00       		.byte	0
 1309 0073 0B       		.uleb128 0xb
 1310 0074 0B       		.uleb128 0xb
 1311 0075 49       		.uleb128 0x49
ARM GAS  /tmp/cc4l8zsb.s 			page 24


 1312 0076 13       		.uleb128 0x13
 1313 0077 00       		.byte	0
 1314 0078 00       		.byte	0
 1315 0079 0A       		.uleb128 0xa
 1316 007a 0F       		.uleb128 0xf
 1317 007b 00       		.byte	0
 1318 007c 0B       		.uleb128 0xb
 1319 007d 0B       		.uleb128 0xb
 1320 007e 00       		.byte	0
 1321 007f 00       		.byte	0
 1322 0080 0B       		.uleb128 0xb
 1323 0081 35       		.uleb128 0x35
 1324 0082 00       		.byte	0
 1325 0083 49       		.uleb128 0x49
 1326 0084 13       		.uleb128 0x13
 1327 0085 00       		.byte	0
 1328 0086 00       		.byte	0
 1329 0087 0C       		.uleb128 0xc
 1330 0088 01       		.uleb128 0x1
 1331 0089 01       		.byte	0x1
 1332 008a 49       		.uleb128 0x49
 1333 008b 13       		.uleb128 0x13
 1334 008c 01       		.uleb128 0x1
 1335 008d 13       		.uleb128 0x13
 1336 008e 00       		.byte	0
 1337 008f 00       		.byte	0
 1338 0090 0D       		.uleb128 0xd
 1339 0091 21       		.uleb128 0x21
 1340 0092 00       		.byte	0
 1341 0093 49       		.uleb128 0x49
 1342 0094 13       		.uleb128 0x13
 1343 0095 2F       		.uleb128 0x2f
 1344 0096 0B       		.uleb128 0xb
 1345 0097 00       		.byte	0
 1346 0098 00       		.byte	0
 1347 0099 0E       		.uleb128 0xe
 1348 009a 17       		.uleb128 0x17
 1349 009b 01       		.byte	0x1
 1350 009c 0B       		.uleb128 0xb
 1351 009d 0B       		.uleb128 0xb
 1352 009e 3A       		.uleb128 0x3a
 1353 009f 0B       		.uleb128 0xb
 1354 00a0 3B       		.uleb128 0x3b
 1355 00a1 0B       		.uleb128 0xb
 1356 00a2 01       		.uleb128 0x1
 1357 00a3 13       		.uleb128 0x13
 1358 00a4 00       		.byte	0
 1359 00a5 00       		.byte	0
 1360 00a6 0F       		.uleb128 0xf
 1361 00a7 0D       		.uleb128 0xd
 1362 00a8 00       		.byte	0
 1363 00a9 03       		.uleb128 0x3
 1364 00aa 0E       		.uleb128 0xe
 1365 00ab 3A       		.uleb128 0x3a
 1366 00ac 0B       		.uleb128 0xb
 1367 00ad 3B       		.uleb128 0x3b
 1368 00ae 0B       		.uleb128 0xb
ARM GAS  /tmp/cc4l8zsb.s 			page 25


 1369 00af 49       		.uleb128 0x49
 1370 00b0 13       		.uleb128 0x13
 1371 00b1 00       		.byte	0
 1372 00b2 00       		.byte	0
 1373 00b3 10       		.uleb128 0x10
 1374 00b4 26       		.uleb128 0x26
 1375 00b5 00       		.byte	0
 1376 00b6 49       		.uleb128 0x49
 1377 00b7 13       		.uleb128 0x13
 1378 00b8 00       		.byte	0
 1379 00b9 00       		.byte	0
 1380 00ba 11       		.uleb128 0x11
 1381 00bb 2E       		.uleb128 0x2e
 1382 00bc 01       		.byte	0x1
 1383 00bd 3F       		.uleb128 0x3f
 1384 00be 19       		.uleb128 0x19
 1385 00bf 03       		.uleb128 0x3
 1386 00c0 0E       		.uleb128 0xe
 1387 00c1 3A       		.uleb128 0x3a
 1388 00c2 0B       		.uleb128 0xb
 1389 00c3 3B       		.uleb128 0x3b
 1390 00c4 0B       		.uleb128 0xb
 1391 00c5 27       		.uleb128 0x27
 1392 00c6 19       		.uleb128 0x19
 1393 00c7 11       		.uleb128 0x11
 1394 00c8 01       		.uleb128 0x1
 1395 00c9 12       		.uleb128 0x12
 1396 00ca 06       		.uleb128 0x6
 1397 00cb 40       		.uleb128 0x40
 1398 00cc 18       		.uleb128 0x18
 1399 00cd 9742     		.uleb128 0x2117
 1400 00cf 19       		.uleb128 0x19
 1401 00d0 01       		.uleb128 0x1
 1402 00d1 13       		.uleb128 0x13
 1403 00d2 00       		.byte	0
 1404 00d3 00       		.byte	0
 1405 00d4 12       		.uleb128 0x12
 1406 00d5 898201   		.uleb128 0x4109
 1407 00d8 00       		.byte	0
 1408 00d9 11       		.uleb128 0x11
 1409 00da 01       		.uleb128 0x1
 1410 00db 31       		.uleb128 0x31
 1411 00dc 13       		.uleb128 0x13
 1412 00dd 00       		.byte	0
 1413 00de 00       		.byte	0
 1414 00df 13       		.uleb128 0x13
 1415 00e0 34       		.uleb128 0x34
 1416 00e1 00       		.byte	0
 1417 00e2 03       		.uleb128 0x3
 1418 00e3 0E       		.uleb128 0xe
 1419 00e4 3A       		.uleb128 0x3a
 1420 00e5 0B       		.uleb128 0xb
 1421 00e6 3B       		.uleb128 0x3b
 1422 00e7 0B       		.uleb128 0xb
 1423 00e8 49       		.uleb128 0x49
 1424 00e9 13       		.uleb128 0x13
 1425 00ea 02       		.uleb128 0x2
ARM GAS  /tmp/cc4l8zsb.s 			page 26


 1426 00eb 17       		.uleb128 0x17
 1427 00ec 00       		.byte	0
 1428 00ed 00       		.byte	0
 1429 00ee 14       		.uleb128 0x14
 1430 00ef 05       		.uleb128 0x5
 1431 00f0 00       		.byte	0
 1432 00f1 03       		.uleb128 0x3
 1433 00f2 08       		.uleb128 0x8
 1434 00f3 3A       		.uleb128 0x3a
 1435 00f4 0B       		.uleb128 0xb
 1436 00f5 3B       		.uleb128 0x3b
 1437 00f6 0B       		.uleb128 0xb
 1438 00f7 49       		.uleb128 0x49
 1439 00f8 13       		.uleb128 0x13
 1440 00f9 02       		.uleb128 0x2
 1441 00fa 17       		.uleb128 0x17
 1442 00fb 00       		.byte	0
 1443 00fc 00       		.byte	0
 1444 00fd 15       		.uleb128 0x15
 1445 00fe 0B       		.uleb128 0xb
 1446 00ff 01       		.byte	0x1
 1447 0100 11       		.uleb128 0x11
 1448 0101 01       		.uleb128 0x1
 1449 0102 12       		.uleb128 0x12
 1450 0103 06       		.uleb128 0x6
 1451 0104 00       		.byte	0
 1452 0105 00       		.byte	0
 1453 0106 16       		.uleb128 0x16
 1454 0107 898201   		.uleb128 0x4109
 1455 010a 01       		.byte	0x1
 1456 010b 11       		.uleb128 0x11
 1457 010c 01       		.uleb128 0x1
 1458 010d 31       		.uleb128 0x31
 1459 010e 13       		.uleb128 0x13
 1460 010f 00       		.byte	0
 1461 0110 00       		.byte	0
 1462 0111 17       		.uleb128 0x17
 1463 0112 8A8201   		.uleb128 0x410a
 1464 0115 00       		.byte	0
 1465 0116 02       		.uleb128 0x2
 1466 0117 18       		.uleb128 0x18
 1467 0118 9142     		.uleb128 0x2111
 1468 011a 18       		.uleb128 0x18
 1469 011b 00       		.byte	0
 1470 011c 00       		.byte	0
 1471 011d 18       		.uleb128 0x18
 1472 011e 05       		.uleb128 0x5
 1473 011f 00       		.byte	0
 1474 0120 03       		.uleb128 0x3
 1475 0121 08       		.uleb128 0x8
 1476 0122 3A       		.uleb128 0x3a
 1477 0123 0B       		.uleb128 0xb
 1478 0124 3B       		.uleb128 0x3b
 1479 0125 0B       		.uleb128 0xb
 1480 0126 49       		.uleb128 0x49
 1481 0127 13       		.uleb128 0x13
 1482 0128 02       		.uleb128 0x2
ARM GAS  /tmp/cc4l8zsb.s 			page 27


 1483 0129 18       		.uleb128 0x18
 1484 012a 00       		.byte	0
 1485 012b 00       		.byte	0
 1486 012c 19       		.uleb128 0x19
 1487 012d 34       		.uleb128 0x34
 1488 012e 00       		.byte	0
 1489 012f 03       		.uleb128 0x3
 1490 0130 08       		.uleb128 0x8
 1491 0131 3A       		.uleb128 0x3a
 1492 0132 0B       		.uleb128 0xb
 1493 0133 3B       		.uleb128 0x3b
 1494 0134 0B       		.uleb128 0xb
 1495 0135 49       		.uleb128 0x49
 1496 0136 13       		.uleb128 0x13
 1497 0137 02       		.uleb128 0x2
 1498 0138 18       		.uleb128 0x18
 1499 0139 00       		.byte	0
 1500 013a 00       		.byte	0
 1501 013b 1A       		.uleb128 0x1a
 1502 013c 2E       		.uleb128 0x2e
 1503 013d 00       		.byte	0
 1504 013e 3F       		.uleb128 0x3f
 1505 013f 19       		.uleb128 0x19
 1506 0140 03       		.uleb128 0x3
 1507 0141 0E       		.uleb128 0xe
 1508 0142 3A       		.uleb128 0x3a
 1509 0143 0B       		.uleb128 0xb
 1510 0144 3B       		.uleb128 0x3b
 1511 0145 0B       		.uleb128 0xb
 1512 0146 27       		.uleb128 0x27
 1513 0147 19       		.uleb128 0x19
 1514 0148 11       		.uleb128 0x11
 1515 0149 01       		.uleb128 0x1
 1516 014a 12       		.uleb128 0x12
 1517 014b 06       		.uleb128 0x6
 1518 014c 40       		.uleb128 0x40
 1519 014d 18       		.uleb128 0x18
 1520 014e 9742     		.uleb128 0x2117
 1521 0150 19       		.uleb128 0x19
 1522 0151 00       		.byte	0
 1523 0152 00       		.byte	0
 1524 0153 1B       		.uleb128 0x1b
 1525 0154 34       		.uleb128 0x34
 1526 0155 00       		.byte	0
 1527 0156 03       		.uleb128 0x3
 1528 0157 0E       		.uleb128 0xe
 1529 0158 3A       		.uleb128 0x3a
 1530 0159 0B       		.uleb128 0xb
 1531 015a 3B       		.uleb128 0x3b
 1532 015b 0B       		.uleb128 0xb
 1533 015c 49       		.uleb128 0x49
 1534 015d 13       		.uleb128 0x13
 1535 015e 3F       		.uleb128 0x3f
 1536 015f 19       		.uleb128 0x19
 1537 0160 3C       		.uleb128 0x3c
 1538 0161 19       		.uleb128 0x19
 1539 0162 00       		.byte	0
ARM GAS  /tmp/cc4l8zsb.s 			page 28


 1540 0163 00       		.byte	0
 1541 0164 1C       		.uleb128 0x1c
 1542 0165 2E       		.uleb128 0x2e
 1543 0166 00       		.byte	0
 1544 0167 3F       		.uleb128 0x3f
 1545 0168 19       		.uleb128 0x19
 1546 0169 03       		.uleb128 0x3
 1547 016a 0E       		.uleb128 0xe
 1548 016b 3A       		.uleb128 0x3a
 1549 016c 0B       		.uleb128 0xb
 1550 016d 3B       		.uleb128 0x3b
 1551 016e 0B       		.uleb128 0xb
 1552 016f 27       		.uleb128 0x27
 1553 0170 19       		.uleb128 0x19
 1554 0171 3C       		.uleb128 0x3c
 1555 0172 19       		.uleb128 0x19
 1556 0173 00       		.byte	0
 1557 0174 00       		.byte	0
 1558 0175 00       		.byte	0
 1559              		.section	.debug_loc,"",%progbits
 1560              	.Ldebug_loc0:
 1561              	.LLST0:
 1562 0000 04000000 		.4byte	.LVL1
 1563 0004 06000000 		.4byte	.LVL2
 1564 0008 0300     		.2byte	0x3
 1565 000a 73       		.byte	0x73
 1566 000b 20       		.sleb128 32
 1567 000c 9F       		.byte	0x9f
 1568 000d 06000000 		.4byte	.LVL2
 1569 0011 0E000000 		.4byte	.LFE8
 1570 0015 0100     		.2byte	0x1
 1571 0017 53       		.byte	0x53
 1572 0018 00000000 		.4byte	0
 1573 001c 00000000 		.4byte	0
 1574              	.LLST1:
 1575 0020 00000000 		.4byte	.LVL3
 1576 0024 04000000 		.4byte	.LVL4
 1577 0028 0100     		.2byte	0x1
 1578 002a 50       		.byte	0x50
 1579 002b 00000000 		.4byte	0
 1580 002f 00000000 		.4byte	0
 1581              	.LLST2:
 1582 0033 0A000000 		.4byte	.LVL5
 1583 0037 0E000000 		.4byte	.LVL6
 1584 003b 0300     		.2byte	0x3
 1585 003d 73       		.byte	0x73
 1586 003e 60       		.sleb128 -32
 1587 003f 9F       		.byte	0x9f
 1588 0040 0E000000 		.4byte	.LVL6
 1589 0044 1A000000 		.4byte	.LVL7
 1590 0048 0100     		.2byte	0x1
 1591 004a 52       		.byte	0x52
 1592 004b 1A000000 		.4byte	.LVL7
 1593 004f 48000000 		.4byte	.LVL8
 1594 0053 0300     		.2byte	0x3
 1595 0055 73       		.byte	0x73
 1596 0056 60       		.sleb128 -32
ARM GAS  /tmp/cc4l8zsb.s 			page 29


 1597 0057 9F       		.byte	0x9f
 1598 0058 48000000 		.4byte	.LVL8
 1599 005c 4E000000 		.4byte	.LVL9
 1600 0060 0100     		.2byte	0x1
 1601 0062 53       		.byte	0x53
 1602 0063 4E000000 		.4byte	.LVL9
 1603 0067 50000000 		.4byte	.LVL10
 1604 006b 0300     		.2byte	0x3
 1605 006d 73       		.byte	0x73
 1606 006e 60       		.sleb128 -32
 1607 006f 9F       		.byte	0x9f
 1608 0070 50000000 		.4byte	.LVL10
 1609 0074 54000000 		.4byte	.LVL11
 1610 0078 0100     		.2byte	0x1
 1611 007a 53       		.byte	0x53
 1612 007b 00000000 		.4byte	0
 1613 007f 00000000 		.4byte	0
 1614              	.LLST3:
 1615 0083 04000000 		.4byte	.LVL12
 1616 0087 12000000 		.4byte	.LVL15
 1617 008b 0100     		.2byte	0x1
 1618 008d 54       		.byte	0x54
 1619 008e 00000000 		.4byte	0
 1620 0092 00000000 		.4byte	0
 1621              		.section	.debug_aranges,"",%progbits
 1622 0000 44000000 		.4byte	0x44
 1623 0004 0200     		.2byte	0x2
 1624 0006 00000000 		.4byte	.Ldebug_info0
 1625 000a 04       		.byte	0x4
 1626 000b 00       		.byte	0
 1627 000c 0000     		.2byte	0
 1628 000e 0000     		.2byte	0
 1629 0010 00000000 		.4byte	.LFB10
 1630 0014 14000000 		.4byte	.LFE10-.LFB10
 1631 0018 00000000 		.4byte	.LFB8
 1632 001c 0E000000 		.4byte	.LFE8-.LFB8
 1633 0020 00000000 		.4byte	.LFB9
 1634 0024 64000000 		.4byte	.LFE9-.LFB9
 1635 0028 00000000 		.4byte	.LFB7
 1636 002c 14000000 		.4byte	.LFE7-.LFB7
 1637 0030 00000000 		.4byte	.LFB11
 1638 0034 20000000 		.4byte	.LFE11-.LFB11
 1639 0038 00000000 		.4byte	.LFB12
 1640 003c 0C000000 		.4byte	.LFE12-.LFB12
 1641 0040 00000000 		.4byte	0
 1642 0044 00000000 		.4byte	0
 1643              		.section	.debug_ranges,"",%progbits
 1644              	.Ldebug_ranges0:
 1645 0000 00000000 		.4byte	.LFB10
 1646 0004 14000000 		.4byte	.LFE10
 1647 0008 00000000 		.4byte	.LFB8
 1648 000c 0E000000 		.4byte	.LFE8
 1649 0010 00000000 		.4byte	.LFB9
 1650 0014 64000000 		.4byte	.LFE9
 1651 0018 00000000 		.4byte	.LFB7
 1652 001c 14000000 		.4byte	.LFE7
 1653 0020 00000000 		.4byte	.LFB11
ARM GAS  /tmp/cc4l8zsb.s 			page 30


 1654 0024 20000000 		.4byte	.LFE11
 1655 0028 00000000 		.4byte	.LFB12
 1656 002c 0C000000 		.4byte	.LFE12
 1657 0030 00000000 		.4byte	0
 1658 0034 00000000 		.4byte	0
 1659              		.section	.debug_line,"",%progbits
 1660              	.Ldebug_line0:
 1661 0000 2D020000 		.section	.debug_str,"MS",%progbits,1
 1661      02009801 
 1661      00000201 
 1661      FB0E0D00 
 1661      01010101 
 1662              	.LASF39:
 1663 0000 705F6D73 		.ascii	"p_msg\000"
 1663      6700
 1664              	.LASF81:
 1665 0006 7264796D 		.ascii	"rdymsg\000"
 1665      736700
 1666              	.LASF5:
 1667 000d 5F5F7569 		.ascii	"__uint8_t\000"
 1667      6E74385F 
 1667      7400
 1668              	.LASF69:
 1669 0017 434D785F 		.ascii	"CMx_SCB\000"
 1669      53434200 
 1670              	.LASF94:
 1671 001f 63685379 		.ascii	"chSysTimerHandlerI\000"
 1671      7354696D 
 1671      65724861 
 1671      6E646C65 
 1671      724900
 1672              	.LASF90:
 1673 0032 53797354 		.ascii	"SysTickVector\000"
 1673      69636B56 
 1673      6563746F 
 1673      7200
 1674              	.LASF11:
 1675 0040 6C6F6E67 		.ascii	"long long unsigned int\000"
 1675      206C6F6E 
 1675      6720756E 
 1675      7369676E 
 1675      65642069 
 1676              	.LASF82:
 1677 0057 65786974 		.ascii	"exitcode\000"
 1677      636F6465 
 1677      00
 1678              	.LASF54:
 1679 0060 43505549 		.ascii	"CPUID\000"
 1679      4400
 1680              	.LASF27:
 1681 0066 705F7072 		.ascii	"p_prio\000"
 1681      696F00
 1682              	.LASF87:
 1683 006d 4E4D4956 		.ascii	"NMIVector\000"
 1683      6563746F 
 1683      7200
 1684              	.LASF10:
ARM GAS  /tmp/cc4l8zsb.s 			page 31


 1685 0077 6C6F6E67 		.ascii	"long long int\000"
 1685      206C6F6E 
 1685      6720696E 
 1685      7400
 1686              	.LASF1:
 1687 0085 7369676E 		.ascii	"signed char\000"
 1687      65642063 
 1687      68617200 
 1688              	.LASF43:
 1689 0091 705F6D70 		.ascii	"p_mpool\000"
 1689      6F6F6C00 
 1690              	.LASF78:
 1691 0099 6D5F7175 		.ascii	"m_queue\000"
 1691      65756500 
 1692              	.LASF19:
 1693 00a1 74736C69 		.ascii	"tslices_t\000"
 1693      6365735F 
 1693      7400
 1694              	.LASF7:
 1695 00ab 6C6F6E67 		.ascii	"long int\000"
 1695      20696E74 
 1695      00
 1696              	.LASF96:
 1697 00b4 43686962 		.ascii	"ChibiOS_2.6.5/os/ports/GCC/ARMCMx/chcore_v6m.c\000"
 1697      694F535F 
 1697      322E362E 
 1697      352F6F73 
 1697      2F706F72 
 1698              	.LASF17:
 1699 00e3 74737461 		.ascii	"tstate_t\000"
 1699      74655F74 
 1699      00
 1700              	.LASF98:
 1701 00ec 5F706F72 		.ascii	"_port_thread_start\000"
 1701      745F7468 
 1701      72656164 
 1701      5F737461 
 1701      727400
 1702              	.LASF29:
 1703 00ff 705F6E65 		.ascii	"p_newer\000"
 1703      77657200 
 1704              	.LASF64:
 1705 0107 42464152 		.ascii	"BFAR\000"
 1705      00
 1706              	.LASF8:
 1707 010c 5F5F7569 		.ascii	"__uint32_t\000"
 1707      6E743332 
 1707      5F7400
 1708              	.LASF46:
 1709 0117 72656761 		.ascii	"regarm_t\000"
 1709      726D5F74 
 1709      00
 1710              	.LASF93:
 1711 0120 63685363 		.ascii	"chSchDoReschedule\000"
 1711      68446F52 
 1711      65736368 
 1711      6564756C 
ARM GAS  /tmp/cc4l8zsb.s 			page 32


 1711      6500
 1712              	.LASF0:
 1713 0132 756E7369 		.ascii	"unsigned int\000"
 1713      676E6564 
 1713      20696E74 
 1713      00
 1714              	.LASF48:
 1715 013f 6C725F74 		.ascii	"lr_thd\000"
 1715      686400
 1716              	.LASF47:
 1717 0146 65787463 		.ascii	"extctx\000"
 1717      747800
 1718              	.LASF92:
 1719 014d 5F706F72 		.ascii	"_port_switch\000"
 1719      745F7377 
 1719      69746368 
 1719      00
 1720              	.LASF9:
 1721 015a 6C6F6E67 		.ascii	"long unsigned int\000"
 1721      20756E73 
 1721      69676E65 
 1721      6420696E 
 1721      7400
 1722              	.LASF56:
 1723 016c 56544F52 		.ascii	"VTOR\000"
 1723      00
 1724              	.LASF86:
 1725 0171 5F706F72 		.ascii	"_port_switch_from_isr\000"
 1725      745F7377 
 1725      69746368 
 1725      5F66726F 
 1725      6D5F6973 
 1726              	.LASF51:
 1727 0187 636F6E74 		.ascii	"context\000"
 1727      65787400 
 1728              	.LASF4:
 1729 018f 73686F72 		.ascii	"short unsigned int\000"
 1729      7420756E 
 1729      7369676E 
 1729      65642069 
 1729      6E7400
 1730              	.LASF55:
 1731 01a2 49435352 		.ascii	"ICSR\000"
 1731      00
 1732              	.LASF21:
 1733 01a7 6D73675F 		.ascii	"msg_t\000"
 1733      7400
 1734              	.LASF57:
 1735 01ad 41495243 		.ascii	"AIRCR\000"
 1735      5200
 1736              	.LASF62:
 1737 01b3 44465352 		.ascii	"DFSR\000"
 1737      00
 1738              	.LASF73:
 1739 01b8 725F6E65 		.ascii	"r_newer\000"
 1739      77657200 
 1740              	.LASF63:
ARM GAS  /tmp/cc4l8zsb.s 			page 33


 1741 01c0 4D4D4641 		.ascii	"MMFAR\000"
 1741      5200
 1742              	.LASF88:
 1743 01c6 5F706F72 		.ascii	"_port_irq_epilogue\000"
 1743      745F6972 
 1743      715F6570 
 1743      696C6F67 
 1743      756500
 1744              	.LASF95:
 1745 01d9 474E5520 		.ascii	"GNU C 4.8.4 20140526 (release) [ARM/embedded-4_8-br"
 1745      4320342E 
 1745      382E3420 
 1745      32303134 
 1745      30353236 
 1746 020c 616E6368 		.ascii	"anch revision 211358] -mcpu=cortex-m0 -mno-thumb-in"
 1746      20726576 
 1746      6973696F 
 1746      6E203231 
 1746      31333538 
 1747 023f 74657277 		.ascii	"terwork -mthumb -ggdb -O1 -fomit-frame-pointer -ffu"
 1747      6F726B20 
 1747      2D6D7468 
 1747      756D6220 
 1747      2D676764 
 1748 0272 6E637469 		.ascii	"nction-sections -fdata-sections -fno-common\000"
 1748      6F6E2D73 
 1748      65637469 
 1748      6F6E7320 
 1748      2D666461 
 1749              	.LASF45:
 1750 029e 54687265 		.ascii	"ThreadsList\000"
 1750      6164734C 
 1750      69737400 
 1751              	.LASF22:
 1752 02aa 6576656E 		.ascii	"eventmask_t\000"
 1752      746D6173 
 1752      6B5F7400 
 1753              	.LASF77:
 1754 02b6 4D757465 		.ascii	"Mutex\000"
 1754      7800
 1755              	.LASF53:
 1756 02bc 73697A65 		.ascii	"sizetype\000"
 1756      74797065 
 1756      00
 1757              	.LASF60:
 1758 02c5 43465352 		.ascii	"CFSR\000"
 1758      00
 1759              	.LASF30:
 1760 02ca 705F6F6C 		.ascii	"p_older\000"
 1760      64657200 
 1761              	.LASF72:
 1762 02d2 725F6374 		.ascii	"r_ctx\000"
 1762      7800
 1763              	.LASF44:
 1764 02d8 54687265 		.ascii	"ThreadsQueue\000"
 1764      61647351 
 1764      75657565 
ARM GAS  /tmp/cc4l8zsb.s 			page 34


 1764      00
 1765              	.LASF91:
 1766 02e5 5F736176 		.ascii	"_saved_lr\000"
 1766      65645F6C 
 1766      7200
 1767              	.LASF75:
 1768 02ef 725F6375 		.ascii	"r_current\000"
 1768      7272656E 
 1768      7400
 1769              	.LASF74:
 1770 02f9 725F6F6C 		.ascii	"r_older\000"
 1770      64657200 
 1771              	.LASF18:
 1772 0301 74726566 		.ascii	"trefs_t\000"
 1772      735F7400 
 1773              	.LASF89:
 1774 0309 63747870 		.ascii	"ctxp\000"
 1774      00
 1775              	.LASF26:
 1776 030e 705F7072 		.ascii	"p_prev\000"
 1776      657600
 1777              	.LASF20:
 1778 0315 74707269 		.ascii	"tprio_t\000"
 1778      6F5F7400 
 1779              	.LASF15:
 1780 031d 5F426F6F 		.ascii	"_Bool\000"
 1780      6C00
 1781              	.LASF13:
 1782 0323 696E7433 		.ascii	"int32_t\000"
 1782      325F7400 
 1783              	.LASF2:
 1784 032b 756E7369 		.ascii	"unsigned char\000"
 1784      676E6564 
 1784      20636861 
 1784      7200
 1785              	.LASF59:
 1786 0339 53484353 		.ascii	"SHCSR\000"
 1786      5200
 1787              	.LASF41:
 1788 033f 705F6D74 		.ascii	"p_mtxlist\000"
 1788      786C6973 
 1788      7400
 1789              	.LASF3:
 1790 0349 73686F72 		.ascii	"short int\000"
 1790      7420696E 
 1790      7400
 1791              	.LASF32:
 1792 0353 705F7374 		.ascii	"p_state\000"
 1792      61746500 
 1793              	.LASF35:
 1794 035b 705F7072 		.ascii	"p_preempt\000"
 1794      65656D70 
 1794      7400
 1795              	.LASF49:
 1796 0365 78707372 		.ascii	"xpsr\000"
 1796      00
 1797              	.LASF71:
ARM GAS  /tmp/cc4l8zsb.s 			page 35


 1798 036a 725F7072 		.ascii	"r_prio\000"
 1798      696F00
 1799              	.LASF84:
 1800 0371 65776D61 		.ascii	"ewmask\000"
 1800      736B00
 1801              	.LASF25:
 1802 0378 705F6E65 		.ascii	"p_next\000"
 1802      787400
 1803              	.LASF16:
 1804 037f 746D6F64 		.ascii	"tmode_t\000"
 1804      655F7400 
 1805              	.LASF33:
 1806 0387 705F666C 		.ascii	"p_flags\000"
 1806      61677300 
 1807              	.LASF24:
 1808 038f 54687265 		.ascii	"Thread\000"
 1808      616400
 1809              	.LASF40:
 1810 0396 705F6570 		.ascii	"p_epending\000"
 1810      656E6469 
 1810      6E6700
 1811              	.LASF14:
 1812 03a1 75696E74 		.ascii	"uint32_t\000"
 1812      33325F74 
 1812      00
 1813              	.LASF70:
 1814 03aa 725F7175 		.ascii	"r_queue\000"
 1814      65756500 
 1815              	.LASF65:
 1816 03b2 41465352 		.ascii	"AFSR\000"
 1816      00
 1817              	.LASF67:
 1818 03b7 756E7573 		.ascii	"unused1\000"
 1818      65643100 
 1819              	.LASF85:
 1820 03bf 63686172 		.ascii	"char\000"
 1820      00
 1821              	.LASF52:
 1822 03c4 494F5245 		.ascii	"IOREG32\000"
 1822      47333200 
 1823              	.LASF80:
 1824 03cc 6D5F6E65 		.ascii	"m_next\000"
 1824      787400
 1825              	.LASF23:
 1826 03d3 73797374 		.ascii	"systime_t\000"
 1826      696D655F 
 1826      7400
 1827              	.LASF42:
 1828 03dd 705F7265 		.ascii	"p_realprio\000"
 1828      616C7072 
 1828      696F00
 1829              	.LASF6:
 1830 03e8 5F5F696E 		.ascii	"__int32_t\000"
 1830      7433325F 
 1830      7400
 1831              	.LASF36:
 1832 03f2 705F7469 		.ascii	"p_time\000"
ARM GAS  /tmp/cc4l8zsb.s 			page 36


 1832      6D6500
 1833              	.LASF58:
 1834 03f9 53485052 		.ascii	"SHPR\000"
 1834      00
 1835              	.LASF97:
 1836 03fe 2F484444 		.ascii	"/HDD/GIT/variometer/Altimeter/\000"
 1836      2F474954 
 1836      2F766172 
 1836      696F6D65 
 1836      7465722F 
 1837              	.LASF50:
 1838 041d 696E7463 		.ascii	"intctx\000"
 1838      747800
 1839              	.LASF38:
 1840 0424 705F6D73 		.ascii	"p_msgqueue\000"
 1840      67717565 
 1840      756500
 1841              	.LASF34:
 1842 042f 705F7265 		.ascii	"p_refs\000"
 1842      667300
 1843              	.LASF76:
 1844 0436 52656164 		.ascii	"ReadyList\000"
 1844      794C6973 
 1844      7400
 1845              	.LASF66:
 1846 0440 4D4D4652 		.ascii	"MMFR\000"
 1846      00
 1847              	.LASF99:
 1848 0445 726C6973 		.ascii	"rlist\000"
 1848      7400
 1849              	.LASF12:
 1850 044b 75696E74 		.ascii	"uint8_t\000"
 1850      385F7400 
 1851              	.LASF83:
 1852 0453 77746F62 		.ascii	"wtobjp\000"
 1852      6A7000
 1853              	.LASF31:
 1854 045a 705F6E61 		.ascii	"p_name\000"
 1854      6D6500
 1855              	.LASF68:
 1856 0461 43504143 		.ascii	"CPACR\000"
 1856      5200
 1857              	.LASF61:
 1858 0467 48465352 		.ascii	"HFSR\000"
 1858      00
 1859              	.LASF79:
 1860 046c 6D5F6F77 		.ascii	"m_owner\000"
 1860      6E657200 
 1861              	.LASF28:
 1862 0474 705F6374 		.ascii	"p_ctx\000"
 1862      7800
 1863              	.LASF37:
 1864 047a 705F7761 		.ascii	"p_waiting\000"
 1864      6974696E 
 1864      6700
 1865              		.ident	"GCC: (GNU Tools for ARM Embedded Processors) 4.8.4 20140526 (release) [ARM/embedded-4_8-br
ARM GAS  /tmp/cc4l8zsb.s 			page 37


DEFINED SYMBOLS
                            *ABS*:00000000 chcore_v6m.c
     /tmp/cc4l8zsb.s:18     .text._port_switch_from_isr:00000000 $t
     /tmp/cc4l8zsb.s:23     .text._port_switch_from_isr:00000000 _port_switch_from_isr
     /tmp/cc4l8zsb.s:33     .text._port_switch_from_isr:00000004 _port_exit_from_isr
     /tmp/cc4l8zsb.s:46     .text._port_switch_from_isr:00000010 $d
     /tmp/cc4l8zsb.s:51     .text.NMIVector:00000000 $t
     /tmp/cc4l8zsb.s:56     .text.NMIVector:00000000 NMIVector
     /tmp/cc4l8zsb.s:85     .text._port_irq_epilogue:00000000 $t
     /tmp/cc4l8zsb.s:90     .text._port_irq_epilogue:00000000 _port_irq_epilogue
     /tmp/cc4l8zsb.s:175    .text._port_irq_epilogue:00000058 $d
     /tmp/cc4l8zsb.s:182    .text.SysTickVector:00000000 $t
     /tmp/cc4l8zsb.s:187    .text.SysTickVector:00000000 SysTickVector
     /tmp/cc4l8zsb.s:225    .text._port_switch:00000000 $t
     /tmp/cc4l8zsb.s:230    .text._port_switch:00000000 _port_switch
     /tmp/cc4l8zsb.s:266    .text._port_thread_start:00000000 $t
     /tmp/cc4l8zsb.s:271    .text._port_thread_start:00000000 _port_thread_start
                     .debug_frame:00000010 $d

UNDEFINED SYMBOLS
chSchDoReschedule
rlist
chSysTimerHandlerI
chThdExit
