ARM GAS  /tmp/ccRT5fnn.s 			page 1


   1              		.cpu cortex-m0
   2              		.fpu softvfp
   3              		.eabi_attribute 20, 1
   4              		.eabi_attribute 21, 1
   5              		.eabi_attribute 23, 3
   6              		.eabi_attribute 24, 1
   7              		.eabi_attribute 25, 1
   8              		.eabi_attribute 26, 1
   9              		.eabi_attribute 30, 1
  10              		.eabi_attribute 34, 0
  11              		.eabi_attribute 18, 4
  12              		.code	16
  13              		.file	"chdynamic.c"
  14              		.text
  15              	.Ltext0:
  16              		.cfi_sections	.debug_frame
  17              		.section	.text.chThdAddRef,"ax",%progbits
  18              		.align	2
  19              		.global	chThdAddRef
  20              		.code	16
  21              		.thumb_func
  22              		.type	chThdAddRef, %function
  23              	chThdAddRef:
  24              	.LFB7:
  25              		.file 1 "ChibiOS_2.6.5/os/kernel/src/chdynamic.c"
  26              		.loc 1 52 0
  27              		.cfi_startproc
  28              	.LVL0:
  29              		.loc 1 54 0
  30              	@ 54 "ChibiOS_2.6.5/os/kernel/src/chdynamic.c" 1
  31 0000 72B6     		cpsid   i
  32              	@ 0 "" 2
  33              		.loc 1 56 0
  34              		.code	16
  35 0002 837F     		ldrb	r3, [r0, #30]
  36 0004 0133     		add	r3, r3, #1
  37 0006 8377     		strb	r3, [r0, #30]
  38              		.loc 1 57 0
  39              	@ 57 "ChibiOS_2.6.5/os/kernel/src/chdynamic.c" 1
  40 0008 62B6     		cpsie   i
  41              	@ 0 "" 2
  42              		.loc 1 59 0
  43              		.code	16
  44              		@ sp needed
  45 000a 7047     		bx	lr
  46              		.cfi_endproc
  47              	.LFE7:
  48              		.size	chThdAddRef, .-chThdAddRef
  49              		.section	.text.chThdRelease,"ax",%progbits
  50              		.align	2
  51              		.global	chThdRelease
  52              		.code	16
  53              		.thumb_func
  54              		.type	chThdRelease, %function
  55              	chThdRelease:
  56              	.LFB8:
  57              		.loc 1 74 0
ARM GAS  /tmp/ccRT5fnn.s 			page 2


  58              		.cfi_startproc
  59              	.LVL1:
  60 0000 08B5     		push	{r3, lr}
  61              		.cfi_def_cfa_offset 8
  62              		.cfi_offset 3, -8
  63              		.cfi_offset 14, -4
  64 0002 011C     		mov	r1, r0
  65              		.loc 1 77 0
  66              	@ 77 "ChibiOS_2.6.5/os/kernel/src/chdynamic.c" 1
  67 0004 72B6     		cpsid   i
  68              	@ 0 "" 2
  69              		.loc 1 79 0
  70              		.code	16
  71 0006 837F     		ldrb	r3, [r0, #30]
  72 0008 013B     		sub	r3, r3, #1
  73 000a DBB2     		uxtb	r3, r3
  74 000c 8377     		strb	r3, [r0, #30]
  75              	.LVL2:
  76              		.loc 1 80 0
  77              	@ 80 "ChibiOS_2.6.5/os/kernel/src/chdynamic.c" 1
  78 000e 62B6     		cpsie   i
  79              	@ 0 "" 2
  80              		.loc 1 85 0
  81              		.code	16
  82 0010 002B     		cmp	r3, #0
  83 0012 1CD1     		bne	.L2
  84              		.loc 1 85 0 is_stmt 0 discriminator 1
  85 0014 037F     		ldrb	r3, [r0, #28]
  86              	.LVL3:
  87 0016 0E2B     		cmp	r3, #14
  88 0018 19D1     		bne	.L2
  89              		.loc 1 86 0 is_stmt 1
  90 001a 437F     		ldrb	r3, [r0, #29]
  91 001c 0322     		mov	r2, #3
  92 001e 1340     		and	r3, r2
  93 0020 012B     		cmp	r3, #1
  94 0022 02D0     		beq	.L4
  95 0024 022B     		cmp	r3, #2
  96 0026 09D0     		beq	.L5
  97 0028 11E0     		b	.L2
  98              	.L4:
  99              		.loc 1 90 0
 100 002a 4369     		ldr	r3, [r0, #20]
 101 002c 0269     		ldr	r2, [r0, #16]
 102 002e 1A61     		str	r2, [r3, #16]
 103 0030 0369     		ldr	r3, [r0, #16]
 104 0032 4269     		ldr	r2, [r0, #20]
 105 0034 5A61     		str	r2, [r3, #20]
 106              		.loc 1 92 0
 107 0036 FFF7FEFF 		bl	chHeapFree
 108              	.LVL4:
 109              		.loc 1 93 0
 110 003a 08E0     		b	.L2
 111              	.LVL5:
 112              	.L5:
 113              		.loc 1 98 0
 114 003c 4369     		ldr	r3, [r0, #20]
ARM GAS  /tmp/ccRT5fnn.s 			page 3


 115 003e 0269     		ldr	r2, [r0, #16]
 116 0040 1A61     		str	r2, [r3, #16]
 117 0042 0369     		ldr	r3, [r0, #16]
 118 0044 4269     		ldr	r2, [r0, #20]
 119 0046 5A61     		str	r2, [r3, #20]
 120              		.loc 1 100 0
 121 0048 406C     		ldr	r0, [r0, #68]
 122              	.LVL6:
 123 004a FFF7FEFF 		bl	chPoolFree
 124              	.LVL7:
 125              	.L2:
 126              		.loc 1 105 0
 127              		@ sp needed
 128 004e 08BD     		pop	{r3, pc}
 129              		.cfi_endproc
 130              	.LFE8:
 131              		.size	chThdRelease, .-chThdRelease
 132              		.section	.text.chThdCreateFromHeap,"ax",%progbits
 133              		.align	2
 134              		.global	chThdCreateFromHeap
 135              		.code	16
 136              		.thumb_func
 137              		.type	chThdCreateFromHeap, %function
 138              	chThdCreateFromHeap:
 139              	.LFB9:
 140              		.loc 1 131 0
 141              		.cfi_startproc
 142              	.LVL8:
 143 0000 70B5     		push	{r4, r5, r6, lr}
 144              		.cfi_def_cfa_offset 16
 145              		.cfi_offset 4, -16
 146              		.cfi_offset 5, -12
 147              		.cfi_offset 6, -8
 148              		.cfi_offset 14, -4
 149 0002 82B0     		sub	sp, sp, #8
 150              		.cfi_def_cfa_offset 24
 151 0004 0C1C     		mov	r4, r1
 152 0006 161C     		mov	r6, r2
 153 0008 1D1C     		mov	r5, r3
 154              		.loc 1 135 0
 155 000a FFF7FEFF 		bl	chHeapAlloc
 156              	.LVL9:
 157              		.loc 1 136 0
 158 000e 0028     		cmp	r0, #0
 159 0010 10D0     		beq	.L8
 160              		.loc 1 148 0
 161              	@ 148 "ChibiOS_2.6.5/os/kernel/src/chdynamic.c" 1
 162 0012 72B6     		cpsid   i
 163              	@ 0 "" 2
 164              		.loc 1 149 0
 165              		.code	16
 166 0014 069B     		ldr	r3, [sp, #24]
 167 0016 0093     		str	r3, [sp]
 168 0018 211C     		mov	r1, r4
 169 001a 321C     		mov	r2, r6
 170 001c 2B1C     		mov	r3, r5
 171 001e FFF7FEFF 		bl	chThdCreateI
ARM GAS  /tmp/ccRT5fnn.s 			page 4


 172              	.LVL10:
 173 0022 041C     		mov	r4, r0
 174              	.LVL11:
 175              		.loc 1 150 0
 176 0024 0123     		mov	r3, #1
 177 0026 4377     		strb	r3, [r0, #29]
 178              		.loc 1 151 0
 179 0028 0021     		mov	r1, #0
 180 002a FFF7FEFF 		bl	chSchWakeupS
 181              	.LVL12:
 182              		.loc 1 152 0
 183              	@ 152 "ChibiOS_2.6.5/os/kernel/src/chdynamic.c" 1
 184 002e 62B6     		cpsie   i
 185              	@ 0 "" 2
 186              		.loc 1 153 0
 187              		.code	16
 188 0030 201C     		mov	r0, r4
 189 0032 00E0     		b	.L7
 190              	.LVL13:
 191              	.L8:
 192              		.loc 1 137 0
 193 0034 0020     		mov	r0, #0
 194              	.LVL14:
 195              	.L7:
 196              		.loc 1 154 0
 197 0036 02B0     		add	sp, sp, #8
 198              		@ sp needed
 199              	.LVL15:
 200              	.LVL16:
 201 0038 70BD     		pop	{r4, r5, r6, pc}
 202              		.cfi_endproc
 203              	.LFE9:
 204              		.size	chThdCreateFromHeap, .-chThdCreateFromHeap
 205 003a C046     		.section	.text.chThdCreateFromMemoryPool,"ax",%progbits
 206              		.align	2
 207              		.global	chThdCreateFromMemoryPool
 208              		.code	16
 209              		.thumb_func
 210              		.type	chThdCreateFromMemoryPool, %function
 211              	chThdCreateFromMemoryPool:
 212              	.LFB10:
 213              		.loc 1 180 0
 214              		.cfi_startproc
 215              	.LVL17:
 216 0000 F0B5     		push	{r4, r5, r6, r7, lr}
 217              		.cfi_def_cfa_offset 20
 218              		.cfi_offset 4, -20
 219              		.cfi_offset 5, -16
 220              		.cfi_offset 6, -12
 221              		.cfi_offset 7, -8
 222              		.cfi_offset 14, -4
 223 0002 83B0     		sub	sp, sp, #12
 224              		.cfi_def_cfa_offset 32
 225 0004 051C     		mov	r5, r0
 226 0006 0E1C     		mov	r6, r1
 227 0008 141C     		mov	r4, r2
 228 000a 1F1C     		mov	r7, r3
ARM GAS  /tmp/ccRT5fnn.s 			page 5


 229              		.loc 1 186 0
 230 000c FFF7FEFF 		bl	chPoolAlloc
 231              	.LVL18:
 232              		.loc 1 187 0
 233 0010 0028     		cmp	r0, #0
 234 0012 10D0     		beq	.L11
 235              		.loc 1 199 0
 236              	@ 199 "ChibiOS_2.6.5/os/kernel/src/chdynamic.c" 1
 237 0014 72B6     		cpsid   i
 238              	@ 0 "" 2
 239              		.loc 1 200 0
 240              		.code	16
 241 0016 0097     		str	r7, [sp]
 242 0018 6968     		ldr	r1, [r5, #4]
 243 001a 321C     		mov	r2, r6
 244 001c 231C     		mov	r3, r4
 245 001e FFF7FEFF 		bl	chThdCreateI
 246              	.LVL19:
 247 0022 041C     		mov	r4, r0
 248              	.LVL20:
 249              		.loc 1 201 0
 250 0024 0223     		mov	r3, #2
 251 0026 4377     		strb	r3, [r0, #29]
 252              		.loc 1 202 0
 253 0028 4564     		str	r5, [r0, #68]
 254              		.loc 1 203 0
 255 002a 0021     		mov	r1, #0
 256 002c FFF7FEFF 		bl	chSchWakeupS
 257              	.LVL21:
 258              		.loc 1 204 0
 259              	@ 204 "ChibiOS_2.6.5/os/kernel/src/chdynamic.c" 1
 260 0030 62B6     		cpsie   i
 261              	@ 0 "" 2
 262              		.loc 1 205 0
 263              		.code	16
 264 0032 201C     		mov	r0, r4
 265 0034 00E0     		b	.L10
 266              	.LVL22:
 267              	.L11:
 268              		.loc 1 188 0
 269 0036 0020     		mov	r0, #0
 270              	.LVL23:
 271              	.L10:
 272              		.loc 1 206 0
 273 0038 03B0     		add	sp, sp, #12
 274              		@ sp needed
 275              	.LVL24:
 276              	.LVL25:
 277              	.LVL26:
 278 003a F0BD     		pop	{r4, r5, r6, r7, pc}
 279              		.cfi_endproc
 280              	.LFE10:
 281              		.size	chThdCreateFromMemoryPool, .-chThdCreateFromMemoryPool
 282              		.text
 283              	.Letext0:
 284              		.file 2 "/usr/local/lpcxpresso_7.3.0_186/lpcxpresso/tools/lib/gcc/arm-none-eabi/4.8.4/include/stdd
 285              		.file 3 "/usr/local/lpcxpresso_7.3.0_186/lpcxpresso/tools/arm-none-eabi/include/machine/_default_t
ARM GAS  /tmp/ccRT5fnn.s 			page 6


 286              		.file 4 "/usr/local/lpcxpresso_7.3.0_186/lpcxpresso/tools/arm-none-eabi/include/stdint.h"
 287              		.file 5 "ChibiOS_2.6.5/os/ports/GCC/ARMCMx/chtypes.h"
 288              		.file 6 "ChibiOS_2.6.5/os/kernel/include/chlists.h"
 289              		.file 7 "ChibiOS_2.6.5/os/kernel/include/chthreads.h"
 290              		.file 8 "ChibiOS_2.6.5/os/ports/GCC/ARMCMx/chcore_v6m.h"
 291              		.file 9 "ChibiOS_2.6.5/os/kernel/include/chmtx.h"
 292              		.file 10 "ChibiOS_2.6.5/os/kernel/include/chmemcore.h"
 293              		.file 11 "ChibiOS_2.6.5/os/kernel/include/chheap.h"
 294              		.file 12 "ChibiOS_2.6.5/os/kernel/include/chmempools.h"
 295              		.file 13 "ChibiOS_2.6.5/os/kernel/include/chschd.h"
 296              		.section	.debug_info,"",%progbits
 297              	.Ldebug_info0:
 298 0000 A8070000 		.4byte	0x7a8
 299 0004 0400     		.2byte	0x4
 300 0006 00000000 		.4byte	.Ldebug_abbrev0
 301 000a 04       		.byte	0x4
 302 000b 01       		.uleb128 0x1
 303 000c D1010000 		.4byte	.LASF92
 304 0010 01       		.byte	0x1
 305 0011 5A010000 		.4byte	.LASF93
 306 0015 82010000 		.4byte	.LASF94
 307 0019 00000000 		.4byte	.Ldebug_ranges0+0
 308 001d 00000000 		.4byte	0
 309 0021 00000000 		.4byte	.Ldebug_line0
 310 0025 02       		.uleb128 0x2
 311 0026 04       		.byte	0x4
 312 0027 05       		.byte	0x5
 313 0028 696E7400 		.ascii	"int\000"
 314 002c 03       		.uleb128 0x3
 315 002d 0E000000 		.4byte	.LASF2
 316 0031 02       		.byte	0x2
 317 0032 D4       		.byte	0xd4
 318 0033 37000000 		.4byte	0x37
 319 0037 04       		.uleb128 0x4
 320 0038 04       		.byte	0x4
 321 0039 07       		.byte	0x7
 322 003a EC030000 		.4byte	.LASF0
 323 003e 04       		.uleb128 0x4
 324 003f 01       		.byte	0x1
 325 0040 06       		.byte	0x6
 326 0041 8E000000 		.4byte	.LASF1
 327 0045 03       		.uleb128 0x3
 328 0046 25000000 		.4byte	.LASF3
 329 004a 03       		.byte	0x3
 330 004b 1C       		.byte	0x1c
 331 004c 50000000 		.4byte	0x50
 332 0050 04       		.uleb128 0x4
 333 0051 01       		.byte	0x1
 334 0052 08       		.byte	0x8
 335 0053 45030000 		.4byte	.LASF4
 336 0057 04       		.uleb128 0x4
 337 0058 02       		.byte	0x2
 338 0059 05       		.byte	0x5
 339 005a 68030000 		.4byte	.LASF5
 340 005e 04       		.uleb128 0x4
 341 005f 02       		.byte	0x2
 342 0060 07       		.byte	0x7
ARM GAS  /tmp/ccRT5fnn.s 			page 7


 343 0061 B8010000 		.4byte	.LASF6
 344 0065 03       		.uleb128 0x3
 345 0066 15040000 		.4byte	.LASF7
 346 006a 03       		.byte	0x3
 347 006b 37       		.byte	0x37
 348 006c 70000000 		.4byte	0x70
 349 0070 04       		.uleb128 0x4
 350 0071 04       		.byte	0x4
 351 0072 05       		.byte	0x5
 352 0073 E4000000 		.4byte	.LASF8
 353 0077 03       		.uleb128 0x3
 354 0078 34010000 		.4byte	.LASF9
 355 007c 03       		.byte	0x3
 356 007d 38       		.byte	0x38
 357 007e 82000000 		.4byte	0x82
 358 0082 04       		.uleb128 0x4
 359 0083 04       		.byte	0x4
 360 0084 07       		.byte	0x7
 361 0085 A0000000 		.4byte	.LASF10
 362 0089 04       		.uleb128 0x4
 363 008a 08       		.byte	0x8
 364 008b 05       		.byte	0x5
 365 008c 80000000 		.4byte	.LASF11
 366 0090 03       		.uleb128 0x3
 367 0091 08030000 		.4byte	.LASF12
 368 0095 03       		.byte	0x3
 369 0096 4E       		.byte	0x4e
 370 0097 9B000000 		.4byte	0x9b
 371 009b 04       		.uleb128 0x4
 372 009c 08       		.byte	0x8
 373 009d 07       		.byte	0x7
 374 009e 47000000 		.4byte	.LASF13
 375 00a2 03       		.uleb128 0x3
 376 00a3 58040000 		.4byte	.LASF14
 377 00a7 04       		.byte	0x4
 378 00a8 2A       		.byte	0x2a
 379 00a9 45000000 		.4byte	0x45
 380 00ad 03       		.uleb128 0x3
 381 00ae 3D030000 		.4byte	.LASF15
 382 00b2 04       		.byte	0x4
 383 00b3 41       		.byte	0x41
 384 00b4 65000000 		.4byte	0x65
 385 00b8 03       		.uleb128 0x3
 386 00b9 D9030000 		.4byte	.LASF16
 387 00bd 04       		.byte	0x4
 388 00be 42       		.byte	0x42
 389 00bf 77000000 		.4byte	0x77
 390 00c3 03       		.uleb128 0x3
 391 00c4 1C000000 		.4byte	.LASF17
 392 00c8 04       		.byte	0x4
 393 00c9 4E       		.byte	0x4e
 394 00ca 90000000 		.4byte	0x90
 395 00ce 04       		.uleb128 0x4
 396 00cf 01       		.byte	0x1
 397 00d0 02       		.byte	0x2
 398 00d1 37030000 		.4byte	.LASF18
 399 00d5 03       		.uleb128 0x3
ARM GAS  /tmp/ccRT5fnn.s 			page 8


 400 00d6 9E030000 		.4byte	.LASF19
 401 00da 05       		.byte	0x5
 402 00db 2C       		.byte	0x2c
 403 00dc A2000000 		.4byte	0xa2
 404 00e0 03       		.uleb128 0x3
 405 00e1 01010000 		.4byte	.LASF20
 406 00e5 05       		.byte	0x5
 407 00e6 2D       		.byte	0x2d
 408 00e7 A2000000 		.4byte	0xa2
 409 00eb 03       		.uleb128 0x3
 410 00ec 1B030000 		.4byte	.LASF21
 411 00f0 05       		.byte	0x5
 412 00f1 2E       		.byte	0x2e
 413 00f2 A2000000 		.4byte	0xa2
 414 00f6 03       		.uleb128 0x3
 415 00f7 CD000000 		.4byte	.LASF22
 416 00fb 05       		.byte	0x5
 417 00fc 2F       		.byte	0x2f
 418 00fd A2000000 		.4byte	0xa2
 419 0101 03       		.uleb128 0x3
 420 0102 2F030000 		.4byte	.LASF23
 421 0106 05       		.byte	0x5
 422 0107 30       		.byte	0x30
 423 0108 B8000000 		.4byte	0xb8
 424 010c 03       		.uleb128 0x3
 425 010d CB010000 		.4byte	.LASF24
 426 0111 05       		.byte	0x5
 427 0112 31       		.byte	0x31
 428 0113 AD000000 		.4byte	0xad
 429 0117 03       		.uleb128 0x3
 430 0118 A2020000 		.4byte	.LASF25
 431 011c 05       		.byte	0x5
 432 011d 33       		.byte	0x33
 433 011e B8000000 		.4byte	0xb8
 434 0122 03       		.uleb128 0x3
 435 0123 00040000 		.4byte	.LASF26
 436 0127 05       		.byte	0x5
 437 0128 35       		.byte	0x35
 438 0129 B8000000 		.4byte	0xb8
 439 012d 03       		.uleb128 0x3
 440 012e BB030000 		.4byte	.LASF27
 441 0132 06       		.byte	0x6
 442 0133 2A       		.byte	0x2a
 443 0134 38010000 		.4byte	0x138
 444 0138 05       		.uleb128 0x5
 445 0139 BB030000 		.4byte	.LASF27
 446 013d 48       		.byte	0x48
 447 013e 07       		.byte	0x7
 448 013f 5E       		.byte	0x5e
 449 0140 35020000 		.4byte	0x235
 450 0144 06       		.uleb128 0x6
 451 0145 97030000 		.4byte	.LASF28
 452 0149 07       		.byte	0x7
 453 014a 5F       		.byte	0x5f
 454 014b 56020000 		.4byte	0x256
 455 014f 00       		.byte	0
 456 0150 06       		.uleb128 0x6
ARM GAS  /tmp/ccRT5fnn.s 			page 9


 457 0151 28030000 		.4byte	.LASF29
 458 0155 07       		.byte	0x7
 459 0156 61       		.byte	0x61
 460 0157 56020000 		.4byte	0x256
 461 015b 04       		.byte	0x4
 462 015c 06       		.uleb128 0x6
 463 015d 79000000 		.4byte	.LASF30
 464 0161 07       		.byte	0x7
 465 0162 63       		.byte	0x63
 466 0163 01010000 		.4byte	0x101
 467 0167 08       		.byte	0x8
 468 0168 06       		.uleb128 0x6
 469 0169 8D040000 		.4byte	.LASF31
 470 016d 07       		.byte	0x7
 471 016e 64       		.byte	0x64
 472 016f 11030000 		.4byte	0x311
 473 0173 0C       		.byte	0xc
 474 0174 06       		.uleb128 0x6
 475 0175 12010000 		.4byte	.LASF32
 476 0179 07       		.byte	0x7
 477 017a 66       		.byte	0x66
 478 017b 56020000 		.4byte	0x256
 479 017f 10       		.byte	0x10
 480 0180 06       		.uleb128 0x6
 481 0181 D4020000 		.4byte	.LASF33
 482 0185 07       		.byte	0x7
 483 0186 67       		.byte	0x67
 484 0187 56020000 		.4byte	0x256
 485 018b 14       		.byte	0x14
 486 018c 06       		.uleb128 0x6
 487 018d 7E040000 		.4byte	.LASF34
 488 0191 07       		.byte	0x7
 489 0192 6E       		.byte	0x6e
 490 0193 D1040000 		.4byte	0x4d1
 491 0197 18       		.byte	0x18
 492 0198 06       		.uleb128 0x6
 493 0199 72030000 		.4byte	.LASF35
 494 019d 07       		.byte	0x7
 495 019e 79       		.byte	0x79
 496 019f E0000000 		.4byte	0xe0
 497 01a3 1C       		.byte	0x1c
 498 01a4 06       		.uleb128 0x6
 499 01a5 A6030000 		.4byte	.LASF36
 500 01a9 07       		.byte	0x7
 501 01aa 7D       		.byte	0x7d
 502 01ab D5000000 		.4byte	0xd5
 503 01af 1D       		.byte	0x1d
 504 01b0 06       		.uleb128 0x6
 505 01b1 51040000 		.4byte	.LASF37
 506 01b5 07       		.byte	0x7
 507 01b6 82       		.byte	0x82
 508 01b7 EB000000 		.4byte	0xeb
 509 01bb 1E       		.byte	0x1e
 510 01bc 06       		.uleb128 0x6
 511 01bd 7A030000 		.4byte	.LASF38
 512 01c1 07       		.byte	0x7
 513 01c2 88       		.byte	0x88
ARM GAS  /tmp/ccRT5fnn.s 			page 10


 514 01c3 F6000000 		.4byte	0xf6
 515 01c7 1F       		.byte	0x1f
 516 01c8 06       		.uleb128 0x6
 517 01c9 1F040000 		.4byte	.LASF39
 518 01cd 07       		.byte	0x7
 519 01ce 8F       		.byte	0x8f
 520 01cf 37030000 		.4byte	0x337
 521 01d3 20       		.byte	0x20
 522 01d4 07       		.uleb128 0x7
 523 01d5 705F7500 		.ascii	"p_u\000"
 524 01d9 07       		.byte	0x7
 525 01da B4       		.byte	0xb4
 526 01db 9C040000 		.4byte	0x49c
 527 01df 24       		.byte	0x24
 528 01e0 06       		.uleb128 0x6
 529 01e1 93040000 		.4byte	.LASF40
 530 01e5 07       		.byte	0x7
 531 01e6 B9       		.byte	0xb9
 532 01e7 7C020000 		.4byte	0x27c
 533 01eb 28       		.byte	0x28
 534 01ec 06       		.uleb128 0x6
 535 01ed 2D040000 		.4byte	.LASF41
 536 01f1 07       		.byte	0x7
 537 01f2 BF       		.byte	0xbf
 538 01f3 5C020000 		.4byte	0x25c
 539 01f7 2C       		.byte	0x2c
 540 01f8 06       		.uleb128 0x6
 541 01f9 08000000 		.4byte	.LASF42
 542 01fd 07       		.byte	0x7
 543 01fe C3       		.byte	0xc3
 544 01ff 0C010000 		.4byte	0x10c
 545 0203 34       		.byte	0x34
 546 0204 06       		.uleb128 0x6
 547 0205 CE030000 		.4byte	.LASF43
 548 0209 07       		.byte	0x7
 549 020a C9       		.byte	0xc9
 550 020b 17010000 		.4byte	0x117
 551 020f 38       		.byte	0x38
 552 0210 06       		.uleb128 0x6
 553 0211 5E030000 		.4byte	.LASF44
 554 0215 07       		.byte	0x7
 555 0216 D0       		.byte	0xd0
 556 0217 E3040000 		.4byte	0x4e3
 557 021b 3C       		.byte	0x3c
 558 021c 06       		.uleb128 0x6
 559 021d 0A040000 		.4byte	.LASF45
 560 0221 07       		.byte	0x7
 561 0222 D4       		.byte	0xd4
 562 0223 01010000 		.4byte	0x101
 563 0227 40       		.byte	0x40
 564 0228 06       		.uleb128 0x6
 565 0229 B2000000 		.4byte	.LASF46
 566 022d 07       		.byte	0x7
 567 022e DA       		.byte	0xda
 568 022f 92020000 		.4byte	0x292
 569 0233 44       		.byte	0x44
 570 0234 00       		.byte	0
ARM GAS  /tmp/ccRT5fnn.s 			page 11


 571 0235 08       		.uleb128 0x8
 572 0236 08       		.byte	0x8
 573 0237 06       		.byte	0x6
 574 0238 61       		.byte	0x61
 575 0239 56020000 		.4byte	0x256
 576 023d 06       		.uleb128 0x6
 577 023e 97030000 		.4byte	.LASF28
 578 0242 06       		.byte	0x6
 579 0243 62       		.byte	0x62
 580 0244 56020000 		.4byte	0x256
 581 0248 00       		.byte	0
 582 0249 06       		.uleb128 0x6
 583 024a 28030000 		.4byte	.LASF29
 584 024e 06       		.byte	0x6
 585 024f 64       		.byte	0x64
 586 0250 56020000 		.4byte	0x256
 587 0254 04       		.byte	0x4
 588 0255 00       		.byte	0
 589 0256 09       		.uleb128 0x9
 590 0257 04       		.byte	0x4
 591 0258 2D010000 		.4byte	0x12d
 592 025c 03       		.uleb128 0x3
 593 025d DC020000 		.4byte	.LASF47
 594 0261 06       		.byte	0x6
 595 0262 66       		.byte	0x66
 596 0263 35020000 		.4byte	0x235
 597 0267 08       		.uleb128 0x8
 598 0268 04       		.byte	0x4
 599 0269 06       		.byte	0x6
 600 026a 6B       		.byte	0x6b
 601 026b 7C020000 		.4byte	0x27c
 602 026f 06       		.uleb128 0x6
 603 0270 97030000 		.4byte	.LASF28
 604 0274 06       		.byte	0x6
 605 0275 6D       		.byte	0x6d
 606 0276 56020000 		.4byte	0x256
 607 027a 00       		.byte	0
 608 027b 00       		.byte	0
 609 027c 03       		.uleb128 0x3
 610 027d 96020000 		.4byte	.LASF48
 611 0281 06       		.byte	0x6
 612 0282 70       		.byte	0x70
 613 0283 67020000 		.4byte	0x267
 614 0287 03       		.uleb128 0x3
 615 0288 4B010000 		.4byte	.LASF49
 616 028c 08       		.byte	0x8
 617 028d A7       		.byte	0xa7
 618 028e 92020000 		.4byte	0x292
 619 0292 0A       		.uleb128 0xa
 620 0293 04       		.byte	0x4
 621 0294 03       		.uleb128 0x3
 622 0295 C0020000 		.4byte	.LASF50
 623 0299 08       		.byte	0x8
 624 029a AD       		.byte	0xad
 625 029b C3000000 		.4byte	0xc3
 626 029f 05       		.uleb128 0x5
 627 02a0 26040000 		.4byte	.LASF51
ARM GAS  /tmp/ccRT5fnn.s 			page 12


 628 02a4 24       		.byte	0x24
 629 02a5 08       		.byte	0x8
 630 02a6 BA       		.byte	0xba
 631 02a7 11030000 		.4byte	0x311
 632 02ab 07       		.uleb128 0x7
 633 02ac 723800   		.ascii	"r8\000"
 634 02af 08       		.byte	0x8
 635 02b0 BB       		.byte	0xbb
 636 02b1 87020000 		.4byte	0x287
 637 02b5 00       		.byte	0
 638 02b6 07       		.uleb128 0x7
 639 02b7 723900   		.ascii	"r9\000"
 640 02ba 08       		.byte	0x8
 641 02bb BC       		.byte	0xbc
 642 02bc 87020000 		.4byte	0x287
 643 02c0 04       		.byte	0x4
 644 02c1 07       		.uleb128 0x7
 645 02c2 72313000 		.ascii	"r10\000"
 646 02c6 08       		.byte	0x8
 647 02c7 BD       		.byte	0xbd
 648 02c8 87020000 		.4byte	0x287
 649 02cc 08       		.byte	0x8
 650 02cd 07       		.uleb128 0x7
 651 02ce 72313100 		.ascii	"r11\000"
 652 02d2 08       		.byte	0x8
 653 02d3 BE       		.byte	0xbe
 654 02d4 87020000 		.4byte	0x287
 655 02d8 0C       		.byte	0xc
 656 02d9 07       		.uleb128 0x7
 657 02da 723400   		.ascii	"r4\000"
 658 02dd 08       		.byte	0x8
 659 02de BF       		.byte	0xbf
 660 02df 87020000 		.4byte	0x287
 661 02e3 10       		.byte	0x10
 662 02e4 07       		.uleb128 0x7
 663 02e5 723500   		.ascii	"r5\000"
 664 02e8 08       		.byte	0x8
 665 02e9 C0       		.byte	0xc0
 666 02ea 87020000 		.4byte	0x287
 667 02ee 14       		.byte	0x14
 668 02ef 07       		.uleb128 0x7
 669 02f0 723600   		.ascii	"r6\000"
 670 02f3 08       		.byte	0x8
 671 02f4 C1       		.byte	0xc1
 672 02f5 87020000 		.4byte	0x287
 673 02f9 18       		.byte	0x18
 674 02fa 07       		.uleb128 0x7
 675 02fb 723700   		.ascii	"r7\000"
 676 02fe 08       		.byte	0x8
 677 02ff C2       		.byte	0xc2
 678 0300 87020000 		.4byte	0x287
 679 0304 1C       		.byte	0x1c
 680 0305 07       		.uleb128 0x7
 681 0306 6C7200   		.ascii	"lr\000"
 682 0309 08       		.byte	0x8
 683 030a C3       		.byte	0xc3
 684 030b 87020000 		.4byte	0x287
ARM GAS  /tmp/ccRT5fnn.s 			page 13


 685 030f 20       		.byte	0x20
 686 0310 00       		.byte	0
 687 0311 05       		.uleb128 0x5
 688 0312 AB010000 		.4byte	.LASF52
 689 0316 04       		.byte	0x4
 690 0317 08       		.byte	0x8
 691 0318 CD       		.byte	0xcd
 692 0319 2A030000 		.4byte	0x32a
 693 031d 07       		.uleb128 0x7
 694 031e 72313300 		.ascii	"r13\000"
 695 0322 08       		.byte	0x8
 696 0323 CE       		.byte	0xce
 697 0324 2A030000 		.4byte	0x32a
 698 0328 00       		.byte	0
 699 0329 00       		.byte	0
 700 032a 09       		.uleb128 0x9
 701 032b 04       		.byte	0x4
 702 032c 9F020000 		.4byte	0x29f
 703 0330 04       		.uleb128 0x4
 704 0331 04       		.byte	0x4
 705 0332 07       		.byte	0x7
 706 0333 CB020000 		.4byte	.LASF53
 707 0337 0B       		.uleb128 0xb
 708 0338 22010000 		.4byte	0x122
 709 033c 05       		.uleb128 0x5
 710 033d AE020000 		.4byte	.LASF54
 711 0341 10       		.byte	0x10
 712 0342 09       		.byte	0x9
 713 0343 2C       		.byte	0x2c
 714 0344 6D030000 		.4byte	0x36d
 715 0348 06       		.uleb128 0x6
 716 0349 BA000000 		.4byte	.LASF55
 717 034d 09       		.byte	0x9
 718 034e 2D       		.byte	0x2d
 719 034f 5C020000 		.4byte	0x25c
 720 0353 00       		.byte	0
 721 0354 06       		.uleb128 0x6
 722 0355 85040000 		.4byte	.LASF56
 723 0359 09       		.byte	0x9
 724 035a 2F       		.byte	0x2f
 725 035b 56020000 		.4byte	0x256
 726 035f 08       		.byte	0x8
 727 0360 06       		.uleb128 0x6
 728 0361 F9030000 		.4byte	.LASF57
 729 0365 09       		.byte	0x9
 730 0366 31       		.byte	0x31
 731 0367 6D030000 		.4byte	0x36d
 732 036b 0C       		.byte	0xc
 733 036c 00       		.byte	0
 734 036d 09       		.uleb128 0x9
 735 036e 04       		.byte	0x4
 736 036f 3C030000 		.4byte	0x33c
 737 0373 03       		.uleb128 0x3
 738 0374 AE020000 		.4byte	.LASF54
 739 0378 09       		.byte	0x9
 740 0379 33       		.byte	0x33
 741 037a 3C030000 		.4byte	0x33c
ARM GAS  /tmp/ccRT5fnn.s 			page 14


 742 037e 03       		.uleb128 0x3
 743 037f 3A000000 		.4byte	.LASF58
 744 0383 0A       		.byte	0xa
 745 0384 2C       		.byte	0x2c
 746 0385 89030000 		.4byte	0x389
 747 0389 09       		.uleb128 0x9
 748 038a 04       		.byte	0x4
 749 038b 8F030000 		.4byte	0x38f
 750 038f 0C       		.uleb128 0xc
 751 0390 92020000 		.4byte	0x292
 752 0394 9E030000 		.4byte	0x39e
 753 0398 0D       		.uleb128 0xd
 754 0399 2C000000 		.4byte	0x2c
 755 039d 00       		.byte	0
 756 039e 03       		.uleb128 0x3
 757 039f FD020000 		.4byte	.LASF59
 758 03a3 0B       		.byte	0xb
 759 03a4 34       		.byte	0x34
 760 03a5 A9030000 		.4byte	0x3a9
 761 03a9 05       		.uleb128 0x5
 762 03aa 9D040000 		.4byte	.LASF60
 763 03ae 20       		.byte	0x20
 764 03af 0B       		.byte	0xb
 765 03b0 47       		.byte	0x47
 766 03b1 DA030000 		.4byte	0x3da
 767 03b5 06       		.uleb128 0x6
 768 03b6 53030000 		.4byte	.LASF61
 769 03ba 0B       		.byte	0xb
 770 03bb 48       		.byte	0x48
 771 03bc 7E030000 		.4byte	0x37e
 772 03c0 00       		.byte	0
 773 03c1 06       		.uleb128 0x6
 774 03c2 67000000 		.4byte	.LASF62
 775 03c6 0B       		.byte	0xb
 776 03c7 4A       		.byte	0x4a
 777 03c8 F9030000 		.4byte	0x3f9
 778 03cc 08       		.byte	0x8
 779 03cd 06       		.uleb128 0x6
 780 03ce 9A000000 		.4byte	.LASF63
 781 03d2 0B       		.byte	0xb
 782 03d3 4C       		.byte	0x4c
 783 03d4 73030000 		.4byte	0x373
 784 03d8 10       		.byte	0x10
 785 03d9 00       		.byte	0
 786 03da 0E       		.uleb128 0xe
 787 03db 04       		.byte	0x4
 788 03dc 0B       		.byte	0xb
 789 03dd 3C       		.byte	0x3c
 790 03de F9030000 		.4byte	0x3f9
 791 03e2 0F       		.uleb128 0xf
 792 03e3 74000000 		.4byte	.LASF64
 793 03e7 0B       		.byte	0xb
 794 03e8 3D       		.byte	0x3d
 795 03e9 1A040000 		.4byte	0x41a
 796 03ed 0F       		.uleb128 0xf
 797 03ee E2030000 		.4byte	.LASF65
 798 03f2 0B       		.byte	0xb
ARM GAS  /tmp/ccRT5fnn.s 			page 15


 799 03f3 3E       		.byte	0x3e
 800 03f4 20040000 		.4byte	0x420
 801 03f8 00       		.byte	0
 802 03f9 10       		.uleb128 0x10
 803 03fa 84030000 		.4byte	.LASF95
 804 03fe 08       		.byte	0x8
 805 03ff 0B       		.byte	0xb
 806 0400 39       		.byte	0x39
 807 0401 1A040000 		.4byte	0x41a
 808 0405 0F       		.uleb128 0xf
 809 0406 54010000 		.4byte	.LASF66
 810 040a 0B       		.byte	0xb
 811 040b 3A       		.byte	0x3a
 812 040c 94020000 		.4byte	0x294
 813 0410 11       		.uleb128 0x11
 814 0411 6800     		.ascii	"h\000"
 815 0413 0B       		.byte	0xb
 816 0414 41       		.byte	0x41
 817 0415 26040000 		.4byte	0x426
 818 0419 00       		.byte	0
 819 041a 09       		.uleb128 0x9
 820 041b 04       		.byte	0x4
 821 041c F9030000 		.4byte	0x3f9
 822 0420 09       		.uleb128 0x9
 823 0421 04       		.byte	0x4
 824 0422 9E030000 		.4byte	0x39e
 825 0426 08       		.uleb128 0x8
 826 0427 08       		.byte	0x8
 827 0428 0B       		.byte	0xb
 828 0429 3B       		.byte	0x3b
 829 042a 45040000 		.4byte	0x445
 830 042e 07       		.uleb128 0x7
 831 042f 7500     		.ascii	"u\000"
 832 0431 0B       		.byte	0xb
 833 0432 3F       		.byte	0x3f
 834 0433 DA030000 		.4byte	0x3da
 835 0437 00       		.byte	0
 836 0438 06       		.uleb128 0x6
 837 0439 B3010000 		.4byte	.LASF67
 838 043d 0B       		.byte	0xb
 839 043e 40       		.byte	0x40
 840 043f 2C000000 		.4byte	0x2c
 841 0443 04       		.byte	0x4
 842 0444 00       		.byte	0
 843 0445 05       		.uleb128 0x5
 844 0446 45040000 		.4byte	.LASF68
 845 044a 04       		.byte	0x4
 846 044b 0C       		.byte	0xc
 847 044c 2C       		.byte	0x2c
 848 044d 5E040000 		.4byte	0x45e
 849 0451 06       		.uleb128 0x6
 850 0452 13030000 		.4byte	.LASF69
 851 0456 0C       		.byte	0xc
 852 0457 2D       		.byte	0x2d
 853 0458 5E040000 		.4byte	0x45e
 854 045c 00       		.byte	0
 855 045d 00       		.byte	0
ARM GAS  /tmp/ccRT5fnn.s 			page 16


 856 045e 09       		.uleb128 0x9
 857 045f 04       		.byte	0x4
 858 0460 45040000 		.4byte	0x445
 859 0464 08       		.uleb128 0x8
 860 0465 0C       		.byte	0xc
 861 0466 0C       		.byte	0xc
 862 0467 34       		.byte	0x34
 863 0468 91040000 		.4byte	0x491
 864 046c 06       		.uleb128 0x6
 865 046d 0A010000 		.4byte	.LASF70
 866 0471 0C       		.byte	0xc
 867 0472 35       		.byte	0x35
 868 0473 5E040000 		.4byte	0x45e
 869 0477 00       		.byte	0
 870 0478 06       		.uleb128 0x6
 871 0479 E9020000 		.4byte	.LASF71
 872 047d 0C       		.byte	0xc
 873 047e 36       		.byte	0x36
 874 047f 2C000000 		.4byte	0x2c
 875 0483 04       		.byte	0x4
 876 0484 06       		.uleb128 0x6
 877 0485 3F010000 		.4byte	.LASF72
 878 0489 0C       		.byte	0xc
 879 048a 38       		.byte	0x38
 880 048b 7E030000 		.4byte	0x37e
 881 048f 08       		.byte	0x8
 882 0490 00       		.byte	0
 883 0491 03       		.uleb128 0x3
 884 0492 2F000000 		.4byte	.LASF73
 885 0496 0C       		.byte	0xc
 886 0497 3A       		.byte	0x3a
 887 0498 64040000 		.4byte	0x464
 888 049c 0E       		.uleb128 0xe
 889 049d 04       		.byte	0x4
 890 049e 07       		.byte	0x7
 891 049f 96       		.byte	0x96
 892 04a0 D1040000 		.4byte	0x4d1
 893 04a4 0F       		.uleb128 0xf
 894 04a5 15000000 		.4byte	.LASF74
 895 04a9 07       		.byte	0x7
 896 04aa 9D       		.byte	0x9d
 897 04ab 0C010000 		.4byte	0x10c
 898 04af 0F       		.uleb128 0xf
 899 04b0 5E000000 		.4byte	.LASF75
 900 04b4 07       		.byte	0x7
 901 04b5 A4       		.byte	0xa4
 902 04b6 0C010000 		.4byte	0x10c
 903 04ba 0F       		.uleb128 0xf
 904 04bb 77040000 		.4byte	.LASF76
 905 04bf 07       		.byte	0x7
 906 04c0 AB       		.byte	0xab
 907 04c1 92020000 		.4byte	0x292
 908 04c5 0F       		.uleb128 0xf
 909 04c6 90030000 		.4byte	.LASF77
 910 04ca 07       		.byte	0x7
 911 04cb B2       		.byte	0xb2
 912 04cc 17010000 		.4byte	0x117
ARM GAS  /tmp/ccRT5fnn.s 			page 17


 913 04d0 00       		.byte	0
 914 04d1 09       		.uleb128 0x9
 915 04d2 04       		.byte	0x4
 916 04d3 D7040000 		.4byte	0x4d7
 917 04d7 12       		.uleb128 0x12
 918 04d8 DC040000 		.4byte	0x4dc
 919 04dc 04       		.uleb128 0x4
 920 04dd 01       		.byte	0x1
 921 04de 08       		.byte	0x8
 922 04df E7030000 		.4byte	.LASF78
 923 04e3 09       		.uleb128 0x9
 924 04e4 04       		.byte	0x4
 925 04e5 73030000 		.4byte	0x373
 926 04e9 03       		.uleb128 0x3
 927 04ea 00000000 		.4byte	.LASF79
 928 04ee 07       		.byte	0x7
 929 04ef E5       		.byte	0xe5
 930 04f0 F4040000 		.4byte	0x4f4
 931 04f4 09       		.uleb128 0x9
 932 04f5 04       		.byte	0x4
 933 04f6 FA040000 		.4byte	0x4fa
 934 04fa 0C       		.uleb128 0xc
 935 04fb 0C010000 		.4byte	0x10c
 936 04ff 09050000 		.4byte	0x509
 937 0503 0D       		.uleb128 0xd
 938 0504 92020000 		.4byte	0x292
 939 0508 00       		.byte	0
 940 0509 13       		.uleb128 0x13
 941 050a B4020000 		.4byte	.LASF80
 942 050e 01       		.byte	0x1
 943 050f 34       		.byte	0x34
 944 0510 56020000 		.4byte	0x256
 945 0514 00000000 		.4byte	.LFB7
 946 0518 0C000000 		.4byte	.LFE7-.LFB7
 947 051c 01       		.uleb128 0x1
 948 051d 9C       		.byte	0x9c
 949 051e 2F050000 		.4byte	0x52f
 950 0522 14       		.uleb128 0x14
 951 0523 747000   		.ascii	"tp\000"
 952 0526 01       		.byte	0x1
 953 0527 34       		.byte	0x34
 954 0528 56020000 		.4byte	0x256
 955 052c 01       		.uleb128 0x1
 956 052d 50       		.byte	0x50
 957 052e 00       		.byte	0
 958 052f 15       		.uleb128 0x15
 959 0530 AE030000 		.4byte	.LASF96
 960 0534 01       		.byte	0x1
 961 0535 4A       		.byte	0x4a
 962 0536 00000000 		.4byte	.LFB8
 963 053a 50000000 		.4byte	.LFE8-.LFB8
 964 053e 01       		.uleb128 0x1
 965 053f 9C       		.byte	0x9c
 966 0540 80050000 		.4byte	0x580
 967 0544 16       		.uleb128 0x16
 968 0545 747000   		.ascii	"tp\000"
 969 0548 01       		.byte	0x1
ARM GAS  /tmp/ccRT5fnn.s 			page 18


 970 0549 4A       		.byte	0x4a
 971 054a 56020000 		.4byte	0x256
 972 054e 00000000 		.4byte	.LLST0
 973 0552 17       		.uleb128 0x17
 974 0553 23030000 		.4byte	.LASF84
 975 0557 01       		.byte	0x1
 976 0558 4B       		.byte	0x4b
 977 0559 EB000000 		.4byte	0xeb
 978 055d 45000000 		.4byte	.LLST1
 979 0561 18       		.uleb128 0x18
 980 0562 3A000000 		.4byte	.LVL4
 981 0566 19070000 		.4byte	0x719
 982 056a 76050000 		.4byte	0x576
 983 056e 19       		.uleb128 0x19
 984 056f 01       		.uleb128 0x1
 985 0570 50       		.byte	0x50
 986 0571 03       		.uleb128 0x3
 987 0572 F3       		.byte	0xf3
 988 0573 01       		.uleb128 0x1
 989 0574 50       		.byte	0x50
 990 0575 00       		.byte	0
 991 0576 1A       		.uleb128 0x1a
 992 0577 4E000000 		.4byte	.LVL7
 993 057b 2A070000 		.4byte	0x72a
 994 057f 00       		.byte	0
 995 0580 13       		.uleb128 0x13
 996 0581 ED000000 		.4byte	.LASF81
 997 0585 01       		.byte	0x1
 998 0586 82       		.byte	0x82
 999 0587 56020000 		.4byte	0x256
 1000 058b 00000000 		.4byte	.LFB9
 1001 058f 3A000000 		.4byte	.LFE9-.LFB9
 1002 0593 01       		.uleb128 0x1
 1003 0594 9C       		.byte	0x9c
 1004 0595 58060000 		.4byte	0x658
 1005 0599 1B       		.uleb128 0x1b
 1006 059a 6E000000 		.4byte	.LASF82
 1007 059e 01       		.byte	0x1
 1008 059f 82       		.byte	0x82
 1009 05a0 20040000 		.4byte	0x420
 1010 05a4 58000000 		.4byte	.LLST2
 1011 05a8 1B       		.uleb128 0x1b
 1012 05a9 B3010000 		.4byte	.LASF67
 1013 05ad 01       		.byte	0x1
 1014 05ae 82       		.byte	0x82
 1015 05af 2C000000 		.4byte	0x2c
 1016 05b3 79000000 		.4byte	.LLST3
 1017 05b7 1B       		.uleb128 0x1b
 1018 05b8 F8020000 		.4byte	.LASF83
 1019 05bc 01       		.byte	0x1
 1020 05bd 83       		.byte	0x83
 1021 05be 01010000 		.4byte	0x101
 1022 05c2 BE000000 		.4byte	.LLST4
 1023 05c6 16       		.uleb128 0x16
 1024 05c7 706600   		.ascii	"pf\000"
 1025 05ca 01       		.byte	0x1
 1026 05cb 83       		.byte	0x83
ARM GAS  /tmp/ccRT5fnn.s 			page 19


 1027 05cc E9040000 		.4byte	0x4e9
 1028 05d0 EA000000 		.4byte	.LLST5
 1029 05d4 14       		.uleb128 0x14
 1030 05d5 61726700 		.ascii	"arg\000"
 1031 05d9 01       		.byte	0x1
 1032 05da 83       		.byte	0x83
 1033 05db 92020000 		.4byte	0x292
 1034 05df 02       		.uleb128 0x2
 1035 05e0 91       		.byte	0x91
 1036 05e1 00       		.sleb128 0
 1037 05e2 1C       		.uleb128 0x1c
 1038 05e3 77737000 		.ascii	"wsp\000"
 1039 05e7 01       		.byte	0x1
 1040 05e8 84       		.byte	0x84
 1041 05e9 92020000 		.4byte	0x292
 1042 05ed 16010000 		.4byte	.LLST6
 1043 05f1 1C       		.uleb128 0x1c
 1044 05f2 747000   		.ascii	"tp\000"
 1045 05f5 01       		.byte	0x1
 1046 05f6 85       		.byte	0x85
 1047 05f7 56020000 		.4byte	0x256
 1048 05fb 34010000 		.4byte	.LLST7
 1049 05ff 18       		.uleb128 0x18
 1050 0600 0E000000 		.4byte	.LVL9
 1051 0604 40070000 		.4byte	0x740
 1052 0608 1A060000 		.4byte	0x61a
 1053 060c 19       		.uleb128 0x19
 1054 060d 01       		.uleb128 0x1
 1055 060e 51       		.byte	0x51
 1056 060f 02       		.uleb128 0x2
 1057 0610 74       		.byte	0x74
 1058 0611 00       		.sleb128 0
 1059 0612 19       		.uleb128 0x19
 1060 0613 01       		.uleb128 0x1
 1061 0614 50       		.byte	0x50
 1062 0615 03       		.uleb128 0x3
 1063 0616 F3       		.byte	0xf3
 1064 0617 01       		.uleb128 0x1
 1065 0618 50       		.byte	0x50
 1066 0619 00       		.byte	0
 1067 061a 18       		.uleb128 0x18
 1068 061b 22000000 		.4byte	.LVL10
 1069 061f 5A070000 		.4byte	0x75a
 1070 0623 42060000 		.4byte	0x642
 1071 0627 19       		.uleb128 0x19
 1072 0628 01       		.uleb128 0x1
 1073 0629 53       		.byte	0x53
 1074 062a 02       		.uleb128 0x2
 1075 062b 75       		.byte	0x75
 1076 062c 00       		.sleb128 0
 1077 062d 19       		.uleb128 0x19
 1078 062e 01       		.uleb128 0x1
 1079 062f 52       		.byte	0x52
 1080 0630 02       		.uleb128 0x2
 1081 0631 76       		.byte	0x76
 1082 0632 00       		.sleb128 0
 1083 0633 19       		.uleb128 0x19
ARM GAS  /tmp/ccRT5fnn.s 			page 20


 1084 0634 01       		.uleb128 0x1
 1085 0635 51       		.byte	0x51
 1086 0636 02       		.uleb128 0x2
 1087 0637 74       		.byte	0x74
 1088 0638 00       		.sleb128 0
 1089 0639 19       		.uleb128 0x19
 1090 063a 02       		.uleb128 0x2
 1091 063b 7D       		.byte	0x7d
 1092 063c 00       		.sleb128 0
 1093 063d 03       		.uleb128 0x3
 1094 063e 91       		.byte	0x91
 1095 063f 00       		.sleb128 0
 1096 0640 06       		.byte	0x6
 1097 0641 00       		.byte	0
 1098 0642 1D       		.uleb128 0x1d
 1099 0643 2E000000 		.4byte	.LVL12
 1100 0647 84070000 		.4byte	0x784
 1101 064b 19       		.uleb128 0x19
 1102 064c 01       		.uleb128 0x1
 1103 064d 51       		.byte	0x51
 1104 064e 01       		.uleb128 0x1
 1105 064f 30       		.byte	0x30
 1106 0650 19       		.uleb128 0x19
 1107 0651 01       		.uleb128 0x1
 1108 0652 50       		.byte	0x50
 1109 0653 02       		.uleb128 0x2
 1110 0654 74       		.byte	0x74
 1111 0655 00       		.sleb128 0
 1112 0656 00       		.byte	0
 1113 0657 00       		.byte	0
 1114 0658 13       		.uleb128 0x13
 1115 0659 1A010000 		.4byte	.LASF85
 1116 065d 01       		.byte	0x1
 1117 065e B3       		.byte	0xb3
 1118 065f 56020000 		.4byte	0x256
 1119 0663 00000000 		.4byte	.LFB10
 1120 0667 3C000000 		.4byte	.LFE10-.LFB10
 1121 066b 01       		.uleb128 0x1
 1122 066c 9C       		.byte	0x9c
 1123 066d 13070000 		.4byte	0x713
 1124 0671 16       		.uleb128 0x16
 1125 0672 6D7000   		.ascii	"mp\000"
 1126 0675 01       		.byte	0x1
 1127 0676 B3       		.byte	0xb3
 1128 0677 13070000 		.4byte	0x713
 1129 067b 52010000 		.4byte	.LLST8
 1130 067f 1B       		.uleb128 0x1b
 1131 0680 F8020000 		.4byte	.LASF83
 1132 0684 01       		.byte	0x1
 1133 0685 B3       		.byte	0xb3
 1134 0686 01010000 		.4byte	0x101
 1135 068a 7E010000 		.4byte	.LLST9
 1136 068e 16       		.uleb128 0x16
 1137 068f 706600   		.ascii	"pf\000"
 1138 0692 01       		.byte	0x1
 1139 0693 B4       		.byte	0xb4
 1140 0694 E9040000 		.4byte	0x4e9
ARM GAS  /tmp/ccRT5fnn.s 			page 21


 1141 0698 AA010000 		.4byte	.LLST10
 1142 069c 16       		.uleb128 0x16
 1143 069d 61726700 		.ascii	"arg\000"
 1144 06a1 01       		.byte	0x1
 1145 06a2 B4       		.byte	0xb4
 1146 06a3 92020000 		.4byte	0x292
 1147 06a7 EF010000 		.4byte	.LLST11
 1148 06ab 1C       		.uleb128 0x1c
 1149 06ac 77737000 		.ascii	"wsp\000"
 1150 06b0 01       		.byte	0x1
 1151 06b1 B5       		.byte	0xb5
 1152 06b2 92020000 		.4byte	0x292
 1153 06b6 1B020000 		.4byte	.LLST12
 1154 06ba 1C       		.uleb128 0x1c
 1155 06bb 747000   		.ascii	"tp\000"
 1156 06be 01       		.byte	0x1
 1157 06bf B6       		.byte	0xb6
 1158 06c0 56020000 		.4byte	0x256
 1159 06c4 39020000 		.4byte	.LLST13
 1160 06c8 18       		.uleb128 0x18
 1161 06c9 10000000 		.4byte	.LVL18
 1162 06cd 9A070000 		.4byte	0x79a
 1163 06d1 DC060000 		.4byte	0x6dc
 1164 06d5 19       		.uleb128 0x19
 1165 06d6 01       		.uleb128 0x1
 1166 06d7 50       		.byte	0x50
 1167 06d8 02       		.uleb128 0x2
 1168 06d9 75       		.byte	0x75
 1169 06da 00       		.sleb128 0
 1170 06db 00       		.byte	0
 1171 06dc 18       		.uleb128 0x18
 1172 06dd 22000000 		.4byte	.LVL19
 1173 06e1 5A070000 		.4byte	0x75a
 1174 06e5 FD060000 		.4byte	0x6fd
 1175 06e9 19       		.uleb128 0x19
 1176 06ea 01       		.uleb128 0x1
 1177 06eb 53       		.byte	0x53
 1178 06ec 02       		.uleb128 0x2
 1179 06ed 74       		.byte	0x74
 1180 06ee 00       		.sleb128 0
 1181 06ef 19       		.uleb128 0x19
 1182 06f0 01       		.uleb128 0x1
 1183 06f1 52       		.byte	0x52
 1184 06f2 02       		.uleb128 0x2
 1185 06f3 76       		.byte	0x76
 1186 06f4 00       		.sleb128 0
 1187 06f5 19       		.uleb128 0x19
 1188 06f6 02       		.uleb128 0x2
 1189 06f7 7D       		.byte	0x7d
 1190 06f8 00       		.sleb128 0
 1191 06f9 02       		.uleb128 0x2
 1192 06fa 77       		.byte	0x77
 1193 06fb 00       		.sleb128 0
 1194 06fc 00       		.byte	0
 1195 06fd 1D       		.uleb128 0x1d
 1196 06fe 30000000 		.4byte	.LVL21
 1197 0702 84070000 		.4byte	0x784
ARM GAS  /tmp/ccRT5fnn.s 			page 22


 1198 0706 19       		.uleb128 0x19
 1199 0707 01       		.uleb128 0x1
 1200 0708 51       		.byte	0x51
 1201 0709 01       		.uleb128 0x1
 1202 070a 30       		.byte	0x30
 1203 070b 19       		.uleb128 0x19
 1204 070c 01       		.uleb128 0x1
 1205 070d 50       		.byte	0x50
 1206 070e 02       		.uleb128 0x2
 1207 070f 74       		.byte	0x74
 1208 0710 00       		.sleb128 0
 1209 0711 00       		.byte	0
 1210 0712 00       		.byte	0
 1211 0713 09       		.uleb128 0x9
 1212 0714 04       		.byte	0x4
 1213 0715 91040000 		.4byte	0x491
 1214 0719 1E       		.uleb128 0x1e
 1215 071a C2000000 		.4byte	.LASF86
 1216 071e 0B       		.byte	0xb
 1217 071f 5A       		.byte	0x5a
 1218 0720 2A070000 		.4byte	0x72a
 1219 0724 0D       		.uleb128 0xd
 1220 0725 92020000 		.4byte	0x292
 1221 0729 00       		.byte	0
 1222 072a 1E       		.uleb128 0x1e
 1223 072b 6C040000 		.4byte	.LASF87
 1224 072f 0C       		.byte	0xc
 1225 0730 84       		.byte	0x84
 1226 0731 40070000 		.4byte	0x740
 1227 0735 0D       		.uleb128 0xd
 1228 0736 13070000 		.4byte	0x713
 1229 073a 0D       		.uleb128 0xd
 1230 073b 92020000 		.4byte	0x292
 1231 073f 00       		.byte	0
 1232 0740 1F       		.uleb128 0x1f
 1233 0741 C2030000 		.4byte	.LASF88
 1234 0745 0B       		.byte	0xb
 1235 0746 59       		.byte	0x59
 1236 0747 92020000 		.4byte	0x292
 1237 074b 5A070000 		.4byte	0x75a
 1238 074f 0D       		.uleb128 0xd
 1239 0750 20040000 		.4byte	0x420
 1240 0754 0D       		.uleb128 0xd
 1241 0755 2C000000 		.4byte	0x2c
 1242 0759 00       		.byte	0
 1243 075a 20       		.uleb128 0x20
 1244 075b D7000000 		.4byte	.LASF89
 1245 075f 07       		.byte	0x7
 1246 0760 6E01     		.2byte	0x16e
 1247 0762 56020000 		.4byte	0x256
 1248 0766 84070000 		.4byte	0x784
 1249 076a 0D       		.uleb128 0xd
 1250 076b 92020000 		.4byte	0x292
 1251 076f 0D       		.uleb128 0xd
 1252 0770 2C000000 		.4byte	0x2c
 1253 0774 0D       		.uleb128 0xd
 1254 0775 01010000 		.4byte	0x101
ARM GAS  /tmp/ccRT5fnn.s 			page 23


 1255 0779 0D       		.uleb128 0xd
 1256 077a E9040000 		.4byte	0x4e9
 1257 077e 0D       		.uleb128 0xd
 1258 077f 92020000 		.4byte	0x292
 1259 0783 00       		.byte	0
 1260 0784 1E       		.uleb128 0x1e
 1261 0785 38040000 		.4byte	.LASF90
 1262 0789 0D       		.byte	0xd
 1263 078a 99       		.byte	0x99
 1264 078b 9A070000 		.4byte	0x79a
 1265 078f 0D       		.uleb128 0xd
 1266 0790 56020000 		.4byte	0x256
 1267 0794 0D       		.uleb128 0xd
 1268 0795 0C010000 		.4byte	0x10c
 1269 0799 00       		.byte	0
 1270 079a 21       		.uleb128 0x21
 1271 079b 60040000 		.4byte	.LASF91
 1272 079f 0C       		.byte	0xc
 1273 07a0 82       		.byte	0x82
 1274 07a1 92020000 		.4byte	0x292
 1275 07a5 0D       		.uleb128 0xd
 1276 07a6 13070000 		.4byte	0x713
 1277 07aa 00       		.byte	0
 1278 07ab 00       		.byte	0
 1279              		.section	.debug_abbrev,"",%progbits
 1280              	.Ldebug_abbrev0:
 1281 0000 01       		.uleb128 0x1
 1282 0001 11       		.uleb128 0x11
 1283 0002 01       		.byte	0x1
 1284 0003 25       		.uleb128 0x25
 1285 0004 0E       		.uleb128 0xe
 1286 0005 13       		.uleb128 0x13
 1287 0006 0B       		.uleb128 0xb
 1288 0007 03       		.uleb128 0x3
 1289 0008 0E       		.uleb128 0xe
 1290 0009 1B       		.uleb128 0x1b
 1291 000a 0E       		.uleb128 0xe
 1292 000b 55       		.uleb128 0x55
 1293 000c 17       		.uleb128 0x17
 1294 000d 11       		.uleb128 0x11
 1295 000e 01       		.uleb128 0x1
 1296 000f 10       		.uleb128 0x10
 1297 0010 17       		.uleb128 0x17
 1298 0011 00       		.byte	0
 1299 0012 00       		.byte	0
 1300 0013 02       		.uleb128 0x2
 1301 0014 24       		.uleb128 0x24
 1302 0015 00       		.byte	0
 1303 0016 0B       		.uleb128 0xb
 1304 0017 0B       		.uleb128 0xb
 1305 0018 3E       		.uleb128 0x3e
 1306 0019 0B       		.uleb128 0xb
 1307 001a 03       		.uleb128 0x3
 1308 001b 08       		.uleb128 0x8
 1309 001c 00       		.byte	0
 1310 001d 00       		.byte	0
 1311 001e 03       		.uleb128 0x3
ARM GAS  /tmp/ccRT5fnn.s 			page 24


 1312 001f 16       		.uleb128 0x16
 1313 0020 00       		.byte	0
 1314 0021 03       		.uleb128 0x3
 1315 0022 0E       		.uleb128 0xe
 1316 0023 3A       		.uleb128 0x3a
 1317 0024 0B       		.uleb128 0xb
 1318 0025 3B       		.uleb128 0x3b
 1319 0026 0B       		.uleb128 0xb
 1320 0027 49       		.uleb128 0x49
 1321 0028 13       		.uleb128 0x13
 1322 0029 00       		.byte	0
 1323 002a 00       		.byte	0
 1324 002b 04       		.uleb128 0x4
 1325 002c 24       		.uleb128 0x24
 1326 002d 00       		.byte	0
 1327 002e 0B       		.uleb128 0xb
 1328 002f 0B       		.uleb128 0xb
 1329 0030 3E       		.uleb128 0x3e
 1330 0031 0B       		.uleb128 0xb
 1331 0032 03       		.uleb128 0x3
 1332 0033 0E       		.uleb128 0xe
 1333 0034 00       		.byte	0
 1334 0035 00       		.byte	0
 1335 0036 05       		.uleb128 0x5
 1336 0037 13       		.uleb128 0x13
 1337 0038 01       		.byte	0x1
 1338 0039 03       		.uleb128 0x3
 1339 003a 0E       		.uleb128 0xe
 1340 003b 0B       		.uleb128 0xb
 1341 003c 0B       		.uleb128 0xb
 1342 003d 3A       		.uleb128 0x3a
 1343 003e 0B       		.uleb128 0xb
 1344 003f 3B       		.uleb128 0x3b
 1345 0040 0B       		.uleb128 0xb
 1346 0041 01       		.uleb128 0x1
 1347 0042 13       		.uleb128 0x13
 1348 0043 00       		.byte	0
 1349 0044 00       		.byte	0
 1350 0045 06       		.uleb128 0x6
 1351 0046 0D       		.uleb128 0xd
 1352 0047 00       		.byte	0
 1353 0048 03       		.uleb128 0x3
 1354 0049 0E       		.uleb128 0xe
 1355 004a 3A       		.uleb128 0x3a
 1356 004b 0B       		.uleb128 0xb
 1357 004c 3B       		.uleb128 0x3b
 1358 004d 0B       		.uleb128 0xb
 1359 004e 49       		.uleb128 0x49
 1360 004f 13       		.uleb128 0x13
 1361 0050 38       		.uleb128 0x38
 1362 0051 0B       		.uleb128 0xb
 1363 0052 00       		.byte	0
 1364 0053 00       		.byte	0
 1365 0054 07       		.uleb128 0x7
 1366 0055 0D       		.uleb128 0xd
 1367 0056 00       		.byte	0
 1368 0057 03       		.uleb128 0x3
ARM GAS  /tmp/ccRT5fnn.s 			page 25


 1369 0058 08       		.uleb128 0x8
 1370 0059 3A       		.uleb128 0x3a
 1371 005a 0B       		.uleb128 0xb
 1372 005b 3B       		.uleb128 0x3b
 1373 005c 0B       		.uleb128 0xb
 1374 005d 49       		.uleb128 0x49
 1375 005e 13       		.uleb128 0x13
 1376 005f 38       		.uleb128 0x38
 1377 0060 0B       		.uleb128 0xb
 1378 0061 00       		.byte	0
 1379 0062 00       		.byte	0
 1380 0063 08       		.uleb128 0x8
 1381 0064 13       		.uleb128 0x13
 1382 0065 01       		.byte	0x1
 1383 0066 0B       		.uleb128 0xb
 1384 0067 0B       		.uleb128 0xb
 1385 0068 3A       		.uleb128 0x3a
 1386 0069 0B       		.uleb128 0xb
 1387 006a 3B       		.uleb128 0x3b
 1388 006b 0B       		.uleb128 0xb
 1389 006c 01       		.uleb128 0x1
 1390 006d 13       		.uleb128 0x13
 1391 006e 00       		.byte	0
 1392 006f 00       		.byte	0
 1393 0070 09       		.uleb128 0x9
 1394 0071 0F       		.uleb128 0xf
 1395 0072 00       		.byte	0
 1396 0073 0B       		.uleb128 0xb
 1397 0074 0B       		.uleb128 0xb
 1398 0075 49       		.uleb128 0x49
 1399 0076 13       		.uleb128 0x13
 1400 0077 00       		.byte	0
 1401 0078 00       		.byte	0
 1402 0079 0A       		.uleb128 0xa
 1403 007a 0F       		.uleb128 0xf
 1404 007b 00       		.byte	0
 1405 007c 0B       		.uleb128 0xb
 1406 007d 0B       		.uleb128 0xb
 1407 007e 00       		.byte	0
 1408 007f 00       		.byte	0
 1409 0080 0B       		.uleb128 0xb
 1410 0081 35       		.uleb128 0x35
 1411 0082 00       		.byte	0
 1412 0083 49       		.uleb128 0x49
 1413 0084 13       		.uleb128 0x13
 1414 0085 00       		.byte	0
 1415 0086 00       		.byte	0
 1416 0087 0C       		.uleb128 0xc
 1417 0088 15       		.uleb128 0x15
 1418 0089 01       		.byte	0x1
 1419 008a 27       		.uleb128 0x27
 1420 008b 19       		.uleb128 0x19
 1421 008c 49       		.uleb128 0x49
 1422 008d 13       		.uleb128 0x13
 1423 008e 01       		.uleb128 0x1
 1424 008f 13       		.uleb128 0x13
 1425 0090 00       		.byte	0
ARM GAS  /tmp/ccRT5fnn.s 			page 26


 1426 0091 00       		.byte	0
 1427 0092 0D       		.uleb128 0xd
 1428 0093 05       		.uleb128 0x5
 1429 0094 00       		.byte	0
 1430 0095 49       		.uleb128 0x49
 1431 0096 13       		.uleb128 0x13
 1432 0097 00       		.byte	0
 1433 0098 00       		.byte	0
 1434 0099 0E       		.uleb128 0xe
 1435 009a 17       		.uleb128 0x17
 1436 009b 01       		.byte	0x1
 1437 009c 0B       		.uleb128 0xb
 1438 009d 0B       		.uleb128 0xb
 1439 009e 3A       		.uleb128 0x3a
 1440 009f 0B       		.uleb128 0xb
 1441 00a0 3B       		.uleb128 0x3b
 1442 00a1 0B       		.uleb128 0xb
 1443 00a2 01       		.uleb128 0x1
 1444 00a3 13       		.uleb128 0x13
 1445 00a4 00       		.byte	0
 1446 00a5 00       		.byte	0
 1447 00a6 0F       		.uleb128 0xf
 1448 00a7 0D       		.uleb128 0xd
 1449 00a8 00       		.byte	0
 1450 00a9 03       		.uleb128 0x3
 1451 00aa 0E       		.uleb128 0xe
 1452 00ab 3A       		.uleb128 0x3a
 1453 00ac 0B       		.uleb128 0xb
 1454 00ad 3B       		.uleb128 0x3b
 1455 00ae 0B       		.uleb128 0xb
 1456 00af 49       		.uleb128 0x49
 1457 00b0 13       		.uleb128 0x13
 1458 00b1 00       		.byte	0
 1459 00b2 00       		.byte	0
 1460 00b3 10       		.uleb128 0x10
 1461 00b4 17       		.uleb128 0x17
 1462 00b5 01       		.byte	0x1
 1463 00b6 03       		.uleb128 0x3
 1464 00b7 0E       		.uleb128 0xe
 1465 00b8 0B       		.uleb128 0xb
 1466 00b9 0B       		.uleb128 0xb
 1467 00ba 3A       		.uleb128 0x3a
 1468 00bb 0B       		.uleb128 0xb
 1469 00bc 3B       		.uleb128 0x3b
 1470 00bd 0B       		.uleb128 0xb
 1471 00be 01       		.uleb128 0x1
 1472 00bf 13       		.uleb128 0x13
 1473 00c0 00       		.byte	0
 1474 00c1 00       		.byte	0
 1475 00c2 11       		.uleb128 0x11
 1476 00c3 0D       		.uleb128 0xd
 1477 00c4 00       		.byte	0
 1478 00c5 03       		.uleb128 0x3
 1479 00c6 08       		.uleb128 0x8
 1480 00c7 3A       		.uleb128 0x3a
 1481 00c8 0B       		.uleb128 0xb
 1482 00c9 3B       		.uleb128 0x3b
ARM GAS  /tmp/ccRT5fnn.s 			page 27


 1483 00ca 0B       		.uleb128 0xb
 1484 00cb 49       		.uleb128 0x49
 1485 00cc 13       		.uleb128 0x13
 1486 00cd 00       		.byte	0
 1487 00ce 00       		.byte	0
 1488 00cf 12       		.uleb128 0x12
 1489 00d0 26       		.uleb128 0x26
 1490 00d1 00       		.byte	0
 1491 00d2 49       		.uleb128 0x49
 1492 00d3 13       		.uleb128 0x13
 1493 00d4 00       		.byte	0
 1494 00d5 00       		.byte	0
 1495 00d6 13       		.uleb128 0x13
 1496 00d7 2E       		.uleb128 0x2e
 1497 00d8 01       		.byte	0x1
 1498 00d9 3F       		.uleb128 0x3f
 1499 00da 19       		.uleb128 0x19
 1500 00db 03       		.uleb128 0x3
 1501 00dc 0E       		.uleb128 0xe
 1502 00dd 3A       		.uleb128 0x3a
 1503 00de 0B       		.uleb128 0xb
 1504 00df 3B       		.uleb128 0x3b
 1505 00e0 0B       		.uleb128 0xb
 1506 00e1 27       		.uleb128 0x27
 1507 00e2 19       		.uleb128 0x19
 1508 00e3 49       		.uleb128 0x49
 1509 00e4 13       		.uleb128 0x13
 1510 00e5 11       		.uleb128 0x11
 1511 00e6 01       		.uleb128 0x1
 1512 00e7 12       		.uleb128 0x12
 1513 00e8 06       		.uleb128 0x6
 1514 00e9 40       		.uleb128 0x40
 1515 00ea 18       		.uleb128 0x18
 1516 00eb 9742     		.uleb128 0x2117
 1517 00ed 19       		.uleb128 0x19
 1518 00ee 01       		.uleb128 0x1
 1519 00ef 13       		.uleb128 0x13
 1520 00f0 00       		.byte	0
 1521 00f1 00       		.byte	0
 1522 00f2 14       		.uleb128 0x14
 1523 00f3 05       		.uleb128 0x5
 1524 00f4 00       		.byte	0
 1525 00f5 03       		.uleb128 0x3
 1526 00f6 08       		.uleb128 0x8
 1527 00f7 3A       		.uleb128 0x3a
 1528 00f8 0B       		.uleb128 0xb
 1529 00f9 3B       		.uleb128 0x3b
 1530 00fa 0B       		.uleb128 0xb
 1531 00fb 49       		.uleb128 0x49
 1532 00fc 13       		.uleb128 0x13
 1533 00fd 02       		.uleb128 0x2
 1534 00fe 18       		.uleb128 0x18
 1535 00ff 00       		.byte	0
 1536 0100 00       		.byte	0
 1537 0101 15       		.uleb128 0x15
 1538 0102 2E       		.uleb128 0x2e
 1539 0103 01       		.byte	0x1
ARM GAS  /tmp/ccRT5fnn.s 			page 28


 1540 0104 3F       		.uleb128 0x3f
 1541 0105 19       		.uleb128 0x19
 1542 0106 03       		.uleb128 0x3
 1543 0107 0E       		.uleb128 0xe
 1544 0108 3A       		.uleb128 0x3a
 1545 0109 0B       		.uleb128 0xb
 1546 010a 3B       		.uleb128 0x3b
 1547 010b 0B       		.uleb128 0xb
 1548 010c 27       		.uleb128 0x27
 1549 010d 19       		.uleb128 0x19
 1550 010e 11       		.uleb128 0x11
 1551 010f 01       		.uleb128 0x1
 1552 0110 12       		.uleb128 0x12
 1553 0111 06       		.uleb128 0x6
 1554 0112 40       		.uleb128 0x40
 1555 0113 18       		.uleb128 0x18
 1556 0114 9742     		.uleb128 0x2117
 1557 0116 19       		.uleb128 0x19
 1558 0117 01       		.uleb128 0x1
 1559 0118 13       		.uleb128 0x13
 1560 0119 00       		.byte	0
 1561 011a 00       		.byte	0
 1562 011b 16       		.uleb128 0x16
 1563 011c 05       		.uleb128 0x5
 1564 011d 00       		.byte	0
 1565 011e 03       		.uleb128 0x3
 1566 011f 08       		.uleb128 0x8
 1567 0120 3A       		.uleb128 0x3a
 1568 0121 0B       		.uleb128 0xb
 1569 0122 3B       		.uleb128 0x3b
 1570 0123 0B       		.uleb128 0xb
 1571 0124 49       		.uleb128 0x49
 1572 0125 13       		.uleb128 0x13
 1573 0126 02       		.uleb128 0x2
 1574 0127 17       		.uleb128 0x17
 1575 0128 00       		.byte	0
 1576 0129 00       		.byte	0
 1577 012a 17       		.uleb128 0x17
 1578 012b 34       		.uleb128 0x34
 1579 012c 00       		.byte	0
 1580 012d 03       		.uleb128 0x3
 1581 012e 0E       		.uleb128 0xe
 1582 012f 3A       		.uleb128 0x3a
 1583 0130 0B       		.uleb128 0xb
 1584 0131 3B       		.uleb128 0x3b
 1585 0132 0B       		.uleb128 0xb
 1586 0133 49       		.uleb128 0x49
 1587 0134 13       		.uleb128 0x13
 1588 0135 02       		.uleb128 0x2
 1589 0136 17       		.uleb128 0x17
 1590 0137 00       		.byte	0
 1591 0138 00       		.byte	0
 1592 0139 18       		.uleb128 0x18
 1593 013a 898201   		.uleb128 0x4109
 1594 013d 01       		.byte	0x1
 1595 013e 11       		.uleb128 0x11
 1596 013f 01       		.uleb128 0x1
ARM GAS  /tmp/ccRT5fnn.s 			page 29


 1597 0140 31       		.uleb128 0x31
 1598 0141 13       		.uleb128 0x13
 1599 0142 01       		.uleb128 0x1
 1600 0143 13       		.uleb128 0x13
 1601 0144 00       		.byte	0
 1602 0145 00       		.byte	0
 1603 0146 19       		.uleb128 0x19
 1604 0147 8A8201   		.uleb128 0x410a
 1605 014a 00       		.byte	0
 1606 014b 02       		.uleb128 0x2
 1607 014c 18       		.uleb128 0x18
 1608 014d 9142     		.uleb128 0x2111
 1609 014f 18       		.uleb128 0x18
 1610 0150 00       		.byte	0
 1611 0151 00       		.byte	0
 1612 0152 1A       		.uleb128 0x1a
 1613 0153 898201   		.uleb128 0x4109
 1614 0156 00       		.byte	0
 1615 0157 11       		.uleb128 0x11
 1616 0158 01       		.uleb128 0x1
 1617 0159 31       		.uleb128 0x31
 1618 015a 13       		.uleb128 0x13
 1619 015b 00       		.byte	0
 1620 015c 00       		.byte	0
 1621 015d 1B       		.uleb128 0x1b
 1622 015e 05       		.uleb128 0x5
 1623 015f 00       		.byte	0
 1624 0160 03       		.uleb128 0x3
 1625 0161 0E       		.uleb128 0xe
 1626 0162 3A       		.uleb128 0x3a
 1627 0163 0B       		.uleb128 0xb
 1628 0164 3B       		.uleb128 0x3b
 1629 0165 0B       		.uleb128 0xb
 1630 0166 49       		.uleb128 0x49
 1631 0167 13       		.uleb128 0x13
 1632 0168 02       		.uleb128 0x2
 1633 0169 17       		.uleb128 0x17
 1634 016a 00       		.byte	0
 1635 016b 00       		.byte	0
 1636 016c 1C       		.uleb128 0x1c
 1637 016d 34       		.uleb128 0x34
 1638 016e 00       		.byte	0
 1639 016f 03       		.uleb128 0x3
 1640 0170 08       		.uleb128 0x8
 1641 0171 3A       		.uleb128 0x3a
 1642 0172 0B       		.uleb128 0xb
 1643 0173 3B       		.uleb128 0x3b
 1644 0174 0B       		.uleb128 0xb
 1645 0175 49       		.uleb128 0x49
 1646 0176 13       		.uleb128 0x13
 1647 0177 02       		.uleb128 0x2
 1648 0178 17       		.uleb128 0x17
 1649 0179 00       		.byte	0
 1650 017a 00       		.byte	0
 1651 017b 1D       		.uleb128 0x1d
 1652 017c 898201   		.uleb128 0x4109
 1653 017f 01       		.byte	0x1
ARM GAS  /tmp/ccRT5fnn.s 			page 30


 1654 0180 11       		.uleb128 0x11
 1655 0181 01       		.uleb128 0x1
 1656 0182 31       		.uleb128 0x31
 1657 0183 13       		.uleb128 0x13
 1658 0184 00       		.byte	0
 1659 0185 00       		.byte	0
 1660 0186 1E       		.uleb128 0x1e
 1661 0187 2E       		.uleb128 0x2e
 1662 0188 01       		.byte	0x1
 1663 0189 3F       		.uleb128 0x3f
 1664 018a 19       		.uleb128 0x19
 1665 018b 03       		.uleb128 0x3
 1666 018c 0E       		.uleb128 0xe
 1667 018d 3A       		.uleb128 0x3a
 1668 018e 0B       		.uleb128 0xb
 1669 018f 3B       		.uleb128 0x3b
 1670 0190 0B       		.uleb128 0xb
 1671 0191 27       		.uleb128 0x27
 1672 0192 19       		.uleb128 0x19
 1673 0193 3C       		.uleb128 0x3c
 1674 0194 19       		.uleb128 0x19
 1675 0195 01       		.uleb128 0x1
 1676 0196 13       		.uleb128 0x13
 1677 0197 00       		.byte	0
 1678 0198 00       		.byte	0
 1679 0199 1F       		.uleb128 0x1f
 1680 019a 2E       		.uleb128 0x2e
 1681 019b 01       		.byte	0x1
 1682 019c 3F       		.uleb128 0x3f
 1683 019d 19       		.uleb128 0x19
 1684 019e 03       		.uleb128 0x3
 1685 019f 0E       		.uleb128 0xe
 1686 01a0 3A       		.uleb128 0x3a
 1687 01a1 0B       		.uleb128 0xb
 1688 01a2 3B       		.uleb128 0x3b
 1689 01a3 0B       		.uleb128 0xb
 1690 01a4 27       		.uleb128 0x27
 1691 01a5 19       		.uleb128 0x19
 1692 01a6 49       		.uleb128 0x49
 1693 01a7 13       		.uleb128 0x13
 1694 01a8 3C       		.uleb128 0x3c
 1695 01a9 19       		.uleb128 0x19
 1696 01aa 01       		.uleb128 0x1
 1697 01ab 13       		.uleb128 0x13
 1698 01ac 00       		.byte	0
 1699 01ad 00       		.byte	0
 1700 01ae 20       		.uleb128 0x20
 1701 01af 2E       		.uleb128 0x2e
 1702 01b0 01       		.byte	0x1
 1703 01b1 3F       		.uleb128 0x3f
 1704 01b2 19       		.uleb128 0x19
 1705 01b3 03       		.uleb128 0x3
 1706 01b4 0E       		.uleb128 0xe
 1707 01b5 3A       		.uleb128 0x3a
 1708 01b6 0B       		.uleb128 0xb
 1709 01b7 3B       		.uleb128 0x3b
 1710 01b8 05       		.uleb128 0x5
ARM GAS  /tmp/ccRT5fnn.s 			page 31


 1711 01b9 27       		.uleb128 0x27
 1712 01ba 19       		.uleb128 0x19
 1713 01bb 49       		.uleb128 0x49
 1714 01bc 13       		.uleb128 0x13
 1715 01bd 3C       		.uleb128 0x3c
 1716 01be 19       		.uleb128 0x19
 1717 01bf 01       		.uleb128 0x1
 1718 01c0 13       		.uleb128 0x13
 1719 01c1 00       		.byte	0
 1720 01c2 00       		.byte	0
 1721 01c3 21       		.uleb128 0x21
 1722 01c4 2E       		.uleb128 0x2e
 1723 01c5 01       		.byte	0x1
 1724 01c6 3F       		.uleb128 0x3f
 1725 01c7 19       		.uleb128 0x19
 1726 01c8 03       		.uleb128 0x3
 1727 01c9 0E       		.uleb128 0xe
 1728 01ca 3A       		.uleb128 0x3a
 1729 01cb 0B       		.uleb128 0xb
 1730 01cc 3B       		.uleb128 0x3b
 1731 01cd 0B       		.uleb128 0xb
 1732 01ce 27       		.uleb128 0x27
 1733 01cf 19       		.uleb128 0x19
 1734 01d0 49       		.uleb128 0x49
 1735 01d1 13       		.uleb128 0x13
 1736 01d2 3C       		.uleb128 0x3c
 1737 01d3 19       		.uleb128 0x19
 1738 01d4 00       		.byte	0
 1739 01d5 00       		.byte	0
 1740 01d6 00       		.byte	0
 1741              		.section	.debug_loc,"",%progbits
 1742              	.Ldebug_loc0:
 1743              	.LLST0:
 1744 0000 00000000 		.4byte	.LVL1
 1745 0004 39000000 		.4byte	.LVL4-1
 1746 0008 0100     		.2byte	0x1
 1747 000a 50       		.byte	0x50
 1748 000b 39000000 		.4byte	.LVL4-1
 1749 000f 3C000000 		.4byte	.LVL5
 1750 0013 0400     		.2byte	0x4
 1751 0015 F3       		.byte	0xf3
 1752 0016 01       		.uleb128 0x1
 1753 0017 50       		.byte	0x50
 1754 0018 9F       		.byte	0x9f
 1755 0019 3C000000 		.4byte	.LVL5
 1756 001d 4A000000 		.4byte	.LVL6
 1757 0021 0100     		.2byte	0x1
 1758 0023 50       		.byte	0x50
 1759 0024 4A000000 		.4byte	.LVL6
 1760 0028 4D000000 		.4byte	.LVL7-1
 1761 002c 0100     		.2byte	0x1
 1762 002e 51       		.byte	0x51
 1763 002f 4D000000 		.4byte	.LVL7-1
 1764 0033 50000000 		.4byte	.LFE8
 1765 0037 0400     		.2byte	0x4
 1766 0039 F3       		.byte	0xf3
 1767 003a 01       		.uleb128 0x1
ARM GAS  /tmp/ccRT5fnn.s 			page 32


 1768 003b 50       		.byte	0x50
 1769 003c 9F       		.byte	0x9f
 1770 003d 00000000 		.4byte	0
 1771 0041 00000000 		.4byte	0
 1772              	.LLST1:
 1773 0045 0E000000 		.4byte	.LVL2
 1774 0049 16000000 		.4byte	.LVL3
 1775 004d 0100     		.2byte	0x1
 1776 004f 53       		.byte	0x53
 1777 0050 00000000 		.4byte	0
 1778 0054 00000000 		.4byte	0
 1779              	.LLST2:
 1780 0058 00000000 		.4byte	.LVL8
 1781 005c 0D000000 		.4byte	.LVL9-1
 1782 0060 0100     		.2byte	0x1
 1783 0062 50       		.byte	0x50
 1784 0063 0D000000 		.4byte	.LVL9-1
 1785 0067 3A000000 		.4byte	.LFE9
 1786 006b 0400     		.2byte	0x4
 1787 006d F3       		.byte	0xf3
 1788 006e 01       		.uleb128 0x1
 1789 006f 50       		.byte	0x50
 1790 0070 9F       		.byte	0x9f
 1791 0071 00000000 		.4byte	0
 1792 0075 00000000 		.4byte	0
 1793              	.LLST3:
 1794 0079 00000000 		.4byte	.LVL8
 1795 007d 0D000000 		.4byte	.LVL9-1
 1796 0081 0100     		.2byte	0x1
 1797 0083 51       		.byte	0x51
 1798 0084 0D000000 		.4byte	.LVL9-1
 1799 0088 24000000 		.4byte	.LVL11
 1800 008c 0100     		.2byte	0x1
 1801 008e 54       		.byte	0x54
 1802 008f 24000000 		.4byte	.LVL11
 1803 0093 34000000 		.4byte	.LVL13
 1804 0097 0400     		.2byte	0x4
 1805 0099 F3       		.byte	0xf3
 1806 009a 01       		.uleb128 0x1
 1807 009b 51       		.byte	0x51
 1808 009c 9F       		.byte	0x9f
 1809 009d 34000000 		.4byte	.LVL13
 1810 00a1 36000000 		.4byte	.LVL14
 1811 00a5 0100     		.2byte	0x1
 1812 00a7 54       		.byte	0x54
 1813 00a8 36000000 		.4byte	.LVL14
 1814 00ac 3A000000 		.4byte	.LFE9
 1815 00b0 0400     		.2byte	0x4
 1816 00b2 F3       		.byte	0xf3
 1817 00b3 01       		.uleb128 0x1
 1818 00b4 51       		.byte	0x51
 1819 00b5 9F       		.byte	0x9f
 1820 00b6 00000000 		.4byte	0
 1821 00ba 00000000 		.4byte	0
 1822              	.LLST4:
 1823 00be 00000000 		.4byte	.LVL8
 1824 00c2 0D000000 		.4byte	.LVL9-1
ARM GAS  /tmp/ccRT5fnn.s 			page 33


 1825 00c6 0100     		.2byte	0x1
 1826 00c8 52       		.byte	0x52
 1827 00c9 0D000000 		.4byte	.LVL9-1
 1828 00cd 38000000 		.4byte	.LVL16
 1829 00d1 0100     		.2byte	0x1
 1830 00d3 56       		.byte	0x56
 1831 00d4 38000000 		.4byte	.LVL16
 1832 00d8 3A000000 		.4byte	.LFE9
 1833 00dc 0400     		.2byte	0x4
 1834 00de F3       		.byte	0xf3
 1835 00df 01       		.uleb128 0x1
 1836 00e0 52       		.byte	0x52
 1837 00e1 9F       		.byte	0x9f
 1838 00e2 00000000 		.4byte	0
 1839 00e6 00000000 		.4byte	0
 1840              	.LLST5:
 1841 00ea 00000000 		.4byte	.LVL8
 1842 00ee 0D000000 		.4byte	.LVL9-1
 1843 00f2 0100     		.2byte	0x1
 1844 00f4 53       		.byte	0x53
 1845 00f5 0D000000 		.4byte	.LVL9-1
 1846 00f9 38000000 		.4byte	.LVL15
 1847 00fd 0100     		.2byte	0x1
 1848 00ff 55       		.byte	0x55
 1849 0100 38000000 		.4byte	.LVL15
 1850 0104 3A000000 		.4byte	.LFE9
 1851 0108 0400     		.2byte	0x4
 1852 010a F3       		.byte	0xf3
 1853 010b 01       		.uleb128 0x1
 1854 010c 53       		.byte	0x53
 1855 010d 9F       		.byte	0x9f
 1856 010e 00000000 		.4byte	0
 1857 0112 00000000 		.4byte	0
 1858              	.LLST6:
 1859 0116 0E000000 		.4byte	.LVL9
 1860 011a 21000000 		.4byte	.LVL10-1
 1861 011e 0100     		.2byte	0x1
 1862 0120 50       		.byte	0x50
 1863 0121 34000000 		.4byte	.LVL13
 1864 0125 36000000 		.4byte	.LVL14
 1865 0129 0100     		.2byte	0x1
 1866 012b 50       		.byte	0x50
 1867 012c 00000000 		.4byte	0
 1868 0130 00000000 		.4byte	0
 1869              	.LLST7:
 1870 0134 24000000 		.4byte	.LVL11
 1871 0138 2D000000 		.4byte	.LVL12-1
 1872 013c 0100     		.2byte	0x1
 1873 013e 50       		.byte	0x50
 1874 013f 2D000000 		.4byte	.LVL12-1
 1875 0143 34000000 		.4byte	.LVL13
 1876 0147 0100     		.2byte	0x1
 1877 0149 54       		.byte	0x54
 1878 014a 00000000 		.4byte	0
 1879 014e 00000000 		.4byte	0
 1880              	.LLST8:
 1881 0152 00000000 		.4byte	.LVL17
ARM GAS  /tmp/ccRT5fnn.s 			page 34


 1882 0156 0F000000 		.4byte	.LVL18-1
 1883 015a 0100     		.2byte	0x1
 1884 015c 50       		.byte	0x50
 1885 015d 0F000000 		.4byte	.LVL18-1
 1886 0161 3A000000 		.4byte	.LVL24
 1887 0165 0100     		.2byte	0x1
 1888 0167 55       		.byte	0x55
 1889 0168 3A000000 		.4byte	.LVL24
 1890 016c 3C000000 		.4byte	.LFE10
 1891 0170 0400     		.2byte	0x4
 1892 0172 F3       		.byte	0xf3
 1893 0173 01       		.uleb128 0x1
 1894 0174 50       		.byte	0x50
 1895 0175 9F       		.byte	0x9f
 1896 0176 00000000 		.4byte	0
 1897 017a 00000000 		.4byte	0
 1898              	.LLST9:
 1899 017e 00000000 		.4byte	.LVL17
 1900 0182 0F000000 		.4byte	.LVL18-1
 1901 0186 0100     		.2byte	0x1
 1902 0188 51       		.byte	0x51
 1903 0189 0F000000 		.4byte	.LVL18-1
 1904 018d 3A000000 		.4byte	.LVL25
 1905 0191 0100     		.2byte	0x1
 1906 0193 56       		.byte	0x56
 1907 0194 3A000000 		.4byte	.LVL25
 1908 0198 3C000000 		.4byte	.LFE10
 1909 019c 0400     		.2byte	0x4
 1910 019e F3       		.byte	0xf3
 1911 019f 01       		.uleb128 0x1
 1912 01a0 51       		.byte	0x51
 1913 01a1 9F       		.byte	0x9f
 1914 01a2 00000000 		.4byte	0
 1915 01a6 00000000 		.4byte	0
 1916              	.LLST10:
 1917 01aa 00000000 		.4byte	.LVL17
 1918 01ae 0F000000 		.4byte	.LVL18-1
 1919 01b2 0100     		.2byte	0x1
 1920 01b4 52       		.byte	0x52
 1921 01b5 0F000000 		.4byte	.LVL18-1
 1922 01b9 24000000 		.4byte	.LVL20
 1923 01bd 0100     		.2byte	0x1
 1924 01bf 54       		.byte	0x54
 1925 01c0 24000000 		.4byte	.LVL20
 1926 01c4 36000000 		.4byte	.LVL22
 1927 01c8 0400     		.2byte	0x4
 1928 01ca F3       		.byte	0xf3
 1929 01cb 01       		.uleb128 0x1
 1930 01cc 52       		.byte	0x52
 1931 01cd 9F       		.byte	0x9f
 1932 01ce 36000000 		.4byte	.LVL22
 1933 01d2 38000000 		.4byte	.LVL23
 1934 01d6 0100     		.2byte	0x1
 1935 01d8 54       		.byte	0x54
 1936 01d9 38000000 		.4byte	.LVL23
 1937 01dd 3C000000 		.4byte	.LFE10
 1938 01e1 0400     		.2byte	0x4
ARM GAS  /tmp/ccRT5fnn.s 			page 35


 1939 01e3 F3       		.byte	0xf3
 1940 01e4 01       		.uleb128 0x1
 1941 01e5 52       		.byte	0x52
 1942 01e6 9F       		.byte	0x9f
 1943 01e7 00000000 		.4byte	0
 1944 01eb 00000000 		.4byte	0
 1945              	.LLST11:
 1946 01ef 00000000 		.4byte	.LVL17
 1947 01f3 0F000000 		.4byte	.LVL18-1
 1948 01f7 0100     		.2byte	0x1
 1949 01f9 53       		.byte	0x53
 1950 01fa 0F000000 		.4byte	.LVL18-1
 1951 01fe 3A000000 		.4byte	.LVL26
 1952 0202 0100     		.2byte	0x1
 1953 0204 57       		.byte	0x57
 1954 0205 3A000000 		.4byte	.LVL26
 1955 0209 3C000000 		.4byte	.LFE10
 1956 020d 0400     		.2byte	0x4
 1957 020f F3       		.byte	0xf3
 1958 0210 01       		.uleb128 0x1
 1959 0211 53       		.byte	0x53
 1960 0212 9F       		.byte	0x9f
 1961 0213 00000000 		.4byte	0
 1962 0217 00000000 		.4byte	0
 1963              	.LLST12:
 1964 021b 10000000 		.4byte	.LVL18
 1965 021f 21000000 		.4byte	.LVL19-1
 1966 0223 0100     		.2byte	0x1
 1967 0225 50       		.byte	0x50
 1968 0226 36000000 		.4byte	.LVL22
 1969 022a 38000000 		.4byte	.LVL23
 1970 022e 0100     		.2byte	0x1
 1971 0230 50       		.byte	0x50
 1972 0231 00000000 		.4byte	0
 1973 0235 00000000 		.4byte	0
 1974              	.LLST13:
 1975 0239 24000000 		.4byte	.LVL20
 1976 023d 2F000000 		.4byte	.LVL21-1
 1977 0241 0100     		.2byte	0x1
 1978 0243 50       		.byte	0x50
 1979 0244 2F000000 		.4byte	.LVL21-1
 1980 0248 36000000 		.4byte	.LVL22
 1981 024c 0100     		.2byte	0x1
 1982 024e 54       		.byte	0x54
 1983 024f 00000000 		.4byte	0
 1984 0253 00000000 		.4byte	0
 1985              		.section	.debug_aranges,"",%progbits
 1986 0000 34000000 		.4byte	0x34
 1987 0004 0200     		.2byte	0x2
 1988 0006 00000000 		.4byte	.Ldebug_info0
 1989 000a 04       		.byte	0x4
 1990 000b 00       		.byte	0
 1991 000c 0000     		.2byte	0
 1992 000e 0000     		.2byte	0
 1993 0010 00000000 		.4byte	.LFB7
 1994 0014 0C000000 		.4byte	.LFE7-.LFB7
 1995 0018 00000000 		.4byte	.LFB8
ARM GAS  /tmp/ccRT5fnn.s 			page 36


 1996 001c 50000000 		.4byte	.LFE8-.LFB8
 1997 0020 00000000 		.4byte	.LFB9
 1998 0024 3A000000 		.4byte	.LFE9-.LFB9
 1999 0028 00000000 		.4byte	.LFB10
 2000 002c 3C000000 		.4byte	.LFE10-.LFB10
 2001 0030 00000000 		.4byte	0
 2002 0034 00000000 		.4byte	0
 2003              		.section	.debug_ranges,"",%progbits
 2004              	.Ldebug_ranges0:
 2005 0000 00000000 		.4byte	.LFB7
 2006 0004 0C000000 		.4byte	.LFE7
 2007 0008 00000000 		.4byte	.LFB8
 2008 000c 50000000 		.4byte	.LFE8
 2009 0010 00000000 		.4byte	.LFB9
 2010 0014 3A000000 		.4byte	.LFE9
 2011 0018 00000000 		.4byte	.LFB10
 2012 001c 3C000000 		.4byte	.LFE10
 2013 0020 00000000 		.4byte	0
 2014 0024 00000000 		.4byte	0
 2015              		.section	.debug_line,"",%progbits
 2016              	.Ldebug_line0:
 2017 0000 8E020000 		.section	.debug_str,"MS",%progbits,1
 2017      02001202 
 2017      00000201 
 2017      FB0E0D00 
 2017      01010101 
 2018              	.LASF79:
 2019 0000 7466756E 		.ascii	"tfunc_t\000"
 2019      635F7400 
 2020              	.LASF42:
 2021 0008 705F6D73 		.ascii	"p_msg\000"
 2021      6700
 2022              	.LASF2:
 2023 000e 73697A65 		.ascii	"size_t\000"
 2023      5F7400
 2024              	.LASF74:
 2025 0015 7264796D 		.ascii	"rdymsg\000"
 2025      736700
 2026              	.LASF17:
 2027 001c 75696E74 		.ascii	"uint64_t\000"
 2027      36345F74 
 2027      00
 2028              	.LASF3:
 2029 0025 5F5F7569 		.ascii	"__uint8_t\000"
 2029      6E74385F 
 2029      7400
 2030              	.LASF73:
 2031 002f 4D656D6F 		.ascii	"MemoryPool\000"
 2031      7279506F 
 2031      6F6C00
 2032              	.LASF58:
 2033 003a 6D656D67 		.ascii	"memgetfunc_t\000"
 2033      65746675 
 2033      6E635F74 
 2033      00
 2034              	.LASF13:
 2035 0047 6C6F6E67 		.ascii	"long long unsigned int\000"
ARM GAS  /tmp/ccRT5fnn.s 			page 37


 2035      206C6F6E 
 2035      6720756E 
 2035      7369676E 
 2035      65642069 
 2036              	.LASF75:
 2037 005e 65786974 		.ascii	"exitcode\000"
 2037      636F6465 
 2037      00
 2038              	.LASF62:
 2039 0067 685F6672 		.ascii	"h_free\000"
 2039      656500
 2040              	.LASF82:
 2041 006e 68656170 		.ascii	"heapp\000"
 2041      7000
 2042              	.LASF64:
 2043 0074 6E657874 		.ascii	"next\000"
 2043      00
 2044              	.LASF30:
 2045 0079 705F7072 		.ascii	"p_prio\000"
 2045      696F00
 2046              	.LASF11:
 2047 0080 6C6F6E67 		.ascii	"long long int\000"
 2047      206C6F6E 
 2047      6720696E 
 2047      7400
 2048              	.LASF1:
 2049 008e 7369676E 		.ascii	"signed char\000"
 2049      65642063 
 2049      68617200 
 2050              	.LASF63:
 2051 009a 685F6D74 		.ascii	"h_mtx\000"
 2051      7800
 2052              	.LASF10:
 2053 00a0 6C6F6E67 		.ascii	"long unsigned int\000"
 2053      20756E73 
 2053      69676E65 
 2053      6420696E 
 2053      7400
 2054              	.LASF46:
 2055 00b2 705F6D70 		.ascii	"p_mpool\000"
 2055      6F6F6C00 
 2056              	.LASF55:
 2057 00ba 6D5F7175 		.ascii	"m_queue\000"
 2057      65756500 
 2058              	.LASF86:
 2059 00c2 63684865 		.ascii	"chHeapFree\000"
 2059      61704672 
 2059      656500
 2060              	.LASF22:
 2061 00cd 74736C69 		.ascii	"tslices_t\000"
 2061      6365735F 
 2061      7400
 2062              	.LASF89:
 2063 00d7 63685468 		.ascii	"chThdCreateI\000"
 2063      64437265 
 2063      61746549 
 2063      00
ARM GAS  /tmp/ccRT5fnn.s 			page 38


 2064              	.LASF8:
 2065 00e4 6C6F6E67 		.ascii	"long int\000"
 2065      20696E74 
 2065      00
 2066              	.LASF81:
 2067 00ed 63685468 		.ascii	"chThdCreateFromHeap\000"
 2067      64437265 
 2067      61746546 
 2067      726F6D48 
 2067      65617000 
 2068              	.LASF20:
 2069 0101 74737461 		.ascii	"tstate_t\000"
 2069      74655F74 
 2069      00
 2070              	.LASF70:
 2071 010a 6D705F6E 		.ascii	"mp_next\000"
 2071      65787400 
 2072              	.LASF32:
 2073 0112 705F6E65 		.ascii	"p_newer\000"
 2073      77657200 
 2074              	.LASF85:
 2075 011a 63685468 		.ascii	"chThdCreateFromMemoryPool\000"
 2075      64437265 
 2075      61746546 
 2075      726F6D4D 
 2075      656D6F72 
 2076              	.LASF9:
 2077 0134 5F5F7569 		.ascii	"__uint32_t\000"
 2077      6E743332 
 2077      5F7400
 2078              	.LASF72:
 2079 013f 6D705F70 		.ascii	"mp_provider\000"
 2079      726F7669 
 2079      64657200 
 2080              	.LASF49:
 2081 014b 72656761 		.ascii	"regarm_t\000"
 2081      726D5F74 
 2081      00
 2082              	.LASF66:
 2083 0154 616C6967 		.ascii	"align\000"
 2083      6E00
 2084              	.LASF93:
 2085 015a 43686962 		.ascii	"ChibiOS_2.6.5/os/kernel/src/chdynamic.c\000"
 2085      694F535F 
 2085      322E362E 
 2085      352F6F73 
 2085      2F6B6572 
 2086              	.LASF94:
 2087 0182 2F484444 		.ascii	"/HDD/Projects/workspace_test4/Altimeter/\000"
 2087      2F50726F 
 2087      6A656374 
 2087      732F776F 
 2087      726B7370 
 2088              	.LASF52:
 2089 01ab 636F6E74 		.ascii	"context\000"
 2089      65787400 
 2090              	.LASF67:
ARM GAS  /tmp/ccRT5fnn.s 			page 39


 2091 01b3 73697A65 		.ascii	"size\000"
 2091      00
 2092              	.LASF6:
 2093 01b8 73686F72 		.ascii	"short unsigned int\000"
 2093      7420756E 
 2093      7369676E 
 2093      65642069 
 2093      6E7400
 2094              	.LASF24:
 2095 01cb 6D73675F 		.ascii	"msg_t\000"
 2095      7400
 2096              	.LASF92:
 2097 01d1 474E5520 		.ascii	"GNU C 4.8.4 20140526 (release) [ARM/embedded-4_8-br"
 2097      4320342E 
 2097      382E3420 
 2097      32303134 
 2097      30353236 
 2098 0204 616E6368 		.ascii	"anch revision 211358] -mcpu=cortex-m0 -mno-thumb-in"
 2098      20726576 
 2098      6973696F 
 2098      6E203231 
 2098      31333538 
 2099 0237 74657277 		.ascii	"terwork -mthumb -ggdb -O1 -fomit-frame-pointer -ffu"
 2099      6F726B20 
 2099      2D6D7468 
 2099      756D6220 
 2099      2D676764 
 2100 026a 6E637469 		.ascii	"nction-sections -fdata-sections -fno-common\000"
 2100      6F6E2D73 
 2100      65637469 
 2100      6F6E7320 
 2100      2D666461 
 2101              	.LASF48:
 2102 0296 54687265 		.ascii	"ThreadsList\000"
 2102      6164734C 
 2102      69737400 
 2103              	.LASF25:
 2104 02a2 6576656E 		.ascii	"eventmask_t\000"
 2104      746D6173 
 2104      6B5F7400 
 2105              	.LASF54:
 2106 02ae 4D757465 		.ascii	"Mutex\000"
 2106      7800
 2107              	.LASF80:
 2108 02b4 63685468 		.ascii	"chThdAddRef\000"
 2108      64416464 
 2108      52656600 
 2109              	.LASF50:
 2110 02c0 73746B61 		.ascii	"stkalign_t\000"
 2110      6C69676E 
 2110      5F7400
 2111              	.LASF53:
 2112 02cb 73697A65 		.ascii	"sizetype\000"
 2112      74797065 
 2112      00
 2113              	.LASF33:
 2114 02d4 705F6F6C 		.ascii	"p_older\000"
ARM GAS  /tmp/ccRT5fnn.s 			page 40


 2114      64657200 
 2115              	.LASF47:
 2116 02dc 54687265 		.ascii	"ThreadsQueue\000"
 2116      61647351 
 2116      75657565 
 2116      00
 2117              	.LASF71:
 2118 02e9 6D705F6F 		.ascii	"mp_object_size\000"
 2118      626A6563 
 2118      745F7369 
 2118      7A6500
 2119              	.LASF83:
 2120 02f8 7072696F 		.ascii	"prio\000"
 2120      00
 2121              	.LASF59:
 2122 02fd 4D656D6F 		.ascii	"MemoryHeap\000"
 2122      72794865 
 2122      617000
 2123              	.LASF12:
 2124 0308 5F5F7569 		.ascii	"__uint64_t\000"
 2124      6E743634 
 2124      5F7400
 2125              	.LASF69:
 2126 0313 70685F6E 		.ascii	"ph_next\000"
 2126      65787400 
 2127              	.LASF21:
 2128 031b 74726566 		.ascii	"trefs_t\000"
 2128      735F7400 
 2129              	.LASF84:
 2130 0323 72656673 		.ascii	"refs\000"
 2130      00
 2131              	.LASF29:
 2132 0328 705F7072 		.ascii	"p_prev\000"
 2132      657600
 2133              	.LASF23:
 2134 032f 74707269 		.ascii	"tprio_t\000"
 2134      6F5F7400 
 2135              	.LASF18:
 2136 0337 5F426F6F 		.ascii	"_Bool\000"
 2136      6C00
 2137              	.LASF15:
 2138 033d 696E7433 		.ascii	"int32_t\000"
 2138      325F7400 
 2139              	.LASF4:
 2140 0345 756E7369 		.ascii	"unsigned char\000"
 2140      676E6564 
 2140      20636861 
 2140      7200
 2141              	.LASF61:
 2142 0353 685F7072 		.ascii	"h_provider\000"
 2142      6F766964 
 2142      657200
 2143              	.LASF44:
 2144 035e 705F6D74 		.ascii	"p_mtxlist\000"
 2144      786C6973 
 2144      7400
 2145              	.LASF5:
ARM GAS  /tmp/ccRT5fnn.s 			page 41


 2146 0368 73686F72 		.ascii	"short int\000"
 2146      7420696E 
 2146      7400
 2147              	.LASF35:
 2148 0372 705F7374 		.ascii	"p_state\000"
 2148      61746500 
 2149              	.LASF38:
 2150 037a 705F7072 		.ascii	"p_preempt\000"
 2150      65656D70 
 2150      7400
 2151              	.LASF95:
 2152 0384 68656170 		.ascii	"heap_header\000"
 2152      5F686561 
 2152      64657200 
 2153              	.LASF77:
 2154 0390 65776D61 		.ascii	"ewmask\000"
 2154      736B00
 2155              	.LASF28:
 2156 0397 705F6E65 		.ascii	"p_next\000"
 2156      787400
 2157              	.LASF19:
 2158 039e 746D6F64 		.ascii	"tmode_t\000"
 2158      655F7400 
 2159              	.LASF36:
 2160 03a6 705F666C 		.ascii	"p_flags\000"
 2160      61677300 
 2161              	.LASF96:
 2162 03ae 63685468 		.ascii	"chThdRelease\000"
 2162      6452656C 
 2162      65617365 
 2162      00
 2163              	.LASF27:
 2164 03bb 54687265 		.ascii	"Thread\000"
 2164      616400
 2165              	.LASF88:
 2166 03c2 63684865 		.ascii	"chHeapAlloc\000"
 2166      6170416C 
 2166      6C6F6300 
 2167              	.LASF43:
 2168 03ce 705F6570 		.ascii	"p_epending\000"
 2168      656E6469 
 2168      6E6700
 2169              	.LASF16:
 2170 03d9 75696E74 		.ascii	"uint32_t\000"
 2170      33325F74 
 2170      00
 2171              	.LASF65:
 2172 03e2 68656170 		.ascii	"heap\000"
 2172      00
 2173              	.LASF78:
 2174 03e7 63686172 		.ascii	"char\000"
 2174      00
 2175              	.LASF0:
 2176 03ec 756E7369 		.ascii	"unsigned int\000"
 2176      676E6564 
 2176      20696E74 
 2176      00
ARM GAS  /tmp/ccRT5fnn.s 			page 42


 2177              	.LASF57:
 2178 03f9 6D5F6E65 		.ascii	"m_next\000"
 2178      787400
 2179              	.LASF26:
 2180 0400 73797374 		.ascii	"systime_t\000"
 2180      696D655F 
 2180      7400
 2181              	.LASF45:
 2182 040a 705F7265 		.ascii	"p_realprio\000"
 2182      616C7072 
 2182      696F00
 2183              	.LASF7:
 2184 0415 5F5F696E 		.ascii	"__int32_t\000"
 2184      7433325F 
 2184      7400
 2185              	.LASF39:
 2186 041f 705F7469 		.ascii	"p_time\000"
 2186      6D6500
 2187              	.LASF51:
 2188 0426 696E7463 		.ascii	"intctx\000"
 2188      747800
 2189              	.LASF41:
 2190 042d 705F6D73 		.ascii	"p_msgqueue\000"
 2190      67717565 
 2190      756500
 2191              	.LASF90:
 2192 0438 63685363 		.ascii	"chSchWakeupS\000"
 2192      6857616B 
 2192      65757053 
 2192      00
 2193              	.LASF68:
 2194 0445 706F6F6C 		.ascii	"pool_header\000"
 2194      5F686561 
 2194      64657200 
 2195              	.LASF37:
 2196 0451 705F7265 		.ascii	"p_refs\000"
 2196      667300
 2197              	.LASF14:
 2198 0458 75696E74 		.ascii	"uint8_t\000"
 2198      385F7400 
 2199              	.LASF91:
 2200 0460 6368506F 		.ascii	"chPoolAlloc\000"
 2200      6F6C416C 
 2200      6C6F6300 
 2201              	.LASF87:
 2202 046c 6368506F 		.ascii	"chPoolFree\000"
 2202      6F6C4672 
 2202      656500
 2203              	.LASF76:
 2204 0477 77746F62 		.ascii	"wtobjp\000"
 2204      6A7000
 2205              	.LASF34:
 2206 047e 705F6E61 		.ascii	"p_name\000"
 2206      6D6500
 2207              	.LASF56:
 2208 0485 6D5F6F77 		.ascii	"m_owner\000"
 2208      6E657200 
ARM GAS  /tmp/ccRT5fnn.s 			page 43


 2209              	.LASF31:
 2210 048d 705F6374 		.ascii	"p_ctx\000"
 2210      7800
 2211              	.LASF40:
 2212 0493 705F7761 		.ascii	"p_waiting\000"
 2212      6974696E 
 2212      6700
 2213              	.LASF60:
 2214 049d 6D656D6F 		.ascii	"memory_heap\000"
 2214      72795F68 
 2214      65617000 
 2215              		.ident	"GCC: (GNU Tools for ARM Embedded Processors) 4.8.4 20140526 (release) [ARM/embedded-4_8-br
ARM GAS  /tmp/ccRT5fnn.s 			page 44


DEFINED SYMBOLS
                            *ABS*:00000000 chdynamic.c
     /tmp/ccRT5fnn.s:18     .text.chThdAddRef:00000000 $t
     /tmp/ccRT5fnn.s:23     .text.chThdAddRef:00000000 chThdAddRef
     /tmp/ccRT5fnn.s:50     .text.chThdRelease:00000000 $t
     /tmp/ccRT5fnn.s:55     .text.chThdRelease:00000000 chThdRelease
     /tmp/ccRT5fnn.s:133    .text.chThdCreateFromHeap:00000000 $t
     /tmp/ccRT5fnn.s:138    .text.chThdCreateFromHeap:00000000 chThdCreateFromHeap
     /tmp/ccRT5fnn.s:206    .text.chThdCreateFromMemoryPool:00000000 $t
     /tmp/ccRT5fnn.s:211    .text.chThdCreateFromMemoryPool:00000000 chThdCreateFromMemoryPool
                     .debug_frame:00000010 $d

UNDEFINED SYMBOLS
chHeapFree
chPoolFree
chHeapAlloc
chThdCreateI
chSchWakeupS
chPoolAlloc
