ARM GAS  /tmp/cclvwzaf.s 			page 1


   1              		.cpu cortex-m0
   2              		.fpu softvfp
   3              		.eabi_attribute 20, 1
   4              		.eabi_attribute 21, 1
   5              		.eabi_attribute 23, 3
   6              		.eabi_attribute 24, 1
   7              		.eabi_attribute 25, 1
   8              		.eabi_attribute 26, 1
   9              		.eabi_attribute 30, 1
  10              		.eabi_attribute 34, 0
  11              		.eabi_attribute 18, 4
  12              		.code	16
  13              		.file	"chheap.c"
  14              		.text
  15              	.Ltext0:
  16              		.cfi_sections	.debug_frame
  17              		.section	.text._heap_init,"ax",%progbits
  18              		.align	2
  19              		.global	_heap_init
  20              		.code	16
  21              		.thumb_func
  22              		.type	_heap_init, %function
  23              	_heap_init:
  24              	.LFB7:
  25              		.file 1 "ChibiOS_2.6.5/os/kernel/src/chheap.c"
  26              		.loc 1 75 0
  27              		.cfi_startproc
  28 0000 08B5     		push	{r3, lr}
  29              		.cfi_def_cfa_offset 8
  30              		.cfi_offset 3, -8
  31              		.cfi_offset 14, -4
  32              		.loc 1 76 0
  33 0002 0548     		ldr	r0, .L2
  34 0004 054B     		ldr	r3, .L2+4
  35 0006 0360     		str	r3, [r0]
  36              		.loc 1 77 0
  37 0008 0023     		mov	r3, #0
  38 000a 8360     		str	r3, [r0, #8]
  39              		.loc 1 78 0
  40 000c C360     		str	r3, [r0, #12]
  41              		.loc 1 80 0
  42 000e 1030     		add	r0, r0, #16
  43 0010 FFF7FEFF 		bl	chMtxInit
  44              	.LVL0:
  45              		.loc 1 84 0
  46              		@ sp needed
  47 0014 08BD     		pop	{r3, pc}
  48              	.L3:
  49 0016 C046     		.align	2
  50              	.L2:
  51 0018 00000000 		.word	.LANCHOR0
  52 001c 00000000 		.word	chCoreAlloc
  53              		.cfi_endproc
  54              	.LFE7:
  55              		.size	_heap_init, .-_heap_init
  56              		.section	.text.chHeapInit,"ax",%progbits
  57              		.align	2
ARM GAS  /tmp/cclvwzaf.s 			page 2


  58              		.global	chHeapInit
  59              		.code	16
  60              		.thumb_func
  61              		.type	chHeapInit, %function
  62              	chHeapInit:
  63              	.LFB8:
  64              		.loc 1 99 0
  65              		.cfi_startproc
  66              	.LVL1:
  67 0000 08B5     		push	{r3, lr}
  68              		.cfi_def_cfa_offset 8
  69              		.cfi_offset 3, -8
  70              		.cfi_offset 14, -4
  71              		.loc 1 104 0
  72 0002 0023     		mov	r3, #0
  73 0004 0360     		str	r3, [r0]
  74              	.LVL2:
  75              		.loc 1 105 0
  76 0006 8160     		str	r1, [r0, #8]
  77              		.loc 1 106 0
  78 0008 C360     		str	r3, [r0, #12]
  79              		.loc 1 107 0
  80 000a 0B60     		str	r3, [r1]
  81              		.loc 1 108 0
  82 000c 083A     		sub	r2, r2, #8
  83              	.LVL3:
  84 000e 4A60     		str	r2, [r1, #4]
  85              		.loc 1 110 0
  86 0010 1030     		add	r0, r0, #16
  87              	.LVL4:
  88 0012 FFF7FEFF 		bl	chMtxInit
  89              	.LVL5:
  90              		.loc 1 114 0
  91              		@ sp needed
  92 0016 08BD     		pop	{r3, pc}
  93              		.cfi_endproc
  94              	.LFE8:
  95              		.size	chHeapInit, .-chHeapInit
  96              		.section	.text.chHeapAlloc,"ax",%progbits
  97              		.align	2
  98              		.global	chHeapAlloc
  99              		.code	16
 100              		.thumb_func
 101              		.type	chHeapAlloc, %function
 102              	chHeapAlloc:
 103              	.LFB9:
 104              		.loc 1 132 0
 105              		.cfi_startproc
 106              	.LVL6:
 107 0000 F8B5     		push	{r3, r4, r5, r6, r7, lr}
 108              		.cfi_def_cfa_offset 24
 109              		.cfi_offset 3, -24
 110              		.cfi_offset 4, -20
 111              		.cfi_offset 5, -16
 112              		.cfi_offset 6, -12
 113              		.cfi_offset 7, -8
 114              		.cfi_offset 14, -4
ARM GAS  /tmp/cclvwzaf.s 			page 3


 115 0002 071E     		sub	r7, r0, #0
 116              		.loc 1 135 0
 117 0004 00D1     		bne	.L6
 118              		.loc 1 136 0
 119 0006 1D4F     		ldr	r7, .L16
 120              	.L6:
 121              	.LVL7:
 122              		.loc 1 138 0
 123 0008 CE1D     		add	r6, r1, #7
 124 000a 0723     		mov	r3, #7
 125 000c 9E43     		bic	r6, r3
 126              	.LVL8:
 127              		.loc 1 139 0
 128 000e 3D1C     		mov	r5, r7
 129 0010 0835     		add	r5, r5, #8
 130              	.LVL9:
 131              		.loc 1 140 0
 132 0012 381C     		mov	r0, r7
 133 0014 1030     		add	r0, r0, #16
 134 0016 FFF7FEFF 		bl	chMtxLock
 135              	.LVL10:
 136              		.loc 1 142 0
 137 001a 19E0     		b	.L7
 138              	.L12:
 139              	.LVL11:
 140              		.loc 1 144 0
 141 001c 6368     		ldr	r3, [r4, #4]
 142 001e 9E42     		cmp	r6, r3
 143 0020 15D8     		bhi	.L8
 144              		.loc 1 145 0
 145 0022 321C     		mov	r2, r6
 146 0024 0832     		add	r2, r2, #8
 147 0026 9A42     		cmp	r2, r3
 148 0028 02D9     		bls	.L9
 149              		.loc 1 149 0
 150 002a 2368     		ldr	r3, [r4]
 151 002c 2B60     		str	r3, [r5]
 152 002e 08E0     		b	.L10
 153              	.L9:
 154              		.loc 1 153 0
 155 0030 A218     		add	r2, r4, r2
 156              	.LVL12:
 157              		.loc 1 154 0
 158 0032 2368     		ldr	r3, [r4]
 159 0034 1360     		str	r3, [r2]
 160              		.loc 1 155 0
 161 0036 6368     		ldr	r3, [r4, #4]
 162 0038 083B     		sub	r3, r3, #8
 163 003a 9B1B     		sub	r3, r3, r6
 164 003c 5360     		str	r3, [r2, #4]
 165              		.loc 1 156 0
 166 003e 2A60     		str	r2, [r5]
 167              		.loc 1 157 0
 168 0040 6660     		str	r6, [r4, #4]
 169              	.LVL13:
 170              	.L10:
 171              		.loc 1 159 0
ARM GAS  /tmp/cclvwzaf.s 			page 4


 172 0042 2760     		str	r7, [r4]
 173              		.loc 1 161 0
 174 0044 FFF7FEFF 		bl	chMtxUnlock
 175              	.LVL14:
 176              		.loc 1 162 0
 177 0048 201C     		mov	r0, r4
 178 004a 0830     		add	r0, r0, #8
 179 004c 14E0     		b	.L11
 180              	.L8:
 181              		.loc 1 142 0
 182 004e 251C     		mov	r5, r4
 183              	.LVL15:
 184              	.L7:
 185              		.loc 1 142 0 is_stmt 0 discriminator 1
 186 0050 2C68     		ldr	r4, [r5]
 187 0052 002C     		cmp	r4, #0
 188 0054 E2D1     		bne	.L12
 189              		.loc 1 167 0 is_stmt 1
 190 0056 FFF7FEFF 		bl	chMtxUnlock
 191              	.LVL16:
 192              		.loc 1 171 0
 193 005a 3B68     		ldr	r3, [r7]
 194 005c 002B     		cmp	r3, #0
 195 005e 08D0     		beq	.L14
 196              		.loc 1 172 0
 197 0060 301C     		mov	r0, r6
 198 0062 0830     		add	r0, r0, #8
 199 0064 9847     		blx	r3
 200              	.LVL17:
 201              		.loc 1 173 0
 202 0066 0028     		cmp	r0, #0
 203 0068 05D0     		beq	.L15
 204              		.loc 1 174 0
 205 006a 0760     		str	r7, [r0]
 206              		.loc 1 175 0
 207 006c 4660     		str	r6, [r0, #4]
 208              	.LVL18:
 209              		.loc 1 177 0
 210 006e 0830     		add	r0, r0, #8
 211              	.LVL19:
 212 0070 02E0     		b	.L11
 213              	.LVL20:
 214              	.L14:
 215              		.loc 1 180 0
 216 0072 0020     		mov	r0, #0
 217 0074 00E0     		b	.L11
 218              	.LVL21:
 219              	.L15:
 220 0076 0020     		mov	r0, #0
 221              	.LVL22:
 222              	.L11:
 223              		.loc 1 181 0
 224              		@ sp needed
 225              	.LVL23:
 226              	.LVL24:
 227              	.LVL25:
 228 0078 F8BD     		pop	{r3, r4, r5, r6, r7, pc}
ARM GAS  /tmp/cclvwzaf.s 			page 5


 229              	.L17:
 230 007a C046     		.align	2
 231              	.L16:
 232 007c 00000000 		.word	.LANCHOR0
 233              		.cfi_endproc
 234              	.LFE9:
 235              		.size	chHeapAlloc, .-chHeapAlloc
 236              		.section	.text.chHeapFree,"ax",%progbits
 237              		.align	2
 238              		.global	chHeapFree
 239              		.code	16
 240              		.thumb_func
 241              		.type	chHeapFree, %function
 242              	chHeapFree:
 243              	.LFB10:
 244              		.loc 1 194 0
 245              		.cfi_startproc
 246              	.LVL26:
 247 0000 70B5     		push	{r4, r5, r6, lr}
 248              		.cfi_def_cfa_offset 16
 249              		.cfi_offset 4, -16
 250              		.cfi_offset 5, -12
 251              		.cfi_offset 6, -8
 252              		.cfi_offset 14, -4
 253 0002 061C     		mov	r6, r0
 254              		.loc 1 200 0
 255 0004 041C     		mov	r4, r0
 256 0006 083C     		sub	r4, r4, #8
 257              	.LVL27:
 258              		.loc 1 201 0
 259 0008 2068     		ldr	r0, [r4]
 260              	.LVL28:
 261              		.loc 1 202 0
 262 000a 051C     		mov	r5, r0
 263 000c 0835     		add	r5, r5, #8
 264              	.LVL29:
 265              		.loc 1 203 0
 266 000e 1030     		add	r0, r0, #16
 267              	.LVL30:
 268 0010 FFF7FEFF 		bl	chMtxLock
 269              	.LVL31:
 270              		.loc 1 202 0
 271 0014 2B1C     		mov	r3, r5
 272              	.LVL32:
 273              	.L24:
 274              		.loc 1 210 0
 275 0016 AB42     		cmp	r3, r5
 276 0018 01D0     		beq	.L19
 277              		.loc 1 210 0 is_stmt 0 discriminator 2
 278 001a A342     		cmp	r3, r4
 279 001c 25D2     		bcs	.L20
 280              	.L19:
 281              		.loc 1 211 0 is_stmt 1 discriminator 1
 282 001e 1A68     		ldr	r2, [r3]
 283              		.loc 1 210 0 discriminator 1
 284 0020 002A     		cmp	r2, #0
 285 0022 01D0     		beq	.L21
ARM GAS  /tmp/cclvwzaf.s 			page 6


 286              		.loc 1 211 0
 287 0024 9442     		cmp	r4, r2
 288 0026 20D2     		bcs	.L20
 289              	.L21:
 290              		.loc 1 213 0
 291 0028 311C     		mov	r1, r6
 292 002a 0839     		sub	r1, r1, #8
 293 002c 0A60     		str	r2, [r1]
 294              		.loc 1 214 0
 295 002e 1C60     		str	r4, [r3]
 296              		.loc 1 216 0
 297 0030 4868     		ldr	r0, [r1, #4]
 298 0032 021C     		mov	r2, r0
 299 0034 0832     		add	r2, r2, #8
 300 0036 A218     		add	r2, r4, r2
 301 0038 0968     		ldr	r1, [r1]
 302 003a 8A42     		cmp	r2, r1
 303 003c 07D1     		bne	.L22
 304              		.loc 1 218 0
 305 003e 311C     		mov	r1, r6
 306 0040 0839     		sub	r1, r1, #8
 307 0042 5568     		ldr	r5, [r2, #4]
 308              	.LVL33:
 309 0044 4019     		add	r0, r0, r5
 310 0046 0830     		add	r0, r0, #8
 311 0048 4860     		str	r0, [r1, #4]
 312              		.loc 1 219 0
 313 004a 1268     		ldr	r2, [r2]
 314 004c 0A60     		str	r2, [r1]
 315              	.L22:
 316              		.loc 1 221 0
 317 004e 5A68     		ldr	r2, [r3, #4]
 318 0050 111C     		mov	r1, r2
 319 0052 0831     		add	r1, r1, #8
 320 0054 5918     		add	r1, r3, r1
 321 0056 8C42     		cmp	r4, r1
 322 0058 09D1     		bne	.L23
 323              		.loc 1 223 0
 324 005a 083E     		sub	r6, r6, #8
 325              	.LVL34:
 326 005c 7168     		ldr	r1, [r6, #4]
 327 005e 5218     		add	r2, r2, r1
 328 0060 0832     		add	r2, r2, #8
 329 0062 5A60     		str	r2, [r3, #4]
 330              		.loc 1 224 0
 331 0064 3668     		ldr	r6, [r6]
 332              	.LVL35:
 333 0066 1E60     		str	r6, [r3]
 334 0068 01E0     		b	.L23
 335              	.LVL36:
 336              	.L20:
 337              		.loc 1 228 0
 338 006a 1B68     		ldr	r3, [r3]
 339              	.LVL37:
 340              		.loc 1 229 0
 341 006c D3E7     		b	.L24
 342              	.LVL38:
ARM GAS  /tmp/cclvwzaf.s 			page 7


 343              	.L23:
 344              		.loc 1 231 0
 345 006e FFF7FEFF 		bl	chMtxUnlock
 346              	.LVL39:
 347              		.loc 1 233 0
 348              		@ sp needed
 349              	.LVL40:
 350 0072 70BD     		pop	{r4, r5, r6, pc}
 351              		.cfi_endproc
 352              	.LFE10:
 353              		.size	chHeapFree, .-chHeapFree
 354              		.section	.text.chHeapStatus,"ax",%progbits
 355              		.align	2
 356              		.global	chHeapStatus
 357              		.code	16
 358              		.thumb_func
 359              		.type	chHeapStatus, %function
 360              	chHeapStatus:
 361              	.LFB11:
 362              		.loc 1 250 0
 363              		.cfi_startproc
 364              	.LVL41:
 365 0000 38B5     		push	{r3, r4, r5, lr}
 366              		.cfi_def_cfa_offset 16
 367              		.cfi_offset 3, -16
 368              		.cfi_offset 4, -12
 369              		.cfi_offset 5, -8
 370              		.cfi_offset 14, -4
 371 0002 041C     		mov	r4, r0
 372 0004 0D1C     		mov	r5, r1
 373              		.loc 1 254 0
 374 0006 0028     		cmp	r0, #0
 375 0008 00D1     		bne	.L26
 376              		.loc 1 255 0
 377 000a 0D4C     		ldr	r4, .L32
 378              	.L26:
 379              	.LVL42:
 380              		.loc 1 257 0
 381 000c 201C     		mov	r0, r4
 382 000e 1030     		add	r0, r0, #16
 383 0010 FFF7FEFF 		bl	chMtxLock
 384              	.LVL43:
 385              		.loc 1 260 0
 386 0014 A368     		ldr	r3, [r4, #8]
 387 0016 002B     		cmp	r3, #0
 388 0018 08D0     		beq	.L31
 389              		.loc 1 259 0
 390 001a 0022     		mov	r2, #0
 391              		.loc 1 260 0
 392 001c 0024     		mov	r4, #0
 393              	.LVL44:
 394              	.L28:
 395              		.loc 1 261 0 discriminator 2
 396 001e 5968     		ldr	r1, [r3, #4]
 397 0020 5218     		add	r2, r2, r1
 398              	.LVL45:
 399              		.loc 1 260 0 discriminator 2
ARM GAS  /tmp/cclvwzaf.s 			page 8


 400 0022 0134     		add	r4, r4, #1
 401              	.LVL46:
 402 0024 1B68     		ldr	r3, [r3]
 403              	.LVL47:
 404 0026 002B     		cmp	r3, #0
 405 0028 F9D1     		bne	.L28
 406 002a 01E0     		b	.L27
 407              	.LVL48:
 408              	.L31:
 409              		.loc 1 259 0
 410 002c 0022     		mov	r2, #0
 411              		.loc 1 260 0
 412 002e 0024     		mov	r4, #0
 413              	.LVL49:
 414              	.L27:
 415              		.loc 1 262 0
 416 0030 002D     		cmp	r5, #0
 417 0032 00D0     		beq	.L29
 418              		.loc 1 263 0
 419 0034 2A60     		str	r2, [r5]
 420              	.L29:
 421              		.loc 1 265 0
 422 0036 FFF7FEFF 		bl	chMtxUnlock
 423              	.LVL50:
 424              		.loc 1 267 0
 425 003a 201C     		mov	r0, r4
 426              		@ sp needed
 427              	.LVL51:
 428 003c 38BD     		pop	{r3, r4, r5, pc}
 429              	.L33:
 430 003e C046     		.align	2
 431              	.L32:
 432 0040 00000000 		.word	.LANCHOR0
 433              		.cfi_endproc
 434              	.LFE11:
 435              		.size	chHeapStatus, .-chHeapStatus
 436              		.section	.bss.default_heap,"aw",%nobits
 437              		.align	3
 438              		.set	.LANCHOR0,. + 0
 439              		.type	default_heap, %object
 440              		.size	default_heap, 32
 441              	default_heap:
 442 0000 00000000 		.space	32
 442      00000000 
 442      00000000 
 442      00000000 
 442      00000000 
 443              		.text
 444              	.Letext0:
 445              		.file 2 "/usr/local/lpcxpresso_7.3.0_186/lpcxpresso/tools/lib/gcc/arm-none-eabi/4.8.4/include/stdd
 446              		.file 3 "/usr/local/lpcxpresso_7.3.0_186/lpcxpresso/tools/arm-none-eabi/include/machine/_default_t
 447              		.file 4 "/usr/local/lpcxpresso_7.3.0_186/lpcxpresso/tools/arm-none-eabi/include/stdint.h"
 448              		.file 5 "ChibiOS_2.6.5/os/ports/GCC/ARMCMx/chtypes.h"
 449              		.file 6 "ChibiOS_2.6.5/os/kernel/include/chlists.h"
 450              		.file 7 "ChibiOS_2.6.5/os/kernel/include/chthreads.h"
 451              		.file 8 "ChibiOS_2.6.5/os/ports/GCC/ARMCMx/chcore_v6m.h"
 452              		.file 9 "ChibiOS_2.6.5/os/kernel/include/chmtx.h"
ARM GAS  /tmp/cclvwzaf.s 			page 9


 453              		.file 10 "ChibiOS_2.6.5/os/kernel/include/chmemcore.h"
 454              		.file 11 "ChibiOS_2.6.5/os/kernel/include/chheap.h"
 455              		.section	.debug_info,"",%progbits
 456              	.Ldebug_info0:
 457 0000 DD060000 		.4byte	0x6dd
 458 0004 0400     		.2byte	0x4
 459 0006 00000000 		.4byte	.Ldebug_abbrev0
 460 000a 04       		.byte	0x4
 461 000b 01       		.uleb128 0x1
 462 000c 42010000 		.4byte	.LASF83
 463 0010 01       		.byte	0x1
 464 0011 39020000 		.4byte	.LASF84
 465 0015 99030000 		.4byte	.LASF85
 466 0019 00000000 		.4byte	.Ldebug_ranges0+0
 467 001d 00000000 		.4byte	0
 468 0021 00000000 		.4byte	.Ldebug_line0
 469 0025 02       		.uleb128 0x2
 470 0026 04       		.byte	0x4
 471 0027 05       		.byte	0x5
 472 0028 696E7400 		.ascii	"int\000"
 473 002c 03       		.uleb128 0x3
 474 002d 06000000 		.4byte	.LASF2
 475 0031 02       		.byte	0x2
 476 0032 D4       		.byte	0xd4
 477 0033 37000000 		.4byte	0x37
 478 0037 04       		.uleb128 0x4
 479 0038 04       		.byte	0x4
 480 0039 07       		.byte	0x7
 481 003a FD000000 		.4byte	.LASF0
 482 003e 04       		.uleb128 0x4
 483 003f 01       		.byte	0x1
 484 0040 06       		.byte	0x6
 485 0041 92000000 		.4byte	.LASF1
 486 0045 03       		.uleb128 0x3
 487 0046 1D000000 		.4byte	.LASF3
 488 004a 03       		.byte	0x3
 489 004b 1C       		.byte	0x1c
 490 004c 50000000 		.4byte	0x50
 491 0050 04       		.uleb128 0x4
 492 0051 01       		.byte	0x1
 493 0052 08       		.byte	0x8
 494 0053 B8020000 		.4byte	.LASF4
 495 0057 04       		.uleb128 0x4
 496 0058 02       		.byte	0x2
 497 0059 05       		.byte	0x5
 498 005a DB020000 		.4byte	.LASF5
 499 005e 04       		.uleb128 0x4
 500 005f 02       		.byte	0x2
 501 0060 07       		.byte	0x7
 502 0061 29010000 		.4byte	.LASF6
 503 0065 03       		.uleb128 0x3
 504 0066 88030000 		.4byte	.LASF7
 505 006a 03       		.byte	0x3
 506 006b 37       		.byte	0x37
 507 006c 70000000 		.4byte	0x70
 508 0070 04       		.uleb128 0x4
 509 0071 04       		.byte	0x4
ARM GAS  /tmp/cclvwzaf.s 			page 10


 510 0072 05       		.byte	0x5
 511 0073 C9000000 		.4byte	.LASF8
 512 0077 03       		.uleb128 0x3
 513 0078 E3000000 		.4byte	.LASF9
 514 007c 03       		.byte	0x3
 515 007d 38       		.byte	0x38
 516 007e 82000000 		.4byte	0x82
 517 0082 04       		.uleb128 0x4
 518 0083 04       		.byte	0x4
 519 0084 07       		.byte	0x7
 520 0085 0A010000 		.4byte	.LASF10
 521 0089 04       		.uleb128 0x4
 522 008a 08       		.byte	0x8
 523 008b 05       		.byte	0x5
 524 008c 84000000 		.4byte	.LASF11
 525 0090 03       		.uleb128 0x3
 526 0091 88020000 		.4byte	.LASF12
 527 0095 03       		.byte	0x3
 528 0096 4E       		.byte	0x4e
 529 0097 9B000000 		.4byte	0x9b
 530 009b 04       		.uleb128 0x4
 531 009c 08       		.byte	0x8
 532 009d 07       		.byte	0x7
 533 009e 34000000 		.4byte	.LASF13
 534 00a2 03       		.uleb128 0x3
 535 00a3 DB030000 		.4byte	.LASF14
 536 00a7 04       		.byte	0x4
 537 00a8 2A       		.byte	0x2a
 538 00a9 45000000 		.4byte	0x45
 539 00ad 03       		.uleb128 0x3
 540 00ae B0020000 		.4byte	.LASF15
 541 00b2 04       		.byte	0x4
 542 00b3 41       		.byte	0x41
 543 00b4 65000000 		.4byte	0x65
 544 00b8 03       		.uleb128 0x3
 545 00b9 3F030000 		.4byte	.LASF16
 546 00bd 04       		.byte	0x4
 547 00be 42       		.byte	0x42
 548 00bf 77000000 		.4byte	0x77
 549 00c3 03       		.uleb128 0x3
 550 00c4 14000000 		.4byte	.LASF17
 551 00c8 04       		.byte	0x4
 552 00c9 4E       		.byte	0x4e
 553 00ca 90000000 		.4byte	0x90
 554 00ce 04       		.uleb128 0x4
 555 00cf 01       		.byte	0x1
 556 00d0 02       		.byte	0x2
 557 00d1 AA020000 		.4byte	.LASF18
 558 00d5 03       		.uleb128 0x3
 559 00d6 11030000 		.4byte	.LASF19
 560 00da 05       		.byte	0x5
 561 00db 2C       		.byte	0x2c
 562 00dc A2000000 		.4byte	0xa2
 563 00e0 03       		.uleb128 0x3
 564 00e1 D2000000 		.4byte	.LASF20
 565 00e5 05       		.byte	0x5
 566 00e6 2D       		.byte	0x2d
ARM GAS  /tmp/cclvwzaf.s 			page 11


 567 00e7 A2000000 		.4byte	0xa2
 568 00eb 03       		.uleb128 0x3
 569 00ec 93020000 		.4byte	.LASF21
 570 00f0 05       		.byte	0x5
 571 00f1 2E       		.byte	0x2e
 572 00f2 A2000000 		.4byte	0xa2
 573 00f6 03       		.uleb128 0x3
 574 00f7 BF000000 		.4byte	.LASF22
 575 00fb 05       		.byte	0x5
 576 00fc 2F       		.byte	0x2f
 577 00fd A2000000 		.4byte	0xa2
 578 0101 03       		.uleb128 0x3
 579 0102 A2020000 		.4byte	.LASF23
 580 0106 05       		.byte	0x5
 581 0107 30       		.byte	0x30
 582 0108 B8000000 		.4byte	0xb8
 583 010c 03       		.uleb128 0x3
 584 010d 3C010000 		.4byte	.LASF24
 585 0111 05       		.byte	0x5
 586 0112 31       		.byte	0x31
 587 0113 AD000000 		.4byte	0xad
 588 0117 03       		.uleb128 0x3
 589 0118 13020000 		.4byte	.LASF25
 590 011c 05       		.byte	0x5
 591 011d 33       		.byte	0x33
 592 011e B8000000 		.4byte	0xb8
 593 0122 03       		.uleb128 0x3
 594 0123 73030000 		.4byte	.LASF26
 595 0127 05       		.byte	0x5
 596 0128 35       		.byte	0x35
 597 0129 B8000000 		.4byte	0xb8
 598 012d 03       		.uleb128 0x3
 599 012e 21030000 		.4byte	.LASF27
 600 0132 06       		.byte	0x6
 601 0133 2A       		.byte	0x2a
 602 0134 38010000 		.4byte	0x138
 603 0138 05       		.uleb128 0x5
 604 0139 21030000 		.4byte	.LASF27
 605 013d 48       		.byte	0x48
 606 013e 07       		.byte	0x7
 607 013f 5E       		.byte	0x5e
 608 0140 35020000 		.4byte	0x235
 609 0144 06       		.uleb128 0x6
 610 0145 0A030000 		.4byte	.LASF28
 611 0149 07       		.byte	0x7
 612 014a 5F       		.byte	0x5f
 613 014b 56020000 		.4byte	0x256
 614 014f 00       		.byte	0
 615 0150 06       		.uleb128 0x6
 616 0151 9B020000 		.4byte	.LASF29
 617 0155 07       		.byte	0x7
 618 0156 61       		.byte	0x61
 619 0157 56020000 		.4byte	0x256
 620 015b 04       		.byte	0x4
 621 015c 06       		.uleb128 0x6
 622 015d 7D000000 		.4byte	.LASF30
 623 0161 07       		.byte	0x7
ARM GAS  /tmp/cclvwzaf.s 			page 12


 624 0162 63       		.byte	0x63
 625 0163 01010000 		.4byte	0x101
 626 0167 08       		.byte	0x8
 627 0168 06       		.uleb128 0x6
 628 0169 0A040000 		.4byte	.LASF31
 629 016d 07       		.byte	0x7
 630 016e 64       		.byte	0x64
 631 016f 11030000 		.4byte	0x311
 632 0173 0C       		.byte	0xc
 633 0174 06       		.uleb128 0x6
 634 0175 DB000000 		.4byte	.LASF32
 635 0179 07       		.byte	0x7
 636 017a 66       		.byte	0x66
 637 017b 56020000 		.4byte	0x256
 638 017f 10       		.byte	0x10
 639 0180 06       		.uleb128 0x6
 640 0181 68020000 		.4byte	.LASF33
 641 0185 07       		.byte	0x7
 642 0186 67       		.byte	0x67
 643 0187 56020000 		.4byte	0x256
 644 018b 14       		.byte	0x14
 645 018c 06       		.uleb128 0x6
 646 018d F0030000 		.4byte	.LASF34
 647 0191 07       		.byte	0x7
 648 0192 6E       		.byte	0x6e
 649 0193 7A040000 		.4byte	0x47a
 650 0197 18       		.byte	0x18
 651 0198 06       		.uleb128 0x6
 652 0199 E5020000 		.4byte	.LASF35
 653 019d 07       		.byte	0x7
 654 019e 79       		.byte	0x79
 655 019f E0000000 		.4byte	0xe0
 656 01a3 1C       		.byte	0x1c
 657 01a4 06       		.uleb128 0x6
 658 01a5 19030000 		.4byte	.LASF36
 659 01a9 07       		.byte	0x7
 660 01aa 7D       		.byte	0x7d
 661 01ab D5000000 		.4byte	0xd5
 662 01af 1D       		.byte	0x1d
 663 01b0 06       		.uleb128 0x6
 664 01b1 D4030000 		.4byte	.LASF37
 665 01b5 07       		.byte	0x7
 666 01b6 82       		.byte	0x82
 667 01b7 EB000000 		.4byte	0xeb
 668 01bb 1E       		.byte	0x1e
 669 01bc 06       		.uleb128 0x6
 670 01bd ED020000 		.4byte	.LASF38
 671 01c1 07       		.byte	0x7
 672 01c2 88       		.byte	0x88
 673 01c3 F6000000 		.4byte	0xf6
 674 01c7 1F       		.byte	0x1f
 675 01c8 06       		.uleb128 0x6
 676 01c9 92030000 		.4byte	.LASF39
 677 01cd 07       		.byte	0x7
 678 01ce 8F       		.byte	0x8f
 679 01cf 37030000 		.4byte	0x337
 680 01d3 20       		.byte	0x20
ARM GAS  /tmp/cclvwzaf.s 			page 13


 681 01d4 07       		.uleb128 0x7
 682 01d5 705F7500 		.ascii	"p_u\000"
 683 01d9 07       		.byte	0x7
 684 01da B4       		.byte	0xb4
 685 01db 45040000 		.4byte	0x445
 686 01df 24       		.byte	0x24
 687 01e0 06       		.uleb128 0x6
 688 01e1 10040000 		.4byte	.LASF40
 689 01e5 07       		.byte	0x7
 690 01e6 B9       		.byte	0xb9
 691 01e7 7C020000 		.4byte	0x27c
 692 01eb 28       		.byte	0x28
 693 01ec 06       		.uleb128 0x6
 694 01ed BF030000 		.4byte	.LASF41
 695 01f1 07       		.byte	0x7
 696 01f2 BF       		.byte	0xbf
 697 01f3 5C020000 		.4byte	0x25c
 698 01f7 2C       		.byte	0x2c
 699 01f8 06       		.uleb128 0x6
 700 01f9 00000000 		.4byte	.LASF42
 701 01fd 07       		.byte	0x7
 702 01fe C3       		.byte	0xc3
 703 01ff 0C010000 		.4byte	0x10c
 704 0203 34       		.byte	0x34
 705 0204 06       		.uleb128 0x6
 706 0205 34030000 		.4byte	.LASF43
 707 0209 07       		.byte	0x7
 708 020a C9       		.byte	0xc9
 709 020b 17010000 		.4byte	0x117
 710 020f 38       		.byte	0x38
 711 0210 06       		.uleb128 0x6
 712 0211 D1020000 		.4byte	.LASF44
 713 0215 07       		.byte	0x7
 714 0216 D0       		.byte	0xd0
 715 0217 8C040000 		.4byte	0x48c
 716 021b 3C       		.byte	0x3c
 717 021c 06       		.uleb128 0x6
 718 021d 7D030000 		.4byte	.LASF45
 719 0221 07       		.byte	0x7
 720 0222 D4       		.byte	0xd4
 721 0223 01010000 		.4byte	0x101
 722 0227 40       		.byte	0x40
 723 0228 06       		.uleb128 0x6
 724 0229 A4000000 		.4byte	.LASF46
 725 022d 07       		.byte	0x7
 726 022e DA       		.byte	0xda
 727 022f 92020000 		.4byte	0x292
 728 0233 44       		.byte	0x44
 729 0234 00       		.byte	0
 730 0235 08       		.uleb128 0x8
 731 0236 08       		.byte	0x8
 732 0237 06       		.byte	0x6
 733 0238 61       		.byte	0x61
 734 0239 56020000 		.4byte	0x256
 735 023d 06       		.uleb128 0x6
 736 023e 0A030000 		.4byte	.LASF28
 737 0242 06       		.byte	0x6
ARM GAS  /tmp/cclvwzaf.s 			page 14


 738 0243 62       		.byte	0x62
 739 0244 56020000 		.4byte	0x256
 740 0248 00       		.byte	0
 741 0249 06       		.uleb128 0x6
 742 024a 9B020000 		.4byte	.LASF29
 743 024e 06       		.byte	0x6
 744 024f 64       		.byte	0x64
 745 0250 56020000 		.4byte	0x256
 746 0254 04       		.byte	0x4
 747 0255 00       		.byte	0
 748 0256 09       		.uleb128 0x9
 749 0257 04       		.byte	0x4
 750 0258 2D010000 		.4byte	0x12d
 751 025c 03       		.uleb128 0x3
 752 025d 70020000 		.4byte	.LASF47
 753 0261 06       		.byte	0x6
 754 0262 66       		.byte	0x66
 755 0263 35020000 		.4byte	0x235
 756 0267 08       		.uleb128 0x8
 757 0268 04       		.byte	0x4
 758 0269 06       		.byte	0x6
 759 026a 6B       		.byte	0x6b
 760 026b 7C020000 		.4byte	0x27c
 761 026f 06       		.uleb128 0x6
 762 0270 0A030000 		.4byte	.LASF28
 763 0274 06       		.byte	0x6
 764 0275 6D       		.byte	0x6d
 765 0276 56020000 		.4byte	0x256
 766 027a 00       		.byte	0
 767 027b 00       		.byte	0
 768 027c 03       		.uleb128 0x3
 769 027d 07020000 		.4byte	.LASF48
 770 0281 06       		.byte	0x6
 771 0282 70       		.byte	0x70
 772 0283 67020000 		.4byte	0x267
 773 0287 03       		.uleb128 0x3
 774 0288 EE000000 		.4byte	.LASF49
 775 028c 08       		.byte	0x8
 776 028d A7       		.byte	0xa7
 777 028e 92020000 		.4byte	0x292
 778 0292 0A       		.uleb128 0xa
 779 0293 04       		.byte	0x4
 780 0294 03       		.uleb128 0x3
 781 0295 25020000 		.4byte	.LASF50
 782 0299 08       		.byte	0x8
 783 029a AD       		.byte	0xad
 784 029b C3000000 		.4byte	0xc3
 785 029f 05       		.uleb128 0x5
 786 02a0 B8030000 		.4byte	.LASF51
 787 02a4 24       		.byte	0x24
 788 02a5 08       		.byte	0x8
 789 02a6 BA       		.byte	0xba
 790 02a7 11030000 		.4byte	0x311
 791 02ab 07       		.uleb128 0x7
 792 02ac 723800   		.ascii	"r8\000"
 793 02af 08       		.byte	0x8
 794 02b0 BB       		.byte	0xbb
ARM GAS  /tmp/cclvwzaf.s 			page 15


 795 02b1 87020000 		.4byte	0x287
 796 02b5 00       		.byte	0
 797 02b6 07       		.uleb128 0x7
 798 02b7 723900   		.ascii	"r9\000"
 799 02ba 08       		.byte	0x8
 800 02bb BC       		.byte	0xbc
 801 02bc 87020000 		.4byte	0x287
 802 02c0 04       		.byte	0x4
 803 02c1 07       		.uleb128 0x7
 804 02c2 72313000 		.ascii	"r10\000"
 805 02c6 08       		.byte	0x8
 806 02c7 BD       		.byte	0xbd
 807 02c8 87020000 		.4byte	0x287
 808 02cc 08       		.byte	0x8
 809 02cd 07       		.uleb128 0x7
 810 02ce 72313100 		.ascii	"r11\000"
 811 02d2 08       		.byte	0x8
 812 02d3 BE       		.byte	0xbe
 813 02d4 87020000 		.4byte	0x287
 814 02d8 0C       		.byte	0xc
 815 02d9 07       		.uleb128 0x7
 816 02da 723400   		.ascii	"r4\000"
 817 02dd 08       		.byte	0x8
 818 02de BF       		.byte	0xbf
 819 02df 87020000 		.4byte	0x287
 820 02e3 10       		.byte	0x10
 821 02e4 07       		.uleb128 0x7
 822 02e5 723500   		.ascii	"r5\000"
 823 02e8 08       		.byte	0x8
 824 02e9 C0       		.byte	0xc0
 825 02ea 87020000 		.4byte	0x287
 826 02ee 14       		.byte	0x14
 827 02ef 07       		.uleb128 0x7
 828 02f0 723600   		.ascii	"r6\000"
 829 02f3 08       		.byte	0x8
 830 02f4 C1       		.byte	0xc1
 831 02f5 87020000 		.4byte	0x287
 832 02f9 18       		.byte	0x18
 833 02fa 07       		.uleb128 0x7
 834 02fb 723700   		.ascii	"r7\000"
 835 02fe 08       		.byte	0x8
 836 02ff C2       		.byte	0xc2
 837 0300 87020000 		.4byte	0x287
 838 0304 1C       		.byte	0x1c
 839 0305 07       		.uleb128 0x7
 840 0306 6C7200   		.ascii	"lr\000"
 841 0309 08       		.byte	0x8
 842 030a C3       		.byte	0xc3
 843 030b 87020000 		.4byte	0x287
 844 030f 20       		.byte	0x20
 845 0310 00       		.byte	0
 846 0311 05       		.uleb128 0x5
 847 0312 1C010000 		.4byte	.LASF52
 848 0316 04       		.byte	0x4
 849 0317 08       		.byte	0x8
 850 0318 CD       		.byte	0xcd
 851 0319 2A030000 		.4byte	0x32a
ARM GAS  /tmp/cclvwzaf.s 			page 16


 852 031d 07       		.uleb128 0x7
 853 031e 72313300 		.ascii	"r13\000"
 854 0322 08       		.byte	0x8
 855 0323 CE       		.byte	0xce
 856 0324 2A030000 		.4byte	0x32a
 857 0328 00       		.byte	0
 858 0329 00       		.byte	0
 859 032a 09       		.uleb128 0x9
 860 032b 04       		.byte	0x4
 861 032c 9F020000 		.4byte	0x29f
 862 0330 04       		.uleb128 0x4
 863 0331 04       		.byte	0x4
 864 0332 07       		.byte	0x7
 865 0333 30020000 		.4byte	.LASF53
 866 0337 0B       		.uleb128 0xb
 867 0338 22010000 		.4byte	0x122
 868 033c 05       		.uleb128 0x5
 869 033d 1F020000 		.4byte	.LASF54
 870 0341 10       		.byte	0x10
 871 0342 09       		.byte	0x9
 872 0343 2C       		.byte	0x2c
 873 0344 6D030000 		.4byte	0x36d
 874 0348 06       		.uleb128 0x6
 875 0349 AC000000 		.4byte	.LASF55
 876 034d 09       		.byte	0x9
 877 034e 2D       		.byte	0x2d
 878 034f 5C020000 		.4byte	0x25c
 879 0353 00       		.byte	0
 880 0354 06       		.uleb128 0x6
 881 0355 02040000 		.4byte	.LASF56
 882 0359 09       		.byte	0x9
 883 035a 2F       		.byte	0x2f
 884 035b 56020000 		.4byte	0x256
 885 035f 08       		.byte	0x8
 886 0360 06       		.uleb128 0x6
 887 0361 6C030000 		.4byte	.LASF57
 888 0365 09       		.byte	0x9
 889 0366 31       		.byte	0x31
 890 0367 6D030000 		.4byte	0x36d
 891 036b 0C       		.byte	0xc
 892 036c 00       		.byte	0
 893 036d 09       		.uleb128 0x9
 894 036e 04       		.byte	0x4
 895 036f 3C030000 		.4byte	0x33c
 896 0373 03       		.uleb128 0x3
 897 0374 1F020000 		.4byte	.LASF54
 898 0378 09       		.byte	0x9
 899 0379 33       		.byte	0x33
 900 037a 3C030000 		.4byte	0x33c
 901 037e 03       		.uleb128 0x3
 902 037f 27000000 		.4byte	.LASF58
 903 0383 0A       		.byte	0xa
 904 0384 2C       		.byte	0x2c
 905 0385 89030000 		.4byte	0x389
 906 0389 09       		.uleb128 0x9
 907 038a 04       		.byte	0x4
 908 038b 8F030000 		.4byte	0x38f
ARM GAS  /tmp/cclvwzaf.s 			page 17


 909 038f 0C       		.uleb128 0xc
 910 0390 92020000 		.4byte	0x292
 911 0394 9E030000 		.4byte	0x39e
 912 0398 0D       		.uleb128 0xd
 913 0399 2C000000 		.4byte	0x2c
 914 039d 00       		.byte	0
 915 039e 03       		.uleb128 0x3
 916 039f 7D020000 		.4byte	.LASF59
 917 03a3 0B       		.byte	0xb
 918 03a4 34       		.byte	0x34
 919 03a5 A9030000 		.4byte	0x3a9
 920 03a9 05       		.uleb128 0x5
 921 03aa 1A040000 		.4byte	.LASF60
 922 03ae 20       		.byte	0x20
 923 03af 0B       		.byte	0xb
 924 03b0 47       		.byte	0x47
 925 03b1 DA030000 		.4byte	0x3da
 926 03b5 06       		.uleb128 0x6
 927 03b6 C6020000 		.4byte	.LASF61
 928 03ba 0B       		.byte	0xb
 929 03bb 48       		.byte	0x48
 930 03bc 7E030000 		.4byte	0x37e
 931 03c0 00       		.byte	0
 932 03c1 06       		.uleb128 0x6
 933 03c2 54000000 		.4byte	.LASF62
 934 03c6 0B       		.byte	0xb
 935 03c7 4A       		.byte	0x4a
 936 03c8 F9030000 		.4byte	0x3f9
 937 03cc 08       		.byte	0x8
 938 03cd 06       		.uleb128 0x6
 939 03ce 9E000000 		.4byte	.LASF63
 940 03d2 0B       		.byte	0xb
 941 03d3 4C       		.byte	0x4c
 942 03d4 73030000 		.4byte	0x373
 943 03d8 10       		.byte	0x10
 944 03d9 00       		.byte	0
 945 03da 0E       		.uleb128 0xe
 946 03db 04       		.byte	0x4
 947 03dc 0B       		.byte	0xb
 948 03dd 3C       		.byte	0x3c
 949 03de F9030000 		.4byte	0x3f9
 950 03e2 0F       		.uleb128 0xf
 951 03e3 78000000 		.4byte	.LASF64
 952 03e7 0B       		.byte	0xb
 953 03e8 3D       		.byte	0x3d
 954 03e9 1A040000 		.4byte	0x41a
 955 03ed 0F       		.uleb128 0xf
 956 03ee 48030000 		.4byte	.LASF65
 957 03f2 0B       		.byte	0xb
 958 03f3 3E       		.byte	0x3e
 959 03f4 20040000 		.4byte	0x420
 960 03f8 00       		.byte	0
 961 03f9 10       		.uleb128 0x10
 962 03fa F7020000 		.4byte	.LASF86
 963 03fe 08       		.byte	0x8
 964 03ff 0B       		.byte	0xb
 965 0400 39       		.byte	0x39
ARM GAS  /tmp/cclvwzaf.s 			page 18


 966 0401 1A040000 		.4byte	0x41a
 967 0405 0F       		.uleb128 0xf
 968 0406 F7000000 		.4byte	.LASF66
 969 040a 0B       		.byte	0xb
 970 040b 3A       		.byte	0x3a
 971 040c 94020000 		.4byte	0x294
 972 0410 11       		.uleb128 0x11
 973 0411 6800     		.ascii	"h\000"
 974 0413 0B       		.byte	0xb
 975 0414 41       		.byte	0x41
 976 0415 26040000 		.4byte	0x426
 977 0419 00       		.byte	0
 978 041a 09       		.uleb128 0x9
 979 041b 04       		.byte	0x4
 980 041c F9030000 		.4byte	0x3f9
 981 0420 09       		.uleb128 0x9
 982 0421 04       		.byte	0x4
 983 0422 9E030000 		.4byte	0x39e
 984 0426 08       		.uleb128 0x8
 985 0427 08       		.byte	0x8
 986 0428 0B       		.byte	0xb
 987 0429 3B       		.byte	0x3b
 988 042a 45040000 		.4byte	0x445
 989 042e 07       		.uleb128 0x7
 990 042f 7500     		.ascii	"u\000"
 991 0431 0B       		.byte	0xb
 992 0432 3F       		.byte	0x3f
 993 0433 DA030000 		.4byte	0x3da
 994 0437 00       		.byte	0
 995 0438 06       		.uleb128 0x6
 996 0439 24010000 		.4byte	.LASF67
 997 043d 0B       		.byte	0xb
 998 043e 40       		.byte	0x40
 999 043f 2C000000 		.4byte	0x2c
 1000 0443 04       		.byte	0x4
 1001 0444 00       		.byte	0
 1002 0445 0E       		.uleb128 0xe
 1003 0446 04       		.byte	0x4
 1004 0447 07       		.byte	0x7
 1005 0448 96       		.byte	0x96
 1006 0449 7A040000 		.4byte	0x47a
 1007 044d 0F       		.uleb128 0xf
 1008 044e 0D000000 		.4byte	.LASF68
 1009 0452 07       		.byte	0x7
 1010 0453 9D       		.byte	0x9d
 1011 0454 0C010000 		.4byte	0x10c
 1012 0458 0F       		.uleb128 0xf
 1013 0459 4B000000 		.4byte	.LASF69
 1014 045d 07       		.byte	0x7
 1015 045e A4       		.byte	0xa4
 1016 045f 0C010000 		.4byte	0x10c
 1017 0463 0F       		.uleb128 0xf
 1018 0464 E3030000 		.4byte	.LASF70
 1019 0468 07       		.byte	0x7
 1020 0469 AB       		.byte	0xab
 1021 046a 92020000 		.4byte	0x292
 1022 046e 0F       		.uleb128 0xf
ARM GAS  /tmp/cclvwzaf.s 			page 19


 1023 046f 03030000 		.4byte	.LASF71
 1024 0473 07       		.byte	0x7
 1025 0474 B2       		.byte	0xb2
 1026 0475 17010000 		.4byte	0x117
 1027 0479 00       		.byte	0
 1028 047a 09       		.uleb128 0x9
 1029 047b 04       		.byte	0x4
 1030 047c 80040000 		.4byte	0x480
 1031 0480 12       		.uleb128 0x12
 1032 0481 85040000 		.4byte	0x485
 1033 0485 04       		.uleb128 0x4
 1034 0486 01       		.byte	0x1
 1035 0487 08       		.byte	0x8
 1036 0488 5A030000 		.4byte	.LASF72
 1037 048c 09       		.uleb128 0x9
 1038 048d 04       		.byte	0x4
 1039 048e 73030000 		.4byte	0x373
 1040 0492 13       		.uleb128 0x13
 1041 0493 F7030000 		.4byte	.LASF73
 1042 0497 01       		.byte	0x1
 1043 0498 4B       		.byte	0x4b
 1044 0499 00000000 		.4byte	.LFB7
 1045 049d 20000000 		.4byte	.LFE7-.LFB7
 1046 04a1 01       		.uleb128 0x1
 1047 04a2 9C       		.byte	0x9c
 1048 04a3 BB040000 		.4byte	0x4bb
 1049 04a7 14       		.uleb128 0x14
 1050 04a8 14000000 		.4byte	.LVL0
 1051 04ac B3060000 		.4byte	0x6b3
 1052 04b0 15       		.uleb128 0x15
 1053 04b1 01       		.uleb128 0x1
 1054 04b2 50       		.byte	0x50
 1055 04b3 05       		.uleb128 0x5
 1056 04b4 03       		.byte	0x3
 1057 04b5 10000000 		.4byte	.LANCHOR0+16
 1058 04b9 00       		.byte	0
 1059 04ba 00       		.byte	0
 1060 04bb 13       		.uleb128 0x13
 1061 04bc 6D000000 		.4byte	.LASF74
 1062 04c0 01       		.byte	0x1
 1063 04c1 63       		.byte	0x63
 1064 04c2 00000000 		.4byte	.LFB8
 1065 04c6 18000000 		.4byte	.LFE8-.LFB8
 1066 04ca 01       		.uleb128 0x1
 1067 04cb 9C       		.byte	0x9c
 1068 04cc 1F050000 		.4byte	0x51f
 1069 04d0 16       		.uleb128 0x16
 1070 04d1 5B000000 		.4byte	.LASF75
 1071 04d5 01       		.byte	0x1
 1072 04d6 63       		.byte	0x63
 1073 04d7 20040000 		.4byte	0x420
 1074 04db 00000000 		.4byte	.LLST0
 1075 04df 17       		.uleb128 0x17
 1076 04e0 62756600 		.ascii	"buf\000"
 1077 04e4 01       		.byte	0x1
 1078 04e5 63       		.byte	0x63
 1079 04e6 92020000 		.4byte	0x292
ARM GAS  /tmp/cclvwzaf.s 			page 20


 1080 04ea 2E000000 		.4byte	.LLST1
 1081 04ee 16       		.uleb128 0x16
 1082 04ef 24010000 		.4byte	.LASF67
 1083 04f3 01       		.byte	0x1
 1084 04f4 63       		.byte	0x63
 1085 04f5 2C000000 		.4byte	0x2c
 1086 04f9 4F000000 		.4byte	.LLST2
 1087 04fd 18       		.uleb128 0x18
 1088 04fe 687000   		.ascii	"hp\000"
 1089 0501 01       		.byte	0x1
 1090 0502 64       		.byte	0x64
 1091 0503 1A040000 		.4byte	0x41a
 1092 0507 7D000000 		.4byte	.LLST3
 1093 050b 14       		.uleb128 0x14
 1094 050c 16000000 		.4byte	.LVL5
 1095 0510 B3060000 		.4byte	0x6b3
 1096 0514 15       		.uleb128 0x15
 1097 0515 01       		.uleb128 0x1
 1098 0516 50       		.byte	0x50
 1099 0517 05       		.uleb128 0x5
 1100 0518 F3       		.byte	0xf3
 1101 0519 01       		.uleb128 0x1
 1102 051a 50       		.byte	0x50
 1103 051b 23       		.byte	0x23
 1104 051c 10       		.uleb128 0x10
 1105 051d 00       		.byte	0
 1106 051e 00       		.byte	0
 1107 051f 19       		.uleb128 0x19
 1108 0520 28030000 		.4byte	.LASF77
 1109 0524 01       		.byte	0x1
 1110 0525 84       		.byte	0x84
 1111 0526 92020000 		.4byte	0x292
 1112 052a 00000000 		.4byte	.LFB9
 1113 052e 80000000 		.4byte	.LFE9-.LFB9
 1114 0532 01       		.uleb128 0x1
 1115 0533 9C       		.byte	0x9c
 1116 0534 B3050000 		.4byte	0x5b3
 1117 0538 16       		.uleb128 0x16
 1118 0539 5B000000 		.4byte	.LASF75
 1119 053d 01       		.byte	0x1
 1120 053e 84       		.byte	0x84
 1121 053f 20040000 		.4byte	0x420
 1122 0543 9E000000 		.4byte	.LLST4
 1123 0547 16       		.uleb128 0x16
 1124 0548 24010000 		.4byte	.LASF67
 1125 054c 01       		.byte	0x1
 1126 054d 84       		.byte	0x84
 1127 054e 2C000000 		.4byte	0x2c
 1128 0552 BC000000 		.4byte	.LLST5
 1129 0556 18       		.uleb128 0x18
 1130 0557 717000   		.ascii	"qp\000"
 1131 055a 01       		.byte	0x1
 1132 055b 85       		.byte	0x85
 1133 055c 1A040000 		.4byte	0x41a
 1134 0560 ED000000 		.4byte	.LLST6
 1135 0564 18       		.uleb128 0x18
 1136 0565 687000   		.ascii	"hp\000"
ARM GAS  /tmp/cclvwzaf.s 			page 21


 1137 0568 01       		.byte	0x1
 1138 0569 85       		.byte	0x85
 1139 056a 1A040000 		.4byte	0x41a
 1140 056e 00010000 		.4byte	.LLST7
 1141 0572 18       		.uleb128 0x18
 1142 0573 667000   		.ascii	"fp\000"
 1143 0576 01       		.byte	0x1
 1144 0577 85       		.byte	0x85
 1145 0578 1A040000 		.4byte	0x41a
 1146 057c 41010000 		.4byte	.LLST8
 1147 0580 1A       		.uleb128 0x1a
 1148 0581 1A000000 		.4byte	.LVL10
 1149 0585 C4060000 		.4byte	0x6c4
 1150 0589 94050000 		.4byte	0x594
 1151 058d 15       		.uleb128 0x15
 1152 058e 01       		.uleb128 0x1
 1153 058f 50       		.byte	0x50
 1154 0590 02       		.uleb128 0x2
 1155 0591 77       		.byte	0x77
 1156 0592 10       		.sleb128 16
 1157 0593 00       		.byte	0
 1158 0594 1B       		.uleb128 0x1b
 1159 0595 48000000 		.4byte	.LVL14
 1160 0599 D5060000 		.4byte	0x6d5
 1161 059d 1B       		.uleb128 0x1b
 1162 059e 5A000000 		.4byte	.LVL16
 1163 05a2 D5060000 		.4byte	0x6d5
 1164 05a6 1C       		.uleb128 0x1c
 1165 05a7 66000000 		.4byte	.LVL17
 1166 05ab 15       		.uleb128 0x15
 1167 05ac 01       		.uleb128 0x1
 1168 05ad 50       		.byte	0x50
 1169 05ae 02       		.uleb128 0x2
 1170 05af 76       		.byte	0x76
 1171 05b0 08       		.sleb128 8
 1172 05b1 00       		.byte	0
 1173 05b2 00       		.byte	0
 1174 05b3 13       		.uleb128 0x13
 1175 05b4 B4000000 		.4byte	.LASF76
 1176 05b8 01       		.byte	0x1
 1177 05b9 C2       		.byte	0xc2
 1178 05ba 00000000 		.4byte	.LFB10
 1179 05be 74000000 		.4byte	.LFE10-.LFB10
 1180 05c2 01       		.uleb128 0x1
 1181 05c3 9C       		.byte	0x9c
 1182 05c4 1E060000 		.4byte	0x61e
 1183 05c8 17       		.uleb128 0x17
 1184 05c9 7000     		.ascii	"p\000"
 1185 05cb 01       		.byte	0x1
 1186 05cc C2       		.byte	0xc2
 1187 05cd 92020000 		.4byte	0x292
 1188 05d1 54010000 		.4byte	.LLST9
 1189 05d5 18       		.uleb128 0x18
 1190 05d6 717000   		.ascii	"qp\000"
 1191 05d9 01       		.byte	0x1
 1192 05da C3       		.byte	0xc3
 1193 05db 1A040000 		.4byte	0x41a
ARM GAS  /tmp/cclvwzaf.s 			page 22


 1194 05df B2010000 		.4byte	.LLST10
 1195 05e3 18       		.uleb128 0x18
 1196 05e4 687000   		.ascii	"hp\000"
 1197 05e7 01       		.byte	0x1
 1198 05e8 C3       		.byte	0xc3
 1199 05e9 1A040000 		.4byte	0x41a
 1200 05ed D0010000 		.4byte	.LLST11
 1201 05f1 1D       		.uleb128 0x1d
 1202 05f2 5B000000 		.4byte	.LASF75
 1203 05f6 01       		.byte	0x1
 1204 05f7 C4       		.byte	0xc4
 1205 05f8 20040000 		.4byte	0x420
 1206 05fc F3010000 		.4byte	.LLST12
 1207 0600 1A       		.uleb128 0x1a
 1208 0601 14000000 		.4byte	.LVL31
 1209 0605 C4060000 		.4byte	0x6c4
 1210 0609 14060000 		.4byte	0x614
 1211 060d 15       		.uleb128 0x15
 1212 060e 01       		.uleb128 0x1
 1213 060f 50       		.byte	0x50
 1214 0610 02       		.uleb128 0x2
 1215 0611 75       		.byte	0x75
 1216 0612 08       		.sleb128 8
 1217 0613 00       		.byte	0
 1218 0614 1B       		.uleb128 0x1b
 1219 0615 72000000 		.4byte	.LVL39
 1220 0619 D5060000 		.4byte	0x6d5
 1221 061d 00       		.byte	0
 1222 061e 19       		.uleb128 0x19
 1223 061f 5F030000 		.4byte	.LASF78
 1224 0623 01       		.byte	0x1
 1225 0624 FA       		.byte	0xfa
 1226 0625 2C000000 		.4byte	0x2c
 1227 0629 00000000 		.4byte	.LFB11
 1228 062d 44000000 		.4byte	.LFE11-.LFB11
 1229 0631 01       		.uleb128 0x1
 1230 0632 9C       		.byte	0x9c
 1231 0633 9C060000 		.4byte	0x69c
 1232 0637 16       		.uleb128 0x16
 1233 0638 5B000000 		.4byte	.LASF75
 1234 063c 01       		.byte	0x1
 1235 063d FA       		.byte	0xfa
 1236 063e 20040000 		.4byte	0x420
 1237 0642 2C020000 		.4byte	.LLST13
 1238 0646 16       		.uleb128 0x16
 1239 0647 EA030000 		.4byte	.LASF79
 1240 064b 01       		.byte	0x1
 1241 064c FA       		.byte	0xfa
 1242 064d 9C060000 		.4byte	0x69c
 1243 0651 55020000 		.4byte	.LLST14
 1244 0655 18       		.uleb128 0x18
 1245 0656 717000   		.ascii	"qp\000"
 1246 0659 01       		.byte	0x1
 1247 065a FB       		.byte	0xfb
 1248 065b 1A040000 		.4byte	0x41a
 1249 065f 81020000 		.4byte	.LLST15
 1250 0663 18       		.uleb128 0x18
ARM GAS  /tmp/cclvwzaf.s 			page 23


 1251 0664 6E00     		.ascii	"n\000"
 1252 0666 01       		.byte	0x1
 1253 0667 FC       		.byte	0xfc
 1254 0668 2C000000 		.4byte	0x2c
 1255 066c AE020000 		.4byte	.LLST16
 1256 0670 18       		.uleb128 0x18
 1257 0671 737A00   		.ascii	"sz\000"
 1258 0674 01       		.byte	0x1
 1259 0675 FC       		.byte	0xfc
 1260 0676 2C000000 		.4byte	0x2c
 1261 067a D9020000 		.4byte	.LLST17
 1262 067e 1A       		.uleb128 0x1a
 1263 067f 14000000 		.4byte	.LVL43
 1264 0683 C4060000 		.4byte	0x6c4
 1265 0687 92060000 		.4byte	0x692
 1266 068b 15       		.uleb128 0x15
 1267 068c 01       		.uleb128 0x1
 1268 068d 50       		.byte	0x50
 1269 068e 02       		.uleb128 0x2
 1270 068f 74       		.byte	0x74
 1271 0690 10       		.sleb128 16
 1272 0691 00       		.byte	0
 1273 0692 1B       		.uleb128 0x1b
 1274 0693 3A000000 		.4byte	.LVL50
 1275 0697 D5060000 		.4byte	0x6d5
 1276 069b 00       		.byte	0
 1277 069c 09       		.uleb128 0x9
 1278 069d 04       		.byte	0x4
 1279 069e 2C000000 		.4byte	0x2c
 1280 06a2 1E       		.uleb128 0x1e
 1281 06a3 4D030000 		.4byte	.LASF80
 1282 06a7 01       		.byte	0x1
 1283 06a8 44       		.byte	0x44
 1284 06a9 9E030000 		.4byte	0x39e
 1285 06ad 05       		.uleb128 0x5
 1286 06ae 03       		.byte	0x3
 1287 06af 00000000 		.4byte	default_heap
 1288 06b3 1F       		.uleb128 0x1f
 1289 06b4 CA030000 		.4byte	.LASF81
 1290 06b8 09       		.byte	0x9
 1291 06b9 38       		.byte	0x38
 1292 06ba C4060000 		.4byte	0x6c4
 1293 06be 0D       		.uleb128 0xd
 1294 06bf 8C040000 		.4byte	0x48c
 1295 06c3 00       		.byte	0
 1296 06c4 1F       		.uleb128 0x1f
 1297 06c5 5E020000 		.4byte	.LASF82
 1298 06c9 09       		.byte	0x9
 1299 06ca 39       		.byte	0x39
 1300 06cb D5060000 		.4byte	0x6d5
 1301 06cf 0D       		.uleb128 0xd
 1302 06d0 8C040000 		.4byte	0x48c
 1303 06d4 00       		.byte	0
 1304 06d5 20       		.uleb128 0x20
 1305 06d6 61000000 		.4byte	.LASF87
 1306 06da 09       		.byte	0x9
 1307 06db 3D       		.byte	0x3d
ARM GAS  /tmp/cclvwzaf.s 			page 24


 1308 06dc 8C040000 		.4byte	0x48c
 1309 06e0 00       		.byte	0
 1310              		.section	.debug_abbrev,"",%progbits
 1311              	.Ldebug_abbrev0:
 1312 0000 01       		.uleb128 0x1
 1313 0001 11       		.uleb128 0x11
 1314 0002 01       		.byte	0x1
 1315 0003 25       		.uleb128 0x25
 1316 0004 0E       		.uleb128 0xe
 1317 0005 13       		.uleb128 0x13
 1318 0006 0B       		.uleb128 0xb
 1319 0007 03       		.uleb128 0x3
 1320 0008 0E       		.uleb128 0xe
 1321 0009 1B       		.uleb128 0x1b
 1322 000a 0E       		.uleb128 0xe
 1323 000b 55       		.uleb128 0x55
 1324 000c 17       		.uleb128 0x17
 1325 000d 11       		.uleb128 0x11
 1326 000e 01       		.uleb128 0x1
 1327 000f 10       		.uleb128 0x10
 1328 0010 17       		.uleb128 0x17
 1329 0011 00       		.byte	0
 1330 0012 00       		.byte	0
 1331 0013 02       		.uleb128 0x2
 1332 0014 24       		.uleb128 0x24
 1333 0015 00       		.byte	0
 1334 0016 0B       		.uleb128 0xb
 1335 0017 0B       		.uleb128 0xb
 1336 0018 3E       		.uleb128 0x3e
 1337 0019 0B       		.uleb128 0xb
 1338 001a 03       		.uleb128 0x3
 1339 001b 08       		.uleb128 0x8
 1340 001c 00       		.byte	0
 1341 001d 00       		.byte	0
 1342 001e 03       		.uleb128 0x3
 1343 001f 16       		.uleb128 0x16
 1344 0020 00       		.byte	0
 1345 0021 03       		.uleb128 0x3
 1346 0022 0E       		.uleb128 0xe
 1347 0023 3A       		.uleb128 0x3a
 1348 0024 0B       		.uleb128 0xb
 1349 0025 3B       		.uleb128 0x3b
 1350 0026 0B       		.uleb128 0xb
 1351 0027 49       		.uleb128 0x49
 1352 0028 13       		.uleb128 0x13
 1353 0029 00       		.byte	0
 1354 002a 00       		.byte	0
 1355 002b 04       		.uleb128 0x4
 1356 002c 24       		.uleb128 0x24
 1357 002d 00       		.byte	0
 1358 002e 0B       		.uleb128 0xb
 1359 002f 0B       		.uleb128 0xb
 1360 0030 3E       		.uleb128 0x3e
 1361 0031 0B       		.uleb128 0xb
 1362 0032 03       		.uleb128 0x3
 1363 0033 0E       		.uleb128 0xe
 1364 0034 00       		.byte	0
ARM GAS  /tmp/cclvwzaf.s 			page 25


 1365 0035 00       		.byte	0
 1366 0036 05       		.uleb128 0x5
 1367 0037 13       		.uleb128 0x13
 1368 0038 01       		.byte	0x1
 1369 0039 03       		.uleb128 0x3
 1370 003a 0E       		.uleb128 0xe
 1371 003b 0B       		.uleb128 0xb
 1372 003c 0B       		.uleb128 0xb
 1373 003d 3A       		.uleb128 0x3a
 1374 003e 0B       		.uleb128 0xb
 1375 003f 3B       		.uleb128 0x3b
 1376 0040 0B       		.uleb128 0xb
 1377 0041 01       		.uleb128 0x1
 1378 0042 13       		.uleb128 0x13
 1379 0043 00       		.byte	0
 1380 0044 00       		.byte	0
 1381 0045 06       		.uleb128 0x6
 1382 0046 0D       		.uleb128 0xd
 1383 0047 00       		.byte	0
 1384 0048 03       		.uleb128 0x3
 1385 0049 0E       		.uleb128 0xe
 1386 004a 3A       		.uleb128 0x3a
 1387 004b 0B       		.uleb128 0xb
 1388 004c 3B       		.uleb128 0x3b
 1389 004d 0B       		.uleb128 0xb
 1390 004e 49       		.uleb128 0x49
 1391 004f 13       		.uleb128 0x13
 1392 0050 38       		.uleb128 0x38
 1393 0051 0B       		.uleb128 0xb
 1394 0052 00       		.byte	0
 1395 0053 00       		.byte	0
 1396 0054 07       		.uleb128 0x7
 1397 0055 0D       		.uleb128 0xd
 1398 0056 00       		.byte	0
 1399 0057 03       		.uleb128 0x3
 1400 0058 08       		.uleb128 0x8
 1401 0059 3A       		.uleb128 0x3a
 1402 005a 0B       		.uleb128 0xb
 1403 005b 3B       		.uleb128 0x3b
 1404 005c 0B       		.uleb128 0xb
 1405 005d 49       		.uleb128 0x49
 1406 005e 13       		.uleb128 0x13
 1407 005f 38       		.uleb128 0x38
 1408 0060 0B       		.uleb128 0xb
 1409 0061 00       		.byte	0
 1410 0062 00       		.byte	0
 1411 0063 08       		.uleb128 0x8
 1412 0064 13       		.uleb128 0x13
 1413 0065 01       		.byte	0x1
 1414 0066 0B       		.uleb128 0xb
 1415 0067 0B       		.uleb128 0xb
 1416 0068 3A       		.uleb128 0x3a
 1417 0069 0B       		.uleb128 0xb
 1418 006a 3B       		.uleb128 0x3b
 1419 006b 0B       		.uleb128 0xb
 1420 006c 01       		.uleb128 0x1
 1421 006d 13       		.uleb128 0x13
ARM GAS  /tmp/cclvwzaf.s 			page 26


 1422 006e 00       		.byte	0
 1423 006f 00       		.byte	0
 1424 0070 09       		.uleb128 0x9
 1425 0071 0F       		.uleb128 0xf
 1426 0072 00       		.byte	0
 1427 0073 0B       		.uleb128 0xb
 1428 0074 0B       		.uleb128 0xb
 1429 0075 49       		.uleb128 0x49
 1430 0076 13       		.uleb128 0x13
 1431 0077 00       		.byte	0
 1432 0078 00       		.byte	0
 1433 0079 0A       		.uleb128 0xa
 1434 007a 0F       		.uleb128 0xf
 1435 007b 00       		.byte	0
 1436 007c 0B       		.uleb128 0xb
 1437 007d 0B       		.uleb128 0xb
 1438 007e 00       		.byte	0
 1439 007f 00       		.byte	0
 1440 0080 0B       		.uleb128 0xb
 1441 0081 35       		.uleb128 0x35
 1442 0082 00       		.byte	0
 1443 0083 49       		.uleb128 0x49
 1444 0084 13       		.uleb128 0x13
 1445 0085 00       		.byte	0
 1446 0086 00       		.byte	0
 1447 0087 0C       		.uleb128 0xc
 1448 0088 15       		.uleb128 0x15
 1449 0089 01       		.byte	0x1
 1450 008a 27       		.uleb128 0x27
 1451 008b 19       		.uleb128 0x19
 1452 008c 49       		.uleb128 0x49
 1453 008d 13       		.uleb128 0x13
 1454 008e 01       		.uleb128 0x1
 1455 008f 13       		.uleb128 0x13
 1456 0090 00       		.byte	0
 1457 0091 00       		.byte	0
 1458 0092 0D       		.uleb128 0xd
 1459 0093 05       		.uleb128 0x5
 1460 0094 00       		.byte	0
 1461 0095 49       		.uleb128 0x49
 1462 0096 13       		.uleb128 0x13
 1463 0097 00       		.byte	0
 1464 0098 00       		.byte	0
 1465 0099 0E       		.uleb128 0xe
 1466 009a 17       		.uleb128 0x17
 1467 009b 01       		.byte	0x1
 1468 009c 0B       		.uleb128 0xb
 1469 009d 0B       		.uleb128 0xb
 1470 009e 3A       		.uleb128 0x3a
 1471 009f 0B       		.uleb128 0xb
 1472 00a0 3B       		.uleb128 0x3b
 1473 00a1 0B       		.uleb128 0xb
 1474 00a2 01       		.uleb128 0x1
 1475 00a3 13       		.uleb128 0x13
 1476 00a4 00       		.byte	0
 1477 00a5 00       		.byte	0
 1478 00a6 0F       		.uleb128 0xf
ARM GAS  /tmp/cclvwzaf.s 			page 27


 1479 00a7 0D       		.uleb128 0xd
 1480 00a8 00       		.byte	0
 1481 00a9 03       		.uleb128 0x3
 1482 00aa 0E       		.uleb128 0xe
 1483 00ab 3A       		.uleb128 0x3a
 1484 00ac 0B       		.uleb128 0xb
 1485 00ad 3B       		.uleb128 0x3b
 1486 00ae 0B       		.uleb128 0xb
 1487 00af 49       		.uleb128 0x49
 1488 00b0 13       		.uleb128 0x13
 1489 00b1 00       		.byte	0
 1490 00b2 00       		.byte	0
 1491 00b3 10       		.uleb128 0x10
 1492 00b4 17       		.uleb128 0x17
 1493 00b5 01       		.byte	0x1
 1494 00b6 03       		.uleb128 0x3
 1495 00b7 0E       		.uleb128 0xe
 1496 00b8 0B       		.uleb128 0xb
 1497 00b9 0B       		.uleb128 0xb
 1498 00ba 3A       		.uleb128 0x3a
 1499 00bb 0B       		.uleb128 0xb
 1500 00bc 3B       		.uleb128 0x3b
 1501 00bd 0B       		.uleb128 0xb
 1502 00be 01       		.uleb128 0x1
 1503 00bf 13       		.uleb128 0x13
 1504 00c0 00       		.byte	0
 1505 00c1 00       		.byte	0
 1506 00c2 11       		.uleb128 0x11
 1507 00c3 0D       		.uleb128 0xd
 1508 00c4 00       		.byte	0
 1509 00c5 03       		.uleb128 0x3
 1510 00c6 08       		.uleb128 0x8
 1511 00c7 3A       		.uleb128 0x3a
 1512 00c8 0B       		.uleb128 0xb
 1513 00c9 3B       		.uleb128 0x3b
 1514 00ca 0B       		.uleb128 0xb
 1515 00cb 49       		.uleb128 0x49
 1516 00cc 13       		.uleb128 0x13
 1517 00cd 00       		.byte	0
 1518 00ce 00       		.byte	0
 1519 00cf 12       		.uleb128 0x12
 1520 00d0 26       		.uleb128 0x26
 1521 00d1 00       		.byte	0
 1522 00d2 49       		.uleb128 0x49
 1523 00d3 13       		.uleb128 0x13
 1524 00d4 00       		.byte	0
 1525 00d5 00       		.byte	0
 1526 00d6 13       		.uleb128 0x13
 1527 00d7 2E       		.uleb128 0x2e
 1528 00d8 01       		.byte	0x1
 1529 00d9 3F       		.uleb128 0x3f
 1530 00da 19       		.uleb128 0x19
 1531 00db 03       		.uleb128 0x3
 1532 00dc 0E       		.uleb128 0xe
 1533 00dd 3A       		.uleb128 0x3a
 1534 00de 0B       		.uleb128 0xb
 1535 00df 3B       		.uleb128 0x3b
ARM GAS  /tmp/cclvwzaf.s 			page 28


 1536 00e0 0B       		.uleb128 0xb
 1537 00e1 27       		.uleb128 0x27
 1538 00e2 19       		.uleb128 0x19
 1539 00e3 11       		.uleb128 0x11
 1540 00e4 01       		.uleb128 0x1
 1541 00e5 12       		.uleb128 0x12
 1542 00e6 06       		.uleb128 0x6
 1543 00e7 40       		.uleb128 0x40
 1544 00e8 18       		.uleb128 0x18
 1545 00e9 9742     		.uleb128 0x2117
 1546 00eb 19       		.uleb128 0x19
 1547 00ec 01       		.uleb128 0x1
 1548 00ed 13       		.uleb128 0x13
 1549 00ee 00       		.byte	0
 1550 00ef 00       		.byte	0
 1551 00f0 14       		.uleb128 0x14
 1552 00f1 898201   		.uleb128 0x4109
 1553 00f4 01       		.byte	0x1
 1554 00f5 11       		.uleb128 0x11
 1555 00f6 01       		.uleb128 0x1
 1556 00f7 31       		.uleb128 0x31
 1557 00f8 13       		.uleb128 0x13
 1558 00f9 00       		.byte	0
 1559 00fa 00       		.byte	0
 1560 00fb 15       		.uleb128 0x15
 1561 00fc 8A8201   		.uleb128 0x410a
 1562 00ff 00       		.byte	0
 1563 0100 02       		.uleb128 0x2
 1564 0101 18       		.uleb128 0x18
 1565 0102 9142     		.uleb128 0x2111
 1566 0104 18       		.uleb128 0x18
 1567 0105 00       		.byte	0
 1568 0106 00       		.byte	0
 1569 0107 16       		.uleb128 0x16
 1570 0108 05       		.uleb128 0x5
 1571 0109 00       		.byte	0
 1572 010a 03       		.uleb128 0x3
 1573 010b 0E       		.uleb128 0xe
 1574 010c 3A       		.uleb128 0x3a
 1575 010d 0B       		.uleb128 0xb
 1576 010e 3B       		.uleb128 0x3b
 1577 010f 0B       		.uleb128 0xb
 1578 0110 49       		.uleb128 0x49
 1579 0111 13       		.uleb128 0x13
 1580 0112 02       		.uleb128 0x2
 1581 0113 17       		.uleb128 0x17
 1582 0114 00       		.byte	0
 1583 0115 00       		.byte	0
 1584 0116 17       		.uleb128 0x17
 1585 0117 05       		.uleb128 0x5
 1586 0118 00       		.byte	0
 1587 0119 03       		.uleb128 0x3
 1588 011a 08       		.uleb128 0x8
 1589 011b 3A       		.uleb128 0x3a
 1590 011c 0B       		.uleb128 0xb
 1591 011d 3B       		.uleb128 0x3b
 1592 011e 0B       		.uleb128 0xb
ARM GAS  /tmp/cclvwzaf.s 			page 29


 1593 011f 49       		.uleb128 0x49
 1594 0120 13       		.uleb128 0x13
 1595 0121 02       		.uleb128 0x2
 1596 0122 17       		.uleb128 0x17
 1597 0123 00       		.byte	0
 1598 0124 00       		.byte	0
 1599 0125 18       		.uleb128 0x18
 1600 0126 34       		.uleb128 0x34
 1601 0127 00       		.byte	0
 1602 0128 03       		.uleb128 0x3
 1603 0129 08       		.uleb128 0x8
 1604 012a 3A       		.uleb128 0x3a
 1605 012b 0B       		.uleb128 0xb
 1606 012c 3B       		.uleb128 0x3b
 1607 012d 0B       		.uleb128 0xb
 1608 012e 49       		.uleb128 0x49
 1609 012f 13       		.uleb128 0x13
 1610 0130 02       		.uleb128 0x2
 1611 0131 17       		.uleb128 0x17
 1612 0132 00       		.byte	0
 1613 0133 00       		.byte	0
 1614 0134 19       		.uleb128 0x19
 1615 0135 2E       		.uleb128 0x2e
 1616 0136 01       		.byte	0x1
 1617 0137 3F       		.uleb128 0x3f
 1618 0138 19       		.uleb128 0x19
 1619 0139 03       		.uleb128 0x3
 1620 013a 0E       		.uleb128 0xe
 1621 013b 3A       		.uleb128 0x3a
 1622 013c 0B       		.uleb128 0xb
 1623 013d 3B       		.uleb128 0x3b
 1624 013e 0B       		.uleb128 0xb
 1625 013f 27       		.uleb128 0x27
 1626 0140 19       		.uleb128 0x19
 1627 0141 49       		.uleb128 0x49
 1628 0142 13       		.uleb128 0x13
 1629 0143 11       		.uleb128 0x11
 1630 0144 01       		.uleb128 0x1
 1631 0145 12       		.uleb128 0x12
 1632 0146 06       		.uleb128 0x6
 1633 0147 40       		.uleb128 0x40
 1634 0148 18       		.uleb128 0x18
 1635 0149 9742     		.uleb128 0x2117
 1636 014b 19       		.uleb128 0x19
 1637 014c 01       		.uleb128 0x1
 1638 014d 13       		.uleb128 0x13
 1639 014e 00       		.byte	0
 1640 014f 00       		.byte	0
 1641 0150 1A       		.uleb128 0x1a
 1642 0151 898201   		.uleb128 0x4109
 1643 0154 01       		.byte	0x1
 1644 0155 11       		.uleb128 0x11
 1645 0156 01       		.uleb128 0x1
 1646 0157 31       		.uleb128 0x31
 1647 0158 13       		.uleb128 0x13
 1648 0159 01       		.uleb128 0x1
 1649 015a 13       		.uleb128 0x13
ARM GAS  /tmp/cclvwzaf.s 			page 30


 1650 015b 00       		.byte	0
 1651 015c 00       		.byte	0
 1652 015d 1B       		.uleb128 0x1b
 1653 015e 898201   		.uleb128 0x4109
 1654 0161 00       		.byte	0
 1655 0162 11       		.uleb128 0x11
 1656 0163 01       		.uleb128 0x1
 1657 0164 31       		.uleb128 0x31
 1658 0165 13       		.uleb128 0x13
 1659 0166 00       		.byte	0
 1660 0167 00       		.byte	0
 1661 0168 1C       		.uleb128 0x1c
 1662 0169 898201   		.uleb128 0x4109
 1663 016c 01       		.byte	0x1
 1664 016d 11       		.uleb128 0x11
 1665 016e 01       		.uleb128 0x1
 1666 016f 00       		.byte	0
 1667 0170 00       		.byte	0
 1668 0171 1D       		.uleb128 0x1d
 1669 0172 34       		.uleb128 0x34
 1670 0173 00       		.byte	0
 1671 0174 03       		.uleb128 0x3
 1672 0175 0E       		.uleb128 0xe
 1673 0176 3A       		.uleb128 0x3a
 1674 0177 0B       		.uleb128 0xb
 1675 0178 3B       		.uleb128 0x3b
 1676 0179 0B       		.uleb128 0xb
 1677 017a 49       		.uleb128 0x49
 1678 017b 13       		.uleb128 0x13
 1679 017c 02       		.uleb128 0x2
 1680 017d 17       		.uleb128 0x17
 1681 017e 00       		.byte	0
 1682 017f 00       		.byte	0
 1683 0180 1E       		.uleb128 0x1e
 1684 0181 34       		.uleb128 0x34
 1685 0182 00       		.byte	0
 1686 0183 03       		.uleb128 0x3
 1687 0184 0E       		.uleb128 0xe
 1688 0185 3A       		.uleb128 0x3a
 1689 0186 0B       		.uleb128 0xb
 1690 0187 3B       		.uleb128 0x3b
 1691 0188 0B       		.uleb128 0xb
 1692 0189 49       		.uleb128 0x49
 1693 018a 13       		.uleb128 0x13
 1694 018b 02       		.uleb128 0x2
 1695 018c 18       		.uleb128 0x18
 1696 018d 00       		.byte	0
 1697 018e 00       		.byte	0
 1698 018f 1F       		.uleb128 0x1f
 1699 0190 2E       		.uleb128 0x2e
 1700 0191 01       		.byte	0x1
 1701 0192 3F       		.uleb128 0x3f
 1702 0193 19       		.uleb128 0x19
 1703 0194 03       		.uleb128 0x3
 1704 0195 0E       		.uleb128 0xe
 1705 0196 3A       		.uleb128 0x3a
 1706 0197 0B       		.uleb128 0xb
ARM GAS  /tmp/cclvwzaf.s 			page 31


 1707 0198 3B       		.uleb128 0x3b
 1708 0199 0B       		.uleb128 0xb
 1709 019a 27       		.uleb128 0x27
 1710 019b 19       		.uleb128 0x19
 1711 019c 3C       		.uleb128 0x3c
 1712 019d 19       		.uleb128 0x19
 1713 019e 01       		.uleb128 0x1
 1714 019f 13       		.uleb128 0x13
 1715 01a0 00       		.byte	0
 1716 01a1 00       		.byte	0
 1717 01a2 20       		.uleb128 0x20
 1718 01a3 2E       		.uleb128 0x2e
 1719 01a4 00       		.byte	0
 1720 01a5 3F       		.uleb128 0x3f
 1721 01a6 19       		.uleb128 0x19
 1722 01a7 03       		.uleb128 0x3
 1723 01a8 0E       		.uleb128 0xe
 1724 01a9 3A       		.uleb128 0x3a
 1725 01aa 0B       		.uleb128 0xb
 1726 01ab 3B       		.uleb128 0x3b
 1727 01ac 0B       		.uleb128 0xb
 1728 01ad 27       		.uleb128 0x27
 1729 01ae 19       		.uleb128 0x19
 1730 01af 49       		.uleb128 0x49
 1731 01b0 13       		.uleb128 0x13
 1732 01b1 3C       		.uleb128 0x3c
 1733 01b2 19       		.uleb128 0x19
 1734 01b3 00       		.byte	0
 1735 01b4 00       		.byte	0
 1736 01b5 00       		.byte	0
 1737              		.section	.debug_loc,"",%progbits
 1738              	.Ldebug_loc0:
 1739              	.LLST0:
 1740 0000 00000000 		.4byte	.LVL1
 1741 0004 12000000 		.4byte	.LVL4
 1742 0008 0100     		.2byte	0x1
 1743 000a 50       		.byte	0x50
 1744 000b 12000000 		.4byte	.LVL4
 1745 000f 15000000 		.4byte	.LVL5-1
 1746 0013 0300     		.2byte	0x3
 1747 0015 70       		.byte	0x70
 1748 0016 70       		.sleb128 -16
 1749 0017 9F       		.byte	0x9f
 1750 0018 15000000 		.4byte	.LVL5-1
 1751 001c 18000000 		.4byte	.LFE8
 1752 0020 0400     		.2byte	0x4
 1753 0022 F3       		.byte	0xf3
 1754 0023 01       		.uleb128 0x1
 1755 0024 50       		.byte	0x50
 1756 0025 9F       		.byte	0x9f
 1757 0026 00000000 		.4byte	0
 1758 002a 00000000 		.4byte	0
 1759              	.LLST1:
 1760 002e 00000000 		.4byte	.LVL1
 1761 0032 15000000 		.4byte	.LVL5-1
 1762 0036 0100     		.2byte	0x1
 1763 0038 51       		.byte	0x51
ARM GAS  /tmp/cclvwzaf.s 			page 32


 1764 0039 15000000 		.4byte	.LVL5-1
 1765 003d 18000000 		.4byte	.LFE8
 1766 0041 0400     		.2byte	0x4
 1767 0043 F3       		.byte	0xf3
 1768 0044 01       		.uleb128 0x1
 1769 0045 51       		.byte	0x51
 1770 0046 9F       		.byte	0x9f
 1771 0047 00000000 		.4byte	0
 1772 004b 00000000 		.4byte	0
 1773              	.LLST2:
 1774 004f 00000000 		.4byte	.LVL1
 1775 0053 0E000000 		.4byte	.LVL3
 1776 0057 0100     		.2byte	0x1
 1777 0059 52       		.byte	0x52
 1778 005a 0E000000 		.4byte	.LVL3
 1779 005e 15000000 		.4byte	.LVL5-1
 1780 0062 0300     		.2byte	0x3
 1781 0064 72       		.byte	0x72
 1782 0065 08       		.sleb128 8
 1783 0066 9F       		.byte	0x9f
 1784 0067 15000000 		.4byte	.LVL5-1
 1785 006b 18000000 		.4byte	.LFE8
 1786 006f 0400     		.2byte	0x4
 1787 0071 F3       		.byte	0xf3
 1788 0072 01       		.uleb128 0x1
 1789 0073 52       		.byte	0x52
 1790 0074 9F       		.byte	0x9f
 1791 0075 00000000 		.4byte	0
 1792 0079 00000000 		.4byte	0
 1793              	.LLST3:
 1794 007d 06000000 		.4byte	.LVL2
 1795 0081 15000000 		.4byte	.LVL5-1
 1796 0085 0100     		.2byte	0x1
 1797 0087 51       		.byte	0x51
 1798 0088 15000000 		.4byte	.LVL5-1
 1799 008c 18000000 		.4byte	.LFE8
 1800 0090 0400     		.2byte	0x4
 1801 0092 F3       		.byte	0xf3
 1802 0093 01       		.uleb128 0x1
 1803 0094 51       		.byte	0x51
 1804 0095 9F       		.byte	0x9f
 1805 0096 00000000 		.4byte	0
 1806 009a 00000000 		.4byte	0
 1807              	.LLST4:
 1808 009e 00000000 		.4byte	.LVL6
 1809 00a2 08000000 		.4byte	.LVL7
 1810 00a6 0100     		.2byte	0x1
 1811 00a8 50       		.byte	0x50
 1812 00a9 08000000 		.4byte	.LVL7
 1813 00ad 78000000 		.4byte	.LVL25
 1814 00b1 0100     		.2byte	0x1
 1815 00b3 57       		.byte	0x57
 1816 00b4 00000000 		.4byte	0
 1817 00b8 00000000 		.4byte	0
 1818              	.LLST5:
 1819 00bc 00000000 		.4byte	.LVL6
 1820 00c0 0E000000 		.4byte	.LVL8
ARM GAS  /tmp/cclvwzaf.s 			page 33


 1821 00c4 0100     		.2byte	0x1
 1822 00c6 51       		.byte	0x51
 1823 00c7 0E000000 		.4byte	.LVL8
 1824 00cb 78000000 		.4byte	.LVL24
 1825 00cf 0100     		.2byte	0x1
 1826 00d1 56       		.byte	0x56
 1827 00d2 78000000 		.4byte	.LVL24
 1828 00d6 80000000 		.4byte	.LFE9
 1829 00da 0900     		.2byte	0x9
 1830 00dc F3       		.byte	0xf3
 1831 00dd 01       		.uleb128 0x1
 1832 00de 51       		.byte	0x51
 1833 00df 23       		.byte	0x23
 1834 00e0 07       		.uleb128 0x7
 1835 00e1 09       		.byte	0x9
 1836 00e2 F8       		.byte	0xf8
 1837 00e3 1A       		.byte	0x1a
 1838 00e4 9F       		.byte	0x9f
 1839 00e5 00000000 		.4byte	0
 1840 00e9 00000000 		.4byte	0
 1841              	.LLST6:
 1842 00ed 12000000 		.4byte	.LVL9
 1843 00f1 78000000 		.4byte	.LVL23
 1844 00f5 0100     		.2byte	0x1
 1845 00f7 55       		.byte	0x55
 1846 00f8 00000000 		.4byte	0
 1847 00fc 00000000 		.4byte	0
 1848              	.LLST7:
 1849 0100 1C000000 		.4byte	.LVL11
 1850 0104 50000000 		.4byte	.LVL15
 1851 0108 0100     		.2byte	0x1
 1852 010a 54       		.byte	0x54
 1853 010b 66000000 		.4byte	.LVL17
 1854 010f 6E000000 		.4byte	.LVL18
 1855 0113 0100     		.2byte	0x1
 1856 0115 50       		.byte	0x50
 1857 0116 6E000000 		.4byte	.LVL18
 1858 011a 70000000 		.4byte	.LVL19
 1859 011e 0300     		.2byte	0x3
 1860 0120 70       		.byte	0x70
 1861 0121 08       		.sleb128 8
 1862 0122 9F       		.byte	0x9f
 1863 0123 70000000 		.4byte	.LVL19
 1864 0127 72000000 		.4byte	.LVL20
 1865 012b 0100     		.2byte	0x1
 1866 012d 50       		.byte	0x50
 1867 012e 76000000 		.4byte	.LVL21
 1868 0132 78000000 		.4byte	.LVL22
 1869 0136 0100     		.2byte	0x1
 1870 0138 50       		.byte	0x50
 1871 0139 00000000 		.4byte	0
 1872 013d 00000000 		.4byte	0
 1873              	.LLST8:
 1874 0141 32000000 		.4byte	.LVL12
 1875 0145 42000000 		.4byte	.LVL13
 1876 0149 0100     		.2byte	0x1
 1877 014b 52       		.byte	0x52
ARM GAS  /tmp/cclvwzaf.s 			page 34


 1878 014c 00000000 		.4byte	0
 1879 0150 00000000 		.4byte	0
 1880              	.LLST9:
 1881 0154 00000000 		.4byte	.LVL26
 1882 0158 0A000000 		.4byte	.LVL28
 1883 015c 0100     		.2byte	0x1
 1884 015e 50       		.byte	0x50
 1885 015f 0A000000 		.4byte	.LVL28
 1886 0163 5C000000 		.4byte	.LVL34
 1887 0167 0100     		.2byte	0x1
 1888 0169 56       		.byte	0x56
 1889 016a 5C000000 		.4byte	.LVL34
 1890 016e 66000000 		.4byte	.LVL35
 1891 0172 0300     		.2byte	0x3
 1892 0174 76       		.byte	0x76
 1893 0175 08       		.sleb128 8
 1894 0176 9F       		.byte	0x9f
 1895 0177 66000000 		.4byte	.LVL35
 1896 017b 6A000000 		.4byte	.LVL36
 1897 017f 0300     		.2byte	0x3
 1898 0181 74       		.byte	0x74
 1899 0182 08       		.sleb128 8
 1900 0183 9F       		.byte	0x9f
 1901 0184 6A000000 		.4byte	.LVL36
 1902 0188 6E000000 		.4byte	.LVL38
 1903 018c 0100     		.2byte	0x1
 1904 018e 56       		.byte	0x56
 1905 018f 6E000000 		.4byte	.LVL38
 1906 0193 72000000 		.4byte	.LVL40
 1907 0197 0300     		.2byte	0x3
 1908 0199 74       		.byte	0x74
 1909 019a 08       		.sleb128 8
 1910 019b 9F       		.byte	0x9f
 1911 019c 72000000 		.4byte	.LVL40
 1912 01a0 74000000 		.4byte	.LFE10
 1913 01a4 0400     		.2byte	0x4
 1914 01a6 F3       		.byte	0xf3
 1915 01a7 01       		.uleb128 0x1
 1916 01a8 50       		.byte	0x50
 1917 01a9 9F       		.byte	0x9f
 1918 01aa 00000000 		.4byte	0
 1919 01ae 00000000 		.4byte	0
 1920              	.LLST10:
 1921 01b2 0E000000 		.4byte	.LVL29
 1922 01b6 16000000 		.4byte	.LVL32
 1923 01ba 0100     		.2byte	0x1
 1924 01bc 55       		.byte	0x55
 1925 01bd 16000000 		.4byte	.LVL32
 1926 01c1 71000000 		.4byte	.LVL39-1
 1927 01c5 0100     		.2byte	0x1
 1928 01c7 53       		.byte	0x53
 1929 01c8 00000000 		.4byte	0
 1930 01cc 00000000 		.4byte	0
 1931              	.LLST11:
 1932 01d0 08000000 		.4byte	.LVL27
 1933 01d4 72000000 		.4byte	.LVL40
 1934 01d8 0100     		.2byte	0x1
ARM GAS  /tmp/cclvwzaf.s 			page 35


 1935 01da 54       		.byte	0x54
 1936 01db 72000000 		.4byte	.LVL40
 1937 01df 74000000 		.4byte	.LFE10
 1938 01e3 0600     		.2byte	0x6
 1939 01e5 F3       		.byte	0xf3
 1940 01e6 01       		.uleb128 0x1
 1941 01e7 50       		.byte	0x50
 1942 01e8 38       		.byte	0x38
 1943 01e9 1C       		.byte	0x1c
 1944 01ea 9F       		.byte	0x9f
 1945 01eb 00000000 		.4byte	0
 1946 01ef 00000000 		.4byte	0
 1947              	.LLST12:
 1948 01f3 0A000000 		.4byte	.LVL28
 1949 01f7 10000000 		.4byte	.LVL30
 1950 01fb 0100     		.2byte	0x1
 1951 01fd 50       		.byte	0x50
 1952 01fe 10000000 		.4byte	.LVL30
 1953 0202 13000000 		.4byte	.LVL31-1
 1954 0206 0200     		.2byte	0x2
 1955 0208 74       		.byte	0x74
 1956 0209 00       		.sleb128 0
 1957 020a 13000000 		.4byte	.LVL31-1
 1958 020e 44000000 		.4byte	.LVL33
 1959 0212 0300     		.2byte	0x3
 1960 0214 75       		.byte	0x75
 1961 0215 78       		.sleb128 -8
 1962 0216 9F       		.byte	0x9f
 1963 0217 6A000000 		.4byte	.LVL36
 1964 021b 6E000000 		.4byte	.LVL38
 1965 021f 0300     		.2byte	0x3
 1966 0221 75       		.byte	0x75
 1967 0222 78       		.sleb128 -8
 1968 0223 9F       		.byte	0x9f
 1969 0224 00000000 		.4byte	0
 1970 0228 00000000 		.4byte	0
 1971              	.LLST13:
 1972 022c 00000000 		.4byte	.LVL41
 1973 0230 0C000000 		.4byte	.LVL42
 1974 0234 0100     		.2byte	0x1
 1975 0236 50       		.byte	0x50
 1976 0237 0C000000 		.4byte	.LVL42
 1977 023b 1E000000 		.4byte	.LVL44
 1978 023f 0100     		.2byte	0x1
 1979 0241 54       		.byte	0x54
 1980 0242 2C000000 		.4byte	.LVL48
 1981 0246 30000000 		.4byte	.LVL49
 1982 024a 0100     		.2byte	0x1
 1983 024c 54       		.byte	0x54
 1984 024d 00000000 		.4byte	0
 1985 0251 00000000 		.4byte	0
 1986              	.LLST14:
 1987 0255 00000000 		.4byte	.LVL41
 1988 0259 13000000 		.4byte	.LVL43-1
 1989 025d 0100     		.2byte	0x1
 1990 025f 51       		.byte	0x51
 1991 0260 13000000 		.4byte	.LVL43-1
ARM GAS  /tmp/cclvwzaf.s 			page 36


 1992 0264 3C000000 		.4byte	.LVL51
 1993 0268 0100     		.2byte	0x1
 1994 026a 55       		.byte	0x55
 1995 026b 3C000000 		.4byte	.LVL51
 1996 026f 44000000 		.4byte	.LFE11
 1997 0273 0400     		.2byte	0x4
 1998 0275 F3       		.byte	0xf3
 1999 0276 01       		.uleb128 0x1
 2000 0277 51       		.byte	0x51
 2001 0278 9F       		.byte	0x9f
 2002 0279 00000000 		.4byte	0
 2003 027d 00000000 		.4byte	0
 2004              	.LLST15:
 2005 0281 14000000 		.4byte	.LVL43
 2006 0285 1E000000 		.4byte	.LVL44
 2007 0289 0300     		.2byte	0x3
 2008 028b 74       		.byte	0x74
 2009 028c 08       		.sleb128 8
 2010 028d 9F       		.byte	0x9f
 2011 028e 24000000 		.4byte	.LVL46
 2012 0292 26000000 		.4byte	.LVL47
 2013 0296 0100     		.2byte	0x1
 2014 0298 53       		.byte	0x53
 2015 0299 2C000000 		.4byte	.LVL48
 2016 029d 30000000 		.4byte	.LVL49
 2017 02a1 0300     		.2byte	0x3
 2018 02a3 74       		.byte	0x74
 2019 02a4 08       		.sleb128 8
 2020 02a5 9F       		.byte	0x9f
 2021 02a6 00000000 		.4byte	0
 2022 02aa 00000000 		.4byte	0
 2023              	.LLST16:
 2024 02ae 14000000 		.4byte	.LVL43
 2025 02b2 1E000000 		.4byte	.LVL44
 2026 02b6 0200     		.2byte	0x2
 2027 02b8 30       		.byte	0x30
 2028 02b9 9F       		.byte	0x9f
 2029 02ba 1E000000 		.4byte	.LVL44
 2030 02be 2C000000 		.4byte	.LVL48
 2031 02c2 0100     		.2byte	0x1
 2032 02c4 54       		.byte	0x54
 2033 02c5 2C000000 		.4byte	.LVL48
 2034 02c9 30000000 		.4byte	.LVL49
 2035 02cd 0200     		.2byte	0x2
 2036 02cf 30       		.byte	0x30
 2037 02d0 9F       		.byte	0x9f
 2038 02d1 00000000 		.4byte	0
 2039 02d5 00000000 		.4byte	0
 2040              	.LLST17:
 2041 02d9 14000000 		.4byte	.LVL43
 2042 02dd 1E000000 		.4byte	.LVL44
 2043 02e1 0200     		.2byte	0x2
 2044 02e3 30       		.byte	0x30
 2045 02e4 9F       		.byte	0x9f
 2046 02e5 1E000000 		.4byte	.LVL44
 2047 02e9 2C000000 		.4byte	.LVL48
 2048 02ed 0100     		.2byte	0x1
ARM GAS  /tmp/cclvwzaf.s 			page 37


 2049 02ef 52       		.byte	0x52
 2050 02f0 2C000000 		.4byte	.LVL48
 2051 02f4 30000000 		.4byte	.LVL49
 2052 02f8 0200     		.2byte	0x2
 2053 02fa 30       		.byte	0x30
 2054 02fb 9F       		.byte	0x9f
 2055 02fc 00000000 		.4byte	0
 2056 0300 00000000 		.4byte	0
 2057              		.section	.debug_aranges,"",%progbits
 2058 0000 3C000000 		.4byte	0x3c
 2059 0004 0200     		.2byte	0x2
 2060 0006 00000000 		.4byte	.Ldebug_info0
 2061 000a 04       		.byte	0x4
 2062 000b 00       		.byte	0
 2063 000c 0000     		.2byte	0
 2064 000e 0000     		.2byte	0
 2065 0010 00000000 		.4byte	.LFB7
 2066 0014 20000000 		.4byte	.LFE7-.LFB7
 2067 0018 00000000 		.4byte	.LFB8
 2068 001c 18000000 		.4byte	.LFE8-.LFB8
 2069 0020 00000000 		.4byte	.LFB9
 2070 0024 80000000 		.4byte	.LFE9-.LFB9
 2071 0028 00000000 		.4byte	.LFB10
 2072 002c 74000000 		.4byte	.LFE10-.LFB10
 2073 0030 00000000 		.4byte	.LFB11
 2074 0034 44000000 		.4byte	.LFE11-.LFB11
 2075 0038 00000000 		.4byte	0
 2076 003c 00000000 		.4byte	0
 2077              		.section	.debug_ranges,"",%progbits
 2078              	.Ldebug_ranges0:
 2079 0000 00000000 		.4byte	.LFB7
 2080 0004 20000000 		.4byte	.LFE7
 2081 0008 00000000 		.4byte	.LFB8
 2082 000c 18000000 		.4byte	.LFE8
 2083 0010 00000000 		.4byte	.LFB9
 2084 0014 80000000 		.4byte	.LFE9
 2085 0018 00000000 		.4byte	.LFB10
 2086 001c 74000000 		.4byte	.LFE10
 2087 0020 00000000 		.4byte	.LFB11
 2088 0024 44000000 		.4byte	.LFE11
 2089 0028 00000000 		.4byte	0
 2090 002c 00000000 		.4byte	0
 2091              		.section	.debug_line,"",%progbits
 2092              	.Ldebug_line0:
 2093 0000 B5020000 		.section	.debug_str,"MS",%progbits,1
 2093      0200F301 
 2093      00000201 
 2093      FB0E0D00 
 2093      01010101 
 2094              	.LASF42:
 2095 0000 705F6D73 		.ascii	"p_msg\000"
 2095      6700
 2096              	.LASF2:
 2097 0006 73697A65 		.ascii	"size_t\000"
 2097      5F7400
 2098              	.LASF68:
 2099 000d 7264796D 		.ascii	"rdymsg\000"
ARM GAS  /tmp/cclvwzaf.s 			page 38


 2099      736700
 2100              	.LASF17:
 2101 0014 75696E74 		.ascii	"uint64_t\000"
 2101      36345F74 
 2101      00
 2102              	.LASF3:
 2103 001d 5F5F7569 		.ascii	"__uint8_t\000"
 2103      6E74385F 
 2103      7400
 2104              	.LASF58:
 2105 0027 6D656D67 		.ascii	"memgetfunc_t\000"
 2105      65746675 
 2105      6E635F74 
 2105      00
 2106              	.LASF13:
 2107 0034 6C6F6E67 		.ascii	"long long unsigned int\000"
 2107      206C6F6E 
 2107      6720756E 
 2107      7369676E 
 2107      65642069 
 2108              	.LASF69:
 2109 004b 65786974 		.ascii	"exitcode\000"
 2109      636F6465 
 2109      00
 2110              	.LASF62:
 2111 0054 685F6672 		.ascii	"h_free\000"
 2111      656500
 2112              	.LASF75:
 2113 005b 68656170 		.ascii	"heapp\000"
 2113      7000
 2114              	.LASF87:
 2115 0061 63684D74 		.ascii	"chMtxUnlock\000"
 2115      78556E6C 
 2115      6F636B00 
 2116              	.LASF74:
 2117 006d 63684865 		.ascii	"chHeapInit\000"
 2117      6170496E 
 2117      697400
 2118              	.LASF64:
 2119 0078 6E657874 		.ascii	"next\000"
 2119      00
 2120              	.LASF30:
 2121 007d 705F7072 		.ascii	"p_prio\000"
 2121      696F00
 2122              	.LASF11:
 2123 0084 6C6F6E67 		.ascii	"long long int\000"
 2123      206C6F6E 
 2123      6720696E 
 2123      7400
 2124              	.LASF1:
 2125 0092 7369676E 		.ascii	"signed char\000"
 2125      65642063 
 2125      68617200 
 2126              	.LASF63:
 2127 009e 685F6D74 		.ascii	"h_mtx\000"
 2127      7800
 2128              	.LASF46:
ARM GAS  /tmp/cclvwzaf.s 			page 39


 2129 00a4 705F6D70 		.ascii	"p_mpool\000"
 2129      6F6F6C00 
 2130              	.LASF55:
 2131 00ac 6D5F7175 		.ascii	"m_queue\000"
 2131      65756500 
 2132              	.LASF76:
 2133 00b4 63684865 		.ascii	"chHeapFree\000"
 2133      61704672 
 2133      656500
 2134              	.LASF22:
 2135 00bf 74736C69 		.ascii	"tslices_t\000"
 2135      6365735F 
 2135      7400
 2136              	.LASF8:
 2137 00c9 6C6F6E67 		.ascii	"long int\000"
 2137      20696E74 
 2137      00
 2138              	.LASF20:
 2139 00d2 74737461 		.ascii	"tstate_t\000"
 2139      74655F74 
 2139      00
 2140              	.LASF32:
 2141 00db 705F6E65 		.ascii	"p_newer\000"
 2141      77657200 
 2142              	.LASF9:
 2143 00e3 5F5F7569 		.ascii	"__uint32_t\000"
 2143      6E743332 
 2143      5F7400
 2144              	.LASF49:
 2145 00ee 72656761 		.ascii	"regarm_t\000"
 2145      726D5F74 
 2145      00
 2146              	.LASF66:
 2147 00f7 616C6967 		.ascii	"align\000"
 2147      6E00
 2148              	.LASF0:
 2149 00fd 756E7369 		.ascii	"unsigned int\000"
 2149      676E6564 
 2149      20696E74 
 2149      00
 2150              	.LASF10:
 2151 010a 6C6F6E67 		.ascii	"long unsigned int\000"
 2151      20756E73 
 2151      69676E65 
 2151      6420696E 
 2151      7400
 2152              	.LASF52:
 2153 011c 636F6E74 		.ascii	"context\000"
 2153      65787400 
 2154              	.LASF67:
 2155 0124 73697A65 		.ascii	"size\000"
 2155      00
 2156              	.LASF6:
 2157 0129 73686F72 		.ascii	"short unsigned int\000"
 2157      7420756E 
 2157      7369676E 
 2157      65642069 
ARM GAS  /tmp/cclvwzaf.s 			page 40


 2157      6E7400
 2158              	.LASF24:
 2159 013c 6D73675F 		.ascii	"msg_t\000"
 2159      7400
 2160              	.LASF83:
 2161 0142 474E5520 		.ascii	"GNU C 4.8.4 20140526 (release) [ARM/embedded-4_8-br"
 2161      4320342E 
 2161      382E3420 
 2161      32303134 
 2161      30353236 
 2162 0175 616E6368 		.ascii	"anch revision 211358] -mcpu=cortex-m0 -mno-thumb-in"
 2162      20726576 
 2162      6973696F 
 2162      6E203231 
 2162      31333538 
 2163 01a8 74657277 		.ascii	"terwork -mthumb -ggdb -O1 -fomit-frame-pointer -ffu"
 2163      6F726B20 
 2163      2D6D7468 
 2163      756D6220 
 2163      2D676764 
 2164 01db 6E637469 		.ascii	"nction-sections -fdata-sections -fno-common\000"
 2164      6F6E2D73 
 2164      65637469 
 2164      6F6E7320 
 2164      2D666461 
 2165              	.LASF48:
 2166 0207 54687265 		.ascii	"ThreadsList\000"
 2166      6164734C 
 2166      69737400 
 2167              	.LASF25:
 2168 0213 6576656E 		.ascii	"eventmask_t\000"
 2168      746D6173 
 2168      6B5F7400 
 2169              	.LASF54:
 2170 021f 4D757465 		.ascii	"Mutex\000"
 2170      7800
 2171              	.LASF50:
 2172 0225 73746B61 		.ascii	"stkalign_t\000"
 2172      6C69676E 
 2172      5F7400
 2173              	.LASF53:
 2174 0230 73697A65 		.ascii	"sizetype\000"
 2174      74797065 
 2174      00
 2175              	.LASF84:
 2176 0239 43686962 		.ascii	"ChibiOS_2.6.5/os/kernel/src/chheap.c\000"
 2176      694F535F 
 2176      322E362E 
 2176      352F6F73 
 2176      2F6B6572 
 2177              	.LASF82:
 2178 025e 63684D74 		.ascii	"chMtxLock\000"
 2178      784C6F63 
 2178      6B00
 2179              	.LASF33:
 2180 0268 705F6F6C 		.ascii	"p_older\000"
 2180      64657200 
ARM GAS  /tmp/cclvwzaf.s 			page 41


 2181              	.LASF47:
 2182 0270 54687265 		.ascii	"ThreadsQueue\000"
 2182      61647351 
 2182      75657565 
 2182      00
 2183              	.LASF59:
 2184 027d 4D656D6F 		.ascii	"MemoryHeap\000"
 2184      72794865 
 2184      617000
 2185              	.LASF12:
 2186 0288 5F5F7569 		.ascii	"__uint64_t\000"
 2186      6E743634 
 2186      5F7400
 2187              	.LASF21:
 2188 0293 74726566 		.ascii	"trefs_t\000"
 2188      735F7400 
 2189              	.LASF29:
 2190 029b 705F7072 		.ascii	"p_prev\000"
 2190      657600
 2191              	.LASF23:
 2192 02a2 74707269 		.ascii	"tprio_t\000"
 2192      6F5F7400 
 2193              	.LASF18:
 2194 02aa 5F426F6F 		.ascii	"_Bool\000"
 2194      6C00
 2195              	.LASF15:
 2196 02b0 696E7433 		.ascii	"int32_t\000"
 2196      325F7400 
 2197              	.LASF4:
 2198 02b8 756E7369 		.ascii	"unsigned char\000"
 2198      676E6564 
 2198      20636861 
 2198      7200
 2199              	.LASF61:
 2200 02c6 685F7072 		.ascii	"h_provider\000"
 2200      6F766964 
 2200      657200
 2201              	.LASF44:
 2202 02d1 705F6D74 		.ascii	"p_mtxlist\000"
 2202      786C6973 
 2202      7400
 2203              	.LASF5:
 2204 02db 73686F72 		.ascii	"short int\000"
 2204      7420696E 
 2204      7400
 2205              	.LASF35:
 2206 02e5 705F7374 		.ascii	"p_state\000"
 2206      61746500 
 2207              	.LASF38:
 2208 02ed 705F7072 		.ascii	"p_preempt\000"
 2208      65656D70 
 2208      7400
 2209              	.LASF86:
 2210 02f7 68656170 		.ascii	"heap_header\000"
 2210      5F686561 
 2210      64657200 
 2211              	.LASF71:
ARM GAS  /tmp/cclvwzaf.s 			page 42


 2212 0303 65776D61 		.ascii	"ewmask\000"
 2212      736B00
 2213              	.LASF28:
 2214 030a 705F6E65 		.ascii	"p_next\000"
 2214      787400
 2215              	.LASF19:
 2216 0311 746D6F64 		.ascii	"tmode_t\000"
 2216      655F7400 
 2217              	.LASF36:
 2218 0319 705F666C 		.ascii	"p_flags\000"
 2218      61677300 
 2219              	.LASF27:
 2220 0321 54687265 		.ascii	"Thread\000"
 2220      616400
 2221              	.LASF77:
 2222 0328 63684865 		.ascii	"chHeapAlloc\000"
 2222      6170416C 
 2222      6C6F6300 
 2223              	.LASF43:
 2224 0334 705F6570 		.ascii	"p_epending\000"
 2224      656E6469 
 2224      6E6700
 2225              	.LASF16:
 2226 033f 75696E74 		.ascii	"uint32_t\000"
 2226      33325F74 
 2226      00
 2227              	.LASF65:
 2228 0348 68656170 		.ascii	"heap\000"
 2228      00
 2229              	.LASF80:
 2230 034d 64656661 		.ascii	"default_heap\000"
 2230      756C745F 
 2230      68656170 
 2230      00
 2231              	.LASF72:
 2232 035a 63686172 		.ascii	"char\000"
 2232      00
 2233              	.LASF78:
 2234 035f 63684865 		.ascii	"chHeapStatus\000"
 2234      61705374 
 2234      61747573 
 2234      00
 2235              	.LASF57:
 2236 036c 6D5F6E65 		.ascii	"m_next\000"
 2236      787400
 2237              	.LASF26:
 2238 0373 73797374 		.ascii	"systime_t\000"
 2238      696D655F 
 2238      7400
 2239              	.LASF45:
 2240 037d 705F7265 		.ascii	"p_realprio\000"
 2240      616C7072 
 2240      696F00
 2241              	.LASF7:
 2242 0388 5F5F696E 		.ascii	"__int32_t\000"
 2242      7433325F 
 2242      7400
ARM GAS  /tmp/cclvwzaf.s 			page 43


 2243              	.LASF39:
 2244 0392 705F7469 		.ascii	"p_time\000"
 2244      6D6500
 2245              	.LASF85:
 2246 0399 2F484444 		.ascii	"/HDD/GIT/variometer/Altimeter/\000"
 2246      2F474954 
 2246      2F766172 
 2246      696F6D65 
 2246      7465722F 
 2247              	.LASF51:
 2248 03b8 696E7463 		.ascii	"intctx\000"
 2248      747800
 2249              	.LASF41:
 2250 03bf 705F6D73 		.ascii	"p_msgqueue\000"
 2250      67717565 
 2250      756500
 2251              	.LASF81:
 2252 03ca 63684D74 		.ascii	"chMtxInit\000"
 2252      78496E69 
 2252      7400
 2253              	.LASF37:
 2254 03d4 705F7265 		.ascii	"p_refs\000"
 2254      667300
 2255              	.LASF14:
 2256 03db 75696E74 		.ascii	"uint8_t\000"
 2256      385F7400 
 2257              	.LASF70:
 2258 03e3 77746F62 		.ascii	"wtobjp\000"
 2258      6A7000
 2259              	.LASF79:
 2260 03ea 73697A65 		.ascii	"sizep\000"
 2260      7000
 2261              	.LASF34:
 2262 03f0 705F6E61 		.ascii	"p_name\000"
 2262      6D6500
 2263              	.LASF73:
 2264 03f7 5F686561 		.ascii	"_heap_init\000"
 2264      705F696E 
 2264      697400
 2265              	.LASF56:
 2266 0402 6D5F6F77 		.ascii	"m_owner\000"
 2266      6E657200 
 2267              	.LASF31:
 2268 040a 705F6374 		.ascii	"p_ctx\000"
 2268      7800
 2269              	.LASF40:
 2270 0410 705F7761 		.ascii	"p_waiting\000"
 2270      6974696E 
 2270      6700
 2271              	.LASF60:
 2272 041a 6D656D6F 		.ascii	"memory_heap\000"
 2272      72795F68 
 2272      65617000 
 2273              		.ident	"GCC: (GNU Tools for ARM Embedded Processors) 4.8.4 20140526 (release) [ARM/embedded-4_8-br
ARM GAS  /tmp/cclvwzaf.s 			page 44


DEFINED SYMBOLS
                            *ABS*:00000000 chheap.c
     /tmp/cclvwzaf.s:18     .text._heap_init:00000000 $t
     /tmp/cclvwzaf.s:23     .text._heap_init:00000000 _heap_init
     /tmp/cclvwzaf.s:51     .text._heap_init:00000018 $d
     /tmp/cclvwzaf.s:57     .text.chHeapInit:00000000 $t
     /tmp/cclvwzaf.s:62     .text.chHeapInit:00000000 chHeapInit
     /tmp/cclvwzaf.s:97     .text.chHeapAlloc:00000000 $t
     /tmp/cclvwzaf.s:102    .text.chHeapAlloc:00000000 chHeapAlloc
     /tmp/cclvwzaf.s:232    .text.chHeapAlloc:0000007c $d
     /tmp/cclvwzaf.s:237    .text.chHeapFree:00000000 $t
     /tmp/cclvwzaf.s:242    .text.chHeapFree:00000000 chHeapFree
     /tmp/cclvwzaf.s:355    .text.chHeapStatus:00000000 $t
     /tmp/cclvwzaf.s:360    .text.chHeapStatus:00000000 chHeapStatus
     /tmp/cclvwzaf.s:432    .text.chHeapStatus:00000040 $d
     /tmp/cclvwzaf.s:437    .bss.default_heap:00000000 $d
     /tmp/cclvwzaf.s:441    .bss.default_heap:00000000 default_heap
                     .debug_frame:00000010 $d

UNDEFINED SYMBOLS
chMtxInit
chCoreAlloc
chMtxLock
chMtxUnlock
