ARM GAS  /tmp/ccq26t09.s 			page 1


   1              		.cpu cortex-m0
   2              		.fpu softvfp
   3              		.eabi_attribute 20, 1
   4              		.eabi_attribute 21, 1
   5              		.eabi_attribute 23, 3
   6              		.eabi_attribute 24, 1
   7              		.eabi_attribute 25, 1
   8              		.eabi_attribute 26, 1
   9              		.eabi_attribute 30, 1
  10              		.eabi_attribute 34, 0
  11              		.eabi_attribute 18, 4
  12              		.code	16
  13              		.file	"chsys.c"
  14              		.text
  15              	.Ltext0:
  16              		.cfi_sections	.debug_frame
  17              		.section	.text._idle_thread,"ax",%progbits
  18              		.align	2
  19              		.global	_idle_thread
  20              		.code	16
  21              		.thumb_func
  22              		.type	_idle_thread, %function
  23              	_idle_thread:
  24              	.LFB7:
  25              		.file 1 "ChibiOS_2.6.5/os/kernel/src/chsys.c"
  26              		.loc 1 61 0
  27              		.cfi_startproc
  28              	.LVL0:
  29              		.loc 1 64 0
  30 0000 024B     		ldr	r3, .L3
  31 0002 9B69     		ldr	r3, [r3, #24]
  32 0004 024A     		ldr	r2, .L3+4
  33 0006 9A61     		str	r2, [r3, #24]
  34              	.L2:
  35 0008 FEE7     		b	.L2
  36              	.L4:
  37 000a C046     		.align	2
  38              	.L3:
  39 000c 00000000 		.word	rlist
  40 0010 00000000 		.word	.LC1
  41              		.cfi_endproc
  42              	.LFE7:
  43              		.size	_idle_thread, .-_idle_thread
  44              		.section	.text.chSysInit,"ax",%progbits
  45              		.align	2
  46              		.global	chSysInit
  47              		.code	16
  48              		.thumb_func
  49              		.type	chSysInit, %function
  50              	chSysInit:
  51              	.LFB8:
  52              		.loc 1 84 0
  53              		.cfi_startproc
  54 0000 00B5     		push	{lr}
  55              		.cfi_def_cfa_offset 4
  56              		.cfi_offset 14, -4
  57 0002 83B0     		sub	sp, sp, #12
ARM GAS  /tmp/ccq26t09.s 			page 2


  58              		.cfi_def_cfa_offset 16
  59              		.loc 1 90 0
  60 0004 144A     		ldr	r2, .L6
  61 0006 154B     		ldr	r3, .L6+4
  62 0008 DA60     		str	r2, [r3, #12]
  63 000a 0A20     		mov	r0, #10
  64 000c 0021     		mov	r1, #0
  65 000e FFF7FEFF 		bl	nvicSetSystemHandlerPriority
  66              	.LVL1:
  67 0012 0B20     		mov	r0, #11
  68 0014 8021     		mov	r1, #128
  69 0016 FFF7FEFF 		bl	nvicSetSystemHandlerPriority
  70              	.LVL2:
  71              		.loc 1 91 0
  72 001a FFF7FEFF 		bl	_scheduler_init
  73              	.LVL3:
  74              		.loc 1 92 0
  75 001e FFF7FEFF 		bl	_vt_init
  76              	.LVL4:
  77              		.loc 1 94 0
  78 0022 FFF7FEFF 		bl	_core_init
  79              	.LVL5:
  80              		.loc 1 97 0
  81 0026 FFF7FEFF 		bl	_heap_init
  82              	.LVL6:
  83              		.loc 1 104 0
  84 002a 0D48     		ldr	r0, .L6+8
  85 002c 4021     		mov	r1, #64
  86 002e FFF7FEFF 		bl	_thread_init
  87              	.LVL7:
  88 0032 0C4B     		ldr	r3, .L6+12
  89 0034 9861     		str	r0, [r3, #24]
  90              		.loc 1 105 0
  91 0036 0122     		mov	r2, #1
  92 0038 0277     		strb	r2, [r0, #28]
  93              		.loc 1 111 0
  94              	@ 111 "ChibiOS_2.6.5/os/kernel/src/chsys.c" 1
  95 003a 62B6     		cpsie   i
  96              	@ 0 "" 2
  97              		.loc 1 115 0
  98              		.code	16
  99 003c 9B69     		ldr	r3, [r3, #24]
 100 003e 0A4A     		ldr	r2, .L6+16
 101 0040 9A61     		str	r2, [r3, #24]
 102              		.loc 1 121 0
 103 0042 0023     		mov	r3, #0
 104 0044 0093     		str	r3, [sp]
 105 0046 0948     		ldr	r0, .L6+20
 106 0048 E021     		mov	r1, #224
 107 004a 0122     		mov	r2, #1
 108 004c 084B     		ldr	r3, .L6+24
 109 004e FFF7FEFF 		bl	chThdCreateStatic
 110              	.LVL8:
 111              		.loc 1 124 0
 112 0052 03B0     		add	sp, sp, #12
 113              		@ sp needed
 114 0054 00BD     		pop	{pc}
ARM GAS  /tmp/ccq26t09.s 			page 3


 115              	.L7:
 116 0056 C046     		.align	2
 117              	.L6:
 118 0058 0000FA05 		.word	100270080
 119 005c 00ED00E0 		.word	-536810240
 120 0060 00000000 		.word	.LANCHOR0
 121 0064 00000000 		.word	rlist
 122 0068 00000000 		.word	ch_debug
 123 006c 00000000 		.word	.LANCHOR1
 124 0070 00000000 		.word	_idle_thread
 125              		.cfi_endproc
 126              	.LFE8:
 127              		.size	chSysInit, .-chSysInit
 128              		.section	.text.chSysTimerHandlerI,"ax",%progbits
 129              		.align	2
 130              		.global	chSysTimerHandlerI
 131              		.code	16
 132              		.thumb_func
 133              		.type	chSysTimerHandlerI, %function
 134              	chSysTimerHandlerI:
 135              	.LFB9:
 136              		.loc 1 137 0
 137              		.cfi_startproc
 138 0000 38B5     		push	{r3, r4, r5, lr}
 139              		.cfi_def_cfa_offset 16
 140              		.cfi_offset 3, -16
 141              		.cfi_offset 4, -12
 142              		.cfi_offset 5, -8
 143              		.cfi_offset 14, -4
 144              		.loc 1 143 0
 145 0002 144B     		ldr	r3, .L12
 146 0004 9B69     		ldr	r3, [r3, #24]
 147 0006 DA7F     		ldrb	r2, [r3, #31]
 148 0008 002A     		cmp	r2, #0
 149 000a 01D0     		beq	.L9
 150              		.loc 1 145 0
 151 000c 013A     		sub	r2, r2, #1
 152 000e DA77     		strb	r2, [r3, #31]
 153              	.L9:
 154              		.loc 1 148 0
 155 0010 1A6A     		ldr	r2, [r3, #32]
 156 0012 0132     		add	r2, r2, #1
 157 0014 1A62     		str	r2, [r3, #32]
 158              		.loc 1 150 0
 159 0016 104B     		ldr	r3, .L12+4
 160 0018 DA68     		ldr	r2, [r3, #12]
 161 001a 0132     		add	r2, r2, #1
 162 001c DA60     		str	r2, [r3, #12]
 163 001e 1A68     		ldr	r2, [r3]
 164 0020 9A42     		cmp	r2, r3
 165 0022 16D0     		beq	.L8
 166              	.LBB2:
 167              		.loc 1 150 0 is_stmt 0 discriminator 1
 168 0024 9368     		ldr	r3, [r2, #8]
 169 0026 013B     		sub	r3, r3, #1
 170 0028 9360     		str	r3, [r2, #8]
 171 002a 131C     		mov	r3, r2
ARM GAS  /tmp/ccq26t09.s 			page 4


 172              	.LVL9:
 173 002c 9268     		ldr	r2, [r2, #8]
 174              	.LVL10:
 175 002e 002A     		cmp	r2, #0
 176 0030 0FD1     		bne	.L8
 177              	.LBB3:
 178              		.loc 1 150 0
 179 0032 0025     		mov	r5, #0
 180 0034 084C     		ldr	r4, .L12+4
 181              	.L11:
 182              		.loc 1 150 0 discriminator 2
 183 0036 D968     		ldr	r1, [r3, #12]
 184              	.LVL11:
 185 0038 DD60     		str	r5, [r3, #12]
 186 003a 1A68     		ldr	r2, [r3]
 187 003c 5460     		str	r4, [r2, #4]
 188 003e 1A68     		ldr	r2, [r3]
 189 0040 2260     		str	r2, [r4]
 190              	@ 150 "ChibiOS_2.6.5/os/kernel/src/chsys.c" 1
 191 0042 62B6     		cpsie   i
 192              	@ 0 "" 2
 193              		.code	16
 194 0044 1869     		ldr	r0, [r3, #16]
 195 0046 8847     		blx	r1
 196              	.LVL12:
 197              	@ 150 "ChibiOS_2.6.5/os/kernel/src/chsys.c" 1
 198 0048 72B6     		cpsid   i
 199              	@ 0 "" 2
 200              		.code	16
 201              	.LBE3:
 202 004a 2368     		ldr	r3, [r4]
 203              	.LVL13:
 204 004c 9A68     		ldr	r2, [r3, #8]
 205 004e 002A     		cmp	r2, #0
 206 0050 F1D0     		beq	.L11
 207              	.LVL14:
 208              	.L8:
 209              	.LBE2:
 210              		.loc 1 154 0 is_stmt 1
 211              		@ sp needed
 212 0052 38BD     		pop	{r3, r4, r5, pc}
 213              	.L13:
 214              		.align	2
 215              	.L12:
 216 0054 00000000 		.word	rlist
 217 0058 00000000 		.word	vtlist
 218              		.cfi_endproc
 219              	.LFE9:
 220              		.size	chSysTimerHandlerI, .-chSysTimerHandlerI
 221              		.global	_idle_thread_wa
 222              		.section	.rodata.str1.4,"aMS",%progbits,1
 223              		.align	2
 224              	.LC1:
 225 0000 69646C65 		.ascii	"idle\000"
 225      00
 226 0005 000000   		.section	.bss.mainthread.4795,"aw",%nobits
 227              		.align	2
ARM GAS  /tmp/ccq26t09.s 			page 5


 228              		.set	.LANCHOR0,. + 0
 229              		.type	mainthread.4795, %object
 230              		.size	mainthread.4795, 72
 231              	mainthread.4795:
 232 0000 00000000 		.space	72
 232      00000000 
 232      00000000 
 232      00000000 
 232      00000000 
 233              		.section	.bss._idle_thread_wa,"aw",%nobits
 234              		.align	3
 235              		.set	.LANCHOR1,. + 0
 236              		.type	_idle_thread_wa, %object
 237              		.size	_idle_thread_wa, 224
 238              	_idle_thread_wa:
 239 0000 00000000 		.space	224
 239      00000000 
 239      00000000 
 239      00000000 
 239      00000000 
 240              		.text
 241              	.Letext0:
 242              		.file 2 "/usr/local/lpcxpresso_7.3.0_186/lpcxpresso/tools/lib/gcc/arm-none-eabi/4.8.4/include/stdd
 243              		.file 3 "/usr/local/lpcxpresso_7.3.0_186/lpcxpresso/tools/arm-none-eabi/include/machine/_default_t
 244              		.file 4 "/usr/local/lpcxpresso_7.3.0_186/lpcxpresso/tools/arm-none-eabi/include/stdint.h"
 245              		.file 5 "ChibiOS_2.6.5/os/ports/GCC/ARMCMx/chtypes.h"
 246              		.file 6 "ChibiOS_2.6.5/os/kernel/include/chlists.h"
 247              		.file 7 "ChibiOS_2.6.5/os/kernel/include/chthreads.h"
 248              		.file 8 "ChibiOS_2.6.5/os/ports/GCC/ARMCMx/chcore_v6m.h"
 249              		.file 9 "CMSIS_CORE_LPC11Uxx/inc/nvic.h"
 250              		.file 10 "ChibiOS_2.6.5/os/kernel/include/chvt.h"
 251              		.file 11 "ChibiOS_2.6.5/os/kernel/include/chschd.h"
 252              		.file 12 "ChibiOS_2.6.5/os/kernel/include/chmtx.h"
 253              		.file 13 "ChibiOS_2.6.5/os/kernel/include/chregistry.h"
 254              		.file 14 "ChibiOS_2.6.5/os/kernel/include/chmemcore.h"
 255              		.file 15 "ChibiOS_2.6.5/os/kernel/include/chheap.h"
 256              		.section	.debug_info,"",%progbits
 257              	.Ldebug_info0:
 258 0000 72090000 		.4byte	0x972
 259 0004 0400     		.2byte	0x4
 260 0006 00000000 		.4byte	.Ldebug_abbrev0
 261 000a 04       		.byte	0x4
 262 000b 01       		.uleb128 0x1
 263 000c 63020000 		.4byte	.LASF132
 264 0010 01       		.byte	0x1
 265 0011 37010000 		.4byte	.LASF133
 266 0015 CB010000 		.4byte	.LASF134
 267 0019 00000000 		.4byte	.Ldebug_ranges0+0
 268 001d 00000000 		.4byte	0
 269 0021 00000000 		.4byte	.Ldebug_line0
 270 0025 02       		.uleb128 0x2
 271 0026 04       		.byte	0x4
 272 0027 05       		.byte	0x5
 273 0028 696E7400 		.ascii	"int\000"
 274 002c 03       		.uleb128 0x3
 275 002d 1B000000 		.4byte	.LASF2
 276 0031 02       		.byte	0x2
ARM GAS  /tmp/ccq26t09.s 			page 6


 277 0032 D4       		.byte	0xd4
 278 0033 37000000 		.4byte	0x37
 279 0037 04       		.uleb128 0x4
 280 0038 04       		.byte	0x4
 281 0039 07       		.byte	0x7
 282 003a A9010000 		.4byte	.LASF0
 283 003e 04       		.uleb128 0x4
 284 003f 01       		.byte	0x1
 285 0040 06       		.byte	0x6
 286 0041 CA000000 		.4byte	.LASF1
 287 0045 03       		.uleb128 0x3
 288 0046 32000000 		.4byte	.LASF3
 289 004a 03       		.byte	0x3
 290 004b 1C       		.byte	0x1c
 291 004c 50000000 		.4byte	0x50
 292 0050 04       		.uleb128 0x4
 293 0051 01       		.byte	0x1
 294 0052 08       		.byte	0x8
 295 0053 3C040000 		.4byte	.LASF4
 296 0057 04       		.uleb128 0x4
 297 0058 02       		.byte	0x2
 298 0059 05       		.byte	0x5
 299 005a 65040000 		.4byte	.LASF5
 300 005e 03       		.uleb128 0x3
 301 005f 34050000 		.4byte	.LASF6
 302 0063 03       		.byte	0x3
 303 0064 26       		.byte	0x26
 304 0065 69000000 		.4byte	0x69
 305 0069 04       		.uleb128 0x4
 306 006a 02       		.byte	0x2
 307 006b 07       		.byte	0x7
 308 006c 2C020000 		.4byte	.LASF7
 309 0070 03       		.uleb128 0x3
 310 0071 5B050000 		.4byte	.LASF8
 311 0075 03       		.byte	0x3
 312 0076 37       		.byte	0x37
 313 0077 7B000000 		.4byte	0x7b
 314 007b 04       		.uleb128 0x4
 315 007c 04       		.byte	0x4
 316 007d 05       		.byte	0x5
 317 007e 12010000 		.4byte	.LASF9
 318 0082 03       		.uleb128 0x3
 319 0083 78010000 		.4byte	.LASF10
 320 0087 03       		.byte	0x3
 321 0088 38       		.byte	0x38
 322 0089 8D000000 		.4byte	0x8d
 323 008d 04       		.uleb128 0x4
 324 008e 04       		.byte	0x4
 325 008f 07       		.byte	0x7
 326 0090 E6000000 		.4byte	.LASF11
 327 0094 04       		.uleb128 0x4
 328 0095 08       		.byte	0x8
 329 0096 05       		.byte	0x5
 330 0097 BC000000 		.4byte	.LASF12
 331 009b 03       		.uleb128 0x3
 332 009c 01040000 		.4byte	.LASF13
 333 00a0 03       		.byte	0x3
ARM GAS  /tmp/ccq26t09.s 			page 7


 334 00a1 4E       		.byte	0x4e
 335 00a2 A6000000 		.4byte	0xa6
 336 00a6 04       		.uleb128 0x4
 337 00a7 08       		.byte	0x8
 338 00a8 07       		.byte	0x7
 339 00a9 5E000000 		.4byte	.LASF14
 340 00ad 03       		.uleb128 0x3
 341 00ae BA050000 		.4byte	.LASF15
 342 00b2 04       		.byte	0x4
 343 00b3 2A       		.byte	0x2a
 344 00b4 45000000 		.4byte	0x45
 345 00b8 03       		.uleb128 0x3
 346 00b9 24010000 		.4byte	.LASF16
 347 00bd 04       		.byte	0x4
 348 00be 36       		.byte	0x36
 349 00bf 5E000000 		.4byte	0x5e
 350 00c3 03       		.uleb128 0x3
 351 00c4 34040000 		.4byte	.LASF17
 352 00c8 04       		.byte	0x4
 353 00c9 41       		.byte	0x41
 354 00ca 70000000 		.4byte	0x70
 355 00ce 03       		.uleb128 0x3
 356 00cf FD040000 		.4byte	.LASF18
 357 00d3 04       		.byte	0x4
 358 00d4 42       		.byte	0x42
 359 00d5 82000000 		.4byte	0x82
 360 00d9 03       		.uleb128 0x3
 361 00da 29000000 		.4byte	.LASF19
 362 00de 04       		.byte	0x4
 363 00df 4E       		.byte	0x4e
 364 00e0 9B000000 		.4byte	0x9b
 365 00e4 04       		.uleb128 0x4
 366 00e5 01       		.byte	0x1
 367 00e6 02       		.byte	0x2
 368 00e7 2E040000 		.4byte	.LASF20
 369 00eb 03       		.uleb128 0x3
 370 00ec BF040000 		.4byte	.LASF21
 371 00f0 05       		.byte	0x5
 372 00f1 2C       		.byte	0x2c
 373 00f2 AD000000 		.4byte	0xad
 374 00f6 03       		.uleb128 0x3
 375 00f7 1B010000 		.4byte	.LASF22
 376 00fb 05       		.byte	0x5
 377 00fc 2D       		.byte	0x2d
 378 00fd AD000000 		.4byte	0xad
 379 0101 03       		.uleb128 0x3
 380 0102 0C040000 		.4byte	.LASF23
 381 0106 05       		.byte	0x5
 382 0107 2E       		.byte	0x2e
 383 0108 AD000000 		.4byte	0xad
 384 010c 03       		.uleb128 0x3
 385 010d 08010000 		.4byte	.LASF24
 386 0111 05       		.byte	0x5
 387 0112 2F       		.byte	0x2f
 388 0113 AD000000 		.4byte	0xad
 389 0117 03       		.uleb128 0x3
 390 0118 26040000 		.4byte	.LASF25
ARM GAS  /tmp/ccq26t09.s 			page 8


 391 011c 05       		.byte	0x5
 392 011d 30       		.byte	0x30
 393 011e CE000000 		.4byte	0xce
 394 0122 03       		.uleb128 0x3
 395 0123 44020000 		.4byte	.LASF26
 396 0127 05       		.byte	0x5
 397 0128 31       		.byte	0x31
 398 0129 C3000000 		.4byte	0xc3
 399 012d 03       		.uleb128 0x3
 400 012e 34030000 		.4byte	.LASF27
 401 0132 05       		.byte	0x5
 402 0133 33       		.byte	0x33
 403 0134 CE000000 		.4byte	0xce
 404 0138 03       		.uleb128 0x3
 405 0139 46050000 		.4byte	.LASF28
 406 013d 05       		.byte	0x5
 407 013e 35       		.byte	0x35
 408 013f CE000000 		.4byte	0xce
 409 0143 03       		.uleb128 0x3
 410 0144 DE040000 		.4byte	.LASF29
 411 0148 06       		.byte	0x6
 412 0149 2A       		.byte	0x2a
 413 014a 4E010000 		.4byte	0x14e
 414 014e 05       		.uleb128 0x5
 415 014f DE040000 		.4byte	.LASF29
 416 0153 48       		.byte	0x48
 417 0154 07       		.byte	0x7
 418 0155 5E       		.byte	0x5e
 419 0156 4B020000 		.4byte	0x24b
 420 015a 06       		.uleb128 0x6
 421 015b B8040000 		.4byte	.LASF30
 422 015f 07       		.byte	0x7
 423 0160 5F       		.byte	0x5f
 424 0161 6C020000 		.4byte	0x26c
 425 0165 00       		.byte	0
 426 0166 06       		.uleb128 0x6
 427 0167 1F040000 		.4byte	.LASF31
 428 016b 07       		.byte	0x7
 429 016c 61       		.byte	0x61
 430 016d 6C020000 		.4byte	0x26c
 431 0171 04       		.byte	0x4
 432 0172 06       		.uleb128 0x6
 433 0173 9D000000 		.4byte	.LASF32
 434 0177 07       		.byte	0x7
 435 0178 63       		.byte	0x63
 436 0179 17010000 		.4byte	0x117
 437 017d 08       		.byte	0x8
 438 017e 06       		.uleb128 0x6
 439 017f 02060000 		.4byte	.LASF33
 440 0183 07       		.byte	0x7
 441 0184 64       		.byte	0x64
 442 0185 27030000 		.4byte	0x327
 443 0189 0C       		.byte	0xc
 444 018a 06       		.uleb128 0x6
 445 018b 5B010000 		.4byte	.LASF34
 446 018f 07       		.byte	0x7
 447 0190 66       		.byte	0x66
ARM GAS  /tmp/ccq26t09.s 			page 9


 448 0191 6C020000 		.4byte	0x26c
 449 0195 10       		.byte	0x10
 450 0196 06       		.uleb128 0x6
 451 0197 B1030000 		.4byte	.LASF35
 452 019b 07       		.byte	0x7
 453 019c 67       		.byte	0x67
 454 019d 6C020000 		.4byte	0x26c
 455 01a1 14       		.byte	0x14
 456 01a2 06       		.uleb128 0x6
 457 01a3 C9050000 		.4byte	.LASF36
 458 01a7 07       		.byte	0x7
 459 01a8 6E       		.byte	0x6e
 460 01a9 58060000 		.4byte	0x658
 461 01ad 18       		.byte	0x18
 462 01ae 06       		.uleb128 0x6
 463 01af 6F040000 		.4byte	.LASF37
 464 01b3 07       		.byte	0x7
 465 01b4 79       		.byte	0x79
 466 01b5 F6000000 		.4byte	0xf6
 467 01b9 1C       		.byte	0x1c
 468 01ba 06       		.uleb128 0x6
 469 01bb D6040000 		.4byte	.LASF38
 470 01bf 07       		.byte	0x7
 471 01c0 7D       		.byte	0x7d
 472 01c1 EB000000 		.4byte	0xeb
 473 01c5 1D       		.byte	0x1d
 474 01c6 06       		.uleb128 0x6
 475 01c7 9E050000 		.4byte	.LASF39
 476 01cb 07       		.byte	0x7
 477 01cc 82       		.byte	0x82
 478 01cd 01010000 		.4byte	0x101
 479 01d1 1E       		.byte	0x1e
 480 01d2 06       		.uleb128 0x6
 481 01d3 77040000 		.4byte	.LASF40
 482 01d7 07       		.byte	0x7
 483 01d8 88       		.byte	0x88
 484 01d9 0C010000 		.4byte	0x10c
 485 01dd 1F       		.byte	0x1f
 486 01de 06       		.uleb128 0x6
 487 01df 6E050000 		.4byte	.LASF41
 488 01e3 07       		.byte	0x7
 489 01e4 8F       		.byte	0x8f
 490 01e5 75050000 		.4byte	0x575
 491 01e9 20       		.byte	0x20
 492 01ea 07       		.uleb128 0x7
 493 01eb 705F7500 		.ascii	"p_u\000"
 494 01ef 07       		.byte	0x7
 495 01f0 B4       		.byte	0xb4
 496 01f1 23060000 		.4byte	0x623
 497 01f5 24       		.byte	0x24
 498 01f6 06       		.uleb128 0x6
 499 01f7 08060000 		.4byte	.LASF42
 500 01fb 07       		.byte	0x7
 501 01fc B9       		.byte	0xb9
 502 01fd 92020000 		.4byte	0x292
 503 0201 28       		.byte	0x28
 504 0202 06       		.uleb128 0x6
ARM GAS  /tmp/ccq26t09.s 			page 10


 505 0203 81050000 		.4byte	.LASF43
 506 0207 07       		.byte	0x7
 507 0208 BF       		.byte	0xbf
 508 0209 72020000 		.4byte	0x272
 509 020d 2C       		.byte	0x2c
 510 020e 06       		.uleb128 0x6
 511 020f 15000000 		.4byte	.LASF44
 512 0213 07       		.byte	0x7
 513 0214 C3       		.byte	0xc3
 514 0215 22010000 		.4byte	0x122
 515 0219 34       		.byte	0x34
 516 021a 06       		.uleb128 0x6
 517 021b F2040000 		.4byte	.LASF45
 518 021f 07       		.byte	0x7
 519 0220 C9       		.byte	0xc9
 520 0221 2D010000 		.4byte	0x12d
 521 0225 38       		.byte	0x38
 522 0226 06       		.uleb128 0x6
 523 0227 5B040000 		.4byte	.LASF46
 524 022b 07       		.byte	0x7
 525 022c D0       		.byte	0xd0
 526 022d 6A060000 		.4byte	0x66a
 527 0231 3C       		.byte	0x3c
 528 0232 06       		.uleb128 0x6
 529 0233 50050000 		.4byte	.LASF47
 530 0237 07       		.byte	0x7
 531 0238 D4       		.byte	0xd4
 532 0239 17010000 		.4byte	0x117
 533 023d 40       		.byte	0x40
 534 023e 06       		.uleb128 0x6
 535 023f F8000000 		.4byte	.LASF48
 536 0243 07       		.byte	0x7
 537 0244 DA       		.byte	0xda
 538 0245 A8020000 		.4byte	0x2a8
 539 0249 44       		.byte	0x44
 540 024a 00       		.byte	0
 541 024b 08       		.uleb128 0x8
 542 024c 08       		.byte	0x8
 543 024d 06       		.byte	0x6
 544 024e 61       		.byte	0x61
 545 024f 6C020000 		.4byte	0x26c
 546 0253 06       		.uleb128 0x6
 547 0254 B8040000 		.4byte	.LASF30
 548 0258 06       		.byte	0x6
 549 0259 62       		.byte	0x62
 550 025a 6C020000 		.4byte	0x26c
 551 025e 00       		.byte	0
 552 025f 06       		.uleb128 0x6
 553 0260 1F040000 		.4byte	.LASF31
 554 0264 06       		.byte	0x6
 555 0265 64       		.byte	0x64
 556 0266 6C020000 		.4byte	0x26c
 557 026a 04       		.byte	0x4
 558 026b 00       		.byte	0
 559 026c 09       		.uleb128 0x9
 560 026d 04       		.byte	0x4
 561 026e 43010000 		.4byte	0x143
ARM GAS  /tmp/ccq26t09.s 			page 11


 562 0272 03       		.uleb128 0x3
 563 0273 BF030000 		.4byte	.LASF49
 564 0277 06       		.byte	0x6
 565 0278 66       		.byte	0x66
 566 0279 4B020000 		.4byte	0x24b
 567 027d 08       		.uleb128 0x8
 568 027e 04       		.byte	0x4
 569 027f 06       		.byte	0x6
 570 0280 6B       		.byte	0x6b
 571 0281 92020000 		.4byte	0x292
 572 0285 06       		.uleb128 0x6
 573 0286 B8040000 		.4byte	.LASF30
 574 028a 06       		.byte	0x6
 575 028b 6D       		.byte	0x6d
 576 028c 6C020000 		.4byte	0x26c
 577 0290 00       		.byte	0
 578 0291 00       		.byte	0
 579 0292 03       		.uleb128 0x3
 580 0293 28030000 		.4byte	.LASF50
 581 0297 06       		.byte	0x6
 582 0298 70       		.byte	0x70
 583 0299 7D020000 		.4byte	0x27d
 584 029d 03       		.uleb128 0x3
 585 029e 83010000 		.4byte	.LASF51
 586 02a2 08       		.byte	0x8
 587 02a3 A7       		.byte	0xa7
 588 02a4 A8020000 		.4byte	0x2a8
 589 02a8 0A       		.uleb128 0xa
 590 02a9 04       		.byte	0x4
 591 02aa 03       		.uleb128 0x3
 592 02ab 46030000 		.4byte	.LASF52
 593 02af 08       		.byte	0x8
 594 02b0 AD       		.byte	0xad
 595 02b1 D9000000 		.4byte	0xd9
 596 02b5 05       		.uleb128 0x5
 597 02b6 7A050000 		.4byte	.LASF53
 598 02ba 24       		.byte	0x24
 599 02bb 08       		.byte	0x8
 600 02bc BA       		.byte	0xba
 601 02bd 27030000 		.4byte	0x327
 602 02c1 07       		.uleb128 0x7
 603 02c2 723800   		.ascii	"r8\000"
 604 02c5 08       		.byte	0x8
 605 02c6 BB       		.byte	0xbb
 606 02c7 9D020000 		.4byte	0x29d
 607 02cb 00       		.byte	0
 608 02cc 07       		.uleb128 0x7
 609 02cd 723900   		.ascii	"r9\000"
 610 02d0 08       		.byte	0x8
 611 02d1 BC       		.byte	0xbc
 612 02d2 9D020000 		.4byte	0x29d
 613 02d6 04       		.byte	0x4
 614 02d7 07       		.uleb128 0x7
 615 02d8 72313000 		.ascii	"r10\000"
 616 02dc 08       		.byte	0x8
 617 02dd BD       		.byte	0xbd
 618 02de 9D020000 		.4byte	0x29d
ARM GAS  /tmp/ccq26t09.s 			page 12


 619 02e2 08       		.byte	0x8
 620 02e3 07       		.uleb128 0x7
 621 02e4 72313100 		.ascii	"r11\000"
 622 02e8 08       		.byte	0x8
 623 02e9 BE       		.byte	0xbe
 624 02ea 9D020000 		.4byte	0x29d
 625 02ee 0C       		.byte	0xc
 626 02ef 07       		.uleb128 0x7
 627 02f0 723400   		.ascii	"r4\000"
 628 02f3 08       		.byte	0x8
 629 02f4 BF       		.byte	0xbf
 630 02f5 9D020000 		.4byte	0x29d
 631 02f9 10       		.byte	0x10
 632 02fa 07       		.uleb128 0x7
 633 02fb 723500   		.ascii	"r5\000"
 634 02fe 08       		.byte	0x8
 635 02ff C0       		.byte	0xc0
 636 0300 9D020000 		.4byte	0x29d
 637 0304 14       		.byte	0x14
 638 0305 07       		.uleb128 0x7
 639 0306 723600   		.ascii	"r6\000"
 640 0309 08       		.byte	0x8
 641 030a C1       		.byte	0xc1
 642 030b 9D020000 		.4byte	0x29d
 643 030f 18       		.byte	0x18
 644 0310 07       		.uleb128 0x7
 645 0311 723700   		.ascii	"r7\000"
 646 0314 08       		.byte	0x8
 647 0315 C2       		.byte	0xc2
 648 0316 9D020000 		.4byte	0x29d
 649 031a 1C       		.byte	0x1c
 650 031b 07       		.uleb128 0x7
 651 031c 6C7200   		.ascii	"lr\000"
 652 031f 08       		.byte	0x8
 653 0320 C3       		.byte	0xc3
 654 0321 9D020000 		.4byte	0x29d
 655 0325 20       		.byte	0x20
 656 0326 00       		.byte	0
 657 0327 05       		.uleb128 0x5
 658 0328 24020000 		.4byte	.LASF54
 659 032c 04       		.byte	0x4
 660 032d 08       		.byte	0x8
 661 032e CD       		.byte	0xcd
 662 032f 40030000 		.4byte	0x340
 663 0333 07       		.uleb128 0x7
 664 0334 72313300 		.ascii	"r13\000"
 665 0338 08       		.byte	0x8
 666 0339 CE       		.byte	0xce
 667 033a 40030000 		.4byte	0x340
 668 033e 00       		.byte	0
 669 033f 00       		.byte	0
 670 0340 09       		.uleb128 0x9
 671 0341 04       		.byte	0x4
 672 0342 B5020000 		.4byte	0x2b5
 673 0346 03       		.uleb128 0x3
 674 0347 2C050000 		.4byte	.LASF55
 675 034b 09       		.byte	0x9
ARM GAS  /tmp/ccq26t09.s 			page 13


 676 034c 3A       		.byte	0x3a
 677 034d 51030000 		.4byte	0x351
 678 0351 0B       		.uleb128 0xb
 679 0352 CE000000 		.4byte	0xce
 680 0356 04       		.uleb128 0x4
 681 0357 04       		.byte	0x4
 682 0358 07       		.byte	0x7
 683 0359 8F030000 		.4byte	.LASF56
 684 035d 08       		.uleb128 0x8
 685 035e 8C       		.byte	0x8c
 686 035f 09       		.byte	0x9
 687 0360 89       		.byte	0x89
 688 0361 62040000 		.4byte	0x462
 689 0365 06       		.uleb128 0x6
 690 0366 97000000 		.4byte	.LASF57
 691 036a 09       		.byte	0x9
 692 036b 8A       		.byte	0x8a
 693 036c 46030000 		.4byte	0x346
 694 0370 00       		.byte	0
 695 0371 06       		.uleb128 0x6
 696 0372 3F020000 		.4byte	.LASF58
 697 0376 09       		.byte	0x9
 698 0377 8B       		.byte	0x8b
 699 0378 46030000 		.4byte	0x346
 700 037c 04       		.byte	0x4
 701 037d 06       		.uleb128 0x6
 702 037e 12020000 		.4byte	.LASF59
 703 0382 09       		.byte	0x9
 704 0383 8C       		.byte	0x8c
 705 0384 46030000 		.4byte	0x346
 706 0388 08       		.byte	0x8
 707 0389 06       		.uleb128 0x6
 708 038a 4A020000 		.4byte	.LASF60
 709 038e 09       		.byte	0x9
 710 038f 8D       		.byte	0x8d
 711 0390 46030000 		.4byte	0x346
 712 0394 0C       		.byte	0xc
 713 0395 07       		.uleb128 0x7
 714 0396 53435200 		.ascii	"SCR\000"
 715 039a 09       		.byte	0x9
 716 039b 8E       		.byte	0x8e
 717 039c 46030000 		.4byte	0x346
 718 03a0 10       		.byte	0x10
 719 03a1 07       		.uleb128 0x7
 720 03a2 43435200 		.ascii	"CCR\000"
 721 03a6 09       		.byte	0x9
 722 03a7 8F       		.byte	0x8f
 723 03a8 46030000 		.4byte	0x346
 724 03ac 14       		.byte	0x14
 725 03ad 06       		.uleb128 0x6
 726 03ae 75050000 		.4byte	.LASF61
 727 03b2 09       		.byte	0x9
 728 03b3 90       		.byte	0x90
 729 03b4 72040000 		.4byte	0x472
 730 03b8 18       		.byte	0x18
 731 03b9 06       		.uleb128 0x6
 732 03ba 55040000 		.4byte	.LASF62
ARM GAS  /tmp/ccq26t09.s 			page 14


 733 03be 09       		.byte	0x9
 734 03bf 91       		.byte	0x91
 735 03c0 46030000 		.4byte	0x346
 736 03c4 24       		.byte	0x24
 737 03c5 06       		.uleb128 0x6
 738 03c6 A0030000 		.4byte	.LASF63
 739 03ca 09       		.byte	0x9
 740 03cb 92       		.byte	0x92
 741 03cc 46030000 		.4byte	0x346
 742 03d0 28       		.byte	0x28
 743 03d1 06       		.uleb128 0x6
 744 03d2 E8050000 		.4byte	.LASF64
 745 03d6 09       		.byte	0x9
 746 03d7 93       		.byte	0x93
 747 03d8 46030000 		.4byte	0x346
 748 03dc 2C       		.byte	0x2c
 749 03dd 06       		.uleb128 0x6
 750 03de 50020000 		.4byte	.LASF65
 751 03e2 09       		.byte	0x9
 752 03e3 94       		.byte	0x94
 753 03e4 46030000 		.4byte	0x346
 754 03e8 30       		.byte	0x30
 755 03e9 06       		.uleb128 0x6
 756 03ea 5D020000 		.4byte	.LASF66
 757 03ee 09       		.byte	0x9
 758 03ef 95       		.byte	0x95
 759 03f0 46030000 		.4byte	0x346
 760 03f4 34       		.byte	0x34
 761 03f5 06       		.uleb128 0x6
 762 03f6 73010000 		.4byte	.LASF67
 763 03fa 09       		.byte	0x9
 764 03fb 96       		.byte	0x96
 765 03fc 46030000 		.4byte	0x346
 766 0400 38       		.byte	0x38
 767 0401 06       		.uleb128 0x6
 768 0402 1A050000 		.4byte	.LASF68
 769 0406 09       		.byte	0x9
 770 0407 97       		.byte	0x97
 771 0408 46030000 		.4byte	0x346
 772 040c 3C       		.byte	0x3c
 773 040d 07       		.uleb128 0x7
 774 040e 50465200 		.ascii	"PFR\000"
 775 0412 09       		.byte	0x9
 776 0413 98       		.byte	0x98
 777 0414 87040000 		.4byte	0x487
 778 0418 40       		.byte	0x40
 779 0419 07       		.uleb128 0x7
 780 041a 44465200 		.ascii	"DFR\000"
 781 041e 09       		.byte	0x9
 782 041f 99       		.byte	0x99
 783 0420 46030000 		.4byte	0x346
 784 0424 48       		.byte	0x48
 785 0425 07       		.uleb128 0x7
 786 0426 41445200 		.ascii	"ADR\000"
 787 042a 09       		.byte	0x9
 788 042b 9A       		.byte	0x9a
 789 042c 46030000 		.4byte	0x346
ARM GAS  /tmp/ccq26t09.s 			page 15


 790 0430 4C       		.byte	0x4c
 791 0431 06       		.uleb128 0x6
 792 0432 AF050000 		.4byte	.LASF69
 793 0436 09       		.byte	0x9
 794 0437 9B       		.byte	0x9b
 795 0438 9C040000 		.4byte	0x49c
 796 043c 50       		.byte	0x50
 797 043d 07       		.uleb128 0x7
 798 043e 53415200 		.ascii	"SAR\000"
 799 0442 09       		.byte	0x9
 800 0443 9C       		.byte	0x9c
 801 0444 B1040000 		.4byte	0x4b1
 802 0448 60       		.byte	0x60
 803 0449 06       		.uleb128 0x6
 804 044a 1F050000 		.4byte	.LASF70
 805 044e 09       		.byte	0x9
 806 044f 9D       		.byte	0x9d
 807 0450 B6040000 		.4byte	0x4b6
 808 0454 74       		.byte	0x74
 809 0455 06       		.uleb128 0x6
 810 0456 E2050000 		.4byte	.LASF71
 811 045a 09       		.byte	0x9
 812 045b 9E       		.byte	0x9e
 813 045c 46030000 		.4byte	0x346
 814 0460 88       		.byte	0x88
 815 0461 00       		.byte	0
 816 0462 0C       		.uleb128 0xc
 817 0463 46030000 		.4byte	0x346
 818 0467 72040000 		.4byte	0x472
 819 046b 0D       		.uleb128 0xd
 820 046c 56030000 		.4byte	0x356
 821 0470 02       		.byte	0x2
 822 0471 00       		.byte	0
 823 0472 0B       		.uleb128 0xb
 824 0473 62040000 		.4byte	0x462
 825 0477 0C       		.uleb128 0xc
 826 0478 46030000 		.4byte	0x346
 827 047c 87040000 		.4byte	0x487
 828 0480 0D       		.uleb128 0xd
 829 0481 56030000 		.4byte	0x356
 830 0485 01       		.byte	0x1
 831 0486 00       		.byte	0
 832 0487 0B       		.uleb128 0xb
 833 0488 77040000 		.4byte	0x477
 834 048c 0C       		.uleb128 0xc
 835 048d 46030000 		.4byte	0x346
 836 0491 9C040000 		.4byte	0x49c
 837 0495 0D       		.uleb128 0xd
 838 0496 56030000 		.4byte	0x356
 839 049a 03       		.byte	0x3
 840 049b 00       		.byte	0
 841 049c 0B       		.uleb128 0xb
 842 049d 8C040000 		.4byte	0x48c
 843 04a1 0C       		.uleb128 0xc
 844 04a2 46030000 		.4byte	0x346
 845 04a6 B1040000 		.4byte	0x4b1
 846 04aa 0D       		.uleb128 0xd
ARM GAS  /tmp/ccq26t09.s 			page 16


 847 04ab 56030000 		.4byte	0x356
 848 04af 04       		.byte	0x4
 849 04b0 00       		.byte	0
 850 04b1 0B       		.uleb128 0xb
 851 04b2 A1040000 		.4byte	0x4a1
 852 04b6 0B       		.uleb128 0xb
 853 04b7 A1040000 		.4byte	0x4a1
 854 04bb 03       		.uleb128 0x3
 855 04bc 3C000000 		.4byte	.LASF72
 856 04c0 09       		.byte	0x9
 857 04c1 9F       		.byte	0x9f
 858 04c2 5D030000 		.4byte	0x35d
 859 04c6 03       		.uleb128 0x3
 860 04c7 09020000 		.4byte	.LASF73
 861 04cb 0A       		.byte	0xa
 862 04cc 58       		.byte	0x58
 863 04cd D1040000 		.4byte	0x4d1
 864 04d1 09       		.uleb128 0x9
 865 04d2 04       		.byte	0x4
 866 04d3 D7040000 		.4byte	0x4d7
 867 04d7 0E       		.uleb128 0xe
 868 04d8 E2040000 		.4byte	0x4e2
 869 04dc 0F       		.uleb128 0xf
 870 04dd A8020000 		.4byte	0x2a8
 871 04e1 00       		.byte	0
 872 04e2 03       		.uleb128 0x3
 873 04e3 17020000 		.4byte	.LASF74
 874 04e7 0A       		.byte	0xa
 875 04e8 5D       		.byte	0x5d
 876 04e9 ED040000 		.4byte	0x4ed
 877 04ed 05       		.uleb128 0x5
 878 04ee 17020000 		.4byte	.LASF74
 879 04f2 14       		.byte	0x14
 880 04f3 0A       		.byte	0xa
 881 04f4 64       		.byte	0x64
 882 04f5 36050000 		.4byte	0x536
 883 04f9 06       		.uleb128 0x6
 884 04fa C3010000 		.4byte	.LASF75
 885 04fe 0A       		.byte	0xa
 886 04ff 65       		.byte	0x65
 887 0500 36050000 		.4byte	0x536
 888 0504 00       		.byte	0
 889 0505 06       		.uleb128 0x6
 890 0506 8C010000 		.4byte	.LASF76
 891 050a 0A       		.byte	0xa
 892 050b 67       		.byte	0x67
 893 050c 36050000 		.4byte	0x536
 894 0510 04       		.byte	0x4
 895 0511 06       		.uleb128 0x6
 896 0512 87030000 		.4byte	.LASF77
 897 0516 0A       		.byte	0xa
 898 0517 69       		.byte	0x69
 899 0518 38010000 		.4byte	0x138
 900 051c 08       		.byte	0x8
 901 051d 06       		.uleb128 0x6
 902 051e 98030000 		.4byte	.LASF78
 903 0522 0A       		.byte	0xa
ARM GAS  /tmp/ccq26t09.s 			page 17


 904 0523 6A       		.byte	0x6a
 905 0524 C6040000 		.4byte	0x4c6
 906 0528 0C       		.byte	0xc
 907 0529 06       		.uleb128 0x6
 908 052a 8C050000 		.4byte	.LASF79
 909 052e 0A       		.byte	0xa
 910 052f 6C       		.byte	0x6c
 911 0530 A8020000 		.4byte	0x2a8
 912 0534 10       		.byte	0x10
 913 0535 00       		.byte	0
 914 0536 09       		.uleb128 0x9
 915 0537 04       		.byte	0x4
 916 0538 E2040000 		.4byte	0x4e2
 917 053c 08       		.uleb128 0x8
 918 053d 10       		.byte	0x10
 919 053e 0A       		.byte	0xa
 920 053f 76       		.byte	0x76
 921 0540 75050000 		.4byte	0x575
 922 0544 06       		.uleb128 0x6
 923 0545 C3010000 		.4byte	.LASF75
 924 0549 0A       		.byte	0xa
 925 054a 77       		.byte	0x77
 926 054b 36050000 		.4byte	0x536
 927 054f 00       		.byte	0
 928 0550 06       		.uleb128 0x6
 929 0551 8C010000 		.4byte	.LASF76
 930 0555 0A       		.byte	0xa
 931 0556 79       		.byte	0x79
 932 0557 36050000 		.4byte	0x536
 933 055b 04       		.byte	0x4
 934 055c 06       		.uleb128 0x6
 935 055d 87030000 		.4byte	.LASF77
 936 0561 0A       		.byte	0xa
 937 0562 7B       		.byte	0x7b
 938 0563 38010000 		.4byte	0x138
 939 0567 08       		.byte	0x8
 940 0568 06       		.uleb128 0x6
 941 0569 B1000000 		.4byte	.LASF80
 942 056d 0A       		.byte	0xa
 943 056e 7C       		.byte	0x7c
 944 056f 75050000 		.4byte	0x575
 945 0573 0C       		.byte	0xc
 946 0574 00       		.byte	0
 947 0575 0B       		.uleb128 0xb
 948 0576 38010000 		.4byte	0x138
 949 057a 03       		.uleb128 0x3
 950 057b DB050000 		.4byte	.LASF81
 951 057f 0A       		.byte	0xa
 952 0580 7D       		.byte	0x7d
 953 0581 3C050000 		.4byte	0x53c
 954 0585 08       		.uleb128 0x8
 955 0586 1C       		.byte	0x1c
 956 0587 0B       		.byte	0xb
 957 0588 5E       		.byte	0x5e
 958 0589 D6050000 		.4byte	0x5d6
 959 058d 06       		.uleb128 0x6
 960 058e 12050000 		.4byte	.LASF82
ARM GAS  /tmp/ccq26t09.s 			page 18


 961 0592 0B       		.byte	0xb
 962 0593 5F       		.byte	0x5f
 963 0594 72020000 		.4byte	0x272
 964 0598 00       		.byte	0
 965 0599 06       		.uleb128 0x6
 966 059a AA040000 		.4byte	.LASF83
 967 059e 0B       		.byte	0xb
 968 059f 60       		.byte	0x60
 969 05a0 17010000 		.4byte	0x117
 970 05a4 08       		.byte	0x8
 971 05a5 06       		.uleb128 0x6
 972 05a6 B9030000 		.4byte	.LASF84
 973 05aa 0B       		.byte	0xb
 974 05ab 62       		.byte	0x62
 975 05ac 27030000 		.4byte	0x327
 976 05b0 0C       		.byte	0xc
 977 05b1 06       		.uleb128 0x6
 978 05b2 55020000 		.4byte	.LASF85
 979 05b6 0B       		.byte	0xb
 980 05b7 65       		.byte	0x65
 981 05b8 6C020000 		.4byte	0x26c
 982 05bc 10       		.byte	0x10
 983 05bd 06       		.uleb128 0x6
 984 05be EC030000 		.4byte	.LASF86
 985 05c2 0B       		.byte	0xb
 986 05c3 66       		.byte	0x66
 987 05c4 6C020000 		.4byte	0x26c
 988 05c8 14       		.byte	0x14
 989 05c9 06       		.uleb128 0x6
 990 05ca E2030000 		.4byte	.LASF87
 991 05ce 0B       		.byte	0xb
 992 05cf 69       		.byte	0x69
 993 05d0 6C020000 		.4byte	0x26c
 994 05d4 18       		.byte	0x18
 995 05d5 00       		.byte	0
 996 05d6 03       		.uleb128 0x3
 997 05d7 A5050000 		.4byte	.LASF88
 998 05db 0B       		.byte	0xb
 999 05dc 6B       		.byte	0x6b
 1000 05dd 85050000 		.4byte	0x585
 1001 05e1 05       		.uleb128 0x5
 1002 05e2 40030000 		.4byte	.LASF89
 1003 05e6 10       		.byte	0x10
 1004 05e7 0C       		.byte	0xc
 1005 05e8 2C       		.byte	0x2c
 1006 05e9 12060000 		.4byte	0x612
 1007 05ed 06       		.uleb128 0x6
 1008 05ee 00010000 		.4byte	.LASF90
 1009 05f2 0C       		.byte	0xc
 1010 05f3 2D       		.byte	0x2d
 1011 05f4 72020000 		.4byte	0x272
 1012 05f8 00       		.byte	0
 1013 05f9 06       		.uleb128 0x6
 1014 05fa ED050000 		.4byte	.LASF91
 1015 05fe 0C       		.byte	0xc
 1016 05ff 2F       		.byte	0x2f
 1017 0600 6C020000 		.4byte	0x26c
ARM GAS  /tmp/ccq26t09.s 			page 19


 1018 0604 08       		.byte	0x8
 1019 0605 06       		.uleb128 0x6
 1020 0606 3F050000 		.4byte	.LASF92
 1021 060a 0C       		.byte	0xc
 1022 060b 31       		.byte	0x31
 1023 060c 12060000 		.4byte	0x612
 1024 0610 0C       		.byte	0xc
 1025 0611 00       		.byte	0
 1026 0612 09       		.uleb128 0x9
 1027 0613 04       		.byte	0x4
 1028 0614 E1050000 		.4byte	0x5e1
 1029 0618 03       		.uleb128 0x3
 1030 0619 40030000 		.4byte	.LASF89
 1031 061d 0C       		.byte	0xc
 1032 061e 33       		.byte	0x33
 1033 061f E1050000 		.4byte	0x5e1
 1034 0623 10       		.uleb128 0x10
 1035 0624 04       		.byte	0x4
 1036 0625 07       		.byte	0x7
 1037 0626 96       		.byte	0x96
 1038 0627 58060000 		.4byte	0x658
 1039 062b 11       		.uleb128 0x11
 1040 062c 22000000 		.4byte	.LASF93
 1041 0630 07       		.byte	0x7
 1042 0631 9D       		.byte	0x9d
 1043 0632 22010000 		.4byte	0x122
 1044 0636 11       		.uleb128 0x11
 1045 0637 83000000 		.4byte	.LASF94
 1046 063b 07       		.byte	0x7
 1047 063c A4       		.byte	0xa4
 1048 063d 22010000 		.4byte	0x122
 1049 0641 11       		.uleb128 0x11
 1050 0642 C2050000 		.4byte	.LASF95
 1051 0646 07       		.byte	0x7
 1052 0647 AB       		.byte	0xab
 1053 0648 A8020000 		.4byte	0x2a8
 1054 064c 11       		.uleb128 0x11
 1055 064d B1040000 		.4byte	.LASF96
 1056 0651 07       		.byte	0x7
 1057 0652 B2       		.byte	0xb2
 1058 0653 2D010000 		.4byte	0x12d
 1059 0657 00       		.byte	0
 1060 0658 09       		.uleb128 0x9
 1061 0659 04       		.byte	0x4
 1062 065a 5E060000 		.4byte	0x65e
 1063 065e 12       		.uleb128 0x12
 1064 065f 63060000 		.4byte	0x663
 1065 0663 04       		.uleb128 0x4
 1066 0664 01       		.byte	0x1
 1067 0665 08       		.byte	0x8
 1068 0666 27050000 		.4byte	.LASF97
 1069 066a 09       		.uleb128 0x9
 1070 066b 04       		.byte	0x4
 1071 066c 18060000 		.4byte	0x618
 1072 0670 03       		.uleb128 0x3
 1073 0671 00000000 		.4byte	.LASF98
 1074 0675 07       		.byte	0x7
ARM GAS  /tmp/ccq26t09.s 			page 20


 1075 0676 E5       		.byte	0xe5
 1076 0677 7B060000 		.4byte	0x67b
 1077 067b 09       		.uleb128 0x9
 1078 067c 04       		.byte	0x4
 1079 067d 81060000 		.4byte	0x681
 1080 0681 13       		.uleb128 0x13
 1081 0682 22010000 		.4byte	0x122
 1082 0686 90060000 		.4byte	0x690
 1083 068a 0F       		.uleb128 0xf
 1084 068b A8020000 		.4byte	0x2a8
 1085 068f 00       		.byte	0
 1086 0690 08       		.uleb128 0x8
 1087 0691 16       		.byte	0x16
 1088 0692 0D       		.byte	0xd
 1089 0693 2C       		.byte	0x2c
 1090 0694 71070000 		.4byte	0x771
 1091 0698 06       		.uleb128 0x6
 1092 0699 D4030000 		.4byte	.LASF99
 1093 069d 0D       		.byte	0xd
 1094 069e 2D       		.byte	0x2d
 1095 069f 71070000 		.4byte	0x771
 1096 06a3 00       		.byte	0
 1097 06a4 06       		.uleb128 0x6
 1098 06a5 73030000 		.4byte	.LASF100
 1099 06a9 0D       		.byte	0xd
 1100 06aa 2E       		.byte	0x2e
 1101 06ab AD000000 		.4byte	0xad
 1102 06af 04       		.byte	0x4
 1103 06b0 06       		.uleb128 0x6
 1104 06b1 CC030000 		.4byte	.LASF101
 1105 06b5 0D       		.byte	0xd
 1106 06b6 2F       		.byte	0x2f
 1107 06b7 AD000000 		.4byte	0xad
 1108 06bb 05       		.byte	0x5
 1109 06bc 06       		.uleb128 0x6
 1110 06bd D0050000 		.4byte	.LASF102
 1111 06c1 0D       		.byte	0xd
 1112 06c2 30       		.byte	0x30
 1113 06c3 B8000000 		.4byte	0xb8
 1114 06c7 06       		.byte	0x6
 1115 06c8 06       		.uleb128 0x6
 1116 06c9 14040000 		.4byte	.LASF103
 1117 06cd 0D       		.byte	0xd
 1118 06ce 31       		.byte	0x31
 1119 06cf AD000000 		.4byte	0xad
 1120 06d3 08       		.byte	0x8
 1121 06d4 06       		.uleb128 0x6
 1122 06d5 FD010000 		.4byte	.LASF104
 1123 06d9 0D       		.byte	0xd
 1124 06da 32       		.byte	0x32
 1125 06db AD000000 		.4byte	0xad
 1126 06df 09       		.byte	0x9
 1127 06e0 06       		.uleb128 0x6
 1128 06e1 75000000 		.4byte	.LASF105
 1129 06e5 0D       		.byte	0xd
 1130 06e6 33       		.byte	0x33
 1131 06e7 AD000000 		.4byte	0xad
ARM GAS  /tmp/ccq26t09.s 			page 21


 1132 06eb 0A       		.byte	0xa
 1133 06ec 06       		.uleb128 0x6
 1134 06ed 06050000 		.4byte	.LASF106
 1135 06f1 0D       		.byte	0xd
 1136 06f2 34       		.byte	0x34
 1137 06f3 AD000000 		.4byte	0xad
 1138 06f7 0B       		.byte	0xb
 1139 06f8 06       		.uleb128 0x6
 1140 06f9 93050000 		.4byte	.LASF107
 1141 06fd 0D       		.byte	0xd
 1142 06fe 35       		.byte	0x35
 1143 06ff AD000000 		.4byte	0xad
 1144 0703 0C       		.byte	0xc
 1145 0704 06       		.uleb128 0x6
 1146 0705 E5040000 		.4byte	.LASF108
 1147 0709 0D       		.byte	0xd
 1148 070a 36       		.byte	0x36
 1149 070b AD000000 		.4byte	0xad
 1150 070f 0D       		.byte	0xd
 1151 0710 06       		.uleb128 0x6
 1152 0711 08000000 		.4byte	.LASF109
 1153 0715 0D       		.byte	0xd
 1154 0716 37       		.byte	0x37
 1155 0717 AD000000 		.4byte	0xad
 1156 071b 0E       		.byte	0xe
 1157 071c 06       		.uleb128 0x6
 1158 071d A5030000 		.4byte	.LASF110
 1159 0721 0D       		.byte	0xd
 1160 0722 38       		.byte	0x38
 1161 0723 AD000000 		.4byte	0xad
 1162 0727 0F       		.byte	0xf
 1163 0728 06       		.uleb128 0x6
 1164 0729 D6000000 		.4byte	.LASF111
 1165 072d 0D       		.byte	0xd
 1166 072e 39       		.byte	0x39
 1167 072f AD000000 		.4byte	0xad
 1168 0733 10       		.byte	0x10
 1169 0734 06       		.uleb128 0x6
 1170 0735 A4000000 		.4byte	.LASF112
 1171 0739 0D       		.byte	0xd
 1172 073a 3B       		.byte	0x3b
 1173 073b AD000000 		.4byte	0xad
 1174 073f 11       		.byte	0x11
 1175 0740 06       		.uleb128 0x6
 1176 0741 F5050000 		.4byte	.LASF113
 1177 0745 0D       		.byte	0xd
 1178 0746 3C       		.byte	0x3c
 1179 0747 AD000000 		.4byte	0xad
 1180 074b 12       		.byte	0x12
 1181 074c 06       		.uleb128 0x6
 1182 074d 7B030000 		.4byte	.LASF114
 1183 0751 0D       		.byte	0xd
 1184 0752 3D       		.byte	0x3d
 1185 0753 AD000000 		.4byte	0xad
 1186 0757 13       		.byte	0x13
 1187 0758 06       		.uleb128 0x6
 1188 0759 C7040000 		.4byte	.LASF115
ARM GAS  /tmp/ccq26t09.s 			page 22


 1189 075d 0D       		.byte	0xd
 1190 075e 3E       		.byte	0x3e
 1191 075f AD000000 		.4byte	0xad
 1192 0763 14       		.byte	0x14
 1193 0764 06       		.uleb128 0x6
 1194 0765 81040000 		.4byte	.LASF116
 1195 0769 0D       		.byte	0xd
 1196 076a 40       		.byte	0x40
 1197 076b AD000000 		.4byte	0xad
 1198 076f 15       		.byte	0x15
 1199 0770 00       		.byte	0
 1200 0771 0C       		.uleb128 0xc
 1201 0772 63060000 		.4byte	0x663
 1202 0776 81070000 		.4byte	0x781
 1203 077a 0D       		.uleb128 0xd
 1204 077b 56030000 		.4byte	0x356
 1205 077f 03       		.byte	0x3
 1206 0780 00       		.byte	0
 1207 0781 03       		.uleb128 0x3
 1208 0782 2D010000 		.4byte	.LASF117
 1209 0786 0D       		.byte	0xd
 1210 0787 41       		.byte	0x41
 1211 0788 90060000 		.4byte	0x690
 1212 078c 14       		.uleb128 0x14
 1213 078d F4030000 		.4byte	.LASF118
 1214 0791 01       		.byte	0x1
 1215 0792 3D       		.byte	0x3d
 1216 0793 00000000 		.4byte	.LFB7
 1217 0797 14000000 		.4byte	.LFE7-.LFB7
 1218 079b 01       		.uleb128 0x1
 1219 079c 9C       		.byte	0x9c
 1220 079d AD070000 		.4byte	0x7ad
 1221 07a1 15       		.uleb128 0x15
 1222 07a2 7000     		.ascii	"p\000"
 1223 07a4 01       		.byte	0x1
 1224 07a5 3D       		.byte	0x3d
 1225 07a6 A8020000 		.4byte	0x2a8
 1226 07aa 01       		.uleb128 0x1
 1227 07ab 50       		.byte	0x50
 1228 07ac 00       		.byte	0
 1229 07ad 14       		.uleb128 0x14
 1230 07ae 94010000 		.4byte	.LASF119
 1231 07b2 01       		.byte	0x1
 1232 07b3 54       		.byte	0x54
 1233 07b4 00000000 		.4byte	.LFB8
 1234 07b8 74000000 		.4byte	.LFE8-.LFB8
 1235 07bc 01       		.uleb128 0x1
 1236 07bd 9C       		.byte	0x9c
 1237 07be 73080000 		.4byte	0x873
 1238 07c2 16       		.uleb128 0x16
 1239 07c3 8C000000 		.4byte	.LASF121
 1240 07c7 01       		.byte	0x1
 1241 07c8 55       		.byte	0x55
 1242 07c9 43010000 		.4byte	0x143
 1243 07cd 05       		.uleb128 0x5
 1244 07ce 03       		.byte	0x3
 1245 07cf 00000000 		.4byte	mainthread.4795
ARM GAS  /tmp/ccq26t09.s 			page 23


 1246 07d3 17       		.uleb128 0x17
 1247 07d4 12000000 		.4byte	.LVL1
 1248 07d8 01090000 		.4byte	0x901
 1249 07dc EB070000 		.4byte	0x7eb
 1250 07e0 18       		.uleb128 0x18
 1251 07e1 01       		.uleb128 0x1
 1252 07e2 51       		.byte	0x51
 1253 07e3 01       		.uleb128 0x1
 1254 07e4 30       		.byte	0x30
 1255 07e5 18       		.uleb128 0x18
 1256 07e6 01       		.uleb128 0x1
 1257 07e7 50       		.byte	0x50
 1258 07e8 01       		.uleb128 0x1
 1259 07e9 3A       		.byte	0x3a
 1260 07ea 00       		.byte	0
 1261 07eb 17       		.uleb128 0x17
 1262 07ec 1A000000 		.4byte	.LVL2
 1263 07f0 01090000 		.4byte	0x901
 1264 07f4 04080000 		.4byte	0x804
 1265 07f8 18       		.uleb128 0x18
 1266 07f9 01       		.uleb128 0x1
 1267 07fa 51       		.byte	0x51
 1268 07fb 02       		.uleb128 0x2
 1269 07fc 08       		.byte	0x8
 1270 07fd 80       		.byte	0x80
 1271 07fe 18       		.uleb128 0x18
 1272 07ff 01       		.uleb128 0x1
 1273 0800 50       		.byte	0x50
 1274 0801 01       		.uleb128 0x1
 1275 0802 3B       		.byte	0x3b
 1276 0803 00       		.byte	0
 1277 0804 19       		.uleb128 0x19
 1278 0805 1E000000 		.4byte	.LVL3
 1279 0809 18090000 		.4byte	0x918
 1280 080d 19       		.uleb128 0x19
 1281 080e 22000000 		.4byte	.LVL4
 1282 0812 1F090000 		.4byte	0x91f
 1283 0816 19       		.uleb128 0x19
 1284 0817 26000000 		.4byte	.LVL5
 1285 081b 26090000 		.4byte	0x926
 1286 081f 19       		.uleb128 0x19
 1287 0820 2A000000 		.4byte	.LVL6
 1288 0824 2D090000 		.4byte	0x92d
 1289 0828 17       		.uleb128 0x17
 1290 0829 32000000 		.4byte	.LVL7
 1291 082d 34090000 		.4byte	0x934
 1292 0831 45080000 		.4byte	0x845
 1293 0835 18       		.uleb128 0x18
 1294 0836 01       		.uleb128 0x1
 1295 0837 51       		.byte	0x51
 1296 0838 02       		.uleb128 0x2
 1297 0839 08       		.byte	0x8
 1298 083a 40       		.byte	0x40
 1299 083b 18       		.uleb128 0x18
 1300 083c 01       		.uleb128 0x1
 1301 083d 50       		.byte	0x50
 1302 083e 05       		.uleb128 0x5
ARM GAS  /tmp/ccq26t09.s 			page 24


 1303 083f 03       		.byte	0x3
 1304 0840 00000000 		.4byte	.LANCHOR0
 1305 0844 00       		.byte	0
 1306 0845 1A       		.uleb128 0x1a
 1307 0846 52000000 		.4byte	.LVL8
 1308 084a 4F090000 		.4byte	0x94f
 1309 084e 18       		.uleb128 0x18
 1310 084f 01       		.uleb128 0x1
 1311 0850 53       		.byte	0x53
 1312 0851 05       		.uleb128 0x5
 1313 0852 03       		.byte	0x3
 1314 0853 00000000 		.4byte	_idle_thread
 1315 0857 18       		.uleb128 0x18
 1316 0858 01       		.uleb128 0x1
 1317 0859 52       		.byte	0x52
 1318 085a 01       		.uleb128 0x1
 1319 085b 31       		.byte	0x31
 1320 085c 18       		.uleb128 0x18
 1321 085d 01       		.uleb128 0x1
 1322 085e 51       		.byte	0x51
 1323 085f 02       		.uleb128 0x2
 1324 0860 08       		.byte	0x8
 1325 0861 E0       		.byte	0xe0
 1326 0862 18       		.uleb128 0x18
 1327 0863 01       		.uleb128 0x1
 1328 0864 50       		.byte	0x50
 1329 0865 05       		.uleb128 0x5
 1330 0866 03       		.byte	0x3
 1331 0867 00000000 		.4byte	.LANCHOR1
 1332 086b 18       		.uleb128 0x18
 1333 086c 02       		.uleb128 0x2
 1334 086d 7D       		.byte	0x7d
 1335 086e 00       		.sleb128 0
 1336 086f 01       		.uleb128 0x1
 1337 0870 30       		.byte	0x30
 1338 0871 00       		.byte	0
 1339 0872 00       		.byte	0
 1340 0873 1B       		.uleb128 0x1b
 1341 0874 4B000000 		.4byte	.LASF120
 1342 0878 01       		.byte	0x1
 1343 0879 89       		.byte	0x89
 1344 087a 00000000 		.4byte	.LFB9
 1345 087e 5C000000 		.4byte	.LFE9-.LFB9
 1346 0882 01       		.uleb128 0x1
 1347 0883 9C       		.byte	0x9c
 1348 0884 BA080000 		.4byte	0x8ba
 1349 0888 1C       		.uleb128 0x1c
 1350 0889 24000000 		.4byte	.LBB2
 1351 088d 2E000000 		.4byte	.LBE2-.LBB2
 1352 0891 1D       		.uleb128 0x1d
 1353 0892 76747000 		.ascii	"vtp\000"
 1354 0896 01       		.byte	0x1
 1355 0897 96       		.byte	0x96
 1356 0898 36050000 		.4byte	0x536
 1357 089c 00000000 		.4byte	.LLST0
 1358 08a0 1C       		.uleb128 0x1c
 1359 08a1 32000000 		.4byte	.LBB3
ARM GAS  /tmp/ccq26t09.s 			page 25


 1360 08a5 18000000 		.4byte	.LBE3-.LBB3
 1361 08a9 1D       		.uleb128 0x1d
 1362 08aa 666E00   		.ascii	"fn\000"
 1363 08ad 01       		.byte	0x1
 1364 08ae 96       		.byte	0x96
 1365 08af C6040000 		.4byte	0x4c6
 1366 08b3 29000000 		.4byte	.LLST1
 1367 08b7 00       		.byte	0
 1368 08b8 00       		.byte	0
 1369 08b9 00       		.byte	0
 1370 08ba 1E       		.uleb128 0x1e
 1371 08bb 44000000 		.4byte	.LASF122
 1372 08bf 0A       		.byte	0xa
 1373 08c0 F5       		.byte	0xf5
 1374 08c1 7A050000 		.4byte	0x57a
 1375 08c5 1E       		.uleb128 0x1e
 1376 08c6 B4050000 		.4byte	.LASF123
 1377 08ca 0B       		.byte	0xb
 1378 08cb 6F       		.byte	0x6f
 1379 08cc D6050000 		.4byte	0x5d6
 1380 08d0 1E       		.uleb128 0x1e
 1381 08d1 F4010000 		.4byte	.LASF124
 1382 08d5 0D       		.byte	0xd
 1383 08d6 7E       		.byte	0x7e
 1384 08d7 DB080000 		.4byte	0x8db
 1385 08db 12       		.uleb128 0x12
 1386 08dc 81070000 		.4byte	0x781
 1387 08e0 0C       		.uleb128 0xc
 1388 08e1 AA020000 		.4byte	0x2aa
 1389 08e5 F0080000 		.4byte	0x8f0
 1390 08e9 0D       		.uleb128 0xd
 1391 08ea 56030000 		.4byte	0x356
 1392 08ee 1B       		.byte	0x1b
 1393 08ef 00       		.byte	0
 1394 08f0 1F       		.uleb128 0x1f
 1395 08f1 63010000 		.4byte	.LASF125
 1396 08f5 01       		.byte	0x1
 1397 08f6 31       		.byte	0x31
 1398 08f7 E0080000 		.4byte	0x8e0
 1399 08fb 05       		.uleb128 0x5
 1400 08fc 03       		.byte	0x3
 1401 08fd 00000000 		.4byte	_idle_thread_wa
 1402 0901 20       		.uleb128 0x20
 1403 0902 8D040000 		.4byte	.LASF130
 1404 0906 09       		.byte	0x9
 1405 0907 2501     		.2byte	0x125
 1406 0909 18090000 		.4byte	0x918
 1407 090d 0F       		.uleb128 0xf
 1408 090e CE000000 		.4byte	0xce
 1409 0912 0F       		.uleb128 0xf
 1410 0913 CE000000 		.4byte	0xce
 1411 0917 00       		.byte	0
 1412 0918 21       		.uleb128 0x21
 1413 0919 63030000 		.4byte	.LASF126
 1414 091d 0B       		.byte	0xb
 1415 091e 8E       		.byte	0x8e
 1416 091f 21       		.uleb128 0x21
ARM GAS  /tmp/ccq26t09.s 			page 26


 1417 0920 65050000 		.4byte	.LASF127
 1418 0924 0A       		.byte	0xa
 1419 0925 FD       		.byte	0xfd
 1420 0926 21       		.uleb128 0x21
 1421 0927 4A040000 		.4byte	.LASF128
 1422 092b 0E       		.byte	0xe
 1423 092c 51       		.byte	0x51
 1424 092d 21       		.uleb128 0x21
 1425 092e 9E010000 		.4byte	.LASF129
 1426 0932 0F       		.byte	0xf
 1427 0933 55       		.byte	0x55
 1428 0934 22       		.uleb128 0x22
 1429 0935 B6010000 		.4byte	.LASF135
 1430 0939 07       		.byte	0x7
 1431 093a 6A01     		.2byte	0x16a
 1432 093c 6C020000 		.4byte	0x26c
 1433 0940 4F090000 		.4byte	0x94f
 1434 0944 0F       		.uleb128 0xf
 1435 0945 6C020000 		.4byte	0x26c
 1436 0949 0F       		.uleb128 0xf
 1437 094a 17010000 		.4byte	0x117
 1438 094e 00       		.byte	0
 1439 094f 23       		.uleb128 0x23
 1440 0950 51030000 		.4byte	.LASF131
 1441 0954 07       		.byte	0x7
 1442 0955 7001     		.2byte	0x170
 1443 0957 6C020000 		.4byte	0x26c
 1444 095b 0F       		.uleb128 0xf
 1445 095c A8020000 		.4byte	0x2a8
 1446 0960 0F       		.uleb128 0xf
 1447 0961 2C000000 		.4byte	0x2c
 1448 0965 0F       		.uleb128 0xf
 1449 0966 17010000 		.4byte	0x117
 1450 096a 0F       		.uleb128 0xf
 1451 096b 70060000 		.4byte	0x670
 1452 096f 0F       		.uleb128 0xf
 1453 0970 A8020000 		.4byte	0x2a8
 1454 0974 00       		.byte	0
 1455 0975 00       		.byte	0
 1456              		.section	.debug_abbrev,"",%progbits
 1457              	.Ldebug_abbrev0:
 1458 0000 01       		.uleb128 0x1
 1459 0001 11       		.uleb128 0x11
 1460 0002 01       		.byte	0x1
 1461 0003 25       		.uleb128 0x25
 1462 0004 0E       		.uleb128 0xe
 1463 0005 13       		.uleb128 0x13
 1464 0006 0B       		.uleb128 0xb
 1465 0007 03       		.uleb128 0x3
 1466 0008 0E       		.uleb128 0xe
 1467 0009 1B       		.uleb128 0x1b
 1468 000a 0E       		.uleb128 0xe
 1469 000b 55       		.uleb128 0x55
 1470 000c 17       		.uleb128 0x17
 1471 000d 11       		.uleb128 0x11
 1472 000e 01       		.uleb128 0x1
 1473 000f 10       		.uleb128 0x10
ARM GAS  /tmp/ccq26t09.s 			page 27


 1474 0010 17       		.uleb128 0x17
 1475 0011 00       		.byte	0
 1476 0012 00       		.byte	0
 1477 0013 02       		.uleb128 0x2
 1478 0014 24       		.uleb128 0x24
 1479 0015 00       		.byte	0
 1480 0016 0B       		.uleb128 0xb
 1481 0017 0B       		.uleb128 0xb
 1482 0018 3E       		.uleb128 0x3e
 1483 0019 0B       		.uleb128 0xb
 1484 001a 03       		.uleb128 0x3
 1485 001b 08       		.uleb128 0x8
 1486 001c 00       		.byte	0
 1487 001d 00       		.byte	0
 1488 001e 03       		.uleb128 0x3
 1489 001f 16       		.uleb128 0x16
 1490 0020 00       		.byte	0
 1491 0021 03       		.uleb128 0x3
 1492 0022 0E       		.uleb128 0xe
 1493 0023 3A       		.uleb128 0x3a
 1494 0024 0B       		.uleb128 0xb
 1495 0025 3B       		.uleb128 0x3b
 1496 0026 0B       		.uleb128 0xb
 1497 0027 49       		.uleb128 0x49
 1498 0028 13       		.uleb128 0x13
 1499 0029 00       		.byte	0
 1500 002a 00       		.byte	0
 1501 002b 04       		.uleb128 0x4
 1502 002c 24       		.uleb128 0x24
 1503 002d 00       		.byte	0
 1504 002e 0B       		.uleb128 0xb
 1505 002f 0B       		.uleb128 0xb
 1506 0030 3E       		.uleb128 0x3e
 1507 0031 0B       		.uleb128 0xb
 1508 0032 03       		.uleb128 0x3
 1509 0033 0E       		.uleb128 0xe
 1510 0034 00       		.byte	0
 1511 0035 00       		.byte	0
 1512 0036 05       		.uleb128 0x5
 1513 0037 13       		.uleb128 0x13
 1514 0038 01       		.byte	0x1
 1515 0039 03       		.uleb128 0x3
 1516 003a 0E       		.uleb128 0xe
 1517 003b 0B       		.uleb128 0xb
 1518 003c 0B       		.uleb128 0xb
 1519 003d 3A       		.uleb128 0x3a
 1520 003e 0B       		.uleb128 0xb
 1521 003f 3B       		.uleb128 0x3b
 1522 0040 0B       		.uleb128 0xb
 1523 0041 01       		.uleb128 0x1
 1524 0042 13       		.uleb128 0x13
 1525 0043 00       		.byte	0
 1526 0044 00       		.byte	0
 1527 0045 06       		.uleb128 0x6
 1528 0046 0D       		.uleb128 0xd
 1529 0047 00       		.byte	0
 1530 0048 03       		.uleb128 0x3
ARM GAS  /tmp/ccq26t09.s 			page 28


 1531 0049 0E       		.uleb128 0xe
 1532 004a 3A       		.uleb128 0x3a
 1533 004b 0B       		.uleb128 0xb
 1534 004c 3B       		.uleb128 0x3b
 1535 004d 0B       		.uleb128 0xb
 1536 004e 49       		.uleb128 0x49
 1537 004f 13       		.uleb128 0x13
 1538 0050 38       		.uleb128 0x38
 1539 0051 0B       		.uleb128 0xb
 1540 0052 00       		.byte	0
 1541 0053 00       		.byte	0
 1542 0054 07       		.uleb128 0x7
 1543 0055 0D       		.uleb128 0xd
 1544 0056 00       		.byte	0
 1545 0057 03       		.uleb128 0x3
 1546 0058 08       		.uleb128 0x8
 1547 0059 3A       		.uleb128 0x3a
 1548 005a 0B       		.uleb128 0xb
 1549 005b 3B       		.uleb128 0x3b
 1550 005c 0B       		.uleb128 0xb
 1551 005d 49       		.uleb128 0x49
 1552 005e 13       		.uleb128 0x13
 1553 005f 38       		.uleb128 0x38
 1554 0060 0B       		.uleb128 0xb
 1555 0061 00       		.byte	0
 1556 0062 00       		.byte	0
 1557 0063 08       		.uleb128 0x8
 1558 0064 13       		.uleb128 0x13
 1559 0065 01       		.byte	0x1
 1560 0066 0B       		.uleb128 0xb
 1561 0067 0B       		.uleb128 0xb
 1562 0068 3A       		.uleb128 0x3a
 1563 0069 0B       		.uleb128 0xb
 1564 006a 3B       		.uleb128 0x3b
 1565 006b 0B       		.uleb128 0xb
 1566 006c 01       		.uleb128 0x1
 1567 006d 13       		.uleb128 0x13
 1568 006e 00       		.byte	0
 1569 006f 00       		.byte	0
 1570 0070 09       		.uleb128 0x9
 1571 0071 0F       		.uleb128 0xf
 1572 0072 00       		.byte	0
 1573 0073 0B       		.uleb128 0xb
 1574 0074 0B       		.uleb128 0xb
 1575 0075 49       		.uleb128 0x49
 1576 0076 13       		.uleb128 0x13
 1577 0077 00       		.byte	0
 1578 0078 00       		.byte	0
 1579 0079 0A       		.uleb128 0xa
 1580 007a 0F       		.uleb128 0xf
 1581 007b 00       		.byte	0
 1582 007c 0B       		.uleb128 0xb
 1583 007d 0B       		.uleb128 0xb
 1584 007e 00       		.byte	0
 1585 007f 00       		.byte	0
 1586 0080 0B       		.uleb128 0xb
 1587 0081 35       		.uleb128 0x35
ARM GAS  /tmp/ccq26t09.s 			page 29


 1588 0082 00       		.byte	0
 1589 0083 49       		.uleb128 0x49
 1590 0084 13       		.uleb128 0x13
 1591 0085 00       		.byte	0
 1592 0086 00       		.byte	0
 1593 0087 0C       		.uleb128 0xc
 1594 0088 01       		.uleb128 0x1
 1595 0089 01       		.byte	0x1
 1596 008a 49       		.uleb128 0x49
 1597 008b 13       		.uleb128 0x13
 1598 008c 01       		.uleb128 0x1
 1599 008d 13       		.uleb128 0x13
 1600 008e 00       		.byte	0
 1601 008f 00       		.byte	0
 1602 0090 0D       		.uleb128 0xd
 1603 0091 21       		.uleb128 0x21
 1604 0092 00       		.byte	0
 1605 0093 49       		.uleb128 0x49
 1606 0094 13       		.uleb128 0x13
 1607 0095 2F       		.uleb128 0x2f
 1608 0096 0B       		.uleb128 0xb
 1609 0097 00       		.byte	0
 1610 0098 00       		.byte	0
 1611 0099 0E       		.uleb128 0xe
 1612 009a 15       		.uleb128 0x15
 1613 009b 01       		.byte	0x1
 1614 009c 27       		.uleb128 0x27
 1615 009d 19       		.uleb128 0x19
 1616 009e 01       		.uleb128 0x1
 1617 009f 13       		.uleb128 0x13
 1618 00a0 00       		.byte	0
 1619 00a1 00       		.byte	0
 1620 00a2 0F       		.uleb128 0xf
 1621 00a3 05       		.uleb128 0x5
 1622 00a4 00       		.byte	0
 1623 00a5 49       		.uleb128 0x49
 1624 00a6 13       		.uleb128 0x13
 1625 00a7 00       		.byte	0
 1626 00a8 00       		.byte	0
 1627 00a9 10       		.uleb128 0x10
 1628 00aa 17       		.uleb128 0x17
 1629 00ab 01       		.byte	0x1
 1630 00ac 0B       		.uleb128 0xb
 1631 00ad 0B       		.uleb128 0xb
 1632 00ae 3A       		.uleb128 0x3a
 1633 00af 0B       		.uleb128 0xb
 1634 00b0 3B       		.uleb128 0x3b
 1635 00b1 0B       		.uleb128 0xb
 1636 00b2 01       		.uleb128 0x1
 1637 00b3 13       		.uleb128 0x13
 1638 00b4 00       		.byte	0
 1639 00b5 00       		.byte	0
 1640 00b6 11       		.uleb128 0x11
 1641 00b7 0D       		.uleb128 0xd
 1642 00b8 00       		.byte	0
 1643 00b9 03       		.uleb128 0x3
 1644 00ba 0E       		.uleb128 0xe
ARM GAS  /tmp/ccq26t09.s 			page 30


 1645 00bb 3A       		.uleb128 0x3a
 1646 00bc 0B       		.uleb128 0xb
 1647 00bd 3B       		.uleb128 0x3b
 1648 00be 0B       		.uleb128 0xb
 1649 00bf 49       		.uleb128 0x49
 1650 00c0 13       		.uleb128 0x13
 1651 00c1 00       		.byte	0
 1652 00c2 00       		.byte	0
 1653 00c3 12       		.uleb128 0x12
 1654 00c4 26       		.uleb128 0x26
 1655 00c5 00       		.byte	0
 1656 00c6 49       		.uleb128 0x49
 1657 00c7 13       		.uleb128 0x13
 1658 00c8 00       		.byte	0
 1659 00c9 00       		.byte	0
 1660 00ca 13       		.uleb128 0x13
 1661 00cb 15       		.uleb128 0x15
 1662 00cc 01       		.byte	0x1
 1663 00cd 27       		.uleb128 0x27
 1664 00ce 19       		.uleb128 0x19
 1665 00cf 49       		.uleb128 0x49
 1666 00d0 13       		.uleb128 0x13
 1667 00d1 01       		.uleb128 0x1
 1668 00d2 13       		.uleb128 0x13
 1669 00d3 00       		.byte	0
 1670 00d4 00       		.byte	0
 1671 00d5 14       		.uleb128 0x14
 1672 00d6 2E       		.uleb128 0x2e
 1673 00d7 01       		.byte	0x1
 1674 00d8 3F       		.uleb128 0x3f
 1675 00d9 19       		.uleb128 0x19
 1676 00da 03       		.uleb128 0x3
 1677 00db 0E       		.uleb128 0xe
 1678 00dc 3A       		.uleb128 0x3a
 1679 00dd 0B       		.uleb128 0xb
 1680 00de 3B       		.uleb128 0x3b
 1681 00df 0B       		.uleb128 0xb
 1682 00e0 27       		.uleb128 0x27
 1683 00e1 19       		.uleb128 0x19
 1684 00e2 11       		.uleb128 0x11
 1685 00e3 01       		.uleb128 0x1
 1686 00e4 12       		.uleb128 0x12
 1687 00e5 06       		.uleb128 0x6
 1688 00e6 40       		.uleb128 0x40
 1689 00e7 18       		.uleb128 0x18
 1690 00e8 9742     		.uleb128 0x2117
 1691 00ea 19       		.uleb128 0x19
 1692 00eb 01       		.uleb128 0x1
 1693 00ec 13       		.uleb128 0x13
 1694 00ed 00       		.byte	0
 1695 00ee 00       		.byte	0
 1696 00ef 15       		.uleb128 0x15
 1697 00f0 05       		.uleb128 0x5
 1698 00f1 00       		.byte	0
 1699 00f2 03       		.uleb128 0x3
 1700 00f3 08       		.uleb128 0x8
 1701 00f4 3A       		.uleb128 0x3a
ARM GAS  /tmp/ccq26t09.s 			page 31


 1702 00f5 0B       		.uleb128 0xb
 1703 00f6 3B       		.uleb128 0x3b
 1704 00f7 0B       		.uleb128 0xb
 1705 00f8 49       		.uleb128 0x49
 1706 00f9 13       		.uleb128 0x13
 1707 00fa 02       		.uleb128 0x2
 1708 00fb 18       		.uleb128 0x18
 1709 00fc 00       		.byte	0
 1710 00fd 00       		.byte	0
 1711 00fe 16       		.uleb128 0x16
 1712 00ff 34       		.uleb128 0x34
 1713 0100 00       		.byte	0
 1714 0101 03       		.uleb128 0x3
 1715 0102 0E       		.uleb128 0xe
 1716 0103 3A       		.uleb128 0x3a
 1717 0104 0B       		.uleb128 0xb
 1718 0105 3B       		.uleb128 0x3b
 1719 0106 0B       		.uleb128 0xb
 1720 0107 49       		.uleb128 0x49
 1721 0108 13       		.uleb128 0x13
 1722 0109 02       		.uleb128 0x2
 1723 010a 18       		.uleb128 0x18
 1724 010b 00       		.byte	0
 1725 010c 00       		.byte	0
 1726 010d 17       		.uleb128 0x17
 1727 010e 898201   		.uleb128 0x4109
 1728 0111 01       		.byte	0x1
 1729 0112 11       		.uleb128 0x11
 1730 0113 01       		.uleb128 0x1
 1731 0114 31       		.uleb128 0x31
 1732 0115 13       		.uleb128 0x13
 1733 0116 01       		.uleb128 0x1
 1734 0117 13       		.uleb128 0x13
 1735 0118 00       		.byte	0
 1736 0119 00       		.byte	0
 1737 011a 18       		.uleb128 0x18
 1738 011b 8A8201   		.uleb128 0x410a
 1739 011e 00       		.byte	0
 1740 011f 02       		.uleb128 0x2
 1741 0120 18       		.uleb128 0x18
 1742 0121 9142     		.uleb128 0x2111
 1743 0123 18       		.uleb128 0x18
 1744 0124 00       		.byte	0
 1745 0125 00       		.byte	0
 1746 0126 19       		.uleb128 0x19
 1747 0127 898201   		.uleb128 0x4109
 1748 012a 00       		.byte	0
 1749 012b 11       		.uleb128 0x11
 1750 012c 01       		.uleb128 0x1
 1751 012d 31       		.uleb128 0x31
 1752 012e 13       		.uleb128 0x13
 1753 012f 00       		.byte	0
 1754 0130 00       		.byte	0
 1755 0131 1A       		.uleb128 0x1a
 1756 0132 898201   		.uleb128 0x4109
 1757 0135 01       		.byte	0x1
 1758 0136 11       		.uleb128 0x11
ARM GAS  /tmp/ccq26t09.s 			page 32


 1759 0137 01       		.uleb128 0x1
 1760 0138 31       		.uleb128 0x31
 1761 0139 13       		.uleb128 0x13
 1762 013a 00       		.byte	0
 1763 013b 00       		.byte	0
 1764 013c 1B       		.uleb128 0x1b
 1765 013d 2E       		.uleb128 0x2e
 1766 013e 01       		.byte	0x1
 1767 013f 3F       		.uleb128 0x3f
 1768 0140 19       		.uleb128 0x19
 1769 0141 03       		.uleb128 0x3
 1770 0142 0E       		.uleb128 0xe
 1771 0143 3A       		.uleb128 0x3a
 1772 0144 0B       		.uleb128 0xb
 1773 0145 3B       		.uleb128 0x3b
 1774 0146 0B       		.uleb128 0xb
 1775 0147 27       		.uleb128 0x27
 1776 0148 19       		.uleb128 0x19
 1777 0149 11       		.uleb128 0x11
 1778 014a 01       		.uleb128 0x1
 1779 014b 12       		.uleb128 0x12
 1780 014c 06       		.uleb128 0x6
 1781 014d 40       		.uleb128 0x40
 1782 014e 18       		.uleb128 0x18
 1783 014f 9642     		.uleb128 0x2116
 1784 0151 19       		.uleb128 0x19
 1785 0152 01       		.uleb128 0x1
 1786 0153 13       		.uleb128 0x13
 1787 0154 00       		.byte	0
 1788 0155 00       		.byte	0
 1789 0156 1C       		.uleb128 0x1c
 1790 0157 0B       		.uleb128 0xb
 1791 0158 01       		.byte	0x1
 1792 0159 11       		.uleb128 0x11
 1793 015a 01       		.uleb128 0x1
 1794 015b 12       		.uleb128 0x12
 1795 015c 06       		.uleb128 0x6
 1796 015d 00       		.byte	0
 1797 015e 00       		.byte	0
 1798 015f 1D       		.uleb128 0x1d
 1799 0160 34       		.uleb128 0x34
 1800 0161 00       		.byte	0
 1801 0162 03       		.uleb128 0x3
 1802 0163 08       		.uleb128 0x8
 1803 0164 3A       		.uleb128 0x3a
 1804 0165 0B       		.uleb128 0xb
 1805 0166 3B       		.uleb128 0x3b
 1806 0167 0B       		.uleb128 0xb
 1807 0168 49       		.uleb128 0x49
 1808 0169 13       		.uleb128 0x13
 1809 016a 02       		.uleb128 0x2
 1810 016b 17       		.uleb128 0x17
 1811 016c 00       		.byte	0
 1812 016d 00       		.byte	0
 1813 016e 1E       		.uleb128 0x1e
 1814 016f 34       		.uleb128 0x34
 1815 0170 00       		.byte	0
ARM GAS  /tmp/ccq26t09.s 			page 33


 1816 0171 03       		.uleb128 0x3
 1817 0172 0E       		.uleb128 0xe
 1818 0173 3A       		.uleb128 0x3a
 1819 0174 0B       		.uleb128 0xb
 1820 0175 3B       		.uleb128 0x3b
 1821 0176 0B       		.uleb128 0xb
 1822 0177 49       		.uleb128 0x49
 1823 0178 13       		.uleb128 0x13
 1824 0179 3F       		.uleb128 0x3f
 1825 017a 19       		.uleb128 0x19
 1826 017b 3C       		.uleb128 0x3c
 1827 017c 19       		.uleb128 0x19
 1828 017d 00       		.byte	0
 1829 017e 00       		.byte	0
 1830 017f 1F       		.uleb128 0x1f
 1831 0180 34       		.uleb128 0x34
 1832 0181 00       		.byte	0
 1833 0182 03       		.uleb128 0x3
 1834 0183 0E       		.uleb128 0xe
 1835 0184 3A       		.uleb128 0x3a
 1836 0185 0B       		.uleb128 0xb
 1837 0186 3B       		.uleb128 0x3b
 1838 0187 0B       		.uleb128 0xb
 1839 0188 49       		.uleb128 0x49
 1840 0189 13       		.uleb128 0x13
 1841 018a 3F       		.uleb128 0x3f
 1842 018b 19       		.uleb128 0x19
 1843 018c 02       		.uleb128 0x2
 1844 018d 18       		.uleb128 0x18
 1845 018e 00       		.byte	0
 1846 018f 00       		.byte	0
 1847 0190 20       		.uleb128 0x20
 1848 0191 2E       		.uleb128 0x2e
 1849 0192 01       		.byte	0x1
 1850 0193 3F       		.uleb128 0x3f
 1851 0194 19       		.uleb128 0x19
 1852 0195 03       		.uleb128 0x3
 1853 0196 0E       		.uleb128 0xe
 1854 0197 3A       		.uleb128 0x3a
 1855 0198 0B       		.uleb128 0xb
 1856 0199 3B       		.uleb128 0x3b
 1857 019a 05       		.uleb128 0x5
 1858 019b 27       		.uleb128 0x27
 1859 019c 19       		.uleb128 0x19
 1860 019d 3C       		.uleb128 0x3c
 1861 019e 19       		.uleb128 0x19
 1862 019f 01       		.uleb128 0x1
 1863 01a0 13       		.uleb128 0x13
 1864 01a1 00       		.byte	0
 1865 01a2 00       		.byte	0
 1866 01a3 21       		.uleb128 0x21
 1867 01a4 2E       		.uleb128 0x2e
 1868 01a5 00       		.byte	0
 1869 01a6 3F       		.uleb128 0x3f
 1870 01a7 19       		.uleb128 0x19
 1871 01a8 03       		.uleb128 0x3
 1872 01a9 0E       		.uleb128 0xe
ARM GAS  /tmp/ccq26t09.s 			page 34


 1873 01aa 3A       		.uleb128 0x3a
 1874 01ab 0B       		.uleb128 0xb
 1875 01ac 3B       		.uleb128 0x3b
 1876 01ad 0B       		.uleb128 0xb
 1877 01ae 27       		.uleb128 0x27
 1878 01af 19       		.uleb128 0x19
 1879 01b0 3C       		.uleb128 0x3c
 1880 01b1 19       		.uleb128 0x19
 1881 01b2 00       		.byte	0
 1882 01b3 00       		.byte	0
 1883 01b4 22       		.uleb128 0x22
 1884 01b5 2E       		.uleb128 0x2e
 1885 01b6 01       		.byte	0x1
 1886 01b7 3F       		.uleb128 0x3f
 1887 01b8 19       		.uleb128 0x19
 1888 01b9 03       		.uleb128 0x3
 1889 01ba 0E       		.uleb128 0xe
 1890 01bb 3A       		.uleb128 0x3a
 1891 01bc 0B       		.uleb128 0xb
 1892 01bd 3B       		.uleb128 0x3b
 1893 01be 05       		.uleb128 0x5
 1894 01bf 27       		.uleb128 0x27
 1895 01c0 19       		.uleb128 0x19
 1896 01c1 49       		.uleb128 0x49
 1897 01c2 13       		.uleb128 0x13
 1898 01c3 3C       		.uleb128 0x3c
 1899 01c4 19       		.uleb128 0x19
 1900 01c5 01       		.uleb128 0x1
 1901 01c6 13       		.uleb128 0x13
 1902 01c7 00       		.byte	0
 1903 01c8 00       		.byte	0
 1904 01c9 23       		.uleb128 0x23
 1905 01ca 2E       		.uleb128 0x2e
 1906 01cb 01       		.byte	0x1
 1907 01cc 3F       		.uleb128 0x3f
 1908 01cd 19       		.uleb128 0x19
 1909 01ce 03       		.uleb128 0x3
 1910 01cf 0E       		.uleb128 0xe
 1911 01d0 3A       		.uleb128 0x3a
 1912 01d1 0B       		.uleb128 0xb
 1913 01d2 3B       		.uleb128 0x3b
 1914 01d3 05       		.uleb128 0x5
 1915 01d4 27       		.uleb128 0x27
 1916 01d5 19       		.uleb128 0x19
 1917 01d6 49       		.uleb128 0x49
 1918 01d7 13       		.uleb128 0x13
 1919 01d8 3C       		.uleb128 0x3c
 1920 01d9 19       		.uleb128 0x19
 1921 01da 00       		.byte	0
 1922 01db 00       		.byte	0
 1923 01dc 00       		.byte	0
 1924              		.section	.debug_loc,"",%progbits
 1925              	.Ldebug_loc0:
 1926              	.LLST0:
 1927 0000 2C000000 		.4byte	.LVL9
 1928 0004 2E000000 		.4byte	.LVL10
 1929 0008 0100     		.2byte	0x1
ARM GAS  /tmp/ccq26t09.s 			page 35


 1930 000a 52       		.byte	0x52
 1931 000b 2E000000 		.4byte	.LVL10
 1932 000f 47000000 		.4byte	.LVL12-1
 1933 0013 0100     		.2byte	0x1
 1934 0015 53       		.byte	0x53
 1935 0016 4C000000 		.4byte	.LVL13
 1936 001a 52000000 		.4byte	.LVL14
 1937 001e 0100     		.2byte	0x1
 1938 0020 53       		.byte	0x53
 1939 0021 00000000 		.4byte	0
 1940 0025 00000000 		.4byte	0
 1941              	.LLST1:
 1942 0029 38000000 		.4byte	.LVL11
 1943 002d 47000000 		.4byte	.LVL12-1
 1944 0031 0100     		.2byte	0x1
 1945 0033 51       		.byte	0x51
 1946 0034 00000000 		.4byte	0
 1947 0038 00000000 		.4byte	0
 1948              		.section	.debug_aranges,"",%progbits
 1949 0000 2C000000 		.4byte	0x2c
 1950 0004 0200     		.2byte	0x2
 1951 0006 00000000 		.4byte	.Ldebug_info0
 1952 000a 04       		.byte	0x4
 1953 000b 00       		.byte	0
 1954 000c 0000     		.2byte	0
 1955 000e 0000     		.2byte	0
 1956 0010 00000000 		.4byte	.LFB7
 1957 0014 14000000 		.4byte	.LFE7-.LFB7
 1958 0018 00000000 		.4byte	.LFB8
 1959 001c 74000000 		.4byte	.LFE8-.LFB8
 1960 0020 00000000 		.4byte	.LFB9
 1961 0024 5C000000 		.4byte	.LFE9-.LFB9
 1962 0028 00000000 		.4byte	0
 1963 002c 00000000 		.4byte	0
 1964              		.section	.debug_ranges,"",%progbits
 1965              	.Ldebug_ranges0:
 1966 0000 00000000 		.4byte	.LFB7
 1967 0004 14000000 		.4byte	.LFE7
 1968 0008 00000000 		.4byte	.LFB8
 1969 000c 74000000 		.4byte	.LFE8
 1970 0010 00000000 		.4byte	.LFB9
 1971 0014 5C000000 		.4byte	.LFE9
 1972 0018 00000000 		.4byte	0
 1973 001c 00000000 		.4byte	0
 1974              		.section	.debug_line,"",%progbits
 1975              	.Ldebug_line0:
 1976 0000 8C020000 		.section	.debug_str,"MS",%progbits,1
 1976      02003A02 
 1976      00000201 
 1976      FB0E0D00 
 1976      01010101 
 1977              	.LASF98:
 1978 0000 7466756E 		.ascii	"tfunc_t\000"
 1978      635F7400 
 1979              	.LASF109:
 1980 0008 63665F6F 		.ascii	"cf_off_older\000"
 1980      66665F6F 
ARM GAS  /tmp/ccq26t09.s 			page 36


 1980      6C646572 
 1980      00
 1981              	.LASF44:
 1982 0015 705F6D73 		.ascii	"p_msg\000"
 1982      6700
 1983              	.LASF2:
 1984 001b 73697A65 		.ascii	"size_t\000"
 1984      5F7400
 1985              	.LASF93:
 1986 0022 7264796D 		.ascii	"rdymsg\000"
 1986      736700
 1987              	.LASF19:
 1988 0029 75696E74 		.ascii	"uint64_t\000"
 1988      36345F74 
 1988      00
 1989              	.LASF3:
 1990 0032 5F5F7569 		.ascii	"__uint8_t\000"
 1990      6E74385F 
 1990      7400
 1991              	.LASF72:
 1992 003c 434D785F 		.ascii	"CMx_SCB\000"
 1992      53434200 
 1993              	.LASF122:
 1994 0044 76746C69 		.ascii	"vtlist\000"
 1994      737400
 1995              	.LASF120:
 1996 004b 63685379 		.ascii	"chSysTimerHandlerI\000"
 1996      7354696D 
 1996      65724861 
 1996      6E646C65 
 1996      724900
 1997              	.LASF14:
 1998 005e 6C6F6E67 		.ascii	"long long unsigned int\000"
 1998      206C6F6E 
 1998      6720756E 
 1998      7369676E 
 1998      65642069 
 1999              	.LASF105:
 2000 0075 63685F74 		.ascii	"ch_threadsize\000"
 2000      68726561 
 2000      6473697A 
 2000      6500
 2001              	.LASF94:
 2002 0083 65786974 		.ascii	"exitcode\000"
 2002      636F6465 
 2002      00
 2003              	.LASF121:
 2004 008c 6D61696E 		.ascii	"mainthread\000"
 2004      74687265 
 2004      616400
 2005              	.LASF57:
 2006 0097 43505549 		.ascii	"CPUID\000"
 2006      4400
 2007              	.LASF32:
 2008 009d 705F7072 		.ascii	"p_prio\000"
 2008      696F00
 2009              	.LASF112:
ARM GAS  /tmp/ccq26t09.s 			page 37


 2010 00a4 63665F6F 		.ascii	"cf_off_state\000"
 2010      66665F73 
 2010      74617465 
 2010      00
 2011              	.LASF80:
 2012 00b1 76745F73 		.ascii	"vt_systime\000"
 2012      79737469 
 2012      6D6500
 2013              	.LASF12:
 2014 00bc 6C6F6E67 		.ascii	"long long int\000"
 2014      206C6F6E 
 2014      6720696E 
 2014      7400
 2015              	.LASF1:
 2016 00ca 7369676E 		.ascii	"signed char\000"
 2016      65642063 
 2016      68617200 
 2017              	.LASF111:
 2018 00d6 63665F6F 		.ascii	"cf_off_stklimit\000"
 2018      66665F73 
 2018      746B6C69 
 2018      6D697400 
 2019              	.LASF11:
 2020 00e6 6C6F6E67 		.ascii	"long unsigned int\000"
 2020      20756E73 
 2020      69676E65 
 2020      6420696E 
 2020      7400
 2021              	.LASF48:
 2022 00f8 705F6D70 		.ascii	"p_mpool\000"
 2022      6F6F6C00 
 2023              	.LASF90:
 2024 0100 6D5F7175 		.ascii	"m_queue\000"
 2024      65756500 
 2025              	.LASF24:
 2026 0108 74736C69 		.ascii	"tslices_t\000"
 2026      6365735F 
 2026      7400
 2027              	.LASF9:
 2028 0112 6C6F6E67 		.ascii	"long int\000"
 2028      20696E74 
 2028      00
 2029              	.LASF22:
 2030 011b 74737461 		.ascii	"tstate_t\000"
 2030      74655F74 
 2030      00
 2031              	.LASF16:
 2032 0124 75696E74 		.ascii	"uint16_t\000"
 2032      31365F74 
 2032      00
 2033              	.LASF117:
 2034 012d 63686465 		.ascii	"chdebug_t\000"
 2034      6275675F 
 2034      7400
 2035              	.LASF133:
 2036 0137 43686962 		.ascii	"ChibiOS_2.6.5/os/kernel/src/chsys.c\000"
 2036      694F535F 
ARM GAS  /tmp/ccq26t09.s 			page 38


 2036      322E362E 
 2036      352F6F73 
 2036      2F6B6572 
 2037              	.LASF34:
 2038 015b 705F6E65 		.ascii	"p_newer\000"
 2038      77657200 
 2039              	.LASF125:
 2040 0163 5F69646C 		.ascii	"_idle_thread_wa\000"
 2040      655F7468 
 2040      72656164 
 2040      5F776100 
 2041              	.LASF67:
 2042 0173 42464152 		.ascii	"BFAR\000"
 2042      00
 2043              	.LASF10:
 2044 0178 5F5F7569 		.ascii	"__uint32_t\000"
 2044      6E743332 
 2044      5F7400
 2045              	.LASF51:
 2046 0183 72656761 		.ascii	"regarm_t\000"
 2046      726D5F74 
 2046      00
 2047              	.LASF76:
 2048 018c 76745F70 		.ascii	"vt_prev\000"
 2048      72657600 
 2049              	.LASF119:
 2050 0194 63685379 		.ascii	"chSysInit\000"
 2050      73496E69 
 2050      7400
 2051              	.LASF129:
 2052 019e 5F686561 		.ascii	"_heap_init\000"
 2052      705F696E 
 2052      697400
 2053              	.LASF0:
 2054 01a9 756E7369 		.ascii	"unsigned int\000"
 2054      676E6564 
 2054      20696E74 
 2054      00
 2055              	.LASF135:
 2056 01b6 5F746872 		.ascii	"_thread_init\000"
 2056      6561645F 
 2056      696E6974 
 2056      00
 2057              	.LASF75:
 2058 01c3 76745F6E 		.ascii	"vt_next\000"
 2058      65787400 
 2059              	.LASF134:
 2060 01cb 2F484444 		.ascii	"/HDD/Projects/workspace_test4/Altimeter/\000"
 2060      2F50726F 
 2060      6A656374 
 2060      732F776F 
 2060      726B7370 
 2061              	.LASF124:
 2062 01f4 63685F64 		.ascii	"ch_debug\000"
 2062      65627567 
 2062      00
 2063              	.LASF104:
ARM GAS  /tmp/ccq26t09.s 			page 39


 2064 01fd 63685F74 		.ascii	"ch_timesize\000"
 2064      696D6573 
 2064      697A6500 
 2065              	.LASF73:
 2066 0209 76746675 		.ascii	"vtfunc_t\000"
 2066      6E635F74 
 2066      00
 2067              	.LASF59:
 2068 0212 56544F52 		.ascii	"VTOR\000"
 2068      00
 2069              	.LASF74:
 2070 0217 56697274 		.ascii	"VirtualTimer\000"
 2070      75616C54 
 2070      696D6572 
 2070      00
 2071              	.LASF54:
 2072 0224 636F6E74 		.ascii	"context\000"
 2072      65787400 
 2073              	.LASF7:
 2074 022c 73686F72 		.ascii	"short unsigned int\000"
 2074      7420756E 
 2074      7369676E 
 2074      65642069 
 2074      6E7400
 2075              	.LASF58:
 2076 023f 49435352 		.ascii	"ICSR\000"
 2076      00
 2077              	.LASF26:
 2078 0244 6D73675F 		.ascii	"msg_t\000"
 2078      7400
 2079              	.LASF60:
 2080 024a 41495243 		.ascii	"AIRCR\000"
 2080      5200
 2081              	.LASF65:
 2082 0250 44465352 		.ascii	"DFSR\000"
 2082      00
 2083              	.LASF85:
 2084 0255 725F6E65 		.ascii	"r_newer\000"
 2084      77657200 
 2085              	.LASF66:
 2086 025d 4D4D4641 		.ascii	"MMFAR\000"
 2086      5200
 2087              	.LASF132:
 2088 0263 474E5520 		.ascii	"GNU C 4.8.4 20140526 (release) [ARM/embedded-4_8-br"
 2088      4320342E 
 2088      382E3420 
 2088      32303134 
 2088      30353236 
 2089 0296 616E6368 		.ascii	"anch revision 211358] -mcpu=cortex-m0 -mno-thumb-in"
 2089      20726576 
 2089      6973696F 
 2089      6E203231 
 2089      31333538 
 2090 02c9 74657277 		.ascii	"terwork -mthumb -ggdb -O1 -fomit-frame-pointer -ffu"
 2090      6F726B20 
 2090      2D6D7468 
 2090      756D6220 
ARM GAS  /tmp/ccq26t09.s 			page 40


 2090      2D676764 
 2091 02fc 6E637469 		.ascii	"nction-sections -fdata-sections -fno-common\000"
 2091      6F6E2D73 
 2091      65637469 
 2091      6F6E7320 
 2091      2D666461 
 2092              	.LASF50:
 2093 0328 54687265 		.ascii	"ThreadsList\000"
 2093      6164734C 
 2093      69737400 
 2094              	.LASF27:
 2095 0334 6576656E 		.ascii	"eventmask_t\000"
 2095      746D6173 
 2095      6B5F7400 
 2096              	.LASF89:
 2097 0340 4D757465 		.ascii	"Mutex\000"
 2097      7800
 2098              	.LASF52:
 2099 0346 73746B61 		.ascii	"stkalign_t\000"
 2099      6C69676E 
 2099      5F7400
 2100              	.LASF131:
 2101 0351 63685468 		.ascii	"chThdCreateStatic\000"
 2101      64437265 
 2101      61746553 
 2101      74617469 
 2101      6300
 2102              	.LASF126:
 2103 0363 5F736368 		.ascii	"_scheduler_init\000"
 2103      6564756C 
 2103      65725F69 
 2103      6E697400 
 2104              	.LASF100:
 2105 0373 63685F7A 		.ascii	"ch_zero\000"
 2105      65726F00 
 2106              	.LASF114:
 2107 037b 63665F6F 		.ascii	"cf_off_refs\000"
 2107      66665F72 
 2107      65667300 
 2108              	.LASF77:
 2109 0387 76745F74 		.ascii	"vt_time\000"
 2109      696D6500 
 2110              	.LASF56:
 2111 038f 73697A65 		.ascii	"sizetype\000"
 2111      74797065 
 2111      00
 2112              	.LASF78:
 2113 0398 76745F66 		.ascii	"vt_func\000"
 2113      756E6300 
 2114              	.LASF63:
 2115 03a0 43465352 		.ascii	"CFSR\000"
 2115      00
 2116              	.LASF110:
 2117 03a5 63665F6F 		.ascii	"cf_off_name\000"
 2117      66665F6E 
 2117      616D6500 
 2118              	.LASF35:
ARM GAS  /tmp/ccq26t09.s 			page 41


 2119 03b1 705F6F6C 		.ascii	"p_older\000"
 2119      64657200 
 2120              	.LASF84:
 2121 03b9 725F6374 		.ascii	"r_ctx\000"
 2121      7800
 2122              	.LASF49:
 2123 03bf 54687265 		.ascii	"ThreadsQueue\000"
 2123      61647351 
 2123      75657565 
 2123      00
 2124              	.LASF101:
 2125 03cc 63685F73 		.ascii	"ch_size\000"
 2125      697A6500 
 2126              	.LASF99:
 2127 03d4 63685F69 		.ascii	"ch_identifier\000"
 2127      64656E74 
 2127      69666965 
 2127      7200
 2128              	.LASF87:
 2129 03e2 725F6375 		.ascii	"r_current\000"
 2129      7272656E 
 2129      7400
 2130              	.LASF86:
 2131 03ec 725F6F6C 		.ascii	"r_older\000"
 2131      64657200 
 2132              	.LASF118:
 2133 03f4 5F69646C 		.ascii	"_idle_thread\000"
 2133      655F7468 
 2133      72656164 
 2133      00
 2134              	.LASF13:
 2135 0401 5F5F7569 		.ascii	"__uint64_t\000"
 2135      6E743634 
 2135      5F7400
 2136              	.LASF23:
 2137 040c 74726566 		.ascii	"trefs_t\000"
 2137      735F7400 
 2138              	.LASF103:
 2139 0414 63685F70 		.ascii	"ch_ptrsize\000"
 2139      74727369 
 2139      7A6500
 2140              	.LASF31:
 2141 041f 705F7072 		.ascii	"p_prev\000"
 2141      657600
 2142              	.LASF25:
 2143 0426 74707269 		.ascii	"tprio_t\000"
 2143      6F5F7400 
 2144              	.LASF20:
 2145 042e 5F426F6F 		.ascii	"_Bool\000"
 2145      6C00
 2146              	.LASF17:
 2147 0434 696E7433 		.ascii	"int32_t\000"
 2147      325F7400 
 2148              	.LASF4:
 2149 043c 756E7369 		.ascii	"unsigned char\000"
 2149      676E6564 
 2149      20636861 
ARM GAS  /tmp/ccq26t09.s 			page 42


 2149      7200
 2150              	.LASF128:
 2151 044a 5F636F72 		.ascii	"_core_init\000"
 2151      655F696E 
 2151      697400
 2152              	.LASF62:
 2153 0455 53484353 		.ascii	"SHCSR\000"
 2153      5200
 2154              	.LASF46:
 2155 045b 705F6D74 		.ascii	"p_mtxlist\000"
 2155      786C6973 
 2155      7400
 2156              	.LASF5:
 2157 0465 73686F72 		.ascii	"short int\000"
 2157      7420696E 
 2157      7400
 2158              	.LASF37:
 2159 046f 705F7374 		.ascii	"p_state\000"
 2159      61746500 
 2160              	.LASF40:
 2161 0477 705F7072 		.ascii	"p_preempt\000"
 2161      65656D70 
 2161      7400
 2162              	.LASF116:
 2163 0481 63665F6F 		.ascii	"cf_off_time\000"
 2163      66665F74 
 2163      696D6500 
 2164              	.LASF130:
 2165 048d 6E766963 		.ascii	"nvicSetSystemHandlerPriority\000"
 2165      53657453 
 2165      79737465 
 2165      6D48616E 
 2165      646C6572 
 2166              	.LASF83:
 2167 04aa 725F7072 		.ascii	"r_prio\000"
 2167      696F00
 2168              	.LASF96:
 2169 04b1 65776D61 		.ascii	"ewmask\000"
 2169      736B00
 2170              	.LASF30:
 2171 04b8 705F6E65 		.ascii	"p_next\000"
 2171      787400
 2172              	.LASF21:
 2173 04bf 746D6F64 		.ascii	"tmode_t\000"
 2173      655F7400 
 2174              	.LASF115:
 2175 04c7 63665F6F 		.ascii	"cf_off_preempt\000"
 2175      66665F70 
 2175      7265656D 
 2175      707400
 2176              	.LASF38:
 2177 04d6 705F666C 		.ascii	"p_flags\000"
 2177      61677300 
 2178              	.LASF29:
 2179 04de 54687265 		.ascii	"Thread\000"
 2179      616400
 2180              	.LASF108:
ARM GAS  /tmp/ccq26t09.s 			page 43


 2181 04e5 63665F6F 		.ascii	"cf_off_newer\000"
 2181      66665F6E 
 2181      65776572 
 2181      00
 2182              	.LASF45:
 2183 04f2 705F6570 		.ascii	"p_epending\000"
 2183      656E6469 
 2183      6E6700
 2184              	.LASF18:
 2185 04fd 75696E74 		.ascii	"uint32_t\000"
 2185      33325F74 
 2185      00
 2186              	.LASF106:
 2187 0506 63665F6F 		.ascii	"cf_off_prio\000"
 2187      66665F70 
 2187      72696F00 
 2188              	.LASF82:
 2189 0512 725F7175 		.ascii	"r_queue\000"
 2189      65756500 
 2190              	.LASF68:
 2191 051a 41465352 		.ascii	"AFSR\000"
 2191      00
 2192              	.LASF70:
 2193 051f 756E7573 		.ascii	"unused1\000"
 2193      65643100 
 2194              	.LASF97:
 2195 0527 63686172 		.ascii	"char\000"
 2195      00
 2196              	.LASF55:
 2197 052c 494F5245 		.ascii	"IOREG32\000"
 2197      47333200 
 2198              	.LASF6:
 2199 0534 5F5F7569 		.ascii	"__uint16_t\000"
 2199      6E743136 
 2199      5F7400
 2200              	.LASF92:
 2201 053f 6D5F6E65 		.ascii	"m_next\000"
 2201      787400
 2202              	.LASF28:
 2203 0546 73797374 		.ascii	"systime_t\000"
 2203      696D655F 
 2203      7400
 2204              	.LASF47:
 2205 0550 705F7265 		.ascii	"p_realprio\000"
 2205      616C7072 
 2205      696F00
 2206              	.LASF8:
 2207 055b 5F5F696E 		.ascii	"__int32_t\000"
 2207      7433325F 
 2207      7400
 2208              	.LASF127:
 2209 0565 5F76745F 		.ascii	"_vt_init\000"
 2209      696E6974 
 2209      00
 2210              	.LASF41:
 2211 056e 705F7469 		.ascii	"p_time\000"
 2211      6D6500
ARM GAS  /tmp/ccq26t09.s 			page 44


 2212              	.LASF61:
 2213 0575 53485052 		.ascii	"SHPR\000"
 2213      00
 2214              	.LASF53:
 2215 057a 696E7463 		.ascii	"intctx\000"
 2215      747800
 2216              	.LASF43:
 2217 0581 705F6D73 		.ascii	"p_msgqueue\000"
 2217      67717565 
 2217      756500
 2218              	.LASF79:
 2219 058c 76745F70 		.ascii	"vt_par\000"
 2219      617200
 2220              	.LASF107:
 2221 0593 63665F6F 		.ascii	"cf_off_ctx\000"
 2221      66665F63 
 2221      747800
 2222              	.LASF39:
 2223 059e 705F7265 		.ascii	"p_refs\000"
 2223      667300
 2224              	.LASF88:
 2225 05a5 52656164 		.ascii	"ReadyList\000"
 2225      794C6973 
 2225      7400
 2226              	.LASF69:
 2227 05af 4D4D4652 		.ascii	"MMFR\000"
 2227      00
 2228              	.LASF123:
 2229 05b4 726C6973 		.ascii	"rlist\000"
 2229      7400
 2230              	.LASF15:
 2231 05ba 75696E74 		.ascii	"uint8_t\000"
 2231      385F7400 
 2232              	.LASF95:
 2233 05c2 77746F62 		.ascii	"wtobjp\000"
 2233      6A7000
 2234              	.LASF36:
 2235 05c9 705F6E61 		.ascii	"p_name\000"
 2235      6D6500
 2236              	.LASF102:
 2237 05d0 63685F76 		.ascii	"ch_version\000"
 2237      65727369 
 2237      6F6E00
 2238              	.LASF81:
 2239 05db 56544C69 		.ascii	"VTList\000"
 2239      737400
 2240              	.LASF71:
 2241 05e2 43504143 		.ascii	"CPACR\000"
 2241      5200
 2242              	.LASF64:
 2243 05e8 48465352 		.ascii	"HFSR\000"
 2243      00
 2244              	.LASF91:
 2245 05ed 6D5F6F77 		.ascii	"m_owner\000"
 2245      6E657200 
 2246              	.LASF113:
 2247 05f5 63665F6F 		.ascii	"cf_off_flags\000"
ARM GAS  /tmp/ccq26t09.s 			page 45


 2247      66665F66 
 2247      6C616773 
 2247      00
 2248              	.LASF33:
 2249 0602 705F6374 		.ascii	"p_ctx\000"
 2249      7800
 2250              	.LASF42:
 2251 0608 705F7761 		.ascii	"p_waiting\000"
 2251      6974696E 
 2251      6700
 2252              		.ident	"GCC: (GNU Tools for ARM Embedded Processors) 4.8.4 20140526 (release) [ARM/embedded-4_8-br
ARM GAS  /tmp/ccq26t09.s 			page 46


DEFINED SYMBOLS
                            *ABS*:00000000 chsys.c
     /tmp/ccq26t09.s:18     .text._idle_thread:00000000 $t
     /tmp/ccq26t09.s:23     .text._idle_thread:00000000 _idle_thread
     /tmp/ccq26t09.s:39     .text._idle_thread:0000000c $d
     /tmp/ccq26t09.s:45     .text.chSysInit:00000000 $t
     /tmp/ccq26t09.s:50     .text.chSysInit:00000000 chSysInit
     /tmp/ccq26t09.s:118    .text.chSysInit:00000058 $d
     /tmp/ccq26t09.s:129    .text.chSysTimerHandlerI:00000000 $t
     /tmp/ccq26t09.s:134    .text.chSysTimerHandlerI:00000000 chSysTimerHandlerI
     /tmp/ccq26t09.s:216    .text.chSysTimerHandlerI:00000054 $d
     /tmp/ccq26t09.s:238    .bss._idle_thread_wa:00000000 _idle_thread_wa
     /tmp/ccq26t09.s:223    .rodata.str1.4:00000000 $d
     /tmp/ccq26t09.s:227    .bss.mainthread.4795:00000000 $d
     /tmp/ccq26t09.s:231    .bss.mainthread.4795:00000000 mainthread.4795
     /tmp/ccq26t09.s:234    .bss._idle_thread_wa:00000000 $d
                     .debug_frame:00000010 $d

UNDEFINED SYMBOLS
rlist
nvicSetSystemHandlerPriority
_scheduler_init
_vt_init
_core_init
_heap_init
_thread_init
chThdCreateStatic
ch_debug
vtlist
