ARM GAS  /tmp/ccyxKCyu.s 			page 1


   1              		.cpu cortex-m0
   2              		.fpu softvfp
   3              		.eabi_attribute 20, 1
   4              		.eabi_attribute 21, 1
   5              		.eabi_attribute 23, 3
   6              		.eabi_attribute 24, 1
   7              		.eabi_attribute 25, 1
   8              		.eabi_attribute 26, 1
   9              		.eabi_attribute 30, 1
  10              		.eabi_attribute 34, 0
  11              		.eabi_attribute 18, 4
  12              		.code	16
  13              		.file	"Events.c"
  14              		.text
  15              	.Ltext0:
  16              		.cfi_sections	.debug_frame
  17              		.section	.text.USB_Event_Stub,"ax",%progbits
  18              		.align	2
  19              		.global	USB_Event_Stub
  20              		.code	16
  21              		.thumb_func
  22              		.type	USB_Event_Stub, %function
  23              	USB_Event_Stub:
  24              	.LFB9:
  25              		.file 1 "USBlib_11U14/Drivers/USB/Core/Events.c"
  26              		.loc 1 39 0
  27              		.cfi_startproc
  28              		.loc 1 41 0
  29              		@ sp needed
  30 0000 7047     		bx	lr
  31              		.cfi_endproc
  32              	.LFE9:
  33              		.size	USB_Event_Stub, .-USB_Event_Stub
  34              		.weak	EVENT_USB_Device_Connect
  35              		.thumb_set EVENT_USB_Device_Connect,USB_Event_Stub
  36              		.weak	EVENT_USB_Device_Disconnect
  37              		.thumb_set EVENT_USB_Device_Disconnect,USB_Event_Stub
  38              		.weak	EVENT_USB_Device_ControlRequest
  39              		.thumb_set EVENT_USB_Device_ControlRequest,USB_Event_Stub
  40              		.weak	EVENT_USB_Device_ConfigurationChanged
  41              		.thumb_set EVENT_USB_Device_ConfigurationChanged,USB_Event_Stub
  42              		.weak	EVENT_USB_Device_Suspend
  43              		.thumb_set EVENT_USB_Device_Suspend,USB_Event_Stub
  44              		.weak	EVENT_USB_Device_WakeUp
  45              		.thumb_set EVENT_USB_Device_WakeUp,USB_Event_Stub
  46              		.weak	EVENT_USB_Device_Reset
  47              		.thumb_set EVENT_USB_Device_Reset,USB_Event_Stub
  48              		.weak	EVENT_USB_Device_StartOfFrame
  49              		.thumb_set EVENT_USB_Device_StartOfFrame,USB_Event_Stub
  50 0002 C046     		.text
  51              	.Letext0:
  52              		.section	.debug_info,"",%progbits
  53              	.Ldebug_info0:
  54 0000 87000000 		.4byte	0x87
  55 0004 0400     		.2byte	0x4
  56 0006 00000000 		.4byte	.Ldebug_abbrev0
  57 000a 04       		.byte	0x4
ARM GAS  /tmp/ccyxKCyu.s 			page 2


  58 000b 01       		.uleb128 0x1
  59 000c 2D000000 		.4byte	.LASF11
  60 0010 01       		.byte	0x1
  61 0011 34010000 		.4byte	.LASF12
  62 0015 7A010000 		.4byte	.LASF13
  63 0019 00000000 		.4byte	.Ldebug_ranges0+0
  64 001d 00000000 		.4byte	0
  65 0021 00000000 		.4byte	.Ldebug_line0
  66 0025 02       		.uleb128 0x2
  67 0026 01       		.byte	0x1
  68 0027 06       		.byte	0x6
  69 0028 6E010000 		.4byte	.LASF0
  70 002c 02       		.uleb128 0x2
  71 002d 01       		.byte	0x1
  72 002e 08       		.byte	0x8
  73 002f 09010000 		.4byte	.LASF1
  74 0033 02       		.uleb128 0x2
  75 0034 02       		.byte	0x2
  76 0035 05       		.byte	0x5
  77 0036 99010000 		.4byte	.LASF2
  78 003a 02       		.uleb128 0x2
  79 003b 02       		.byte	0x2
  80 003c 07       		.byte	0x7
  81 003d 5B010000 		.4byte	.LASF3
  82 0041 02       		.uleb128 0x2
  83 0042 04       		.byte	0x4
  84 0043 05       		.byte	0x5
  85 0044 2B010000 		.4byte	.LASF4
  86 0048 02       		.uleb128 0x2
  87 0049 04       		.byte	0x4
  88 004a 07       		.byte	0x7
  89 004b 1B000000 		.4byte	.LASF5
  90 004f 02       		.uleb128 0x2
  91 0050 08       		.byte	0x8
  92 0051 05       		.byte	0x5
  93 0052 00000000 		.4byte	.LASF6
  94 0056 02       		.uleb128 0x2
  95 0057 08       		.byte	0x8
  96 0058 07       		.byte	0x7
  97 0059 F2000000 		.4byte	.LASF7
  98 005d 03       		.uleb128 0x3
  99 005e 04       		.byte	0x4
 100 005f 05       		.byte	0x5
 101 0060 696E7400 		.ascii	"int\000"
 102 0064 02       		.uleb128 0x2
 103 0065 04       		.byte	0x4
 104 0066 07       		.byte	0x7
 105 0067 0E000000 		.4byte	.LASF8
 106 006b 02       		.uleb128 0x2
 107 006c 04       		.byte	0x4
 108 006d 07       		.byte	0x7
 109 006e A3010000 		.4byte	.LASF9
 110 0072 02       		.uleb128 0x2
 111 0073 01       		.byte	0x1
 112 0074 08       		.byte	0x8
 113 0075 17010000 		.4byte	.LASF10
 114 0079 04       		.uleb128 0x4
ARM GAS  /tmp/ccyxKCyu.s 			page 3


 115 007a 1C010000 		.4byte	.LASF14
 116 007e 01       		.byte	0x1
 117 007f 26       		.byte	0x26
 118 0080 00000000 		.4byte	.LFB9
 119 0084 02000000 		.4byte	.LFE9-.LFB9
 120 0088 01       		.uleb128 0x1
 121 0089 9C       		.byte	0x9c
 122 008a 00       		.byte	0
 123              		.section	.debug_abbrev,"",%progbits
 124              	.Ldebug_abbrev0:
 125 0000 01       		.uleb128 0x1
 126 0001 11       		.uleb128 0x11
 127 0002 01       		.byte	0x1
 128 0003 25       		.uleb128 0x25
 129 0004 0E       		.uleb128 0xe
 130 0005 13       		.uleb128 0x13
 131 0006 0B       		.uleb128 0xb
 132 0007 03       		.uleb128 0x3
 133 0008 0E       		.uleb128 0xe
 134 0009 1B       		.uleb128 0x1b
 135 000a 0E       		.uleb128 0xe
 136 000b 55       		.uleb128 0x55
 137 000c 17       		.uleb128 0x17
 138 000d 11       		.uleb128 0x11
 139 000e 01       		.uleb128 0x1
 140 000f 10       		.uleb128 0x10
 141 0010 17       		.uleb128 0x17
 142 0011 00       		.byte	0
 143 0012 00       		.byte	0
 144 0013 02       		.uleb128 0x2
 145 0014 24       		.uleb128 0x24
 146 0015 00       		.byte	0
 147 0016 0B       		.uleb128 0xb
 148 0017 0B       		.uleb128 0xb
 149 0018 3E       		.uleb128 0x3e
 150 0019 0B       		.uleb128 0xb
 151 001a 03       		.uleb128 0x3
 152 001b 0E       		.uleb128 0xe
 153 001c 00       		.byte	0
 154 001d 00       		.byte	0
 155 001e 03       		.uleb128 0x3
 156 001f 24       		.uleb128 0x24
 157 0020 00       		.byte	0
 158 0021 0B       		.uleb128 0xb
 159 0022 0B       		.uleb128 0xb
 160 0023 3E       		.uleb128 0x3e
 161 0024 0B       		.uleb128 0xb
 162 0025 03       		.uleb128 0x3
 163 0026 08       		.uleb128 0x8
 164 0027 00       		.byte	0
 165 0028 00       		.byte	0
 166 0029 04       		.uleb128 0x4
 167 002a 2E       		.uleb128 0x2e
 168 002b 00       		.byte	0
 169 002c 3F       		.uleb128 0x3f
 170 002d 19       		.uleb128 0x19
 171 002e 03       		.uleb128 0x3
ARM GAS  /tmp/ccyxKCyu.s 			page 4


 172 002f 0E       		.uleb128 0xe
 173 0030 3A       		.uleb128 0x3a
 174 0031 0B       		.uleb128 0xb
 175 0032 3B       		.uleb128 0x3b
 176 0033 0B       		.uleb128 0xb
 177 0034 27       		.uleb128 0x27
 178 0035 19       		.uleb128 0x19
 179 0036 11       		.uleb128 0x11
 180 0037 01       		.uleb128 0x1
 181 0038 12       		.uleb128 0x12
 182 0039 06       		.uleb128 0x6
 183 003a 40       		.uleb128 0x40
 184 003b 18       		.uleb128 0x18
 185 003c 9742     		.uleb128 0x2117
 186 003e 19       		.uleb128 0x19
 187 003f 00       		.byte	0
 188 0040 00       		.byte	0
 189 0041 00       		.byte	0
 190              		.section	.debug_aranges,"",%progbits
 191 0000 1C000000 		.4byte	0x1c
 192 0004 0200     		.2byte	0x2
 193 0006 00000000 		.4byte	.Ldebug_info0
 194 000a 04       		.byte	0x4
 195 000b 00       		.byte	0
 196 000c 0000     		.2byte	0
 197 000e 0000     		.2byte	0
 198 0010 00000000 		.4byte	.LFB9
 199 0014 02000000 		.4byte	.LFE9-.LFB9
 200 0018 00000000 		.4byte	0
 201 001c 00000000 		.4byte	0
 202              		.section	.debug_ranges,"",%progbits
 203              	.Ldebug_ranges0:
 204 0000 00000000 		.4byte	.LFB9
 205 0004 02000000 		.4byte	.LFE9
 206 0008 00000000 		.4byte	0
 207 000c 00000000 		.4byte	0
 208              		.section	.debug_line,"",%progbits
 209              	.Ldebug_line0:
 210 0000 53000000 		.section	.debug_str,"MS",%progbits,1
 210      02003D00 
 210      00000201 
 210      FB0E0D00 
 210      01010101 
 211              	.LASF6:
 212 0000 6C6F6E67 		.ascii	"long long int\000"
 212      206C6F6E 
 212      6720696E 
 212      7400
 213              	.LASF8:
 214 000e 756E7369 		.ascii	"unsigned int\000"
 214      676E6564 
 214      20696E74 
 214      00
 215              	.LASF5:
 216 001b 6C6F6E67 		.ascii	"long unsigned int\000"
 216      20756E73 
 216      69676E65 
ARM GAS  /tmp/ccyxKCyu.s 			page 5


 216      6420696E 
 216      7400
 217              	.LASF11:
 218 002d 474E5520 		.ascii	"GNU C 4.8.4 20140526 (release) [ARM/embedded-4_8-br"
 218      4320342E 
 218      382E3420 
 218      32303134 
 218      30353236 
 219 0060 616E6368 		.ascii	"anch revision 211358] -mcpu=cortex-m0 -mno-thumb-in"
 219      20726576 
 219      6973696F 
 219      6E203231 
 219      31333538 
 220 0093 74657277 		.ascii	"terwork -mthumb -ggdb -O1 -fomit-frame-pointer -ffu"
 220      6F726B20 
 220      2D6D7468 
 220      756D6220 
 220      2D676764 
 221 00c6 6E637469 		.ascii	"nction-sections -fdata-sections -fno-common\000"
 221      6F6E2D73 
 221      65637469 
 221      6F6E7320 
 221      2D666461 
 222              	.LASF7:
 223 00f2 6C6F6E67 		.ascii	"long long unsigned int\000"
 223      206C6F6E 
 223      6720756E 
 223      7369676E 
 223      65642069 
 224              	.LASF1:
 225 0109 756E7369 		.ascii	"unsigned char\000"
 225      676E6564 
 225      20636861 
 225      7200
 226              	.LASF10:
 227 0117 63686172 		.ascii	"char\000"
 227      00
 228              	.LASF14:
 229 011c 5553425F 		.ascii	"USB_Event_Stub\000"
 229      4576656E 
 229      745F5374 
 229      756200
 230              	.LASF4:
 231 012b 6C6F6E67 		.ascii	"long int\000"
 231      20696E74 
 231      00
 232              	.LASF12:
 233 0134 5553426C 		.ascii	"USBlib_11U14/Drivers/USB/Core/Events.c\000"
 233      69625F31 
 233      31553134 
 233      2F447269 
 233      76657273 
 234              	.LASF3:
 235 015b 73686F72 		.ascii	"short unsigned int\000"
 235      7420756E 
 235      7369676E 
 235      65642069 
ARM GAS  /tmp/ccyxKCyu.s 			page 6


 235      6E7400
 236              	.LASF0:
 237 016e 7369676E 		.ascii	"signed char\000"
 237      65642063 
 237      68617200 
 238              	.LASF13:
 239 017a 2F484444 		.ascii	"/HDD/GIT/variometer/Altimeter/\000"
 239      2F474954 
 239      2F766172 
 239      696F6D65 
 239      7465722F 
 240              	.LASF2:
 241 0199 73686F72 		.ascii	"short int\000"
 241      7420696E 
 241      7400
 242              	.LASF9:
 243 01a3 73697A65 		.ascii	"sizetype\000"
 243      74797065 
 243      00
 244              		.ident	"GCC: (GNU Tools for ARM Embedded Processors) 4.8.4 20140526 (release) [ARM/embedded-4_8-br
ARM GAS  /tmp/ccyxKCyu.s 			page 7


DEFINED SYMBOLS
                            *ABS*:00000000 Events.c
     /tmp/ccyxKCyu.s:18     .text.USB_Event_Stub:00000000 $t
     /tmp/ccyxKCyu.s:23     .text.USB_Event_Stub:00000000 USB_Event_Stub
     /tmp/ccyxKCyu.s:23     .text.USB_Event_Stub:00000000 EVENT_USB_Device_Connect
     /tmp/ccyxKCyu.s:23     .text.USB_Event_Stub:00000000 EVENT_USB_Device_Disconnect
     /tmp/ccyxKCyu.s:23     .text.USB_Event_Stub:00000000 EVENT_USB_Device_ControlRequest
     /tmp/ccyxKCyu.s:23     .text.USB_Event_Stub:00000000 EVENT_USB_Device_ConfigurationChanged
     /tmp/ccyxKCyu.s:23     .text.USB_Event_Stub:00000000 EVENT_USB_Device_Suspend
     /tmp/ccyxKCyu.s:23     .text.USB_Event_Stub:00000000 EVENT_USB_Device_WakeUp
     /tmp/ccyxKCyu.s:23     .text.USB_Event_Stub:00000000 EVENT_USB_Device_Reset
     /tmp/ccyxKCyu.s:23     .text.USB_Event_Stub:00000000 EVENT_USB_Device_StartOfFrame
                     .debug_frame:00000010 $d

NO UNDEFINED SYMBOLS
