ARM GAS  /tmp/cc0OvZ93.s 			page 1


   1              		.cpu cortex-m0
   2              		.fpu softvfp
   3              		.eabi_attribute 20, 1
   4              		.eabi_attribute 21, 1
   5              		.eabi_attribute 23, 3
   6              		.eabi_attribute 24, 1
   7              		.eabi_attribute 25, 1
   8              		.eabi_attribute 26, 1
   9              		.eabi_attribute 30, 1
  10              		.eabi_attribute 34, 0
  11              		.eabi_attribute 18, 4
  12              		.code	16
  13              		.file	"evtimer.c"
  14              		.text
  15              	.Ltext0:
  16              		.cfi_sections	.debug_frame
  17              		.section	.text.tmrcb,"ax",%progbits
  18              		.align	2
  19              		.code	16
  20              		.thumb_func
  21              		.type	tmrcb, %function
  22              	tmrcb:
  23              	.LFB7:
  24              		.file 1 "ChibiOS_2.6.5/os/various/evtimer.c"
  25              		.loc 1 28 0
  26              		.cfi_startproc
  27              	.LVL0:
  28 0000 10B5     		push	{r4, lr}
  29              		.cfi_def_cfa_offset 8
  30              		.cfi_offset 4, -8
  31              		.cfi_offset 14, -4
  32 0002 041C     		mov	r4, r0
  33              	.LVL1:
  34              		.loc 1 31 0
  35              	@ 31 "ChibiOS_2.6.5/os/various/evtimer.c" 1
  36 0004 72B6     		cpsid   i
  37              	@ 0 "" 2
  38              		.loc 1 32 0
  39              		.code	16
  40 0006 1430     		add	r0, r0, #20
  41              	.LVL2:
  42 0008 0021     		mov	r1, #0
  43 000a FFF7FEFF 		bl	chEvtBroadcastFlagsI
  44              	.LVL3:
  45              		.loc 1 33 0
  46 000e 201C     		mov	r0, r4
  47 0010 A169     		ldr	r1, [r4, #24]
  48 0012 034A     		ldr	r2, .L2
  49 0014 231C     		mov	r3, r4
  50 0016 FFF7FEFF 		bl	chVTSetI
  51              	.LVL4:
  52              		.loc 1 34 0
  53              	@ 34 "ChibiOS_2.6.5/os/various/evtimer.c" 1
  54 001a 62B6     		cpsie   i
  55              	@ 0 "" 2
  56              		.loc 1 35 0
  57              		.code	16
ARM GAS  /tmp/cc0OvZ93.s 			page 2


  58              		@ sp needed
  59              	.LVL5:
  60 001c 10BD     		pop	{r4, pc}
  61              	.L3:
  62 001e C046     		.align	2
  63              	.L2:
  64 0020 00000000 		.word	tmrcb
  65              		.cfi_endproc
  66              	.LFE7:
  67              		.size	tmrcb, .-tmrcb
  68              		.section	.text.evtStart,"ax",%progbits
  69              		.align	2
  70              		.global	evtStart
  71              		.code	16
  72              		.thumb_func
  73              		.type	evtStart, %function
  74              	evtStart:
  75              	.LFB8:
  76              		.loc 1 43 0
  77              		.cfi_startproc
  78              	.LVL6:
  79 0000 08B5     		push	{r3, lr}
  80              		.cfi_def_cfa_offset 8
  81              		.cfi_offset 3, -8
  82              		.cfi_offset 14, -4
  83 0002 031C     		mov	r3, r0
  84              		.loc 1 45 0
  85              	@ 45 "ChibiOS_2.6.5/os/various/evtimer.c" 1
  86 0004 72B6     		cpsid   i
  87              	@ 0 "" 2
  88              		.loc 1 47 0
  89              		.code	16
  90 0006 C268     		ldr	r2, [r0, #12]
  91 0008 002A     		cmp	r2, #0
  92 000a 03D1     		bne	.L5
  93              		.loc 1 48 0
  94 000c 9969     		ldr	r1, [r3, #24]
  95 000e 024A     		ldr	r2, .L6
  96 0010 FFF7FEFF 		bl	chVTSetI
  97              	.LVL7:
  98              	.L5:
  99              		.loc 1 50 0
 100              	@ 50 "ChibiOS_2.6.5/os/various/evtimer.c" 1
 101 0014 62B6     		cpsie   i
 102              	@ 0 "" 2
 103              		.loc 1 51 0
 104              		.code	16
 105              		@ sp needed
 106 0016 08BD     		pop	{r3, pc}
 107              	.L7:
 108              		.align	2
 109              	.L6:
 110 0018 00000000 		.word	tmrcb
 111              		.cfi_endproc
 112              	.LFE8:
 113              		.size	evtStart, .-evtStart
 114              		.section	.text.evtStop,"ax",%progbits
ARM GAS  /tmp/cc0OvZ93.s 			page 3


 115              		.align	2
 116              		.global	evtStop
 117              		.code	16
 118              		.thumb_func
 119              		.type	evtStop, %function
 120              	evtStop:
 121              	.LFB9:
 122              		.loc 1 59 0
 123              		.cfi_startproc
 124              	.LVL8:
 125 0000 08B5     		push	{r3, lr}
 126              		.cfi_def_cfa_offset 8
 127              		.cfi_offset 3, -8
 128              		.cfi_offset 14, -4
 129              		.loc 1 61 0
 130              	@ 61 "ChibiOS_2.6.5/os/various/evtimer.c" 1
 131 0002 72B6     		cpsid   i
 132              	@ 0 "" 2
 133              		.code	16
 134 0004 C368     		ldr	r3, [r0, #12]
 135 0006 002B     		cmp	r3, #0
 136 0008 01D0     		beq	.L9
 137              		.loc 1 61 0 is_stmt 0 discriminator 1
 138 000a FFF7FEFF 		bl	chVTResetI
 139              	.LVL9:
 140              	.L9:
 141              		.loc 1 61 0 discriminator 2
 142              	@ 61 "ChibiOS_2.6.5/os/various/evtimer.c" 1
 143 000e 62B6     		cpsie   i
 144              	@ 0 "" 2
 145              		.loc 1 62 0 is_stmt 1 discriminator 2
 146              		.code	16
 147              		@ sp needed
 148 0010 08BD     		pop	{r3, pc}
 149              		.cfi_endproc
 150              	.LFE9:
 151              		.size	evtStop, .-evtStop
 152 0012 C046     		.text
 153              	.Letext0:
 154              		.file 2 "/usr/local/lpcxpresso_7.3.0_186/lpcxpresso/tools/arm-none-eabi/include/machine/_default_t
 155              		.file 3 "/usr/local/lpcxpresso_7.3.0_186/lpcxpresso/tools/arm-none-eabi/include/stdint.h"
 156              		.file 4 "ChibiOS_2.6.5/os/ports/GCC/ARMCMx/chtypes.h"
 157              		.file 5 "ChibiOS_2.6.5/os/kernel/include/chlists.h"
 158              		.file 6 "ChibiOS_2.6.5/os/kernel/include/chthreads.h"
 159              		.file 7 "ChibiOS_2.6.5/os/ports/GCC/ARMCMx/chcore_v6m.h"
 160              		.file 8 "ChibiOS_2.6.5/os/kernel/include/chvt.h"
 161              		.file 9 "ChibiOS_2.6.5/os/kernel/include/chmtx.h"
 162              		.file 10 "ChibiOS_2.6.5/os/kernel/include/chevents.h"
 163              		.file 11 "ChibiOS_2.6.5/os/various/evtimer.h"
 164              		.section	.debug_info,"",%progbits
 165              	.Ldebug_info0:
 166 0000 FC050000 		.4byte	0x5fc
 167 0004 0400     		.2byte	0x4
 168 0006 00000000 		.4byte	.Ldebug_abbrev0
 169 000a 04       		.byte	0x4
 170 000b 01       		.uleb128 0x1
 171 000c 3F010000 		.4byte	.LASF82
ARM GAS  /tmp/cc0OvZ93.s 			page 4


 172 0010 01       		.byte	0x1
 173 0011 B9030000 		.4byte	.LASF83
 174 0015 66030000 		.4byte	.LASF84
 175 0019 00000000 		.4byte	.Ldebug_ranges0+0
 176 001d 00000000 		.4byte	0
 177 0021 00000000 		.4byte	.Ldebug_line0
 178 0025 02       		.uleb128 0x2
 179 0026 04       		.byte	0x4
 180 0027 05       		.byte	0x5
 181 0028 696E7400 		.ascii	"int\000"
 182 002c 03       		.uleb128 0x3
 183 002d 04       		.byte	0x4
 184 002e 07       		.byte	0x7
 185 002f E6000000 		.4byte	.LASF0
 186 0033 03       		.uleb128 0x3
 187 0034 01       		.byte	0x1
 188 0035 06       		.byte	0x6
 189 0036 61000000 		.4byte	.LASF1
 190 003a 04       		.uleb128 0x4
 191 003b 19000000 		.4byte	.LASF5
 192 003f 02       		.byte	0x2
 193 0040 1C       		.byte	0x1c
 194 0041 45000000 		.4byte	0x45
 195 0045 03       		.uleb128 0x3
 196 0046 01       		.byte	0x1
 197 0047 08       		.byte	0x8
 198 0048 8C020000 		.4byte	.LASF2
 199 004c 03       		.uleb128 0x3
 200 004d 02       		.byte	0x2
 201 004e 05       		.byte	0x5
 202 004f B9020000 		.4byte	.LASF3
 203 0053 03       		.uleb128 0x3
 204 0054 02       		.byte	0x2
 205 0055 07       		.byte	0x7
 206 0056 1E010000 		.4byte	.LASF4
 207 005a 04       		.uleb128 0x4
 208 005b 4D030000 		.4byte	.LASF6
 209 005f 02       		.byte	0x2
 210 0060 37       		.byte	0x37
 211 0061 65000000 		.4byte	0x65
 212 0065 03       		.uleb128 0x3
 213 0066 04       		.byte	0x4
 214 0067 05       		.byte	0x5
 215 0068 8F000000 		.4byte	.LASF7
 216 006c 04       		.uleb128 0x4
 217 006d BE000000 		.4byte	.LASF8
 218 0071 02       		.byte	0x2
 219 0072 38       		.byte	0x38
 220 0073 77000000 		.4byte	0x77
 221 0077 03       		.uleb128 0x3
 222 0078 04       		.byte	0x4
 223 0079 07       		.byte	0x7
 224 007a FB000000 		.4byte	.LASF9
 225 007e 03       		.uleb128 0x3
 226 007f 08       		.byte	0x8
 227 0080 05       		.byte	0x5
 228 0081 53000000 		.4byte	.LASF10
ARM GAS  /tmp/cc0OvZ93.s 			page 5


 229 0085 03       		.uleb128 0x3
 230 0086 08       		.byte	0x8
 231 0087 07       		.byte	0x7
 232 0088 23000000 		.4byte	.LASF11
 233 008c 04       		.uleb128 0x4
 234 008d B1030000 		.4byte	.LASF12
 235 0091 03       		.byte	0x3
 236 0092 2A       		.byte	0x2a
 237 0093 3A000000 		.4byte	0x3a
 238 0097 04       		.uleb128 0x4
 239 0098 84020000 		.4byte	.LASF13
 240 009c 03       		.byte	0x3
 241 009d 41       		.byte	0x41
 242 009e 5A000000 		.4byte	0x5a
 243 00a2 04       		.uleb128 0x4
 244 00a3 10030000 		.4byte	.LASF14
 245 00a7 03       		.byte	0x3
 246 00a8 42       		.byte	0x42
 247 00a9 6C000000 		.4byte	0x6c
 248 00ad 03       		.uleb128 0x3
 249 00ae 01       		.byte	0x1
 250 00af 02       		.byte	0x2
 251 00b0 7E020000 		.4byte	.LASF15
 252 00b4 04       		.uleb128 0x4
 253 00b5 E3020000 		.4byte	.LASF16
 254 00b9 04       		.byte	0x4
 255 00ba 2C       		.byte	0x2c
 256 00bb 8C000000 		.4byte	0x8c
 257 00bf 04       		.uleb128 0x4
 258 00c0 98000000 		.4byte	.LASF17
 259 00c4 04       		.byte	0x4
 260 00c5 2D       		.byte	0x2d
 261 00c6 8C000000 		.4byte	0x8c
 262 00ca 04       		.uleb128 0x4
 263 00cb 67020000 		.4byte	.LASF18
 264 00cf 04       		.byte	0x4
 265 00d0 2E       		.byte	0x2e
 266 00d1 8C000000 		.4byte	0x8c
 267 00d5 04       		.uleb128 0x4
 268 00d6 85000000 		.4byte	.LASF19
 269 00da 04       		.byte	0x4
 270 00db 2F       		.byte	0x2f
 271 00dc 8C000000 		.4byte	0x8c
 272 00e0 04       		.uleb128 0x4
 273 00e1 76020000 		.4byte	.LASF20
 274 00e5 04       		.byte	0x4
 275 00e6 30       		.byte	0x30
 276 00e7 A2000000 		.4byte	0xa2
 277 00eb 04       		.uleb128 0x4
 278 00ec 31010000 		.4byte	.LASF21
 279 00f0 04       		.byte	0x4
 280 00f1 31       		.byte	0x31
 281 00f2 97000000 		.4byte	0x97
 282 00f6 04       		.uleb128 0x4
 283 00f7 10020000 		.4byte	.LASF22
 284 00fb 04       		.byte	0x4
 285 00fc 33       		.byte	0x33
ARM GAS  /tmp/cc0OvZ93.s 			page 6


 286 00fd A2000000 		.4byte	0xa2
 287 0101 04       		.uleb128 0x4
 288 0102 9E030000 		.4byte	.LASF23
 289 0106 04       		.byte	0x4
 290 0107 34       		.byte	0x34
 291 0108 A2000000 		.4byte	0xa2
 292 010c 04       		.uleb128 0x4
 293 010d 38030000 		.4byte	.LASF24
 294 0111 04       		.byte	0x4
 295 0112 35       		.byte	0x35
 296 0113 A2000000 		.4byte	0xa2
 297 0117 04       		.uleb128 0x4
 298 0118 F3020000 		.4byte	.LASF25
 299 011c 05       		.byte	0x5
 300 011d 2A       		.byte	0x2a
 301 011e 22010000 		.4byte	0x122
 302 0122 05       		.uleb128 0x5
 303 0123 F3020000 		.4byte	.LASF25
 304 0127 48       		.byte	0x48
 305 0128 06       		.byte	0x6
 306 0129 5E       		.byte	0x5e
 307 012a 1F020000 		.4byte	0x21f
 308 012e 06       		.uleb128 0x6
 309 012f DC020000 		.4byte	.LASF26
 310 0133 06       		.byte	0x6
 311 0134 5F       		.byte	0x5f
 312 0135 40020000 		.4byte	0x240
 313 0139 00       		.byte	0
 314 013a 06       		.uleb128 0x6
 315 013b 6F020000 		.4byte	.LASF27
 316 013f 06       		.byte	0x6
 317 0140 61       		.byte	0x61
 318 0141 40020000 		.4byte	0x240
 319 0145 04       		.byte	0x4
 320 0146 06       		.uleb128 0x6
 321 0147 4C000000 		.4byte	.LASF28
 322 014b 06       		.byte	0x6
 323 014c 63       		.byte	0x63
 324 014d E0000000 		.4byte	0xe0
 325 0151 08       		.byte	0x8
 326 0152 06       		.uleb128 0x6
 327 0153 0E040000 		.4byte	.LASF29
 328 0157 06       		.byte	0x6
 329 0158 64       		.byte	0x64
 330 0159 F0020000 		.4byte	0x2f0
 331 015d 0C       		.byte	0xc
 332 015e 06       		.uleb128 0x6
 333 015f B6000000 		.4byte	.LASF30
 334 0163 06       		.byte	0x6
 335 0164 66       		.byte	0x66
 336 0165 40020000 		.4byte	0x240
 337 0169 10       		.byte	0x10
 338 016a 06       		.uleb128 0x6
 339 016b 4A020000 		.4byte	.LASF31
 340 016f 06       		.byte	0x6
 341 0170 67       		.byte	0x67
 342 0171 40020000 		.4byte	0x240
ARM GAS  /tmp/cc0OvZ93.s 			page 7


 343 0175 14       		.byte	0x14
 344 0176 06       		.uleb128 0x6
 345 0177 F1030000 		.4byte	.LASF32
 346 017b 06       		.byte	0x6
 347 017c 6E       		.byte	0x6e
 348 017d 7A040000 		.4byte	0x47a
 349 0181 18       		.byte	0x18
 350 0182 06       		.uleb128 0x6
 351 0183 C3020000 		.4byte	.LASF33
 352 0187 06       		.byte	0x6
 353 0188 79       		.byte	0x79
 354 0189 BF000000 		.4byte	0xbf
 355 018d 1C       		.byte	0x1c
 356 018e 06       		.uleb128 0x6
 357 018f EB020000 		.4byte	.LASF34
 358 0193 06       		.byte	0x6
 359 0194 7D       		.byte	0x7d
 360 0195 B4000000 		.4byte	0xb4
 361 0199 1D       		.byte	0x1d
 362 019a 06       		.uleb128 0x6
 363 019b AA030000 		.4byte	.LASF35
 364 019f 06       		.byte	0x6
 365 01a0 82       		.byte	0x82
 366 01a1 CA000000 		.4byte	0xca
 367 01a5 1E       		.byte	0x1e
 368 01a6 06       		.uleb128 0x6
 369 01a7 CB020000 		.4byte	.LASF36
 370 01ab 06       		.byte	0x6
 371 01ac 88       		.byte	0x88
 372 01ad D5000000 		.4byte	0xd5
 373 01b1 1F       		.byte	0x1f
 374 01b2 06       		.uleb128 0x6
 375 01b3 5F030000 		.4byte	.LASF37
 376 01b7 06       		.byte	0x6
 377 01b8 8F       		.byte	0x8f
 378 01b9 8C030000 		.4byte	0x38c
 379 01bd 20       		.byte	0x20
 380 01be 07       		.uleb128 0x7
 381 01bf 705F7500 		.ascii	"p_u\000"
 382 01c3 06       		.byte	0x6
 383 01c4 B4       		.byte	0xb4
 384 01c5 45040000 		.4byte	0x445
 385 01c9 24       		.byte	0x24
 386 01ca 06       		.uleb128 0x6
 387 01cb 14040000 		.4byte	.LASF38
 388 01cf 06       		.byte	0x6
 389 01d0 B9       		.byte	0xb9
 390 01d1 66020000 		.4byte	0x266
 391 01d5 28       		.byte	0x28
 392 01d6 06       		.uleb128 0x6
 393 01d7 8C030000 		.4byte	.LASF39
 394 01db 06       		.byte	0x6
 395 01dc BF       		.byte	0xbf
 396 01dd 46020000 		.4byte	0x246
 397 01e1 2C       		.byte	0x2c
 398 01e2 06       		.uleb128 0x6
 399 01e3 0C000000 		.4byte	.LASF40
ARM GAS  /tmp/cc0OvZ93.s 			page 8


 400 01e7 06       		.byte	0x6
 401 01e8 C3       		.byte	0xc3
 402 01e9 EB000000 		.4byte	0xeb
 403 01ed 34       		.byte	0x34
 404 01ee 06       		.uleb128 0x6
 405 01ef 05030000 		.4byte	.LASF41
 406 01f3 06       		.byte	0x6
 407 01f4 C9       		.byte	0xc9
 408 01f5 F6000000 		.4byte	0xf6
 409 01f9 38       		.byte	0x38
 410 01fa 06       		.uleb128 0x6
 411 01fb AF020000 		.4byte	.LASF42
 412 01ff 06       		.byte	0x6
 413 0200 D0       		.byte	0xd0
 414 0201 8C040000 		.4byte	0x48c
 415 0205 3C       		.byte	0x3c
 416 0206 06       		.uleb128 0x6
 417 0207 42030000 		.4byte	.LASF43
 418 020b 06       		.byte	0x6
 419 020c D4       		.byte	0xd4
 420 020d E0000000 		.4byte	0xe0
 421 0211 40       		.byte	0x40
 422 0212 06       		.uleb128 0x6
 423 0213 75000000 		.4byte	.LASF44
 424 0217 06       		.byte	0x6
 425 0218 DA       		.byte	0xda
 426 0219 7C020000 		.4byte	0x27c
 427 021d 44       		.byte	0x44
 428 021e 00       		.byte	0
 429 021f 08       		.uleb128 0x8
 430 0220 08       		.byte	0x8
 431 0221 05       		.byte	0x5
 432 0222 61       		.byte	0x61
 433 0223 40020000 		.4byte	0x240
 434 0227 06       		.uleb128 0x6
 435 0228 DC020000 		.4byte	.LASF26
 436 022c 05       		.byte	0x5
 437 022d 62       		.byte	0x62
 438 022e 40020000 		.4byte	0x240
 439 0232 00       		.byte	0
 440 0233 06       		.uleb128 0x6
 441 0234 6F020000 		.4byte	.LASF27
 442 0238 05       		.byte	0x5
 443 0239 64       		.byte	0x64
 444 023a 40020000 		.4byte	0x240
 445 023e 04       		.byte	0x4
 446 023f 00       		.byte	0
 447 0240 09       		.uleb128 0x9
 448 0241 04       		.byte	0x4
 449 0242 17010000 		.4byte	0x117
 450 0246 04       		.uleb128 0x4
 451 0247 52020000 		.4byte	.LASF45
 452 024b 05       		.byte	0x5
 453 024c 66       		.byte	0x66
 454 024d 1F020000 		.4byte	0x21f
 455 0251 08       		.uleb128 0x8
 456 0252 04       		.byte	0x4
ARM GAS  /tmp/cc0OvZ93.s 			page 9


 457 0253 05       		.byte	0x5
 458 0254 6B       		.byte	0x6b
 459 0255 66020000 		.4byte	0x266
 460 0259 06       		.uleb128 0x6
 461 025a DC020000 		.4byte	.LASF26
 462 025e 05       		.byte	0x5
 463 025f 6D       		.byte	0x6d
 464 0260 40020000 		.4byte	0x240
 465 0264 00       		.byte	0
 466 0265 00       		.byte	0
 467 0266 04       		.uleb128 0x4
 468 0267 04020000 		.4byte	.LASF46
 469 026b 05       		.byte	0x5
 470 026c 70       		.byte	0x70
 471 026d 51020000 		.4byte	0x251
 472 0271 04       		.uleb128 0x4
 473 0272 C9000000 		.4byte	.LASF47
 474 0276 07       		.byte	0x7
 475 0277 A7       		.byte	0xa7
 476 0278 7C020000 		.4byte	0x27c
 477 027c 0A       		.uleb128 0xa
 478 027d 04       		.byte	0x4
 479 027e 05       		.uleb128 0x5
 480 027f 85030000 		.4byte	.LASF48
 481 0283 24       		.byte	0x24
 482 0284 07       		.byte	0x7
 483 0285 BA       		.byte	0xba
 484 0286 F0020000 		.4byte	0x2f0
 485 028a 07       		.uleb128 0x7
 486 028b 723800   		.ascii	"r8\000"
 487 028e 07       		.byte	0x7
 488 028f BB       		.byte	0xbb
 489 0290 71020000 		.4byte	0x271
 490 0294 00       		.byte	0
 491 0295 07       		.uleb128 0x7
 492 0296 723900   		.ascii	"r9\000"
 493 0299 07       		.byte	0x7
 494 029a BC       		.byte	0xbc
 495 029b 71020000 		.4byte	0x271
 496 029f 04       		.byte	0x4
 497 02a0 07       		.uleb128 0x7
 498 02a1 72313000 		.ascii	"r10\000"
 499 02a5 07       		.byte	0x7
 500 02a6 BD       		.byte	0xbd
 501 02a7 71020000 		.4byte	0x271
 502 02ab 08       		.byte	0x8
 503 02ac 07       		.uleb128 0x7
 504 02ad 72313100 		.ascii	"r11\000"
 505 02b1 07       		.byte	0x7
 506 02b2 BE       		.byte	0xbe
 507 02b3 71020000 		.4byte	0x271
 508 02b7 0C       		.byte	0xc
 509 02b8 07       		.uleb128 0x7
 510 02b9 723400   		.ascii	"r4\000"
 511 02bc 07       		.byte	0x7
 512 02bd BF       		.byte	0xbf
 513 02be 71020000 		.4byte	0x271
ARM GAS  /tmp/cc0OvZ93.s 			page 10


 514 02c2 10       		.byte	0x10
 515 02c3 07       		.uleb128 0x7
 516 02c4 723500   		.ascii	"r5\000"
 517 02c7 07       		.byte	0x7
 518 02c8 C0       		.byte	0xc0
 519 02c9 71020000 		.4byte	0x271
 520 02cd 14       		.byte	0x14
 521 02ce 07       		.uleb128 0x7
 522 02cf 723600   		.ascii	"r6\000"
 523 02d2 07       		.byte	0x7
 524 02d3 C1       		.byte	0xc1
 525 02d4 71020000 		.4byte	0x271
 526 02d8 18       		.byte	0x18
 527 02d9 07       		.uleb128 0x7
 528 02da 723700   		.ascii	"r7\000"
 529 02dd 07       		.byte	0x7
 530 02de C2       		.byte	0xc2
 531 02df 71020000 		.4byte	0x271
 532 02e3 1C       		.byte	0x1c
 533 02e4 07       		.uleb128 0x7
 534 02e5 6C7200   		.ascii	"lr\000"
 535 02e8 07       		.byte	0x7
 536 02e9 C3       		.byte	0xc3
 537 02ea 71020000 		.4byte	0x271
 538 02ee 20       		.byte	0x20
 539 02ef 00       		.byte	0
 540 02f0 05       		.uleb128 0x5
 541 02f1 16010000 		.4byte	.LASF49
 542 02f5 04       		.byte	0x4
 543 02f6 07       		.byte	0x7
 544 02f7 CD       		.byte	0xcd
 545 02f8 09030000 		.4byte	0x309
 546 02fc 07       		.uleb128 0x7
 547 02fd 72313300 		.ascii	"r13\000"
 548 0301 07       		.byte	0x7
 549 0302 CE       		.byte	0xce
 550 0303 09030000 		.4byte	0x309
 551 0307 00       		.byte	0
 552 0308 00       		.byte	0
 553 0309 09       		.uleb128 0x9
 554 030a 04       		.byte	0x4
 555 030b 7E020000 		.4byte	0x27e
 556 030f 03       		.uleb128 0x3
 557 0310 04       		.byte	0x4
 558 0311 07       		.byte	0x7
 559 0312 30020000 		.4byte	.LASF50
 560 0316 04       		.uleb128 0x4
 561 0317 0D010000 		.4byte	.LASF51
 562 031b 08       		.byte	0x8
 563 031c 58       		.byte	0x58
 564 031d 21030000 		.4byte	0x321
 565 0321 09       		.uleb128 0x9
 566 0322 04       		.byte	0x4
 567 0323 27030000 		.4byte	0x327
 568 0327 0B       		.uleb128 0xb
 569 0328 32030000 		.4byte	0x332
 570 032c 0C       		.uleb128 0xc
ARM GAS  /tmp/cc0OvZ93.s 			page 11


 571 032d 7C020000 		.4byte	0x27c
 572 0331 00       		.byte	0
 573 0332 04       		.uleb128 0x4
 574 0333 19030000 		.4byte	.LASF52
 575 0337 08       		.byte	0x8
 576 0338 5D       		.byte	0x5d
 577 0339 3D030000 		.4byte	0x33d
 578 033d 05       		.uleb128 0x5
 579 033e 19030000 		.4byte	.LASF52
 580 0342 14       		.byte	0x14
 581 0343 08       		.byte	0x8
 582 0344 64       		.byte	0x64
 583 0345 86030000 		.4byte	0x386
 584 0349 06       		.uleb128 0x6
 585 034a F3000000 		.4byte	.LASF53
 586 034e 08       		.byte	0x8
 587 034f 65       		.byte	0x65
 588 0350 86030000 		.4byte	0x386
 589 0354 00       		.byte	0
 590 0355 06       		.uleb128 0x6
 591 0356 D2000000 		.4byte	.LASF54
 592 035a 08       		.byte	0x8
 593 035b 67       		.byte	0x67
 594 035c 86030000 		.4byte	0x386
 595 0360 04       		.byte	0x4
 596 0361 06       		.uleb128 0x6
 597 0362 22020000 		.4byte	.LASF55
 598 0366 08       		.byte	0x8
 599 0367 69       		.byte	0x69
 600 0368 0C010000 		.4byte	0x10c
 601 036c 08       		.byte	0x8
 602 036d 06       		.uleb128 0x6
 603 036e 39020000 		.4byte	.LASF56
 604 0372 08       		.byte	0x8
 605 0373 6A       		.byte	0x6a
 606 0374 16030000 		.4byte	0x316
 607 0378 0C       		.byte	0xc
 608 0379 06       		.uleb128 0x6
 609 037a 97030000 		.4byte	.LASF57
 610 037e 08       		.byte	0x8
 611 037f 6C       		.byte	0x6c
 612 0380 7C020000 		.4byte	0x27c
 613 0384 10       		.byte	0x10
 614 0385 00       		.byte	0
 615 0386 09       		.uleb128 0x9
 616 0387 04       		.byte	0x4
 617 0388 32030000 		.4byte	0x332
 618 038c 0D       		.uleb128 0xd
 619 038d 0C010000 		.4byte	0x10c
 620 0391 05       		.uleb128 0x5
 621 0392 1C020000 		.4byte	.LASF58
 622 0396 10       		.byte	0x10
 623 0397 09       		.byte	0x9
 624 0398 2C       		.byte	0x2c
 625 0399 C2030000 		.4byte	0x3c2
 626 039d 06       		.uleb128 0x6
 627 039e 7D000000 		.4byte	.LASF59
ARM GAS  /tmp/cc0OvZ93.s 			page 12


 628 03a2 09       		.byte	0x9
 629 03a3 2D       		.byte	0x2d
 630 03a4 46020000 		.4byte	0x246
 631 03a8 00       		.byte	0
 632 03a9 06       		.uleb128 0x6
 633 03aa 06040000 		.4byte	.LASF60
 634 03ae 09       		.byte	0x9
 635 03af 2F       		.byte	0x2f
 636 03b0 40020000 		.4byte	0x240
 637 03b4 08       		.byte	0x8
 638 03b5 06       		.uleb128 0x6
 639 03b6 31030000 		.4byte	.LASF61
 640 03ba 09       		.byte	0x9
 641 03bb 31       		.byte	0x31
 642 03bc C2030000 		.4byte	0x3c2
 643 03c0 0C       		.byte	0xc
 644 03c1 00       		.byte	0
 645 03c2 09       		.uleb128 0x9
 646 03c3 04       		.byte	0x4
 647 03c4 91030000 		.4byte	0x391
 648 03c8 04       		.uleb128 0x4
 649 03c9 1C020000 		.4byte	.LASF58
 650 03cd 09       		.byte	0x9
 651 03ce 33       		.byte	0x33
 652 03cf 91030000 		.4byte	0x391
 653 03d3 04       		.uleb128 0x4
 654 03d4 DC030000 		.4byte	.LASF62
 655 03d8 0A       		.byte	0xa
 656 03d9 2C       		.byte	0x2c
 657 03da DE030000 		.4byte	0x3de
 658 03de 05       		.uleb128 0x5
 659 03df DC030000 		.4byte	.LASF62
 660 03e3 10       		.byte	0x10
 661 03e4 0A       		.byte	0xa
 662 03e5 31       		.byte	0x31
 663 03e6 1B040000 		.4byte	0x41b
 664 03ea 06       		.uleb128 0x6
 665 03eb 37010000 		.4byte	.LASF63
 666 03ef 0A       		.byte	0xa
 667 03f0 32       		.byte	0x32
 668 03f1 1B040000 		.4byte	0x41b
 669 03f5 00       		.byte	0
 670 03f6 06       		.uleb128 0x6
 671 03f7 9A020000 		.4byte	.LASF64
 672 03fb 0A       		.byte	0xa
 673 03fc 35       		.byte	0x35
 674 03fd 40020000 		.4byte	0x240
 675 0401 04       		.byte	0x4
 676 0402 06       		.uleb128 0x6
 677 0403 5F020000 		.4byte	.LASF65
 678 0407 0A       		.byte	0xa
 679 0408 37       		.byte	0x37
 680 0409 F6000000 		.4byte	0xf6
 681 040d 08       		.byte	0x8
 682 040e 06       		.uleb128 0x6
 683 040f A6020000 		.4byte	.LASF66
 684 0413 0A       		.byte	0xa
ARM GAS  /tmp/cc0OvZ93.s 			page 13


 685 0414 3A       		.byte	0x3a
 686 0415 01010000 		.4byte	0x101
 687 0419 0C       		.byte	0xc
 688 041a 00       		.byte	0
 689 041b 09       		.uleb128 0x9
 690 041c 04       		.byte	0x4
 691 041d D3030000 		.4byte	0x3d3
 692 0421 05       		.uleb128 0x5
 693 0422 DA000000 		.4byte	.LASF67
 694 0426 04       		.byte	0x4
 695 0427 0A       		.byte	0xa
 696 0428 41       		.byte	0x41
 697 0429 3A040000 		.4byte	0x43a
 698 042d 06       		.uleb128 0x6
 699 042e F8030000 		.4byte	.LASF68
 700 0432 0A       		.byte	0xa
 701 0433 42       		.byte	0x42
 702 0434 1B040000 		.4byte	0x41b
 703 0438 00       		.byte	0
 704 0439 00       		.byte	0
 705 043a 04       		.uleb128 0x4
 706 043b DA000000 		.4byte	.LASF67
 707 043f 0A       		.byte	0xa
 708 0440 45       		.byte	0x45
 709 0441 21040000 		.4byte	0x421
 710 0445 0E       		.uleb128 0xe
 711 0446 04       		.byte	0x4
 712 0447 06       		.byte	0x6
 713 0448 96       		.byte	0x96
 714 0449 7A040000 		.4byte	0x47a
 715 044d 0F       		.uleb128 0xf
 716 044e 12000000 		.4byte	.LASF69
 717 0452 06       		.byte	0x6
 718 0453 9D       		.byte	0x9d
 719 0454 EB000000 		.4byte	0xeb
 720 0458 0F       		.uleb128 0xf
 721 0459 3A000000 		.4byte	.LASF70
 722 045d 06       		.byte	0x6
 723 045e A4       		.byte	0xa4
 724 045f EB000000 		.4byte	0xeb
 725 0463 0F       		.uleb128 0xf
 726 0464 EA030000 		.4byte	.LASF71
 727 0468 06       		.byte	0x6
 728 0469 AB       		.byte	0xab
 729 046a 7C020000 		.4byte	0x27c
 730 046e 0F       		.uleb128 0xf
 731 046f D5020000 		.4byte	.LASF72
 732 0473 06       		.byte	0x6
 733 0474 B2       		.byte	0xb2
 734 0475 F6000000 		.4byte	0xf6
 735 0479 00       		.byte	0
 736 047a 09       		.uleb128 0x9
 737 047b 04       		.byte	0x4
 738 047c 80040000 		.4byte	0x480
 739 0480 10       		.uleb128 0x10
 740 0481 85040000 		.4byte	0x485
 741 0485 03       		.uleb128 0x3
ARM GAS  /tmp/cc0OvZ93.s 			page 14


 742 0486 01       		.byte	0x1
 743 0487 08       		.byte	0x8
 744 0488 26030000 		.4byte	.LASF73
 745 048c 09       		.uleb128 0x9
 746 048d 04       		.byte	0x4
 747 048e C8030000 		.4byte	0x3c8
 748 0492 08       		.uleb128 0x8
 749 0493 1C       		.byte	0x1c
 750 0494 0B       		.byte	0xb
 751 0495 27       		.byte	0x27
 752 0496 BF040000 		.4byte	0x4bf
 753 049a 06       		.uleb128 0x6
 754 049b 00040000 		.4byte	.LASF74
 755 049f 0B       		.byte	0xb
 756 04a0 28       		.byte	0x28
 757 04a1 32030000 		.4byte	0x332
 758 04a5 00       		.byte	0
 759 04a6 06       		.uleb128 0x6
 760 04a7 2A020000 		.4byte	.LASF75
 761 04ab 0B       		.byte	0xb
 762 04ac 29       		.byte	0x29
 763 04ad 3A040000 		.4byte	0x43a
 764 04b1 14       		.byte	0x14
 765 04b2 06       		.uleb128 0x6
 766 04b3 00000000 		.4byte	.LASF76
 767 04b7 0B       		.byte	0xb
 768 04b8 2A       		.byte	0x2a
 769 04b9 0C010000 		.4byte	0x10c
 770 04bd 18       		.byte	0x18
 771 04be 00       		.byte	0
 772 04bf 04       		.uleb128 0x4
 773 04c0 6D000000 		.4byte	.LASF77
 774 04c4 0B       		.byte	0xb
 775 04c5 2B       		.byte	0x2b
 776 04c6 92040000 		.4byte	0x492
 777 04ca 11       		.uleb128 0x11
 778 04cb 2B030000 		.4byte	.LASF85
 779 04cf 01       		.byte	0x1
 780 04d0 1C       		.byte	0x1c
 781 04d1 00000000 		.4byte	.LFB7
 782 04d5 24000000 		.4byte	.LFE7-.LFB7
 783 04d9 01       		.uleb128 0x1
 784 04da 9C       		.byte	0x9c
 785 04db 34050000 		.4byte	0x534
 786 04df 12       		.uleb128 0x12
 787 04e0 7000     		.ascii	"p\000"
 788 04e2 01       		.byte	0x1
 789 04e3 1C       		.byte	0x1c
 790 04e4 7C020000 		.4byte	0x27c
 791 04e8 00000000 		.4byte	.LLST0
 792 04ec 13       		.uleb128 0x13
 793 04ed 65747000 		.ascii	"etp\000"
 794 04f1 01       		.byte	0x1
 795 04f2 1D       		.byte	0x1d
 796 04f3 34050000 		.4byte	0x534
 797 04f7 2C000000 		.4byte	.LLST1
 798 04fb 14       		.uleb128 0x14
ARM GAS  /tmp/cc0OvZ93.s 			page 15


 799 04fc 0E000000 		.4byte	.LVL3
 800 0500 B6050000 		.4byte	0x5b6
 801 0504 14050000 		.4byte	0x514
 802 0508 15       		.uleb128 0x15
 803 0509 01       		.uleb128 0x1
 804 050a 51       		.byte	0x51
 805 050b 01       		.uleb128 0x1
 806 050c 30       		.byte	0x30
 807 050d 15       		.uleb128 0x15
 808 050e 01       		.uleb128 0x1
 809 050f 50       		.byte	0x50
 810 0510 02       		.uleb128 0x2
 811 0511 74       		.byte	0x74
 812 0512 14       		.sleb128 20
 813 0513 00       		.byte	0
 814 0514 16       		.uleb128 0x16
 815 0515 1A000000 		.4byte	.LVL4
 816 0519 D2050000 		.4byte	0x5d2
 817 051d 15       		.uleb128 0x15
 818 051e 01       		.uleb128 0x1
 819 051f 53       		.byte	0x53
 820 0520 02       		.uleb128 0x2
 821 0521 74       		.byte	0x74
 822 0522 00       		.sleb128 0
 823 0523 15       		.uleb128 0x15
 824 0524 01       		.uleb128 0x1
 825 0525 52       		.byte	0x52
 826 0526 05       		.uleb128 0x5
 827 0527 03       		.byte	0x3
 828 0528 00000000 		.4byte	tmrcb
 829 052c 15       		.uleb128 0x15
 830 052d 01       		.uleb128 0x1
 831 052e 50       		.byte	0x50
 832 052f 02       		.uleb128 0x2
 833 0530 74       		.byte	0x74
 834 0531 00       		.sleb128 0
 835 0532 00       		.byte	0
 836 0533 00       		.byte	0
 837 0534 09       		.uleb128 0x9
 838 0535 04       		.byte	0x4
 839 0536 BF040000 		.4byte	0x4bf
 840 053a 17       		.uleb128 0x17
 841 053b 43000000 		.4byte	.LASF78
 842 053f 01       		.byte	0x1
 843 0540 2B       		.byte	0x2b
 844 0541 00000000 		.4byte	.LFB8
 845 0545 1C000000 		.4byte	.LFE8-.LFB8
 846 0549 01       		.uleb128 0x1
 847 054a 9C       		.byte	0x9c
 848 054b 80050000 		.4byte	0x580
 849 054f 12       		.uleb128 0x12
 850 0550 65747000 		.ascii	"etp\000"
 851 0554 01       		.byte	0x1
 852 0555 2B       		.byte	0x2b
 853 0556 34050000 		.4byte	0x534
 854 055a 58000000 		.4byte	.LLST2
 855 055e 16       		.uleb128 0x16
ARM GAS  /tmp/cc0OvZ93.s 			page 16


 856 055f 14000000 		.4byte	.LVL7
 857 0563 D2050000 		.4byte	0x5d2
 858 0567 15       		.uleb128 0x15
 859 0568 01       		.uleb128 0x1
 860 0569 53       		.byte	0x53
 861 056a 03       		.uleb128 0x3
 862 056b F3       		.byte	0xf3
 863 056c 01       		.uleb128 0x1
 864 056d 50       		.byte	0x50
 865 056e 15       		.uleb128 0x15
 866 056f 01       		.uleb128 0x1
 867 0570 52       		.byte	0x52
 868 0571 05       		.uleb128 0x5
 869 0572 03       		.byte	0x3
 870 0573 00000000 		.4byte	tmrcb
 871 0577 15       		.uleb128 0x15
 872 0578 01       		.uleb128 0x1
 873 0579 50       		.byte	0x50
 874 057a 03       		.uleb128 0x3
 875 057b F3       		.byte	0xf3
 876 057c 01       		.uleb128 0x1
 877 057d 50       		.byte	0x50
 878 057e 00       		.byte	0
 879 057f 00       		.byte	0
 880 0580 17       		.uleb128 0x17
 881 0581 57030000 		.4byte	.LASF79
 882 0585 01       		.byte	0x1
 883 0586 3B       		.byte	0x3b
 884 0587 00000000 		.4byte	.LFB9
 885 058b 12000000 		.4byte	.LFE9-.LFB9
 886 058f 01       		.uleb128 0x1
 887 0590 9C       		.byte	0x9c
 888 0591 B6050000 		.4byte	0x5b6
 889 0595 12       		.uleb128 0x12
 890 0596 65747000 		.ascii	"etp\000"
 891 059a 01       		.byte	0x1
 892 059b 3B       		.byte	0x3b
 893 059c 34050000 		.4byte	0x534
 894 05a0 79000000 		.4byte	.LLST3
 895 05a4 16       		.uleb128 0x16
 896 05a5 0E000000 		.4byte	.LVL9
 897 05a9 F2050000 		.4byte	0x5f2
 898 05ad 15       		.uleb128 0x15
 899 05ae 01       		.uleb128 0x1
 900 05af 50       		.byte	0x50
 901 05b0 03       		.uleb128 0x3
 902 05b1 F3       		.byte	0xf3
 903 05b2 01       		.uleb128 0x1
 904 05b3 50       		.byte	0x50
 905 05b4 00       		.byte	0
 906 05b5 00       		.byte	0
 907 05b6 18       		.uleb128 0x18
 908 05b7 A1000000 		.4byte	.LASF80
 909 05bb 0A       		.byte	0xa
 910 05bc BA       		.byte	0xba
 911 05bd CC050000 		.4byte	0x5cc
 912 05c1 0C       		.uleb128 0xc
ARM GAS  /tmp/cc0OvZ93.s 			page 17


 913 05c2 CC050000 		.4byte	0x5cc
 914 05c6 0C       		.uleb128 0xc
 915 05c7 01010000 		.4byte	0x101
 916 05cb 00       		.byte	0
 917 05cc 09       		.uleb128 0x9
 918 05cd 04       		.byte	0x4
 919 05ce 3A040000 		.4byte	0x43a
 920 05d2 18       		.uleb128 0x18
 921 05d3 41020000 		.4byte	.LASF81
 922 05d7 08       		.byte	0x8
 923 05d8 FE       		.byte	0xfe
 924 05d9 F2050000 		.4byte	0x5f2
 925 05dd 0C       		.uleb128 0xc
 926 05de 86030000 		.4byte	0x386
 927 05e2 0C       		.uleb128 0xc
 928 05e3 0C010000 		.4byte	0x10c
 929 05e7 0C       		.uleb128 0xc
 930 05e8 16030000 		.4byte	0x316
 931 05ec 0C       		.uleb128 0xc
 932 05ed 7C020000 		.4byte	0x27c
 933 05f1 00       		.byte	0
 934 05f2 19       		.uleb128 0x19
 935 05f3 FA020000 		.4byte	.LASF86
 936 05f7 08       		.byte	0x8
 937 05f8 FF       		.byte	0xff
 938 05f9 0C       		.uleb128 0xc
 939 05fa 86030000 		.4byte	0x386
 940 05fe 00       		.byte	0
 941 05ff 00       		.byte	0
 942              		.section	.debug_abbrev,"",%progbits
 943              	.Ldebug_abbrev0:
 944 0000 01       		.uleb128 0x1
 945 0001 11       		.uleb128 0x11
 946 0002 01       		.byte	0x1
 947 0003 25       		.uleb128 0x25
 948 0004 0E       		.uleb128 0xe
 949 0005 13       		.uleb128 0x13
 950 0006 0B       		.uleb128 0xb
 951 0007 03       		.uleb128 0x3
 952 0008 0E       		.uleb128 0xe
 953 0009 1B       		.uleb128 0x1b
 954 000a 0E       		.uleb128 0xe
 955 000b 55       		.uleb128 0x55
 956 000c 17       		.uleb128 0x17
 957 000d 11       		.uleb128 0x11
 958 000e 01       		.uleb128 0x1
 959 000f 10       		.uleb128 0x10
 960 0010 17       		.uleb128 0x17
 961 0011 00       		.byte	0
 962 0012 00       		.byte	0
 963 0013 02       		.uleb128 0x2
 964 0014 24       		.uleb128 0x24
 965 0015 00       		.byte	0
 966 0016 0B       		.uleb128 0xb
 967 0017 0B       		.uleb128 0xb
 968 0018 3E       		.uleb128 0x3e
 969 0019 0B       		.uleb128 0xb
ARM GAS  /tmp/cc0OvZ93.s 			page 18


 970 001a 03       		.uleb128 0x3
 971 001b 08       		.uleb128 0x8
 972 001c 00       		.byte	0
 973 001d 00       		.byte	0
 974 001e 03       		.uleb128 0x3
 975 001f 24       		.uleb128 0x24
 976 0020 00       		.byte	0
 977 0021 0B       		.uleb128 0xb
 978 0022 0B       		.uleb128 0xb
 979 0023 3E       		.uleb128 0x3e
 980 0024 0B       		.uleb128 0xb
 981 0025 03       		.uleb128 0x3
 982 0026 0E       		.uleb128 0xe
 983 0027 00       		.byte	0
 984 0028 00       		.byte	0
 985 0029 04       		.uleb128 0x4
 986 002a 16       		.uleb128 0x16
 987 002b 00       		.byte	0
 988 002c 03       		.uleb128 0x3
 989 002d 0E       		.uleb128 0xe
 990 002e 3A       		.uleb128 0x3a
 991 002f 0B       		.uleb128 0xb
 992 0030 3B       		.uleb128 0x3b
 993 0031 0B       		.uleb128 0xb
 994 0032 49       		.uleb128 0x49
 995 0033 13       		.uleb128 0x13
 996 0034 00       		.byte	0
 997 0035 00       		.byte	0
 998 0036 05       		.uleb128 0x5
 999 0037 13       		.uleb128 0x13
 1000 0038 01       		.byte	0x1
 1001 0039 03       		.uleb128 0x3
 1002 003a 0E       		.uleb128 0xe
 1003 003b 0B       		.uleb128 0xb
 1004 003c 0B       		.uleb128 0xb
 1005 003d 3A       		.uleb128 0x3a
 1006 003e 0B       		.uleb128 0xb
 1007 003f 3B       		.uleb128 0x3b
 1008 0040 0B       		.uleb128 0xb
 1009 0041 01       		.uleb128 0x1
 1010 0042 13       		.uleb128 0x13
 1011 0043 00       		.byte	0
 1012 0044 00       		.byte	0
 1013 0045 06       		.uleb128 0x6
 1014 0046 0D       		.uleb128 0xd
 1015 0047 00       		.byte	0
 1016 0048 03       		.uleb128 0x3
 1017 0049 0E       		.uleb128 0xe
 1018 004a 3A       		.uleb128 0x3a
 1019 004b 0B       		.uleb128 0xb
 1020 004c 3B       		.uleb128 0x3b
 1021 004d 0B       		.uleb128 0xb
 1022 004e 49       		.uleb128 0x49
 1023 004f 13       		.uleb128 0x13
 1024 0050 38       		.uleb128 0x38
 1025 0051 0B       		.uleb128 0xb
 1026 0052 00       		.byte	0
ARM GAS  /tmp/cc0OvZ93.s 			page 19


 1027 0053 00       		.byte	0
 1028 0054 07       		.uleb128 0x7
 1029 0055 0D       		.uleb128 0xd
 1030 0056 00       		.byte	0
 1031 0057 03       		.uleb128 0x3
 1032 0058 08       		.uleb128 0x8
 1033 0059 3A       		.uleb128 0x3a
 1034 005a 0B       		.uleb128 0xb
 1035 005b 3B       		.uleb128 0x3b
 1036 005c 0B       		.uleb128 0xb
 1037 005d 49       		.uleb128 0x49
 1038 005e 13       		.uleb128 0x13
 1039 005f 38       		.uleb128 0x38
 1040 0060 0B       		.uleb128 0xb
 1041 0061 00       		.byte	0
 1042 0062 00       		.byte	0
 1043 0063 08       		.uleb128 0x8
 1044 0064 13       		.uleb128 0x13
 1045 0065 01       		.byte	0x1
 1046 0066 0B       		.uleb128 0xb
 1047 0067 0B       		.uleb128 0xb
 1048 0068 3A       		.uleb128 0x3a
 1049 0069 0B       		.uleb128 0xb
 1050 006a 3B       		.uleb128 0x3b
 1051 006b 0B       		.uleb128 0xb
 1052 006c 01       		.uleb128 0x1
 1053 006d 13       		.uleb128 0x13
 1054 006e 00       		.byte	0
 1055 006f 00       		.byte	0
 1056 0070 09       		.uleb128 0x9
 1057 0071 0F       		.uleb128 0xf
 1058 0072 00       		.byte	0
 1059 0073 0B       		.uleb128 0xb
 1060 0074 0B       		.uleb128 0xb
 1061 0075 49       		.uleb128 0x49
 1062 0076 13       		.uleb128 0x13
 1063 0077 00       		.byte	0
 1064 0078 00       		.byte	0
 1065 0079 0A       		.uleb128 0xa
 1066 007a 0F       		.uleb128 0xf
 1067 007b 00       		.byte	0
 1068 007c 0B       		.uleb128 0xb
 1069 007d 0B       		.uleb128 0xb
 1070 007e 00       		.byte	0
 1071 007f 00       		.byte	0
 1072 0080 0B       		.uleb128 0xb
 1073 0081 15       		.uleb128 0x15
 1074 0082 01       		.byte	0x1
 1075 0083 27       		.uleb128 0x27
 1076 0084 19       		.uleb128 0x19
 1077 0085 01       		.uleb128 0x1
 1078 0086 13       		.uleb128 0x13
 1079 0087 00       		.byte	0
 1080 0088 00       		.byte	0
 1081 0089 0C       		.uleb128 0xc
 1082 008a 05       		.uleb128 0x5
 1083 008b 00       		.byte	0
ARM GAS  /tmp/cc0OvZ93.s 			page 20


 1084 008c 49       		.uleb128 0x49
 1085 008d 13       		.uleb128 0x13
 1086 008e 00       		.byte	0
 1087 008f 00       		.byte	0
 1088 0090 0D       		.uleb128 0xd
 1089 0091 35       		.uleb128 0x35
 1090 0092 00       		.byte	0
 1091 0093 49       		.uleb128 0x49
 1092 0094 13       		.uleb128 0x13
 1093 0095 00       		.byte	0
 1094 0096 00       		.byte	0
 1095 0097 0E       		.uleb128 0xe
 1096 0098 17       		.uleb128 0x17
 1097 0099 01       		.byte	0x1
 1098 009a 0B       		.uleb128 0xb
 1099 009b 0B       		.uleb128 0xb
 1100 009c 3A       		.uleb128 0x3a
 1101 009d 0B       		.uleb128 0xb
 1102 009e 3B       		.uleb128 0x3b
 1103 009f 0B       		.uleb128 0xb
 1104 00a0 01       		.uleb128 0x1
 1105 00a1 13       		.uleb128 0x13
 1106 00a2 00       		.byte	0
 1107 00a3 00       		.byte	0
 1108 00a4 0F       		.uleb128 0xf
 1109 00a5 0D       		.uleb128 0xd
 1110 00a6 00       		.byte	0
 1111 00a7 03       		.uleb128 0x3
 1112 00a8 0E       		.uleb128 0xe
 1113 00a9 3A       		.uleb128 0x3a
 1114 00aa 0B       		.uleb128 0xb
 1115 00ab 3B       		.uleb128 0x3b
 1116 00ac 0B       		.uleb128 0xb
 1117 00ad 49       		.uleb128 0x49
 1118 00ae 13       		.uleb128 0x13
 1119 00af 00       		.byte	0
 1120 00b0 00       		.byte	0
 1121 00b1 10       		.uleb128 0x10
 1122 00b2 26       		.uleb128 0x26
 1123 00b3 00       		.byte	0
 1124 00b4 49       		.uleb128 0x49
 1125 00b5 13       		.uleb128 0x13
 1126 00b6 00       		.byte	0
 1127 00b7 00       		.byte	0
 1128 00b8 11       		.uleb128 0x11
 1129 00b9 2E       		.uleb128 0x2e
 1130 00ba 01       		.byte	0x1
 1131 00bb 03       		.uleb128 0x3
 1132 00bc 0E       		.uleb128 0xe
 1133 00bd 3A       		.uleb128 0x3a
 1134 00be 0B       		.uleb128 0xb
 1135 00bf 3B       		.uleb128 0x3b
 1136 00c0 0B       		.uleb128 0xb
 1137 00c1 27       		.uleb128 0x27
 1138 00c2 19       		.uleb128 0x19
 1139 00c3 11       		.uleb128 0x11
 1140 00c4 01       		.uleb128 0x1
ARM GAS  /tmp/cc0OvZ93.s 			page 21


 1141 00c5 12       		.uleb128 0x12
 1142 00c6 06       		.uleb128 0x6
 1143 00c7 40       		.uleb128 0x40
 1144 00c8 18       		.uleb128 0x18
 1145 00c9 9742     		.uleb128 0x2117
 1146 00cb 19       		.uleb128 0x19
 1147 00cc 01       		.uleb128 0x1
 1148 00cd 13       		.uleb128 0x13
 1149 00ce 00       		.byte	0
 1150 00cf 00       		.byte	0
 1151 00d0 12       		.uleb128 0x12
 1152 00d1 05       		.uleb128 0x5
 1153 00d2 00       		.byte	0
 1154 00d3 03       		.uleb128 0x3
 1155 00d4 08       		.uleb128 0x8
 1156 00d5 3A       		.uleb128 0x3a
 1157 00d6 0B       		.uleb128 0xb
 1158 00d7 3B       		.uleb128 0x3b
 1159 00d8 0B       		.uleb128 0xb
 1160 00d9 49       		.uleb128 0x49
 1161 00da 13       		.uleb128 0x13
 1162 00db 02       		.uleb128 0x2
 1163 00dc 17       		.uleb128 0x17
 1164 00dd 00       		.byte	0
 1165 00de 00       		.byte	0
 1166 00df 13       		.uleb128 0x13
 1167 00e0 34       		.uleb128 0x34
 1168 00e1 00       		.byte	0
 1169 00e2 03       		.uleb128 0x3
 1170 00e3 08       		.uleb128 0x8
 1171 00e4 3A       		.uleb128 0x3a
 1172 00e5 0B       		.uleb128 0xb
 1173 00e6 3B       		.uleb128 0x3b
 1174 00e7 0B       		.uleb128 0xb
 1175 00e8 49       		.uleb128 0x49
 1176 00e9 13       		.uleb128 0x13
 1177 00ea 02       		.uleb128 0x2
 1178 00eb 17       		.uleb128 0x17
 1179 00ec 00       		.byte	0
 1180 00ed 00       		.byte	0
 1181 00ee 14       		.uleb128 0x14
 1182 00ef 898201   		.uleb128 0x4109
 1183 00f2 01       		.byte	0x1
 1184 00f3 11       		.uleb128 0x11
 1185 00f4 01       		.uleb128 0x1
 1186 00f5 31       		.uleb128 0x31
 1187 00f6 13       		.uleb128 0x13
 1188 00f7 01       		.uleb128 0x1
 1189 00f8 13       		.uleb128 0x13
 1190 00f9 00       		.byte	0
 1191 00fa 00       		.byte	0
 1192 00fb 15       		.uleb128 0x15
 1193 00fc 8A8201   		.uleb128 0x410a
 1194 00ff 00       		.byte	0
 1195 0100 02       		.uleb128 0x2
 1196 0101 18       		.uleb128 0x18
 1197 0102 9142     		.uleb128 0x2111
ARM GAS  /tmp/cc0OvZ93.s 			page 22


 1198 0104 18       		.uleb128 0x18
 1199 0105 00       		.byte	0
 1200 0106 00       		.byte	0
 1201 0107 16       		.uleb128 0x16
 1202 0108 898201   		.uleb128 0x4109
 1203 010b 01       		.byte	0x1
 1204 010c 11       		.uleb128 0x11
 1205 010d 01       		.uleb128 0x1
 1206 010e 31       		.uleb128 0x31
 1207 010f 13       		.uleb128 0x13
 1208 0110 00       		.byte	0
 1209 0111 00       		.byte	0
 1210 0112 17       		.uleb128 0x17
 1211 0113 2E       		.uleb128 0x2e
 1212 0114 01       		.byte	0x1
 1213 0115 3F       		.uleb128 0x3f
 1214 0116 19       		.uleb128 0x19
 1215 0117 03       		.uleb128 0x3
 1216 0118 0E       		.uleb128 0xe
 1217 0119 3A       		.uleb128 0x3a
 1218 011a 0B       		.uleb128 0xb
 1219 011b 3B       		.uleb128 0x3b
 1220 011c 0B       		.uleb128 0xb
 1221 011d 27       		.uleb128 0x27
 1222 011e 19       		.uleb128 0x19
 1223 011f 11       		.uleb128 0x11
 1224 0120 01       		.uleb128 0x1
 1225 0121 12       		.uleb128 0x12
 1226 0122 06       		.uleb128 0x6
 1227 0123 40       		.uleb128 0x40
 1228 0124 18       		.uleb128 0x18
 1229 0125 9742     		.uleb128 0x2117
 1230 0127 19       		.uleb128 0x19
 1231 0128 01       		.uleb128 0x1
 1232 0129 13       		.uleb128 0x13
 1233 012a 00       		.byte	0
 1234 012b 00       		.byte	0
 1235 012c 18       		.uleb128 0x18
 1236 012d 2E       		.uleb128 0x2e
 1237 012e 01       		.byte	0x1
 1238 012f 3F       		.uleb128 0x3f
 1239 0130 19       		.uleb128 0x19
 1240 0131 03       		.uleb128 0x3
 1241 0132 0E       		.uleb128 0xe
 1242 0133 3A       		.uleb128 0x3a
 1243 0134 0B       		.uleb128 0xb
 1244 0135 3B       		.uleb128 0x3b
 1245 0136 0B       		.uleb128 0xb
 1246 0137 27       		.uleb128 0x27
 1247 0138 19       		.uleb128 0x19
 1248 0139 3C       		.uleb128 0x3c
 1249 013a 19       		.uleb128 0x19
 1250 013b 01       		.uleb128 0x1
 1251 013c 13       		.uleb128 0x13
 1252 013d 00       		.byte	0
 1253 013e 00       		.byte	0
 1254 013f 19       		.uleb128 0x19
ARM GAS  /tmp/cc0OvZ93.s 			page 23


 1255 0140 2E       		.uleb128 0x2e
 1256 0141 01       		.byte	0x1
 1257 0142 3F       		.uleb128 0x3f
 1258 0143 19       		.uleb128 0x19
 1259 0144 03       		.uleb128 0x3
 1260 0145 0E       		.uleb128 0xe
 1261 0146 3A       		.uleb128 0x3a
 1262 0147 0B       		.uleb128 0xb
 1263 0148 3B       		.uleb128 0x3b
 1264 0149 0B       		.uleb128 0xb
 1265 014a 27       		.uleb128 0x27
 1266 014b 19       		.uleb128 0x19
 1267 014c 3C       		.uleb128 0x3c
 1268 014d 19       		.uleb128 0x19
 1269 014e 00       		.byte	0
 1270 014f 00       		.byte	0
 1271 0150 00       		.byte	0
 1272              		.section	.debug_loc,"",%progbits
 1273              	.Ldebug_loc0:
 1274              	.LLST0:
 1275 0000 00000000 		.4byte	.LVL0
 1276 0004 08000000 		.4byte	.LVL2
 1277 0008 0100     		.2byte	0x1
 1278 000a 50       		.byte	0x50
 1279 000b 08000000 		.4byte	.LVL2
 1280 000f 1C000000 		.4byte	.LVL5
 1281 0013 0100     		.2byte	0x1
 1282 0015 54       		.byte	0x54
 1283 0016 1C000000 		.4byte	.LVL5
 1284 001a 24000000 		.4byte	.LFE7
 1285 001e 0400     		.2byte	0x4
 1286 0020 F3       		.byte	0xf3
 1287 0021 01       		.uleb128 0x1
 1288 0022 50       		.byte	0x50
 1289 0023 9F       		.byte	0x9f
 1290 0024 00000000 		.4byte	0
 1291 0028 00000000 		.4byte	0
 1292              	.LLST1:
 1293 002c 04000000 		.4byte	.LVL1
 1294 0030 08000000 		.4byte	.LVL2
 1295 0034 0100     		.2byte	0x1
 1296 0036 50       		.byte	0x50
 1297 0037 08000000 		.4byte	.LVL2
 1298 003b 1C000000 		.4byte	.LVL5
 1299 003f 0100     		.2byte	0x1
 1300 0041 54       		.byte	0x54
 1301 0042 1C000000 		.4byte	.LVL5
 1302 0046 24000000 		.4byte	.LFE7
 1303 004a 0400     		.2byte	0x4
 1304 004c F3       		.byte	0xf3
 1305 004d 01       		.uleb128 0x1
 1306 004e 50       		.byte	0x50
 1307 004f 9F       		.byte	0x9f
 1308 0050 00000000 		.4byte	0
 1309 0054 00000000 		.4byte	0
 1310              	.LLST2:
 1311 0058 00000000 		.4byte	.LVL6
ARM GAS  /tmp/cc0OvZ93.s 			page 24


 1312 005c 13000000 		.4byte	.LVL7-1
 1313 0060 0100     		.2byte	0x1
 1314 0062 50       		.byte	0x50
 1315 0063 13000000 		.4byte	.LVL7-1
 1316 0067 1C000000 		.4byte	.LFE8
 1317 006b 0400     		.2byte	0x4
 1318 006d F3       		.byte	0xf3
 1319 006e 01       		.uleb128 0x1
 1320 006f 50       		.byte	0x50
 1321 0070 9F       		.byte	0x9f
 1322 0071 00000000 		.4byte	0
 1323 0075 00000000 		.4byte	0
 1324              	.LLST3:
 1325 0079 00000000 		.4byte	.LVL8
 1326 007d 0D000000 		.4byte	.LVL9-1
 1327 0081 0100     		.2byte	0x1
 1328 0083 50       		.byte	0x50
 1329 0084 0D000000 		.4byte	.LVL9-1
 1330 0088 12000000 		.4byte	.LFE9
 1331 008c 0400     		.2byte	0x4
 1332 008e F3       		.byte	0xf3
 1333 008f 01       		.uleb128 0x1
 1334 0090 50       		.byte	0x50
 1335 0091 9F       		.byte	0x9f
 1336 0092 00000000 		.4byte	0
 1337 0096 00000000 		.4byte	0
 1338              		.section	.debug_aranges,"",%progbits
 1339 0000 2C000000 		.4byte	0x2c
 1340 0004 0200     		.2byte	0x2
 1341 0006 00000000 		.4byte	.Ldebug_info0
 1342 000a 04       		.byte	0x4
 1343 000b 00       		.byte	0
 1344 000c 0000     		.2byte	0
 1345 000e 0000     		.2byte	0
 1346 0010 00000000 		.4byte	.LFB7
 1347 0014 24000000 		.4byte	.LFE7-.LFB7
 1348 0018 00000000 		.4byte	.LFB8
 1349 001c 1C000000 		.4byte	.LFE8-.LFB8
 1350 0020 00000000 		.4byte	.LFB9
 1351 0024 12000000 		.4byte	.LFE9-.LFB9
 1352 0028 00000000 		.4byte	0
 1353 002c 00000000 		.4byte	0
 1354              		.section	.debug_ranges,"",%progbits
 1355              	.Ldebug_ranges0:
 1356 0000 00000000 		.4byte	.LFB7
 1357 0004 24000000 		.4byte	.LFE7
 1358 0008 00000000 		.4byte	.LFB8
 1359 000c 1C000000 		.4byte	.LFE8
 1360 0010 00000000 		.4byte	.LFB9
 1361 0014 12000000 		.4byte	.LFE9
 1362 0018 00000000 		.4byte	0
 1363 001c 00000000 		.4byte	0
 1364              		.section	.debug_line,"",%progbits
 1365              	.Ldebug_line0:
 1366 0000 E9010000 		.section	.debug_str,"MS",%progbits,1
 1366      02009A01 
 1366      00000201 
ARM GAS  /tmp/cc0OvZ93.s 			page 25


 1366      FB0E0D00 
 1366      01010101 
 1367              	.LASF76:
 1368 0000 65745F69 		.ascii	"et_interval\000"
 1368      6E746572 
 1368      76616C00 
 1369              	.LASF40:
 1370 000c 705F6D73 		.ascii	"p_msg\000"
 1370      6700
 1371              	.LASF69:
 1372 0012 7264796D 		.ascii	"rdymsg\000"
 1372      736700
 1373              	.LASF5:
 1374 0019 5F5F7569 		.ascii	"__uint8_t\000"
 1374      6E74385F 
 1374      7400
 1375              	.LASF11:
 1376 0023 6C6F6E67 		.ascii	"long long unsigned int\000"
 1376      206C6F6E 
 1376      6720756E 
 1376      7369676E 
 1376      65642069 
 1377              	.LASF70:
 1378 003a 65786974 		.ascii	"exitcode\000"
 1378      636F6465 
 1378      00
 1379              	.LASF78:
 1380 0043 65767453 		.ascii	"evtStart\000"
 1380      74617274 
 1380      00
 1381              	.LASF28:
 1382 004c 705F7072 		.ascii	"p_prio\000"
 1382      696F00
 1383              	.LASF10:
 1384 0053 6C6F6E67 		.ascii	"long long int\000"
 1384      206C6F6E 
 1384      6720696E 
 1384      7400
 1385              	.LASF1:
 1386 0061 7369676E 		.ascii	"signed char\000"
 1386      65642063 
 1386      68617200 
 1387              	.LASF77:
 1388 006d 45765469 		.ascii	"EvTimer\000"
 1388      6D657200 
 1389              	.LASF44:
 1390 0075 705F6D70 		.ascii	"p_mpool\000"
 1390      6F6F6C00 
 1391              	.LASF59:
 1392 007d 6D5F7175 		.ascii	"m_queue\000"
 1392      65756500 
 1393              	.LASF19:
 1394 0085 74736C69 		.ascii	"tslices_t\000"
 1394      6365735F 
 1394      7400
 1395              	.LASF7:
 1396 008f 6C6F6E67 		.ascii	"long int\000"
ARM GAS  /tmp/cc0OvZ93.s 			page 26


 1396      20696E74 
 1396      00
 1397              	.LASF17:
 1398 0098 74737461 		.ascii	"tstate_t\000"
 1398      74655F74 
 1398      00
 1399              	.LASF80:
 1400 00a1 63684576 		.ascii	"chEvtBroadcastFlagsI\000"
 1400      7442726F 
 1400      61646361 
 1400      7374466C 
 1400      61677349 
 1401              	.LASF30:
 1402 00b6 705F6E65 		.ascii	"p_newer\000"
 1402      77657200 
 1403              	.LASF8:
 1404 00be 5F5F7569 		.ascii	"__uint32_t\000"
 1404      6E743332 
 1404      5F7400
 1405              	.LASF47:
 1406 00c9 72656761 		.ascii	"regarm_t\000"
 1406      726D5F74 
 1406      00
 1407              	.LASF54:
 1408 00d2 76745F70 		.ascii	"vt_prev\000"
 1408      72657600 
 1409              	.LASF67:
 1410 00da 4576656E 		.ascii	"EventSource\000"
 1410      74536F75 
 1410      72636500 
 1411              	.LASF0:
 1412 00e6 756E7369 		.ascii	"unsigned int\000"
 1412      676E6564 
 1412      20696E74 
 1412      00
 1413              	.LASF53:
 1414 00f3 76745F6E 		.ascii	"vt_next\000"
 1414      65787400 
 1415              	.LASF9:
 1416 00fb 6C6F6E67 		.ascii	"long unsigned int\000"
 1416      20756E73 
 1416      69676E65 
 1416      6420696E 
 1416      7400
 1417              	.LASF51:
 1418 010d 76746675 		.ascii	"vtfunc_t\000"
 1418      6E635F74 
 1418      00
 1419              	.LASF49:
 1420 0116 636F6E74 		.ascii	"context\000"
 1420      65787400 
 1421              	.LASF4:
 1422 011e 73686F72 		.ascii	"short unsigned int\000"
 1422      7420756E 
 1422      7369676E 
 1422      65642069 
 1422      6E7400
ARM GAS  /tmp/cc0OvZ93.s 			page 27


 1423              	.LASF21:
 1424 0131 6D73675F 		.ascii	"msg_t\000"
 1424      7400
 1425              	.LASF63:
 1426 0137 656C5F6E 		.ascii	"el_next\000"
 1426      65787400 
 1427              	.LASF82:
 1428 013f 474E5520 		.ascii	"GNU C 4.8.4 20140526 (release) [ARM/embedded-4_8-br"
 1428      4320342E 
 1428      382E3420 
 1428      32303134 
 1428      30353236 
 1429 0172 616E6368 		.ascii	"anch revision 211358] -mcpu=cortex-m0 -mno-thumb-in"
 1429      20726576 
 1429      6973696F 
 1429      6E203231 
 1429      31333538 
 1430 01a5 74657277 		.ascii	"terwork -mthumb -ggdb -O1 -fomit-frame-pointer -ffu"
 1430      6F726B20 
 1430      2D6D7468 
 1430      756D6220 
 1430      2D676764 
 1431 01d8 6E637469 		.ascii	"nction-sections -fdata-sections -fno-common\000"
 1431      6F6E2D73 
 1431      65637469 
 1431      6F6E7320 
 1431      2D666461 
 1432              	.LASF46:
 1433 0204 54687265 		.ascii	"ThreadsList\000"
 1433      6164734C 
 1433      69737400 
 1434              	.LASF22:
 1435 0210 6576656E 		.ascii	"eventmask_t\000"
 1435      746D6173 
 1435      6B5F7400 
 1436              	.LASF58:
 1437 021c 4D757465 		.ascii	"Mutex\000"
 1437      7800
 1438              	.LASF55:
 1439 0222 76745F74 		.ascii	"vt_time\000"
 1439      696D6500 
 1440              	.LASF75:
 1441 022a 65745F65 		.ascii	"et_es\000"
 1441      7300
 1442              	.LASF50:
 1443 0230 73697A65 		.ascii	"sizetype\000"
 1443      74797065 
 1443      00
 1444              	.LASF56:
 1445 0239 76745F66 		.ascii	"vt_func\000"
 1445      756E6300 
 1446              	.LASF81:
 1447 0241 63685654 		.ascii	"chVTSetI\000"
 1447      53657449 
 1447      00
 1448              	.LASF31:
 1449 024a 705F6F6C 		.ascii	"p_older\000"
ARM GAS  /tmp/cc0OvZ93.s 			page 28


 1449      64657200 
 1450              	.LASF45:
 1451 0252 54687265 		.ascii	"ThreadsQueue\000"
 1451      61647351 
 1451      75657565 
 1451      00
 1452              	.LASF65:
 1453 025f 656C5F6D 		.ascii	"el_mask\000"
 1453      61736B00 
 1454              	.LASF18:
 1455 0267 74726566 		.ascii	"trefs_t\000"
 1455      735F7400 
 1456              	.LASF27:
 1457 026f 705F7072 		.ascii	"p_prev\000"
 1457      657600
 1458              	.LASF20:
 1459 0276 74707269 		.ascii	"tprio_t\000"
 1459      6F5F7400 
 1460              	.LASF15:
 1461 027e 5F426F6F 		.ascii	"_Bool\000"
 1461      6C00
 1462              	.LASF13:
 1463 0284 696E7433 		.ascii	"int32_t\000"
 1463      325F7400 
 1464              	.LASF2:
 1465 028c 756E7369 		.ascii	"unsigned char\000"
 1465      676E6564 
 1465      20636861 
 1465      7200
 1466              	.LASF64:
 1467 029a 656C5F6C 		.ascii	"el_listener\000"
 1467      69737465 
 1467      6E657200 
 1468              	.LASF66:
 1469 02a6 656C5F66 		.ascii	"el_flags\000"
 1469      6C616773 
 1469      00
 1470              	.LASF42:
 1471 02af 705F6D74 		.ascii	"p_mtxlist\000"
 1471      786C6973 
 1471      7400
 1472              	.LASF3:
 1473 02b9 73686F72 		.ascii	"short int\000"
 1473      7420696E 
 1473      7400
 1474              	.LASF33:
 1475 02c3 705F7374 		.ascii	"p_state\000"
 1475      61746500 
 1476              	.LASF36:
 1477 02cb 705F7072 		.ascii	"p_preempt\000"
 1477      65656D70 
 1477      7400
 1478              	.LASF72:
 1479 02d5 65776D61 		.ascii	"ewmask\000"
 1479      736B00
 1480              	.LASF26:
 1481 02dc 705F6E65 		.ascii	"p_next\000"
ARM GAS  /tmp/cc0OvZ93.s 			page 29


 1481      787400
 1482              	.LASF16:
 1483 02e3 746D6F64 		.ascii	"tmode_t\000"
 1483      655F7400 
 1484              	.LASF34:
 1485 02eb 705F666C 		.ascii	"p_flags\000"
 1485      61677300 
 1486              	.LASF25:
 1487 02f3 54687265 		.ascii	"Thread\000"
 1487      616400
 1488              	.LASF86:
 1489 02fa 63685654 		.ascii	"chVTResetI\000"
 1489      52657365 
 1489      744900
 1490              	.LASF41:
 1491 0305 705F6570 		.ascii	"p_epending\000"
 1491      656E6469 
 1491      6E6700
 1492              	.LASF14:
 1493 0310 75696E74 		.ascii	"uint32_t\000"
 1493      33325F74 
 1493      00
 1494              	.LASF52:
 1495 0319 56697274 		.ascii	"VirtualTimer\000"
 1495      75616C54 
 1495      696D6572 
 1495      00
 1496              	.LASF73:
 1497 0326 63686172 		.ascii	"char\000"
 1497      00
 1498              	.LASF85:
 1499 032b 746D7263 		.ascii	"tmrcb\000"
 1499      6200
 1500              	.LASF61:
 1501 0331 6D5F6E65 		.ascii	"m_next\000"
 1501      787400
 1502              	.LASF24:
 1503 0338 73797374 		.ascii	"systime_t\000"
 1503      696D655F 
 1503      7400
 1504              	.LASF43:
 1505 0342 705F7265 		.ascii	"p_realprio\000"
 1505      616C7072 
 1505      696F00
 1506              	.LASF6:
 1507 034d 5F5F696E 		.ascii	"__int32_t\000"
 1507      7433325F 
 1507      7400
 1508              	.LASF79:
 1509 0357 65767453 		.ascii	"evtStop\000"
 1509      746F7000 
 1510              	.LASF37:
 1511 035f 705F7469 		.ascii	"p_time\000"
 1511      6D6500
 1512              	.LASF84:
 1513 0366 2F484444 		.ascii	"/HDD/GIT/variometer/Altimeter/\000"
 1513      2F474954 
ARM GAS  /tmp/cc0OvZ93.s 			page 30


 1513      2F766172 
 1513      696F6D65 
 1513      7465722F 
 1514              	.LASF48:
 1515 0385 696E7463 		.ascii	"intctx\000"
 1515      747800
 1516              	.LASF39:
 1517 038c 705F6D73 		.ascii	"p_msgqueue\000"
 1517      67717565 
 1517      756500
 1518              	.LASF57:
 1519 0397 76745F70 		.ascii	"vt_par\000"
 1519      617200
 1520              	.LASF23:
 1521 039e 666C6167 		.ascii	"flagsmask_t\000"
 1521      736D6173 
 1521      6B5F7400 
 1522              	.LASF35:
 1523 03aa 705F7265 		.ascii	"p_refs\000"
 1523      667300
 1524              	.LASF12:
 1525 03b1 75696E74 		.ascii	"uint8_t\000"
 1525      385F7400 
 1526              	.LASF83:
 1527 03b9 43686962 		.ascii	"ChibiOS_2.6.5/os/various/evtimer.c\000"
 1527      694F535F 
 1527      322E362E 
 1527      352F6F73 
 1527      2F766172 
 1528              	.LASF62:
 1529 03dc 4576656E 		.ascii	"EventListener\000"
 1529      744C6973 
 1529      74656E65 
 1529      7200
 1530              	.LASF71:
 1531 03ea 77746F62 		.ascii	"wtobjp\000"
 1531      6A7000
 1532              	.LASF32:
 1533 03f1 705F6E61 		.ascii	"p_name\000"
 1533      6D6500
 1534              	.LASF68:
 1535 03f8 65735F6E 		.ascii	"es_next\000"
 1535      65787400 
 1536              	.LASF74:
 1537 0400 65745F76 		.ascii	"et_vt\000"
 1537      7400
 1538              	.LASF60:
 1539 0406 6D5F6F77 		.ascii	"m_owner\000"
 1539      6E657200 
 1540              	.LASF29:
 1541 040e 705F6374 		.ascii	"p_ctx\000"
 1541      7800
 1542              	.LASF38:
 1543 0414 705F7761 		.ascii	"p_waiting\000"
 1543      6974696E 
 1543      6700
 1544              		.ident	"GCC: (GNU Tools for ARM Embedded Processors) 4.8.4 20140526 (release) [ARM/embedded-4_8-br
ARM GAS  /tmp/cc0OvZ93.s 			page 31


ARM GAS  /tmp/cc0OvZ93.s 			page 32


DEFINED SYMBOLS
                            *ABS*:00000000 evtimer.c
     /tmp/cc0OvZ93.s:18     .text.tmrcb:00000000 $t
     /tmp/cc0OvZ93.s:22     .text.tmrcb:00000000 tmrcb
     /tmp/cc0OvZ93.s:64     .text.tmrcb:00000020 $d
     /tmp/cc0OvZ93.s:69     .text.evtStart:00000000 $t
     /tmp/cc0OvZ93.s:74     .text.evtStart:00000000 evtStart
     /tmp/cc0OvZ93.s:110    .text.evtStart:00000018 $d
     /tmp/cc0OvZ93.s:115    .text.evtStop:00000000 $t
     /tmp/cc0OvZ93.s:120    .text.evtStop:00000000 evtStop
                     .debug_frame:00000010 $d

UNDEFINED SYMBOLS
chEvtBroadcastFlagsI
chVTSetI
chVTResetI
