ARM GAS  /tmp/ccqABy3o.s 			page 1


   1              		.cpu cortex-m0
   2              		.fpu softvfp
   3              		.eabi_attribute 20, 1
   4              		.eabi_attribute 21, 1
   5              		.eabi_attribute 23, 3
   6              		.eabi_attribute 24, 1
   7              		.eabi_attribute 25, 1
   8              		.eabi_attribute 26, 1
   9              		.eabi_attribute 30, 1
  10              		.eabi_attribute 34, 0
  11              		.eabi_attribute 18, 4
  12              		.code	16
  13              		.file	"hal.c"
  14              		.text
  15              	.Ltext0:
  16              		.cfi_sections	.debug_frame
  17              		.section	.text.halInit,"ax",%progbits
  18              		.align	2
  19              		.global	halInit
  20              		.code	16
  21              		.thumb_func
  22              		.type	halInit, %function
  23              	halInit:
  24              	.LFB39:
  25              		.file 1 "ChibiOS_2.6.5/os/hal/src/hal.c"
  26              		.loc 1 68 0
  27              		.cfi_startproc
  28 0000 08B5     		push	{r3, lr}
  29              		.cfi_def_cfa_offset 8
  30              		.cfi_offset 3, -8
  31              		.cfi_offset 14, -4
  32              		.loc 1 70 0
  33 0002 FFF7FEFF 		bl	hal_lld_init
  34              	.LVL0:
  35              		.loc 1 76 0
  36 0006 0748     		ldr	r0, .L2
  37 0008 FFF7FEFF 		bl	_pal_lld_init
  38              	.LVL1:
  39              		.loc 1 91 0
  40 000c FFF7FEFF 		bl	i2cInit
  41              	.LVL2:
  42              		.loc 1 100 0
  43 0010 FFF7FEFF 		bl	pwmInit
  44              	.LVL3:
  45              		.loc 1 103 0
  46 0014 FFF7FEFF 		bl	sdInit
  47              	.LVL4:
  48              		.loc 1 109 0
  49 0018 FFF7FEFF 		bl	spiInit
  50              	.LVL5:
  51              		.loc 1 127 0
  52 001c FFF7FEFF 		bl	boardInit
  53              	.LVL6:
  54              		.loc 1 128 0
  55              		@ sp needed
  56 0020 08BD     		pop	{r3, pc}
  57              	.L3:
ARM GAS  /tmp/ccqABy3o.s 			page 2


  58 0022 C046     		.align	2
  59              	.L2:
  60 0024 00000000 		.word	pal_default_config
  61              		.cfi_endproc
  62              	.LFE39:
  63              		.size	halInit, .-halInit
  64              		.text
  65              	.Letext0:
  66              		.file 2 "/usr/local/lpcxpresso_7.3.0_186/lpcxpresso/tools/arm-none-eabi/include/machine/_default_t
  67              		.file 3 "/usr/local/lpcxpresso_7.3.0_186/lpcxpresso/tools/arm-none-eabi/include/stdint.h"
  68              		.file 4 "ChibiOS_2.6.5/os/hal/platforms/LPC11Uxx/pal_lld.h"
  69              		.file 5 "ChibiOS_2.6.5/os/hal/platforms/LPC11Uxx/hal_lld.h"
  70              		.file 6 "ChibiOS_2.6.5/os/hal/include/i2c.h"
  71              		.file 7 "ChibiOS_2.6.5/os/hal/include/pwm.h"
  72              		.file 8 "ChibiOS_2.6.5/os/hal/include/serial.h"
  73              		.file 9 "ChibiOS_2.6.5/os/hal/include/spi.h"
  74              		.file 10 "ChibiOS_2.6.5/boards/EA_LPCXPRESSO_BB_11U14/board.h"
  75              		.section	.debug_info,"",%progbits
  76              	.Ldebug_info0:
  77 0000 93010000 		.4byte	0x193
  78 0004 0400     		.2byte	0x4
  79 0006 00000000 		.4byte	.Ldebug_abbrev0
  80 000a 04       		.byte	0x4
  81 000b 01       		.uleb128 0x1
  82 000c 03010000 		.4byte	.LASF23
  83 0010 01       		.byte	0x1
  84 0011 A5000000 		.4byte	.LASF24
  85 0015 56000000 		.4byte	.LASF25
  86 0019 00000000 		.4byte	.Ldebug_ranges0+0
  87 001d 00000000 		.4byte	0
  88 0021 00000000 		.4byte	.Ldebug_line0
  89 0025 02       		.uleb128 0x2
  90 0026 04       		.byte	0x4
  91 0027 05       		.byte	0x5
  92 0028 696E7400 		.ascii	"int\000"
  93 002c 03       		.uleb128 0x3
  94 002d 04       		.byte	0x4
  95 002e 07       		.byte	0x7
  96 002f CC000000 		.4byte	.LASF0
  97 0033 03       		.uleb128 0x3
  98 0034 01       		.byte	0x1
  99 0035 06       		.byte	0x6
 100 0036 0B020000 		.4byte	.LASF1
 101 003a 03       		.uleb128 0x3
 102 003b 01       		.byte	0x1
 103 003c 08       		.byte	0x8
 104 003d 2B000000 		.4byte	.LASF2
 105 0041 03       		.uleb128 0x3
 106 0042 02       		.byte	0x2
 107 0043 05       		.byte	0x5
 108 0044 E2010000 		.4byte	.LASF3
 109 0048 03       		.uleb128 0x3
 110 0049 02       		.byte	0x2
 111 004a 07       		.byte	0x7
 112 004b 75000000 		.4byte	.LASF4
 113 004f 03       		.uleb128 0x3
 114 0050 04       		.byte	0x4
ARM GAS  /tmp/ccqABy3o.s 			page 3


 115 0051 05       		.byte	0x5
 116 0052 02020000 		.4byte	.LASF5
 117 0056 04       		.uleb128 0x4
 118 0057 39000000 		.4byte	.LASF9
 119 005b 02       		.byte	0x2
 120 005c 38       		.byte	0x38
 121 005d 61000000 		.4byte	0x61
 122 0061 03       		.uleb128 0x3
 123 0062 04       		.byte	0x4
 124 0063 07       		.byte	0x7
 125 0064 44000000 		.4byte	.LASF6
 126 0068 03       		.uleb128 0x3
 127 0069 08       		.byte	0x8
 128 006a 05       		.byte	0x5
 129 006b C8010000 		.4byte	.LASF7
 130 006f 03       		.uleb128 0x3
 131 0070 08       		.byte	0x8
 132 0071 07       		.byte	0x7
 133 0072 D9000000 		.4byte	.LASF8
 134 0076 04       		.uleb128 0x4
 135 0077 F9010000 		.4byte	.LASF10
 136 007b 03       		.byte	0x3
 137 007c 42       		.byte	0x42
 138 007d 56000000 		.4byte	0x56
 139 0081 03       		.uleb128 0x3
 140 0082 01       		.byte	0x1
 141 0083 02       		.byte	0x2
 142 0084 24020000 		.4byte	.LASF11
 143 0088 03       		.uleb128 0x3
 144 0089 04       		.byte	0x4
 145 008a 07       		.byte	0x7
 146 008b FA000000 		.4byte	.LASF12
 147 008f 03       		.uleb128 0x3
 148 0090 01       		.byte	0x1
 149 0091 08       		.byte	0x8
 150 0092 D6010000 		.4byte	.LASF13
 151 0096 05       		.uleb128 0x5
 152 0097 08       		.byte	0x8
 153 0098 04       		.byte	0x4
 154 0099 2E       		.byte	0x2e
 155 009a B7000000 		.4byte	0xb7
 156 009e 06       		.uleb128 0x6
 157 009f 0E000000 		.4byte	.LASF14
 158 00a3 04       		.byte	0x4
 159 00a4 30       		.byte	0x30
 160 00a5 76000000 		.4byte	0x76
 161 00a9 00       		.byte	0
 162 00aa 07       		.uleb128 0x7
 163 00ab 64697200 		.ascii	"dir\000"
 164 00af 04       		.byte	0x4
 165 00b0 32       		.byte	0x32
 166 00b1 76000000 		.4byte	0x76
 167 00b5 04       		.byte	0x4
 168 00b6 00       		.byte	0
 169 00b7 04       		.uleb128 0x4
 170 00b8 EC010000 		.4byte	.LASF15
 171 00bc 04       		.byte	0x4
ARM GAS  /tmp/ccqABy3o.s 			page 4


 172 00bd 33       		.byte	0x33
 173 00be 96000000 		.4byte	0x96
 174 00c2 05       		.uleb128 0x5
 175 00c3 10       		.byte	0x10
 176 00c4 04       		.byte	0x4
 177 00c5 41       		.byte	0x41
 178 00c6 E1000000 		.4byte	0xe1
 179 00ca 07       		.uleb128 0x7
 180 00cb 503000   		.ascii	"P0\000"
 181 00ce 04       		.byte	0x4
 182 00cf 43       		.byte	0x43
 183 00d0 B7000000 		.4byte	0xb7
 184 00d4 00       		.byte	0
 185 00d5 07       		.uleb128 0x7
 186 00d6 503100   		.ascii	"P1\000"
 187 00d9 04       		.byte	0x4
 188 00da 45       		.byte	0x45
 189 00db B7000000 		.4byte	0xb7
 190 00df 08       		.byte	0x8
 191 00e0 00       		.byte	0
 192 00e1 04       		.uleb128 0x4
 193 00e2 88000000 		.4byte	.LASF16
 194 00e6 04       		.byte	0x4
 195 00e7 46       		.byte	0x46
 196 00e8 C2000000 		.4byte	0xc2
 197 00ec 08       		.uleb128 0x8
 198 00ed 23000000 		.4byte	.LASF26
 199 00f1 01       		.byte	0x1
 200 00f2 44       		.byte	0x44
 201 00f3 00000000 		.4byte	.LFB39
 202 00f7 28000000 		.4byte	.LFE39-.LFB39
 203 00fb 01       		.uleb128 0x1
 204 00fc 9C       		.byte	0x9c
 205 00fd 41010000 		.4byte	0x141
 206 0101 09       		.uleb128 0x9
 207 0102 06000000 		.4byte	.LVL0
 208 0106 52010000 		.4byte	0x152
 209 010a 09       		.uleb128 0x9
 210 010b 0C000000 		.4byte	.LVL1
 211 010f 59010000 		.4byte	0x159
 212 0113 09       		.uleb128 0x9
 213 0114 10000000 		.4byte	.LVL2
 214 0118 71010000 		.4byte	0x171
 215 011c 09       		.uleb128 0x9
 216 011d 14000000 		.4byte	.LVL3
 217 0121 78010000 		.4byte	0x178
 218 0125 09       		.uleb128 0x9
 219 0126 18000000 		.4byte	.LVL4
 220 012a 7F010000 		.4byte	0x17f
 221 012e 09       		.uleb128 0x9
 222 012f 1C000000 		.4byte	.LVL5
 223 0133 87010000 		.4byte	0x187
 224 0137 09       		.uleb128 0x9
 225 0138 20000000 		.4byte	.LVL6
 226 013c 8F010000 		.4byte	0x18f
 227 0140 00       		.byte	0
 228 0141 0A       		.uleb128 0xa
ARM GAS  /tmp/ccqABy3o.s 			page 5


 229 0142 92000000 		.4byte	.LASF27
 230 0146 04       		.byte	0x4
 231 0147 2501     		.2byte	0x125
 232 0149 4D010000 		.4byte	0x14d
 233 014d 0B       		.uleb128 0xb
 234 014e E1000000 		.4byte	0xe1
 235 0152 0C       		.uleb128 0xc
 236 0153 17020000 		.4byte	.LASF17
 237 0157 05       		.byte	0x5
 238 0158 D2       		.byte	0xd2
 239 0159 0D       		.uleb128 0xd
 240 015a 00000000 		.4byte	.LASF28
 241 015e 04       		.byte	0x4
 242 015f 2B01     		.2byte	0x12b
 243 0161 6B010000 		.4byte	0x16b
 244 0165 0E       		.uleb128 0xe
 245 0166 6B010000 		.4byte	0x16b
 246 016a 00       		.byte	0
 247 016b 0F       		.uleb128 0xf
 248 016c 04       		.byte	0x4
 249 016d 4D010000 		.4byte	0x14d
 250 0171 0C       		.uleb128 0xc
 251 0172 C4000000 		.4byte	.LASF18
 252 0176 06       		.byte	0x6
 253 0177 7F       		.byte	0x7f
 254 0178 0C       		.uleb128 0xc
 255 0179 13000000 		.4byte	.LASF19
 256 017d 07       		.byte	0x7
 257 017e F2       		.byte	0xf2
 258 017f 10       		.uleb128 0x10
 259 0180 DB010000 		.4byte	.LASF20
 260 0184 08       		.byte	0x8
 261 0185 3501     		.2byte	0x135
 262 0187 10       		.uleb128 0x10
 263 0188 1B000000 		.4byte	.LASF21
 264 018c 09       		.byte	0x9
 265 018d 2E01     		.2byte	0x12e
 266 018f 0C       		.uleb128 0xc
 267 0190 F0000000 		.4byte	.LASF22
 268 0194 0A       		.byte	0xa
 269 0195 68       		.byte	0x68
 270 0196 00       		.byte	0
 271              		.section	.debug_abbrev,"",%progbits
 272              	.Ldebug_abbrev0:
 273 0000 01       		.uleb128 0x1
 274 0001 11       		.uleb128 0x11
 275 0002 01       		.byte	0x1
 276 0003 25       		.uleb128 0x25
 277 0004 0E       		.uleb128 0xe
 278 0005 13       		.uleb128 0x13
 279 0006 0B       		.uleb128 0xb
 280 0007 03       		.uleb128 0x3
 281 0008 0E       		.uleb128 0xe
 282 0009 1B       		.uleb128 0x1b
 283 000a 0E       		.uleb128 0xe
 284 000b 55       		.uleb128 0x55
 285 000c 17       		.uleb128 0x17
ARM GAS  /tmp/ccqABy3o.s 			page 6


 286 000d 11       		.uleb128 0x11
 287 000e 01       		.uleb128 0x1
 288 000f 10       		.uleb128 0x10
 289 0010 17       		.uleb128 0x17
 290 0011 00       		.byte	0
 291 0012 00       		.byte	0
 292 0013 02       		.uleb128 0x2
 293 0014 24       		.uleb128 0x24
 294 0015 00       		.byte	0
 295 0016 0B       		.uleb128 0xb
 296 0017 0B       		.uleb128 0xb
 297 0018 3E       		.uleb128 0x3e
 298 0019 0B       		.uleb128 0xb
 299 001a 03       		.uleb128 0x3
 300 001b 08       		.uleb128 0x8
 301 001c 00       		.byte	0
 302 001d 00       		.byte	0
 303 001e 03       		.uleb128 0x3
 304 001f 24       		.uleb128 0x24
 305 0020 00       		.byte	0
 306 0021 0B       		.uleb128 0xb
 307 0022 0B       		.uleb128 0xb
 308 0023 3E       		.uleb128 0x3e
 309 0024 0B       		.uleb128 0xb
 310 0025 03       		.uleb128 0x3
 311 0026 0E       		.uleb128 0xe
 312 0027 00       		.byte	0
 313 0028 00       		.byte	0
 314 0029 04       		.uleb128 0x4
 315 002a 16       		.uleb128 0x16
 316 002b 00       		.byte	0
 317 002c 03       		.uleb128 0x3
 318 002d 0E       		.uleb128 0xe
 319 002e 3A       		.uleb128 0x3a
 320 002f 0B       		.uleb128 0xb
 321 0030 3B       		.uleb128 0x3b
 322 0031 0B       		.uleb128 0xb
 323 0032 49       		.uleb128 0x49
 324 0033 13       		.uleb128 0x13
 325 0034 00       		.byte	0
 326 0035 00       		.byte	0
 327 0036 05       		.uleb128 0x5
 328 0037 13       		.uleb128 0x13
 329 0038 01       		.byte	0x1
 330 0039 0B       		.uleb128 0xb
 331 003a 0B       		.uleb128 0xb
 332 003b 3A       		.uleb128 0x3a
 333 003c 0B       		.uleb128 0xb
 334 003d 3B       		.uleb128 0x3b
 335 003e 0B       		.uleb128 0xb
 336 003f 01       		.uleb128 0x1
 337 0040 13       		.uleb128 0x13
 338 0041 00       		.byte	0
 339 0042 00       		.byte	0
 340 0043 06       		.uleb128 0x6
 341 0044 0D       		.uleb128 0xd
 342 0045 00       		.byte	0
ARM GAS  /tmp/ccqABy3o.s 			page 7


 343 0046 03       		.uleb128 0x3
 344 0047 0E       		.uleb128 0xe
 345 0048 3A       		.uleb128 0x3a
 346 0049 0B       		.uleb128 0xb
 347 004a 3B       		.uleb128 0x3b
 348 004b 0B       		.uleb128 0xb
 349 004c 49       		.uleb128 0x49
 350 004d 13       		.uleb128 0x13
 351 004e 38       		.uleb128 0x38
 352 004f 0B       		.uleb128 0xb
 353 0050 00       		.byte	0
 354 0051 00       		.byte	0
 355 0052 07       		.uleb128 0x7
 356 0053 0D       		.uleb128 0xd
 357 0054 00       		.byte	0
 358 0055 03       		.uleb128 0x3
 359 0056 08       		.uleb128 0x8
 360 0057 3A       		.uleb128 0x3a
 361 0058 0B       		.uleb128 0xb
 362 0059 3B       		.uleb128 0x3b
 363 005a 0B       		.uleb128 0xb
 364 005b 49       		.uleb128 0x49
 365 005c 13       		.uleb128 0x13
 366 005d 38       		.uleb128 0x38
 367 005e 0B       		.uleb128 0xb
 368 005f 00       		.byte	0
 369 0060 00       		.byte	0
 370 0061 08       		.uleb128 0x8
 371 0062 2E       		.uleb128 0x2e
 372 0063 01       		.byte	0x1
 373 0064 3F       		.uleb128 0x3f
 374 0065 19       		.uleb128 0x19
 375 0066 03       		.uleb128 0x3
 376 0067 0E       		.uleb128 0xe
 377 0068 3A       		.uleb128 0x3a
 378 0069 0B       		.uleb128 0xb
 379 006a 3B       		.uleb128 0x3b
 380 006b 0B       		.uleb128 0xb
 381 006c 27       		.uleb128 0x27
 382 006d 19       		.uleb128 0x19
 383 006e 11       		.uleb128 0x11
 384 006f 01       		.uleb128 0x1
 385 0070 12       		.uleb128 0x12
 386 0071 06       		.uleb128 0x6
 387 0072 40       		.uleb128 0x40
 388 0073 18       		.uleb128 0x18
 389 0074 9742     		.uleb128 0x2117
 390 0076 19       		.uleb128 0x19
 391 0077 01       		.uleb128 0x1
 392 0078 13       		.uleb128 0x13
 393 0079 00       		.byte	0
 394 007a 00       		.byte	0
 395 007b 09       		.uleb128 0x9
 396 007c 898201   		.uleb128 0x4109
 397 007f 00       		.byte	0
 398 0080 11       		.uleb128 0x11
 399 0081 01       		.uleb128 0x1
ARM GAS  /tmp/ccqABy3o.s 			page 8


 400 0082 31       		.uleb128 0x31
 401 0083 13       		.uleb128 0x13
 402 0084 00       		.byte	0
 403 0085 00       		.byte	0
 404 0086 0A       		.uleb128 0xa
 405 0087 34       		.uleb128 0x34
 406 0088 00       		.byte	0
 407 0089 03       		.uleb128 0x3
 408 008a 0E       		.uleb128 0xe
 409 008b 3A       		.uleb128 0x3a
 410 008c 0B       		.uleb128 0xb
 411 008d 3B       		.uleb128 0x3b
 412 008e 05       		.uleb128 0x5
 413 008f 49       		.uleb128 0x49
 414 0090 13       		.uleb128 0x13
 415 0091 3F       		.uleb128 0x3f
 416 0092 19       		.uleb128 0x19
 417 0093 3C       		.uleb128 0x3c
 418 0094 19       		.uleb128 0x19
 419 0095 00       		.byte	0
 420 0096 00       		.byte	0
 421 0097 0B       		.uleb128 0xb
 422 0098 26       		.uleb128 0x26
 423 0099 00       		.byte	0
 424 009a 49       		.uleb128 0x49
 425 009b 13       		.uleb128 0x13
 426 009c 00       		.byte	0
 427 009d 00       		.byte	0
 428 009e 0C       		.uleb128 0xc
 429 009f 2E       		.uleb128 0x2e
 430 00a0 00       		.byte	0
 431 00a1 3F       		.uleb128 0x3f
 432 00a2 19       		.uleb128 0x19
 433 00a3 03       		.uleb128 0x3
 434 00a4 0E       		.uleb128 0xe
 435 00a5 3A       		.uleb128 0x3a
 436 00a6 0B       		.uleb128 0xb
 437 00a7 3B       		.uleb128 0x3b
 438 00a8 0B       		.uleb128 0xb
 439 00a9 27       		.uleb128 0x27
 440 00aa 19       		.uleb128 0x19
 441 00ab 3C       		.uleb128 0x3c
 442 00ac 19       		.uleb128 0x19
 443 00ad 00       		.byte	0
 444 00ae 00       		.byte	0
 445 00af 0D       		.uleb128 0xd
 446 00b0 2E       		.uleb128 0x2e
 447 00b1 01       		.byte	0x1
 448 00b2 3F       		.uleb128 0x3f
 449 00b3 19       		.uleb128 0x19
 450 00b4 03       		.uleb128 0x3
 451 00b5 0E       		.uleb128 0xe
 452 00b6 3A       		.uleb128 0x3a
 453 00b7 0B       		.uleb128 0xb
 454 00b8 3B       		.uleb128 0x3b
 455 00b9 05       		.uleb128 0x5
 456 00ba 27       		.uleb128 0x27
ARM GAS  /tmp/ccqABy3o.s 			page 9


 457 00bb 19       		.uleb128 0x19
 458 00bc 3C       		.uleb128 0x3c
 459 00bd 19       		.uleb128 0x19
 460 00be 01       		.uleb128 0x1
 461 00bf 13       		.uleb128 0x13
 462 00c0 00       		.byte	0
 463 00c1 00       		.byte	0
 464 00c2 0E       		.uleb128 0xe
 465 00c3 05       		.uleb128 0x5
 466 00c4 00       		.byte	0
 467 00c5 49       		.uleb128 0x49
 468 00c6 13       		.uleb128 0x13
 469 00c7 00       		.byte	0
 470 00c8 00       		.byte	0
 471 00c9 0F       		.uleb128 0xf
 472 00ca 0F       		.uleb128 0xf
 473 00cb 00       		.byte	0
 474 00cc 0B       		.uleb128 0xb
 475 00cd 0B       		.uleb128 0xb
 476 00ce 49       		.uleb128 0x49
 477 00cf 13       		.uleb128 0x13
 478 00d0 00       		.byte	0
 479 00d1 00       		.byte	0
 480 00d2 10       		.uleb128 0x10
 481 00d3 2E       		.uleb128 0x2e
 482 00d4 00       		.byte	0
 483 00d5 3F       		.uleb128 0x3f
 484 00d6 19       		.uleb128 0x19
 485 00d7 03       		.uleb128 0x3
 486 00d8 0E       		.uleb128 0xe
 487 00d9 3A       		.uleb128 0x3a
 488 00da 0B       		.uleb128 0xb
 489 00db 3B       		.uleb128 0x3b
 490 00dc 05       		.uleb128 0x5
 491 00dd 27       		.uleb128 0x27
 492 00de 19       		.uleb128 0x19
 493 00df 3C       		.uleb128 0x3c
 494 00e0 19       		.uleb128 0x19
 495 00e1 00       		.byte	0
 496 00e2 00       		.byte	0
 497 00e3 00       		.byte	0
 498              		.section	.debug_aranges,"",%progbits
 499 0000 1C000000 		.4byte	0x1c
 500 0004 0200     		.2byte	0x2
 501 0006 00000000 		.4byte	.Ldebug_info0
 502 000a 04       		.byte	0x4
 503 000b 00       		.byte	0
 504 000c 0000     		.2byte	0
 505 000e 0000     		.2byte	0
 506 0010 00000000 		.4byte	.LFB39
 507 0014 28000000 		.4byte	.LFE39-.LFB39
 508 0018 00000000 		.4byte	0
 509 001c 00000000 		.4byte	0
 510              		.section	.debug_ranges,"",%progbits
 511              	.Ldebug_ranges0:
 512 0000 00000000 		.4byte	.LFB39
 513 0004 28000000 		.4byte	.LFE39
ARM GAS  /tmp/ccqABy3o.s 			page 10


 514 0008 00000000 		.4byte	0
 515 000c 00000000 		.4byte	0
 516              		.section	.debug_line,"",%progbits
 517              	.Ldebug_line0:
 518 0000 CC010000 		.section	.debug_str,"MS",%progbits,1
 518      0200A801 
 518      00000201 
 518      FB0E0D00 
 518      01010101 
 519              	.LASF28:
 520 0000 5F70616C 		.ascii	"_pal_lld_init\000"
 520      5F6C6C64 
 520      5F696E69 
 520      7400
 521              	.LASF14:
 522 000e 64617461 		.ascii	"data\000"
 522      00
 523              	.LASF19:
 524 0013 70776D49 		.ascii	"pwmInit\000"
 524      6E697400 
 525              	.LASF21:
 526 001b 73706949 		.ascii	"spiInit\000"
 526      6E697400 
 527              	.LASF26:
 528 0023 68616C49 		.ascii	"halInit\000"
 528      6E697400 
 529              	.LASF2:
 530 002b 756E7369 		.ascii	"unsigned char\000"
 530      676E6564 
 530      20636861 
 530      7200
 531              	.LASF9:
 532 0039 5F5F7569 		.ascii	"__uint32_t\000"
 532      6E743332 
 532      5F7400
 533              	.LASF6:
 534 0044 6C6F6E67 		.ascii	"long unsigned int\000"
 534      20756E73 
 534      69676E65 
 534      6420696E 
 534      7400
 535              	.LASF25:
 536 0056 2F484444 		.ascii	"/HDD/GIT/variometer/Altimeter/\000"
 536      2F474954 
 536      2F766172 
 536      696F6D65 
 536      7465722F 
 537              	.LASF4:
 538 0075 73686F72 		.ascii	"short unsigned int\000"
 538      7420756E 
 538      7369676E 
 538      65642069 
 538      6E7400
 539              	.LASF16:
 540 0088 50414C43 		.ascii	"PALConfig\000"
 540      6F6E6669 
 540      6700
ARM GAS  /tmp/ccqABy3o.s 			page 11


 541              	.LASF27:
 542 0092 70616C5F 		.ascii	"pal_default_config\000"
 542      64656661 
 542      756C745F 
 542      636F6E66 
 542      696700
 543              	.LASF24:
 544 00a5 43686962 		.ascii	"ChibiOS_2.6.5/os/hal/src/hal.c\000"
 544      694F535F 
 544      322E362E 
 544      352F6F73 
 544      2F68616C 
 545              	.LASF18:
 546 00c4 69326349 		.ascii	"i2cInit\000"
 546      6E697400 
 547              	.LASF0:
 548 00cc 756E7369 		.ascii	"unsigned int\000"
 548      676E6564 
 548      20696E74 
 548      00
 549              	.LASF8:
 550 00d9 6C6F6E67 		.ascii	"long long unsigned int\000"
 550      206C6F6E 
 550      6720756E 
 550      7369676E 
 550      65642069 
 551              	.LASF22:
 552 00f0 626F6172 		.ascii	"boardInit\000"
 552      64496E69 
 552      7400
 553              	.LASF12:
 554 00fa 73697A65 		.ascii	"sizetype\000"
 554      74797065 
 554      00
 555              	.LASF23:
 556 0103 474E5520 		.ascii	"GNU C 4.8.4 20140526 (release) [ARM/embedded-4_8-br"
 556      4320342E 
 556      382E3420 
 556      32303134 
 556      30353236 
 557 0136 616E6368 		.ascii	"anch revision 211358] -mcpu=cortex-m0 -mno-thumb-in"
 557      20726576 
 557      6973696F 
 557      6E203231 
 557      31333538 
 558 0169 74657277 		.ascii	"terwork -mthumb -ggdb -O1 -fomit-frame-pointer -ffu"
 558      6F726B20 
 558      2D6D7468 
 558      756D6220 
 558      2D676764 
 559 019c 6E637469 		.ascii	"nction-sections -fdata-sections -fno-common\000"
 559      6F6E2D73 
 559      65637469 
 559      6F6E7320 
 559      2D666461 
 560              	.LASF7:
 561 01c8 6C6F6E67 		.ascii	"long long int\000"
ARM GAS  /tmp/ccqABy3o.s 			page 12


 561      206C6F6E 
 561      6720696E 
 561      7400
 562              	.LASF13:
 563 01d6 63686172 		.ascii	"char\000"
 563      00
 564              	.LASF20:
 565 01db 7364496E 		.ascii	"sdInit\000"
 565      697400
 566              	.LASF3:
 567 01e2 73686F72 		.ascii	"short int\000"
 567      7420696E 
 567      7400
 568              	.LASF15:
 569 01ec 6770696F 		.ascii	"gpio_setup_t\000"
 569      5F736574 
 569      75705F74 
 569      00
 570              	.LASF10:
 571 01f9 75696E74 		.ascii	"uint32_t\000"
 571      33325F74 
 571      00
 572              	.LASF5:
 573 0202 6C6F6E67 		.ascii	"long int\000"
 573      20696E74 
 573      00
 574              	.LASF1:
 575 020b 7369676E 		.ascii	"signed char\000"
 575      65642063 
 575      68617200 
 576              	.LASF17:
 577 0217 68616C5F 		.ascii	"hal_lld_init\000"
 577      6C6C645F 
 577      696E6974 
 577      00
 578              	.LASF11:
 579 0224 5F426F6F 		.ascii	"_Bool\000"
 579      6C00
 580              		.ident	"GCC: (GNU Tools for ARM Embedded Processors) 4.8.4 20140526 (release) [ARM/embedded-4_8-br
ARM GAS  /tmp/ccqABy3o.s 			page 13


DEFINED SYMBOLS
                            *ABS*:00000000 hal.c
     /tmp/ccqABy3o.s:18     .text.halInit:00000000 $t
     /tmp/ccqABy3o.s:23     .text.halInit:00000000 halInit
     /tmp/ccqABy3o.s:60     .text.halInit:00000024 $d
                     .debug_frame:00000010 $d

UNDEFINED SYMBOLS
hal_lld_init
_pal_lld_init
i2cInit
pwmInit
sdInit
spiInit
boardInit
pal_default_config
