ARM GAS  /tmp/ccyshnpz.s 			page 1


   1              		.cpu cortex-m0
   2              		.fpu softvfp
   3              		.eabi_attribute 20, 1
   4              		.eabi_attribute 21, 1
   5              		.eabi_attribute 23, 3
   6              		.eabi_attribute 24, 1
   7              		.eabi_attribute 25, 1
   8              		.eabi_attribute 26, 1
   9              		.eabi_attribute 30, 1
  10              		.eabi_attribute 34, 0
  11              		.eabi_attribute 18, 4
  12              		.code	16
  13              		.file	"itoa.c"
  14              		.text
  15              	.Ltext0:
  16              		.cfi_sections	.debug_frame
  17              		.global	__aeabi_idiv
  18              		.global	__aeabi_idivmod
  19              		.section	.text.itoa,"ax",%progbits
  20              		.align	2
  21              		.global	itoa
  22              		.code	16
  23              		.thumb_func
  24              		.type	itoa, %function
  25              	itoa:
  26              	.LFB0:
  27              		.file 1 "src/itoa.c"
  28              		.loc 1 42 0
  29              		.cfi_startproc
  30              	.LVL0:
  31 0000 F0B5     		push	{r4, r5, r6, r7, lr}
  32              		.cfi_def_cfa_offset 20
  33              		.cfi_offset 4, -20
  34              		.cfi_offset 5, -16
  35              		.cfi_offset 6, -12
  36              		.cfi_offset 7, -8
  37              		.cfi_offset 14, -4
  38 0002 5F46     		mov	r7, fp
  39 0004 5646     		mov	r6, r10
  40 0006 4D46     		mov	r5, r9
  41 0008 4446     		mov	r4, r8
  42 000a F0B4     		push	{r4, r5, r6, r7}
  43              		.cfi_def_cfa_offset 36
  44              		.cfi_offset 8, -36
  45              		.cfi_offset 9, -32
  46              		.cfi_offset 10, -28
  47              		.cfi_offset 11, -24
  48 000c 85B0     		sub	sp, sp, #20
  49              		.cfi_def_cfa_offset 56
  50 000e 071C     		mov	r7, r0
  51 0010 8B46     		mov	fp, r1
  52 0012 9246     		mov	r10, r2
  53 0014 0193     		str	r3, [sp, #4]
  54 0016 0EAB     		add	r3, sp, #56
  55              	.LVL1:
  56 0018 02CB     		ldmia	r3!, {r1}
  57              	.LVL2:
ARM GAS  /tmp/ccyshnpz.s 			page 2


  58 001a 1B78     		ldrb	r3, [r3]
  59              	.LVL3:
  60 001c 0293     		str	r3, [sp, #8]
  61 001e 109E     		ldr	r6, [sp, #64]
  62 0020 119B     		ldr	r3, [sp, #68]
  63              	.LVL4:
  64              		.loc 1 50 0
  65 0022 023A     		sub	r2, r2, #2
  66              	.LVL5:
  67 0024 5C46     		mov	r4, fp
  68 0026 0E2A     		cmp	r2, #14
  69 0028 7FD8     		bhi	.L2
  70              		.loc 1 45 0
  71 002a 0022     		mov	r2, #0
  72 002c 0392     		str	r2, [sp, #12]
  73              		.loc 1 52 0
  74 002e 5146     		mov	r1, r10
  75 0030 0A29     		cmp	r1, #10
  76 0032 03D1     		bne	.L3
  77              	.LVL6:
  78              		.loc 1 52 0 is_stmt 0 discriminator 1
  79 0034 0390     		str	r0, [sp, #12]
  80 0036 C217     		asr	r2, r0, #31
  81 0038 8718     		add	r7, r0, r2
  82 003a 5740     		eor	r7, r2
  83              	.LVL7:
  84              	.L3:
  85              		.loc 1 57 0 is_stmt 1 discriminator 1
  86 003c 002B     		cmp	r3, #0
  87 003e 0DD0     		beq	.L22
  88              		.loc 1 57 0 is_stmt 0
  89 0040 1A78     		ldrb	r2, [r3]
  90 0042 002A     		cmp	r2, #0
  91 0044 0CD0     		beq	.L23
  92 0046 5D46     		mov	r5, fp
  93              	.LVL8:
  94              	.L5:
  95              		.loc 1 59 0 is_stmt 1
  96 0048 0135     		add	r5, r5, #1
  97              	.LVL9:
  98 004a 691E     		sub	r1, r5, #1
  99 004c 0A70     		strb	r2, [r1]
 100              		.loc 1 60 0
 101 004e 0133     		add	r3, r3, #1
 102              	.LVL10:
 103              		.loc 1 57 0
 104 0050 002B     		cmp	r3, #0
 105 0052 06D0     		beq	.L4
 106              		.loc 1 57 0 is_stmt 0 discriminator 2
 107 0054 1A78     		ldrb	r2, [r3]
 108 0056 002A     		cmp	r2, #0
 109 0058 F6D1     		bne	.L5
 110 005a 02E0     		b	.L4
 111              	.LVL11:
 112              	.L22:
 113              		.loc 1 57 0
 114 005c 5D46     		mov	r5, fp
ARM GAS  /tmp/ccyshnpz.s 			page 3


 115 005e 00E0     		b	.L4
 116              	.LVL12:
 117              	.L23:
 118 0060 5D46     		mov	r5, fp
 119              	.LVL13:
 120              	.L4:
 121 0062 0123     		mov	r3, #1
 122              	.LVL14:
 123              		.loc 1 70 0 is_stmt 1
 124 0064 1C1C     		mov	r4, r3
 125              	.LVL15:
 126 0066 B146     		mov	r9, r6
 127              	.LVL16:
 128              	.L8:
 129              		.loc 1 65 0
 130 0068 381C     		mov	r0, r7
 131 006a 5146     		mov	r1, r10
 132 006c FFF7FEFF 		bl	__aeabi_idiv
 133              	.LVL17:
 134 0070 061C     		mov	r6, r0
 135              	.LVL18:
 136              		.loc 1 67 0
 137 0072 691C     		add	r1, r5, #1
 138 0074 8846     		mov	r8, r1
 139              	.LVL19:
 140              		.loc 1 66 0
 141 0076 381C     		mov	r0, r7
 142              	.LVL20:
 143 0078 5146     		mov	r1, r10
 144              	.LVL21:
 145 007a FFF7FEFF 		bl	__aeabi_idivmod
 146              	.LVL22:
 147              		.loc 1 67 0
 148 007e 304A     		ldr	r2, .L32
 149 0080 535C     		ldrb	r3, [r2, r1]
 150 0082 2B70     		strb	r3, [r5]
 151              		.loc 1 68 0
 152 0084 019B     		ldr	r3, [sp, #4]
 153 0086 A342     		cmp	r3, r4
 154 0088 03D1     		bne	.L6
 155              		.loc 1 70 0
 156 008a A91C     		add	r1, r5, #2
 157 008c 8846     		mov	r8, r1
 158              	.LVL23:
 159 008e 2E22     		mov	r2, #46
 160 0090 6A70     		strb	r2, [r5, #1]
 161              	.LVL24:
 162              	.L6:
 163              		.loc 1 72 0
 164 0092 0134     		add	r4, r4, #1
 165              	.LVL25:
 166              		.loc 1 73 0
 167 0094 002E     		cmp	r6, #0
 168 0096 02D0     		beq	.L7
 169 0098 371C     		mov	r7, r6
 170              	.LVL26:
 171 009a 4546     		mov	r5, r8
ARM GAS  /tmp/ccyshnpz.s 			page 4


 172 009c E4E7     		b	.L8
 173              	.LVL27:
 174              	.L7:
 175 009e 4446     		mov	r4, r8
 176              	.LVL28:
 177 00a0 4E46     		mov	r6, r9
 178              	.LVL29:
 179 00a2 4346     		mov	r3, r8
 180              		.loc 1 75 0
 181 00a4 0399     		ldr	r1, [sp, #12]
 182 00a6 0029     		cmp	r1, #0
 183 00a8 02DA     		bge	.L9
 184              	.LVL30:
 185              		.loc 1 77 0
 186 00aa 0134     		add	r4, r4, #1
 187              	.LVL31:
 188 00ac 2D22     		mov	r2, #45
 189 00ae 1A70     		strb	r2, [r3]
 190              	.L9:
 191              		.loc 1 80 0 discriminator 1
 192 00b0 002E     		cmp	r6, #0
 193 00b2 05D0     		beq	.L24
 194              		.loc 1 80 0 is_stmt 0
 195 00b4 3278     		ldrb	r2, [r6]
 196              		.loc 1 82 0 is_stmt 1
 197 00b6 0123     		mov	r3, #1
 198              		.loc 1 80 0
 199 00b8 002A     		cmp	r2, #0
 200 00ba 09D1     		bne	.L25
 201 00bc 0023     		mov	r3, #0
 202 00be 00E0     		b	.L10
 203              	.L24:
 204 00c0 0023     		mov	r3, #0
 205              	.LVL32:
 206              	.L10:
 207              		.loc 1 85 0 discriminator 1
 208 00c2 5946     		mov	r1, fp
 209 00c4 621A     		sub	r2, r4, r1
 210 00c6 D218     		add	r2, r2, r3
 211 00c8 0E99     		ldr	r1, [sp, #56]
 212 00ca 9142     		cmp	r1, r2
 213 00cc 04DC     		bgt	.L30
 214 00ce 0EE0     		b	.L13
 215              	.L25:
 216              	.LVL33:
 217              		.loc 1 80 0 discriminator 2
 218 00d0 F25C     		ldrb	r2, [r6, r3]
 219 00d2 002A     		cmp	r2, #0
 220 00d4 27D1     		bne	.L14
 221 00d6 F4E7     		b	.L10
 222              	.LVL34:
 223              	.L30:
 224 00d8 5946     		mov	r1, fp
 225 00da 0E98     		ldr	r0, [sp, #56]
 226 00dc 029D     		ldr	r5, [sp, #8]
 227              	.LVL35:
 228              	.L26:
ARM GAS  /tmp/ccyshnpz.s 			page 5


 229              		.loc 1 87 0
 230 00de 0134     		add	r4, r4, #1
 231              	.LVL36:
 232 00e0 621E     		sub	r2, r4, #1
 233 00e2 1570     		strb	r5, [r2]
 234 00e4 621A     		sub	r2, r4, r1
 235 00e6 D218     		add	r2, r2, r3
 236              		.loc 1 85 0
 237 00e8 9042     		cmp	r0, r2
 238 00ea F8DC     		bgt	.L26
 239 00ec 8B46     		mov	fp, r1
 240              	.LVL37:
 241              	.L13:
 242              		.loc 1 90 0 discriminator 1
 243 00ee 002E     		cmp	r6, #0
 244 00f0 0BD0     		beq	.L16
 245              		.loc 1 90 0 is_stmt 0
 246 00f2 3378     		ldrb	r3, [r6]
 247 00f4 002B     		cmp	r3, #0
 248 00f6 08D0     		beq	.L16
 249              	.L17:
 250              		.loc 1 92 0 is_stmt 1
 251 00f8 0134     		add	r4, r4, #1
 252              	.LVL38:
 253 00fa 621E     		sub	r2, r4, #1
 254 00fc 1370     		strb	r3, [r2]
 255              		.loc 1 93 0
 256 00fe 0136     		add	r6, r6, #1
 257              	.LVL39:
 258              		.loc 1 90 0
 259 0100 002E     		cmp	r6, #0
 260 0102 02D0     		beq	.L16
 261              		.loc 1 90 0 is_stmt 0 discriminator 2
 262 0104 3378     		ldrb	r3, [r6]
 263 0106 002B     		cmp	r3, #0
 264 0108 F6D1     		bne	.L17
 265              	.L16:
 266              		.loc 1 96 0 is_stmt 1
 267 010a 631E     		sub	r3, r4, #1
 268              	.LVL40:
 269              	.LBB4:
 270              	.LBB5:
 271              		.loc 1 117 0
 272 010c 9B45     		cmp	fp, r3
 273 010e 0CD2     		bcs	.L2
 274 0110 5A46     		mov	r2, fp
 275              	.LVL41:
 276              	.L18:
 277              		.loc 1 119 0
 278 0112 1878     		ldrb	r0, [r3]
 279              	.LVL42:
 280              		.loc 1 120 0
 281 0114 013B     		sub	r3, r3, #1
 282              	.LVL43:
 283 0116 1178     		ldrb	r1, [r2]
 284 0118 5970     		strb	r1, [r3, #1]
 285              	.LVL44:
ARM GAS  /tmp/ccyshnpz.s 			page 6


 286              		.loc 1 121 0
 287 011a 0132     		add	r2, r2, #1
 288              	.LVL45:
 289 011c 511E     		sub	r1, r2, #1
 290 011e 0870     		strb	r0, [r1]
 291              		.loc 1 117 0
 292 0120 9342     		cmp	r3, r2
 293 0122 F6D8     		bhi	.L18
 294 0124 01E0     		b	.L2
 295              	.LVL46:
 296              	.L14:
 297              	.LBE5:
 298              	.LBE4:
 299              		.loc 1 82 0
 300 0126 0133     		add	r3, r3, #1
 301              	.LVL47:
 302 0128 D2E7     		b	.L25
 303              	.LVL48:
 304              	.L2:
 305              		.loc 1 99 0
 306 012a 0023     		mov	r3, #0
 307 012c 2370     		strb	r3, [r4]
 308              		.loc 1 101 0
 309 012e 5846     		mov	r0, fp
 310 0130 05B0     		add	sp, sp, #20
 311              		@ sp needed
 312              	.LVL49:
 313              	.LVL50:
 314              	.LVL51:
 315 0132 3CBC     		pop	{r2, r3, r4, r5}
 316 0134 9046     		mov	r8, r2
 317 0136 9946     		mov	r9, r3
 318 0138 A246     		mov	r10, r4
 319 013a AB46     		mov	fp, r5
 320 013c F0BD     		pop	{r4, r5, r6, r7, pc}
 321              	.L33:
 322 013e C046     		.align	2
 323              	.L32:
 324 0140 00000000 		.word	.LANCHOR0
 325              		.cfi_endproc
 326              	.LFE0:
 327              		.size	itoa, .-itoa
 328              		.section	.rodata.digits.4082,"a",%progbits
 329              		.align	2
 330              		.set	.LANCHOR0,. + 0
 331              		.type	digits.4082, %object
 332              		.size	digits.4082, 17
 333              	digits.4082:
 334 0000 30313233 		.ascii	"0123456789ABCDEF\000"
 334      34353637 
 334      38394142 
 334      43444546 
 334      00
 335 0011 000000   		.text
 336              	.Letext0:
 337              		.section	.debug_info,"",%progbits
 338              	.Ldebug_info0:
ARM GAS  /tmp/ccyshnpz.s 			page 7


 339 0000 B2010000 		.4byte	0x1b2
 340 0004 0400     		.2byte	0x4
 341 0006 00000000 		.4byte	.Ldebug_abbrev0
 342 000a 04       		.byte	0x4
 343 000b 01       		.uleb128 0x1
 344 000c 3D000000 		.4byte	.LASF16
 345 0010 01       		.byte	0x1
 346 0011 21010000 		.4byte	.LASF17
 347 0015 52010000 		.4byte	.LASF18
 348 0019 00000000 		.4byte	.Ldebug_ranges0+0
 349 001d 00000000 		.4byte	0
 350 0021 00000000 		.4byte	.Ldebug_line0
 351 0025 02       		.uleb128 0x2
 352 0026 0C010000 		.4byte	.LASF19
 353 002a 01       		.byte	0x1
 354 002b 71       		.byte	0x71
 355 002c 01       		.byte	0x1
 356 002d 53000000 		.4byte	0x53
 357 0031 03       		.uleb128 0x3
 358 0032 1B010000 		.4byte	.LASF0
 359 0036 01       		.byte	0x1
 360 0037 71       		.byte	0x71
 361 0038 53000000 		.4byte	0x53
 362 003c 04       		.uleb128 0x4
 363 003d 656E6400 		.ascii	"end\000"
 364 0041 01       		.byte	0x1
 365 0042 71       		.byte	0x71
 366 0043 53000000 		.4byte	0x53
 367 0047 05       		.uleb128 0x5
 368 0048 746D7000 		.ascii	"tmp\000"
 369 004c 01       		.byte	0x1
 370 004d 73       		.byte	0x73
 371 004e 59000000 		.4byte	0x59
 372 0052 00       		.byte	0
 373 0053 06       		.uleb128 0x6
 374 0054 04       		.byte	0x4
 375 0055 59000000 		.4byte	0x59
 376 0059 07       		.uleb128 0x7
 377 005a 01       		.byte	0x1
 378 005b 08       		.byte	0x8
 379 005c 16010000 		.4byte	.LASF14
 380 0060 08       		.uleb128 0x8
 381 0061 7B010000 		.4byte	.LASF20
 382 0065 01       		.byte	0x1
 383 0066 28       		.byte	0x28
 384 0067 53000000 		.4byte	0x53
 385 006b 00000000 		.4byte	.LFB0
 386 006f 44010000 		.4byte	.LFE0-.LFB0
 387 0073 01       		.uleb128 0x1
 388 0074 9C       		.byte	0x9c
 389 0075 92010000 		.4byte	0x192
 390 0079 09       		.uleb128 0x9
 391 007a 00000000 		.4byte	.LASF1
 392 007e 01       		.byte	0x1
 393 007f 28       		.byte	0x28
 394 0080 92010000 		.4byte	0x192
 395 0084 00000000 		.4byte	.LLST0
ARM GAS  /tmp/ccyshnpz.s 			page 8


 396 0088 09       		.uleb128 0x9
 397 0089 17000000 		.4byte	.LASF2
 398 008d 01       		.byte	0x1
 399 008e 28       		.byte	0x28
 400 008f 53000000 		.4byte	0x53
 401 0093 29000000 		.4byte	.LLST1
 402 0097 09       		.uleb128 0x9
 403 0098 07010000 		.4byte	.LASF3
 404 009c 01       		.byte	0x1
 405 009d 28       		.byte	0x28
 406 009e 92010000 		.4byte	0x192
 407 00a2 B5000000 		.4byte	.LLST2
 408 00a6 09       		.uleb128 0x9
 409 00a7 3C010000 		.4byte	.LASF4
 410 00ab 01       		.byte	0x1
 411 00ac 28       		.byte	0x28
 412 00ad 92010000 		.4byte	0x192
 413 00b1 F7000000 		.4byte	.LLST3
 414 00b5 09       		.uleb128 0x9
 415 00b6 29000000 		.4byte	.LASF5
 416 00ba 01       		.byte	0x1
 417 00bb 29       		.byte	0x29
 418 00bc 92010000 		.4byte	0x192
 419 00c0 2E010000 		.4byte	.LLST4
 420 00c4 09       		.uleb128 0x9
 421 00c5 45010000 		.4byte	.LASF6
 422 00c9 01       		.byte	0x1
 423 00ca 29       		.byte	0x29
 424 00cb 59000000 		.4byte	0x59
 425 00cf 66010000 		.4byte	.LLST5
 426 00d3 09       		.uleb128 0x9
 427 00d4 06000000 		.4byte	.LASF7
 428 00d8 01       		.byte	0x1
 429 00d9 29       		.byte	0x29
 430 00da 53000000 		.4byte	0x53
 431 00de 9E010000 		.4byte	.LLST6
 432 00e2 09       		.uleb128 0x9
 433 00e3 80010000 		.4byte	.LASF8
 434 00e7 01       		.byte	0x1
 435 00e8 29       		.byte	0x29
 436 00e9 53000000 		.4byte	0x53
 437 00ed ED010000 		.4byte	.LLST7
 438 00f1 0A       		.uleb128 0xa
 439 00f2 35010000 		.4byte	.LASF9
 440 00f6 01       		.byte	0x1
 441 00f7 2B       		.byte	0x2b
 442 00f8 B0010000 		.4byte	0x1b0
 443 00fc 05       		.uleb128 0x5
 444 00fd 03       		.byte	0x3
 445 00fe 00000000 		.4byte	digits.4082
 446 0102 0B       		.uleb128 0xb
 447 0103 0D000000 		.4byte	.LASF10
 448 0107 01       		.byte	0x1
 449 0108 2C       		.byte	0x2c
 450 0109 53000000 		.4byte	0x53
 451 010d 30020000 		.4byte	.LLST8
 452 0111 0B       		.uleb128 0xb
ARM GAS  /tmp/ccyshnpz.s 			page 9


 453 0112 02010000 		.4byte	.LASF11
 454 0116 01       		.byte	0x1
 455 0117 2D       		.byte	0x2d
 456 0118 92010000 		.4byte	0x192
 457 011c 7A020000 		.4byte	.LLST9
 458 0120 0B       		.uleb128 0xb
 459 0121 38000000 		.4byte	.LASF12
 460 0125 01       		.byte	0x1
 461 0126 2E       		.byte	0x2e
 462 0127 92010000 		.4byte	0x192
 463 012b A5020000 		.4byte	.LLST10
 464 012f 0C       		.uleb128 0xc
 465 0130 72656D00 		.ascii	"rem\000"
 466 0134 01       		.byte	0x1
 467 0135 2E       		.byte	0x2e
 468 0136 92010000 		.4byte	0x192
 469 013a C3020000 		.4byte	.LLST11
 470 013e 0C       		.uleb128 0xc
 471 013f 64656300 		.ascii	"dec\000"
 472 0143 01       		.byte	0x1
 473 0144 2F       		.byte	0x2f
 474 0145 92010000 		.4byte	0x192
 475 0149 F3020000 		.4byte	.LLST12
 476 014d 0B       		.uleb128 0xb
 477 014e 1E000000 		.4byte	.LASF13
 478 0152 01       		.byte	0x1
 479 0153 30       		.byte	0x30
 480 0154 92010000 		.4byte	0x192
 481 0158 12030000 		.4byte	.LLST13
 482 015c 0D       		.uleb128 0xd
 483 015d 25000000 		.4byte	0x25
 484 0161 0C010000 		.4byte	.LBB4
 485 0165 1A000000 		.4byte	.LBE4-.LBB4
 486 0169 01       		.byte	0x1
 487 016a 60       		.byte	0x60
 488 016b 0E       		.uleb128 0xe
 489 016c 3C000000 		.4byte	0x3c
 490 0170 3C030000 		.4byte	.LLST14
 491 0174 0E       		.uleb128 0xe
 492 0175 31000000 		.4byte	0x31
 493 0179 4F030000 		.4byte	.LLST15
 494 017d 0F       		.uleb128 0xf
 495 017e 0C010000 		.4byte	.LBB5
 496 0182 1A000000 		.4byte	.LBE5-.LBB5
 497 0186 10       		.uleb128 0x10
 498 0187 47000000 		.4byte	0x47
 499 018b 6D030000 		.4byte	.LLST16
 500 018f 00       		.byte	0
 501 0190 00       		.byte	0
 502 0191 00       		.byte	0
 503 0192 11       		.uleb128 0x11
 504 0193 04       		.byte	0x4
 505 0194 05       		.byte	0x5
 506 0195 696E7400 		.ascii	"int\000"
 507 0199 12       		.uleb128 0x12
 508 019a 59000000 		.4byte	0x59
 509 019e A9010000 		.4byte	0x1a9
ARM GAS  /tmp/ccyshnpz.s 			page 10


 510 01a2 13       		.uleb128 0x13
 511 01a3 A9010000 		.4byte	0x1a9
 512 01a7 10       		.byte	0x10
 513 01a8 00       		.byte	0
 514 01a9 07       		.uleb128 0x7
 515 01aa 04       		.byte	0x4
 516 01ab 07       		.byte	0x7
 517 01ac 2C010000 		.4byte	.LASF15
 518 01b0 14       		.uleb128 0x14
 519 01b1 99010000 		.4byte	0x199
 520 01b5 00       		.byte	0
 521              		.section	.debug_abbrev,"",%progbits
 522              	.Ldebug_abbrev0:
 523 0000 01       		.uleb128 0x1
 524 0001 11       		.uleb128 0x11
 525 0002 01       		.byte	0x1
 526 0003 25       		.uleb128 0x25
 527 0004 0E       		.uleb128 0xe
 528 0005 13       		.uleb128 0x13
 529 0006 0B       		.uleb128 0xb
 530 0007 03       		.uleb128 0x3
 531 0008 0E       		.uleb128 0xe
 532 0009 1B       		.uleb128 0x1b
 533 000a 0E       		.uleb128 0xe
 534 000b 55       		.uleb128 0x55
 535 000c 17       		.uleb128 0x17
 536 000d 11       		.uleb128 0x11
 537 000e 01       		.uleb128 0x1
 538 000f 10       		.uleb128 0x10
 539 0010 17       		.uleb128 0x17
 540 0011 00       		.byte	0
 541 0012 00       		.byte	0
 542 0013 02       		.uleb128 0x2
 543 0014 2E       		.uleb128 0x2e
 544 0015 01       		.byte	0x1
 545 0016 03       		.uleb128 0x3
 546 0017 0E       		.uleb128 0xe
 547 0018 3A       		.uleb128 0x3a
 548 0019 0B       		.uleb128 0xb
 549 001a 3B       		.uleb128 0x3b
 550 001b 0B       		.uleb128 0xb
 551 001c 27       		.uleb128 0x27
 552 001d 19       		.uleb128 0x19
 553 001e 20       		.uleb128 0x20
 554 001f 0B       		.uleb128 0xb
 555 0020 01       		.uleb128 0x1
 556 0021 13       		.uleb128 0x13
 557 0022 00       		.byte	0
 558 0023 00       		.byte	0
 559 0024 03       		.uleb128 0x3
 560 0025 05       		.uleb128 0x5
 561 0026 00       		.byte	0
 562 0027 03       		.uleb128 0x3
 563 0028 0E       		.uleb128 0xe
 564 0029 3A       		.uleb128 0x3a
 565 002a 0B       		.uleb128 0xb
 566 002b 3B       		.uleb128 0x3b
ARM GAS  /tmp/ccyshnpz.s 			page 11


 567 002c 0B       		.uleb128 0xb
 568 002d 49       		.uleb128 0x49
 569 002e 13       		.uleb128 0x13
 570 002f 00       		.byte	0
 571 0030 00       		.byte	0
 572 0031 04       		.uleb128 0x4
 573 0032 05       		.uleb128 0x5
 574 0033 00       		.byte	0
 575 0034 03       		.uleb128 0x3
 576 0035 08       		.uleb128 0x8
 577 0036 3A       		.uleb128 0x3a
 578 0037 0B       		.uleb128 0xb
 579 0038 3B       		.uleb128 0x3b
 580 0039 0B       		.uleb128 0xb
 581 003a 49       		.uleb128 0x49
 582 003b 13       		.uleb128 0x13
 583 003c 00       		.byte	0
 584 003d 00       		.byte	0
 585 003e 05       		.uleb128 0x5
 586 003f 34       		.uleb128 0x34
 587 0040 00       		.byte	0
 588 0041 03       		.uleb128 0x3
 589 0042 08       		.uleb128 0x8
 590 0043 3A       		.uleb128 0x3a
 591 0044 0B       		.uleb128 0xb
 592 0045 3B       		.uleb128 0x3b
 593 0046 0B       		.uleb128 0xb
 594 0047 49       		.uleb128 0x49
 595 0048 13       		.uleb128 0x13
 596 0049 00       		.byte	0
 597 004a 00       		.byte	0
 598 004b 06       		.uleb128 0x6
 599 004c 0F       		.uleb128 0xf
 600 004d 00       		.byte	0
 601 004e 0B       		.uleb128 0xb
 602 004f 0B       		.uleb128 0xb
 603 0050 49       		.uleb128 0x49
 604 0051 13       		.uleb128 0x13
 605 0052 00       		.byte	0
 606 0053 00       		.byte	0
 607 0054 07       		.uleb128 0x7
 608 0055 24       		.uleb128 0x24
 609 0056 00       		.byte	0
 610 0057 0B       		.uleb128 0xb
 611 0058 0B       		.uleb128 0xb
 612 0059 3E       		.uleb128 0x3e
 613 005a 0B       		.uleb128 0xb
 614 005b 03       		.uleb128 0x3
 615 005c 0E       		.uleb128 0xe
 616 005d 00       		.byte	0
 617 005e 00       		.byte	0
 618 005f 08       		.uleb128 0x8
 619 0060 2E       		.uleb128 0x2e
 620 0061 01       		.byte	0x1
 621 0062 3F       		.uleb128 0x3f
 622 0063 19       		.uleb128 0x19
 623 0064 03       		.uleb128 0x3
ARM GAS  /tmp/ccyshnpz.s 			page 12


 624 0065 0E       		.uleb128 0xe
 625 0066 3A       		.uleb128 0x3a
 626 0067 0B       		.uleb128 0xb
 627 0068 3B       		.uleb128 0x3b
 628 0069 0B       		.uleb128 0xb
 629 006a 27       		.uleb128 0x27
 630 006b 19       		.uleb128 0x19
 631 006c 49       		.uleb128 0x49
 632 006d 13       		.uleb128 0x13
 633 006e 11       		.uleb128 0x11
 634 006f 01       		.uleb128 0x1
 635 0070 12       		.uleb128 0x12
 636 0071 06       		.uleb128 0x6
 637 0072 40       		.uleb128 0x40
 638 0073 18       		.uleb128 0x18
 639 0074 9642     		.uleb128 0x2116
 640 0076 19       		.uleb128 0x19
 641 0077 01       		.uleb128 0x1
 642 0078 13       		.uleb128 0x13
 643 0079 00       		.byte	0
 644 007a 00       		.byte	0
 645 007b 09       		.uleb128 0x9
 646 007c 05       		.uleb128 0x5
 647 007d 00       		.byte	0
 648 007e 03       		.uleb128 0x3
 649 007f 0E       		.uleb128 0xe
 650 0080 3A       		.uleb128 0x3a
 651 0081 0B       		.uleb128 0xb
 652 0082 3B       		.uleb128 0x3b
 653 0083 0B       		.uleb128 0xb
 654 0084 49       		.uleb128 0x49
 655 0085 13       		.uleb128 0x13
 656 0086 02       		.uleb128 0x2
 657 0087 17       		.uleb128 0x17
 658 0088 00       		.byte	0
 659 0089 00       		.byte	0
 660 008a 0A       		.uleb128 0xa
 661 008b 34       		.uleb128 0x34
 662 008c 00       		.byte	0
 663 008d 03       		.uleb128 0x3
 664 008e 0E       		.uleb128 0xe
 665 008f 3A       		.uleb128 0x3a
 666 0090 0B       		.uleb128 0xb
 667 0091 3B       		.uleb128 0x3b
 668 0092 0B       		.uleb128 0xb
 669 0093 49       		.uleb128 0x49
 670 0094 13       		.uleb128 0x13
 671 0095 02       		.uleb128 0x2
 672 0096 18       		.uleb128 0x18
 673 0097 00       		.byte	0
 674 0098 00       		.byte	0
 675 0099 0B       		.uleb128 0xb
 676 009a 34       		.uleb128 0x34
 677 009b 00       		.byte	0
 678 009c 03       		.uleb128 0x3
 679 009d 0E       		.uleb128 0xe
 680 009e 3A       		.uleb128 0x3a
ARM GAS  /tmp/ccyshnpz.s 			page 13


 681 009f 0B       		.uleb128 0xb
 682 00a0 3B       		.uleb128 0x3b
 683 00a1 0B       		.uleb128 0xb
 684 00a2 49       		.uleb128 0x49
 685 00a3 13       		.uleb128 0x13
 686 00a4 02       		.uleb128 0x2
 687 00a5 17       		.uleb128 0x17
 688 00a6 00       		.byte	0
 689 00a7 00       		.byte	0
 690 00a8 0C       		.uleb128 0xc
 691 00a9 34       		.uleb128 0x34
 692 00aa 00       		.byte	0
 693 00ab 03       		.uleb128 0x3
 694 00ac 08       		.uleb128 0x8
 695 00ad 3A       		.uleb128 0x3a
 696 00ae 0B       		.uleb128 0xb
 697 00af 3B       		.uleb128 0x3b
 698 00b0 0B       		.uleb128 0xb
 699 00b1 49       		.uleb128 0x49
 700 00b2 13       		.uleb128 0x13
 701 00b3 02       		.uleb128 0x2
 702 00b4 17       		.uleb128 0x17
 703 00b5 00       		.byte	0
 704 00b6 00       		.byte	0
 705 00b7 0D       		.uleb128 0xd
 706 00b8 1D       		.uleb128 0x1d
 707 00b9 01       		.byte	0x1
 708 00ba 31       		.uleb128 0x31
 709 00bb 13       		.uleb128 0x13
 710 00bc 11       		.uleb128 0x11
 711 00bd 01       		.uleb128 0x1
 712 00be 12       		.uleb128 0x12
 713 00bf 06       		.uleb128 0x6
 714 00c0 58       		.uleb128 0x58
 715 00c1 0B       		.uleb128 0xb
 716 00c2 59       		.uleb128 0x59
 717 00c3 0B       		.uleb128 0xb
 718 00c4 00       		.byte	0
 719 00c5 00       		.byte	0
 720 00c6 0E       		.uleb128 0xe
 721 00c7 05       		.uleb128 0x5
 722 00c8 00       		.byte	0
 723 00c9 31       		.uleb128 0x31
 724 00ca 13       		.uleb128 0x13
 725 00cb 02       		.uleb128 0x2
 726 00cc 17       		.uleb128 0x17
 727 00cd 00       		.byte	0
 728 00ce 00       		.byte	0
 729 00cf 0F       		.uleb128 0xf
 730 00d0 0B       		.uleb128 0xb
 731 00d1 01       		.byte	0x1
 732 00d2 11       		.uleb128 0x11
 733 00d3 01       		.uleb128 0x1
 734 00d4 12       		.uleb128 0x12
 735 00d5 06       		.uleb128 0x6
 736 00d6 00       		.byte	0
 737 00d7 00       		.byte	0
ARM GAS  /tmp/ccyshnpz.s 			page 14


 738 00d8 10       		.uleb128 0x10
 739 00d9 34       		.uleb128 0x34
 740 00da 00       		.byte	0
 741 00db 31       		.uleb128 0x31
 742 00dc 13       		.uleb128 0x13
 743 00dd 02       		.uleb128 0x2
 744 00de 17       		.uleb128 0x17
 745 00df 00       		.byte	0
 746 00e0 00       		.byte	0
 747 00e1 11       		.uleb128 0x11
 748 00e2 24       		.uleb128 0x24
 749 00e3 00       		.byte	0
 750 00e4 0B       		.uleb128 0xb
 751 00e5 0B       		.uleb128 0xb
 752 00e6 3E       		.uleb128 0x3e
 753 00e7 0B       		.uleb128 0xb
 754 00e8 03       		.uleb128 0x3
 755 00e9 08       		.uleb128 0x8
 756 00ea 00       		.byte	0
 757 00eb 00       		.byte	0
 758 00ec 12       		.uleb128 0x12
 759 00ed 01       		.uleb128 0x1
 760 00ee 01       		.byte	0x1
 761 00ef 49       		.uleb128 0x49
 762 00f0 13       		.uleb128 0x13
 763 00f1 01       		.uleb128 0x1
 764 00f2 13       		.uleb128 0x13
 765 00f3 00       		.byte	0
 766 00f4 00       		.byte	0
 767 00f5 13       		.uleb128 0x13
 768 00f6 21       		.uleb128 0x21
 769 00f7 00       		.byte	0
 770 00f8 49       		.uleb128 0x49
 771 00f9 13       		.uleb128 0x13
 772 00fa 2F       		.uleb128 0x2f
 773 00fb 0B       		.uleb128 0xb
 774 00fc 00       		.byte	0
 775 00fd 00       		.byte	0
 776 00fe 14       		.uleb128 0x14
 777 00ff 26       		.uleb128 0x26
 778 0100 00       		.byte	0
 779 0101 49       		.uleb128 0x49
 780 0102 13       		.uleb128 0x13
 781 0103 00       		.byte	0
 782 0104 00       		.byte	0
 783 0105 00       		.byte	0
 784              		.section	.debug_loc,"",%progbits
 785              	.Ldebug_loc0:
 786              	.LLST0:
 787 0000 00000000 		.4byte	.LVL0
 788 0004 3C000000 		.4byte	.LVL7
 789 0008 0100     		.2byte	0x1
 790 000a 50       		.byte	0x50
 791 000b 3C000000 		.4byte	.LVL7
 792 000f 94000000 		.4byte	.LVL25
 793 0013 0100     		.2byte	0x1
 794 0015 57       		.byte	0x57
ARM GAS  /tmp/ccyshnpz.s 			page 15


 795 0016 94000000 		.4byte	.LVL25
 796 001a A2000000 		.4byte	.LVL29
 797 001e 0100     		.2byte	0x1
 798 0020 56       		.byte	0x56
 799 0021 00000000 		.4byte	0
 800 0025 00000000 		.4byte	0
 801              	.LLST1:
 802 0029 00000000 		.4byte	.LVL0
 803 002d 1A000000 		.4byte	.LVL2
 804 0031 0100     		.2byte	0x1
 805 0033 51       		.byte	0x51
 806 0034 1A000000 		.4byte	.LVL2
 807 0038 48000000 		.4byte	.LVL8
 808 003c 0100     		.2byte	0x1
 809 003e 5B       		.byte	0x5b
 810 003f 48000000 		.4byte	.LVL8
 811 0043 5C000000 		.4byte	.LVL11
 812 0047 0100     		.2byte	0x1
 813 0049 55       		.byte	0x55
 814 004a 5C000000 		.4byte	.LVL11
 815 004e 60000000 		.4byte	.LVL12
 816 0052 0100     		.2byte	0x1
 817 0054 5B       		.byte	0x5b
 818 0055 60000000 		.4byte	.LVL12
 819 0059 62000000 		.4byte	.LVL13
 820 005d 0100     		.2byte	0x1
 821 005f 54       		.byte	0x54
 822 0060 62000000 		.4byte	.LVL13
 823 0064 76000000 		.4byte	.LVL19
 824 0068 0100     		.2byte	0x1
 825 006a 55       		.byte	0x55
 826 006b 76000000 		.4byte	.LVL19
 827 006f 7A000000 		.4byte	.LVL21
 828 0073 0100     		.2byte	0x1
 829 0075 51       		.byte	0x51
 830 0076 7A000000 		.4byte	.LVL21
 831 007a 8E000000 		.4byte	.LVL23
 832 007e 0100     		.2byte	0x1
 833 0080 58       		.byte	0x58
 834 0081 8E000000 		.4byte	.LVL23
 835 0085 92000000 		.4byte	.LVL24
 836 0089 0100     		.2byte	0x1
 837 008b 51       		.byte	0x51
 838 008c 92000000 		.4byte	.LVL24
 839 0090 AA000000 		.4byte	.LVL30
 840 0094 0100     		.2byte	0x1
 841 0096 58       		.byte	0x58
 842 0097 AA000000 		.4byte	.LVL30
 843 009b AC000000 		.4byte	.LVL31
 844 009f 0100     		.2byte	0x1
 845 00a1 53       		.byte	0x53
 846 00a2 AC000000 		.4byte	.LVL31
 847 00a6 32010000 		.4byte	.LVL49
 848 00aa 0100     		.2byte	0x1
 849 00ac 54       		.byte	0x54
 850 00ad 00000000 		.4byte	0
 851 00b1 00000000 		.4byte	0
ARM GAS  /tmp/ccyshnpz.s 			page 16


 852              	.LLST2:
 853 00b5 00000000 		.4byte	.LVL0
 854 00b9 24000000 		.4byte	.LVL5
 855 00bd 0100     		.2byte	0x1
 856 00bf 52       		.byte	0x52
 857 00c0 24000000 		.4byte	.LVL5
 858 00c4 5C000000 		.4byte	.LVL11
 859 00c8 0100     		.2byte	0x1
 860 00ca 5A       		.byte	0x5a
 861 00cb 5C000000 		.4byte	.LVL11
 862 00cf 62000000 		.4byte	.LVL13
 863 00d3 0100     		.2byte	0x1
 864 00d5 51       		.byte	0x51
 865 00d6 62000000 		.4byte	.LVL13
 866 00da 32010000 		.4byte	.LVL50
 867 00de 0100     		.2byte	0x1
 868 00e0 5A       		.byte	0x5a
 869 00e1 32010000 		.4byte	.LVL50
 870 00e5 44010000 		.4byte	.LFE0
 871 00e9 0400     		.2byte	0x4
 872 00eb F3       		.byte	0xf3
 873 00ec 01       		.uleb128 0x1
 874 00ed 52       		.byte	0x52
 875 00ee 9F       		.byte	0x9f
 876 00ef 00000000 		.4byte	0
 877 00f3 00000000 		.4byte	0
 878              	.LLST3:
 879 00f7 00000000 		.4byte	.LVL0
 880 00fb 18000000 		.4byte	.LVL1
 881 00ff 0100     		.2byte	0x1
 882 0101 53       		.byte	0x53
 883 0102 18000000 		.4byte	.LVL1
 884 0106 1A000000 		.4byte	.LVL2
 885 010a 0200     		.2byte	0x2
 886 010c 73       		.byte	0x73
 887 010d 4C       		.sleb128 -52
 888 010e 1A000000 		.4byte	.LVL2
 889 0112 1C000000 		.4byte	.LVL3
 890 0116 0200     		.2byte	0x2
 891 0118 73       		.byte	0x73
 892 0119 48       		.sleb128 -56
 893 011a 1C000000 		.4byte	.LVL3
 894 011e 44010000 		.4byte	.LFE0
 895 0122 0200     		.2byte	0x2
 896 0124 91       		.byte	0x91
 897 0125 4C       		.sleb128 -52
 898 0126 00000000 		.4byte	0
 899 012a 00000000 		.4byte	0
 900              	.LLST4:
 901 012e 00000000 		.4byte	.LVL0
 902 0132 18000000 		.4byte	.LVL1
 903 0136 0200     		.2byte	0x2
 904 0138 91       		.byte	0x91
 905 0139 00       		.sleb128 0
 906 013a 18000000 		.4byte	.LVL1
 907 013e 1A000000 		.4byte	.LVL2
 908 0142 0200     		.2byte	0x2
ARM GAS  /tmp/ccyshnpz.s 			page 17


 909 0144 73       		.byte	0x73
 910 0145 00       		.sleb128 0
 911 0146 1A000000 		.4byte	.LVL2
 912 014a 1C000000 		.4byte	.LVL3
 913 014e 0200     		.2byte	0x2
 914 0150 73       		.byte	0x73
 915 0151 7C       		.sleb128 -4
 916 0152 1C000000 		.4byte	.LVL3
 917 0156 44010000 		.4byte	.LFE0
 918 015a 0200     		.2byte	0x2
 919 015c 91       		.byte	0x91
 920 015d 00       		.sleb128 0
 921 015e 00000000 		.4byte	0
 922 0162 00000000 		.4byte	0
 923              	.LLST5:
 924 0166 00000000 		.4byte	.LVL0
 925 016a 18000000 		.4byte	.LVL1
 926 016e 0200     		.2byte	0x2
 927 0170 91       		.byte	0x91
 928 0171 04       		.sleb128 4
 929 0172 18000000 		.4byte	.LVL1
 930 0176 1A000000 		.4byte	.LVL2
 931 017a 0200     		.2byte	0x2
 932 017c 73       		.byte	0x73
 933 017d 04       		.sleb128 4
 934 017e 1A000000 		.4byte	.LVL2
 935 0182 1C000000 		.4byte	.LVL3
 936 0186 0200     		.2byte	0x2
 937 0188 73       		.byte	0x73
 938 0189 00       		.sleb128 0
 939 018a 1C000000 		.4byte	.LVL3
 940 018e 44010000 		.4byte	.LFE0
 941 0192 0200     		.2byte	0x2
 942 0194 91       		.byte	0x91
 943 0195 04       		.sleb128 4
 944 0196 00000000 		.4byte	0
 945 019a 00000000 		.4byte	0
 946              	.LLST6:
 947 019e 00000000 		.4byte	.LVL0
 948 01a2 18000000 		.4byte	.LVL1
 949 01a6 0200     		.2byte	0x2
 950 01a8 91       		.byte	0x91
 951 01a9 08       		.sleb128 8
 952 01aa 18000000 		.4byte	.LVL1
 953 01ae 1A000000 		.4byte	.LVL2
 954 01b2 0200     		.2byte	0x2
 955 01b4 73       		.byte	0x73
 956 01b5 08       		.sleb128 8
 957 01b6 1A000000 		.4byte	.LVL2
 958 01ba 1C000000 		.4byte	.LVL3
 959 01be 0200     		.2byte	0x2
 960 01c0 73       		.byte	0x73
 961 01c1 04       		.sleb128 4
 962 01c2 1C000000 		.4byte	.LVL3
 963 01c6 EE000000 		.4byte	.LVL37
 964 01ca 0200     		.2byte	0x2
 965 01cc 91       		.byte	0x91
ARM GAS  /tmp/ccyshnpz.s 			page 18


 966 01cd 08       		.sleb128 8
 967 01ce EE000000 		.4byte	.LVL37
 968 01d2 26010000 		.4byte	.LVL46
 969 01d6 0100     		.2byte	0x1
 970 01d8 56       		.byte	0x56
 971 01d9 26010000 		.4byte	.LVL46
 972 01dd 2A010000 		.4byte	.LVL48
 973 01e1 0200     		.2byte	0x2
 974 01e3 91       		.byte	0x91
 975 01e4 08       		.sleb128 8
 976 01e5 00000000 		.4byte	0
 977 01e9 00000000 		.4byte	0
 978              	.LLST7:
 979 01ed 00000000 		.4byte	.LVL0
 980 01f1 18000000 		.4byte	.LVL1
 981 01f5 0200     		.2byte	0x2
 982 01f7 91       		.byte	0x91
 983 01f8 0C       		.sleb128 12
 984 01f9 18000000 		.4byte	.LVL1
 985 01fd 1A000000 		.4byte	.LVL2
 986 0201 0200     		.2byte	0x2
 987 0203 73       		.byte	0x73
 988 0204 0C       		.sleb128 12
 989 0205 1A000000 		.4byte	.LVL2
 990 0209 1C000000 		.4byte	.LVL3
 991 020d 0200     		.2byte	0x2
 992 020f 73       		.byte	0x73
 993 0210 08       		.sleb128 8
 994 0211 1C000000 		.4byte	.LVL3
 995 0215 3C000000 		.4byte	.LVL7
 996 0219 0200     		.2byte	0x2
 997 021b 91       		.byte	0x91
 998 021c 0C       		.sleb128 12
 999 021d 3C000000 		.4byte	.LVL7
 1000 0221 64000000 		.4byte	.LVL14
 1001 0225 0100     		.2byte	0x1
 1002 0227 53       		.byte	0x53
 1003 0228 00000000 		.4byte	0
 1004 022c 00000000 		.4byte	0
 1005              	.LLST8:
 1006 0230 22000000 		.4byte	.LVL4
 1007 0234 60000000 		.4byte	.LVL12
 1008 0238 0100     		.2byte	0x1
 1009 023a 5B       		.byte	0x5b
 1010 023b 60000000 		.4byte	.LVL12
 1011 023f 66000000 		.4byte	.LVL15
 1012 0243 0100     		.2byte	0x1
 1013 0245 54       		.byte	0x54
 1014 0246 66000000 		.4byte	.LVL15
 1015 024a DE000000 		.4byte	.LVL35
 1016 024e 0100     		.2byte	0x1
 1017 0250 5B       		.byte	0x5b
 1018 0251 DE000000 		.4byte	.LVL35
 1019 0255 EE000000 		.4byte	.LVL37
 1020 0259 0100     		.2byte	0x1
 1021 025b 51       		.byte	0x51
 1022 025c EE000000 		.4byte	.LVL37
ARM GAS  /tmp/ccyshnpz.s 			page 19


 1023 0260 32010000 		.4byte	.LVL51
 1024 0264 0100     		.2byte	0x1
 1025 0266 5B       		.byte	0x5b
 1026 0267 32010000 		.4byte	.LVL51
 1027 026b 44010000 		.4byte	.LFE0
 1028 026f 0100     		.2byte	0x1
 1029 0271 50       		.byte	0x50
 1030 0272 00000000 		.4byte	0
 1031 0276 00000000 		.4byte	0
 1032              	.LLST9:
 1033 027a 22000000 		.4byte	.LVL4
 1034 027e 34000000 		.4byte	.LVL6
 1035 0282 0200     		.2byte	0x2
 1036 0284 30       		.byte	0x30
 1037 0285 9F       		.byte	0x9f
 1038 0286 34000000 		.4byte	.LVL6
 1039 028a 3C000000 		.4byte	.LVL7
 1040 028e 0100     		.2byte	0x1
 1041 0290 50       		.byte	0x50
 1042 0291 3C000000 		.4byte	.LVL7
 1043 0295 2A010000 		.4byte	.LVL48
 1044 0299 0200     		.2byte	0x2
 1045 029b 91       		.byte	0x91
 1046 029c 54       		.sleb128 -44
 1047 029d 00000000 		.4byte	0
 1048 02a1 00000000 		.4byte	0
 1049              	.LLST10:
 1050 02a5 72000000 		.4byte	.LVL18
 1051 02a9 78000000 		.4byte	.LVL20
 1052 02ad 0100     		.2byte	0x1
 1053 02af 50       		.byte	0x50
 1054 02b0 78000000 		.4byte	.LVL20
 1055 02b4 A2000000 		.4byte	.LVL29
 1056 02b8 0100     		.2byte	0x1
 1057 02ba 56       		.byte	0x56
 1058 02bb 00000000 		.4byte	0
 1059 02bf 00000000 		.4byte	0
 1060              	.LLST11:
 1061 02c3 72000000 		.4byte	.LVL18
 1062 02c7 9A000000 		.4byte	.LVL26
 1063 02cb 0A00     		.2byte	0xa
 1064 02cd 77       		.byte	0x77
 1065 02ce 00       		.sleb128 0
 1066 02cf 7A       		.byte	0x7a
 1067 02d0 00       		.sleb128 0
 1068 02d1 14       		.byte	0x14
 1069 02d2 14       		.byte	0x14
 1070 02d3 1B       		.byte	0x1b
 1071 02d4 1E       		.byte	0x1e
 1072 02d5 1C       		.byte	0x1c
 1073 02d6 9F       		.byte	0x9f
 1074 02d7 9E000000 		.4byte	.LVL27
 1075 02db 2A010000 		.4byte	.LVL48
 1076 02df 0A00     		.2byte	0xa
 1077 02e1 77       		.byte	0x77
 1078 02e2 00       		.sleb128 0
 1079 02e3 7A       		.byte	0x7a
ARM GAS  /tmp/ccyshnpz.s 			page 20


 1080 02e4 00       		.sleb128 0
 1081 02e5 14       		.byte	0x14
 1082 02e6 14       		.byte	0x14
 1083 02e7 1B       		.byte	0x1b
 1084 02e8 1E       		.byte	0x1e
 1085 02e9 1C       		.byte	0x1c
 1086 02ea 9F       		.byte	0x9f
 1087 02eb 00000000 		.4byte	0
 1088 02ef 00000000 		.4byte	0
 1089              	.LLST12:
 1090 02f3 22000000 		.4byte	.LVL4
 1091 02f7 68000000 		.4byte	.LVL16
 1092 02fb 0200     		.2byte	0x2
 1093 02fd 31       		.byte	0x31
 1094 02fe 9F       		.byte	0x9f
 1095 02ff 68000000 		.4byte	.LVL16
 1096 0303 A0000000 		.4byte	.LVL28
 1097 0307 0100     		.2byte	0x1
 1098 0309 54       		.byte	0x54
 1099 030a 00000000 		.4byte	0
 1100 030e 00000000 		.4byte	0
 1101              	.LLST13:
 1102 0312 22000000 		.4byte	.LVL4
 1103 0316 C2000000 		.4byte	.LVL32
 1104 031a 0200     		.2byte	0x2
 1105 031c 30       		.byte	0x30
 1106 031d 9F       		.byte	0x9f
 1107 031e D0000000 		.4byte	.LVL33
 1108 0322 D8000000 		.4byte	.LVL34
 1109 0326 0100     		.2byte	0x1
 1110 0328 53       		.byte	0x53
 1111 0329 26010000 		.4byte	.LVL46
 1112 032d 2A010000 		.4byte	.LVL48
 1113 0331 0100     		.2byte	0x1
 1114 0333 53       		.byte	0x53
 1115 0334 00000000 		.4byte	0
 1116 0338 00000000 		.4byte	0
 1117              	.LLST14:
 1118 033c 0C010000 		.4byte	.LVL40
 1119 0340 26010000 		.4byte	.LVL46
 1120 0344 0100     		.2byte	0x1
 1121 0346 53       		.byte	0x53
 1122 0347 00000000 		.4byte	0
 1123 034b 00000000 		.4byte	0
 1124              	.LLST15:
 1125 034f 0C010000 		.4byte	.LVL40
 1126 0353 12010000 		.4byte	.LVL41
 1127 0357 0100     		.2byte	0x1
 1128 0359 5B       		.byte	0x5b
 1129 035a 12010000 		.4byte	.LVL41
 1130 035e 26010000 		.4byte	.LVL46
 1131 0362 0100     		.2byte	0x1
 1132 0364 52       		.byte	0x52
 1133 0365 00000000 		.4byte	0
 1134 0369 00000000 		.4byte	0
 1135              	.LLST16:
 1136 036d 14010000 		.4byte	.LVL42
ARM GAS  /tmp/ccyshnpz.s 			page 21


 1137 0371 16010000 		.4byte	.LVL43
 1138 0375 0200     		.2byte	0x2
 1139 0377 73       		.byte	0x73
 1140 0378 00       		.sleb128 0
 1141 0379 16010000 		.4byte	.LVL43
 1142 037d 1A010000 		.4byte	.LVL44
 1143 0381 0200     		.2byte	0x2
 1144 0383 73       		.byte	0x73
 1145 0384 01       		.sleb128 1
 1146 0385 1A010000 		.4byte	.LVL44
 1147 0389 26010000 		.4byte	.LVL46
 1148 038d 0100     		.2byte	0x1
 1149 038f 50       		.byte	0x50
 1150 0390 00000000 		.4byte	0
 1151 0394 00000000 		.4byte	0
 1152              		.section	.debug_aranges,"",%progbits
 1153 0000 1C000000 		.4byte	0x1c
 1154 0004 0200     		.2byte	0x2
 1155 0006 00000000 		.4byte	.Ldebug_info0
 1156 000a 04       		.byte	0x4
 1157 000b 00       		.byte	0
 1158 000c 0000     		.2byte	0
 1159 000e 0000     		.2byte	0
 1160 0010 00000000 		.4byte	.LFB0
 1161 0014 44010000 		.4byte	.LFE0-.LFB0
 1162 0018 00000000 		.4byte	0
 1163 001c 00000000 		.4byte	0
 1164              		.section	.debug_ranges,"",%progbits
 1165              	.Ldebug_ranges0:
 1166 0000 00000000 		.4byte	.LFB0
 1167 0004 44010000 		.4byte	.LFE0
 1168 0008 00000000 		.4byte	0
 1169 000c 00000000 		.4byte	0
 1170              		.section	.debug_line,"",%progbits
 1171              	.Ldebug_line0:
 1172 0000 98000000 		.section	.debug_str,"MS",%progbits,1
 1172      02002100 
 1172      00000201 
 1172      FB0E0D00 
 1172      01010101 
 1173              	.LASF1:
 1174 0000 76616C75 		.ascii	"value\000"
 1174      6500
 1175              	.LASF7:
 1176 0006 70726566 		.ascii	"prefix\000"
 1176      697800
 1177              	.LASF10:
 1178 000d 746D7042 		.ascii	"tmpBuffer\000"
 1178      75666665 
 1178      7200
 1179              	.LASF2:
 1180 0017 62756666 		.ascii	"buffer\000"
 1180      657200
 1181              	.LASF13:
 1182 001e 70726566 		.ascii	"prefLength\000"
 1182      4C656E67 
 1182      746800
ARM GAS  /tmp/ccyshnpz.s 			page 22


 1183              	.LASF5:
 1184 0029 65787065 		.ascii	"expectedLength\000"
 1184      63746564 
 1184      4C656E67 
 1184      746800
 1185              	.LASF12:
 1186 0038 71756F74 		.ascii	"quot\000"
 1186      00
 1187              	.LASF16:
 1188 003d 474E5520 		.ascii	"GNU C 4.8.4 20140526 (release) [ARM/embedded-4_8-br"
 1188      4320342E 
 1188      382E3420 
 1188      32303134 
 1188      30353236 
 1189 0070 616E6368 		.ascii	"anch revision 211358] -mcpu=cortex-m0 -mno-thumb-in"
 1189      20726576 
 1189      6973696F 
 1189      6E203231 
 1189      31333538 
 1190 00a3 74657277 		.ascii	"terwork -mthumb -ggdb -O1 -fomit-frame-pointer -ffu"
 1190      6F726B20 
 1190      2D6D7468 
 1190      756D6220 
 1190      2D676764 
 1191 00d6 6E637469 		.ascii	"nction-sections -fdata-sections -fno-common\000"
 1191      6F6E2D73 
 1191      65637469 
 1191      6F6E7320 
 1191      2D666461 
 1192              	.LASF11:
 1193 0102 7369676E 		.ascii	"sign\000"
 1193      00
 1194              	.LASF3:
 1195 0107 62617365 		.ascii	"base\000"
 1195      00
 1196              	.LASF19:
 1197 010c 5F5F7265 		.ascii	"__reverse\000"
 1197      76657273 
 1197      6500
 1198              	.LASF14:
 1199 0116 63686172 		.ascii	"char\000"
 1199      00
 1200              	.LASF0:
 1201 011b 73746172 		.ascii	"start\000"
 1201      7400
 1202              	.LASF17:
 1203 0121 7372632F 		.ascii	"src/itoa.c\000"
 1203      69746F61 
 1203      2E6300
 1204              	.LASF15:
 1205 012c 73697A65 		.ascii	"sizetype\000"
 1205      74797065 
 1205      00
 1206              	.LASF9:
 1207 0135 64696769 		.ascii	"digits\000"
 1207      747300
 1208              	.LASF4:
ARM GAS  /tmp/ccyshnpz.s 			page 23


 1209 013c 64656369 		.ascii	"decimals\000"
 1209      6D616C73 
 1209      00
 1210              	.LASF6:
 1211 0145 70616464 		.ascii	"padding_char\000"
 1211      696E675F 
 1211      63686172 
 1211      00
 1212              	.LASF18:
 1213 0152 2F484444 		.ascii	"/HDD/Projects/workspace_test4/Altimeter/\000"
 1213      2F50726F 
 1213      6A656374 
 1213      732F776F 
 1213      726B7370 
 1214              	.LASF20:
 1215 017b 69746F61 		.ascii	"itoa\000"
 1215      00
 1216              	.LASF8:
 1217 0180 73756666 		.ascii	"suffix\000"
 1217      697800
 1218              		.ident	"GCC: (GNU Tools for ARM Embedded Processors) 4.8.4 20140526 (release) [ARM/embedded-4_8-br
ARM GAS  /tmp/ccyshnpz.s 			page 24


DEFINED SYMBOLS
                            *ABS*:00000000 itoa.c
     /tmp/ccyshnpz.s:20     .text.itoa:00000000 $t
     /tmp/ccyshnpz.s:25     .text.itoa:00000000 itoa
     /tmp/ccyshnpz.s:324    .text.itoa:00000140 $d
     /tmp/ccyshnpz.s:329    .rodata.digits.4082:00000000 $d
     /tmp/ccyshnpz.s:333    .rodata.digits.4082:00000000 digits.4082
                     .debug_frame:00000010 $d

UNDEFINED SYMBOLS
__aeabi_idiv
__aeabi_idivmod
