ARM GAS  /tmp/cca3wkSE.s 			page 1


   1              		.cpu cortex-m0
   2              		.fpu softvfp
   3              		.eabi_attribute 20, 1
   4              		.eabi_attribute 21, 1
   5              		.eabi_attribute 23, 3
   6              		.eabi_attribute 24, 1
   7              		.eabi_attribute 25, 1
   8              		.eabi_attribute 26, 1
   9              		.eabi_attribute 30, 1
  10              		.eabi_attribute 34, 0
  11              		.eabi_attribute 18, 4
  12              		.code	16
  13              		.file	"pal.c"
  14              		.text
  15              	.Ltext0:
  16              		.cfi_sections	.debug_frame
  17              		.section	.text.palReadBus,"ax",%progbits
  18              		.align	2
  19              		.global	palReadBus
  20              		.code	16
  21              		.thumb_func
  22              		.type	palReadBus, %function
  23              	palReadBus:
  24              	.LFB39:
  25              		.file 1 "ChibiOS_2.6.5/os/hal/src/pal.c"
  26              		.loc 1 77 0
  27              		.cfi_startproc
  28              	.LVL0:
  29              		.loc 1 82 0
  30 0000 0168     		ldr	r1, [r0]
  31 0002 8423     		mov	r3, #132
  32 0004 1B01     		lsl	r3, r3, #4
  33 0006 CA18     		add	r2, r1, r3
  34 0008 9200     		lsl	r2, r2, #2
  35 000a A023     		mov	r3, #160
  36 000c DB05     		lsl	r3, r3, #23
  37 000e D358     		ldr	r3, [r2, r3]
  38 0010 8168     		ldr	r1, [r0, #8]
  39 0012 CB40     		lsr	r3, r3, r1
  40 0014 4068     		ldr	r0, [r0, #4]
  41              	.LVL1:
  42 0016 1840     		and	r0, r3
  43              		.loc 1 83 0
  44              		@ sp needed
  45 0018 7047     		bx	lr
  46              		.cfi_endproc
  47              	.LFE39:
  48              		.size	palReadBus, .-palReadBus
  49 001a C046     		.section	.text.palWriteBus,"ax",%progbits
  50              		.align	2
  51              		.global	palWriteBus
  52              		.code	16
  53              		.thumb_func
  54              		.type	palWriteBus, %function
  55              	palWriteBus:
  56              	.LFB40:
  57              		.loc 1 103 0
ARM GAS  /tmp/cca3wkSE.s 			page 2


  58              		.cfi_startproc
  59              	.LVL2:
  60 0000 30B5     		push	{r4, r5, lr}
  61              		.cfi_def_cfa_offset 12
  62              		.cfi_offset 4, -12
  63              		.cfi_offset 5, -8
  64              		.cfi_offset 14, -4
  65 0002 0268     		ldr	r2, [r0]
  66 0004 9300     		lsl	r3, r2, #2
  67 0006 A022     		mov	r2, #160
  68 0008 D205     		lsl	r2, r2, #23
  69 000a 9B18     		add	r3, r3, r2
  70              		.loc 1 108 0
  71 000c 8822     		mov	r2, #136
  72 000e 9201     		lsl	r2, r2, #6
  73 0010 9D58     		ldr	r5, [r3, r2]
  74 0012 4468     		ldr	r4, [r0, #4]
  75 0014 8268     		ldr	r2, [r0, #8]
  76 0016 2140     		and	r1, r4
  77              	.LVL3:
  78 0018 081C     		mov	r0, r1
  79              	.LVL4:
  80 001a 9040     		lsl	r0, r0, r2
  81 001c 9440     		lsl	r4, r4, r2
  82 001e 291C     		mov	r1, r5
  83 0020 A143     		bic	r1, r4
  84 0022 0143     		orr	r1, r0
  85 0024 8422     		mov	r2, #132
  86 0026 9201     		lsl	r2, r2, #6
  87 0028 9950     		str	r1, [r3, r2]
  88              		.loc 1 109 0
  89              		@ sp needed
  90 002a 30BD     		pop	{r4, r5, pc}
  91              		.cfi_endproc
  92              	.LFE40:
  93              		.size	palWriteBus, .-palWriteBus
  94              		.section	.text.palSetBusMode,"ax",%progbits
  95              		.align	2
  96              		.global	palSetBusMode
  97              		.code	16
  98              		.thumb_func
  99              		.type	palSetBusMode, %function
 100              	palSetBusMode:
 101              	.LFB41:
 102              		.loc 1 127 0
 103              		.cfi_startproc
 104              	.LVL5:
 105 0000 08B5     		push	{r3, lr}
 106              		.cfi_def_cfa_offset 8
 107              		.cfi_offset 3, -8
 108              		.cfi_offset 14, -4
 109 0002 031C     		mov	r3, r0
 110 0004 0A1C     		mov	r2, r1
 111              		.loc 1 132 0
 112 0006 0068     		ldr	r0, [r0]
 113              	.LVL6:
 114 0008 5968     		ldr	r1, [r3, #4]
ARM GAS  /tmp/cca3wkSE.s 			page 3


 115              	.LVL7:
 116 000a 9B68     		ldr	r3, [r3, #8]
 117              	.LVL8:
 118 000c 9940     		lsl	r1, r1, r3
 119 000e FFF7FEFF 		bl	_pal_lld_setgroupmode
 120              	.LVL9:
 121              		.loc 1 133 0
 122              		@ sp needed
 123 0012 08BD     		pop	{r3, pc}
 124              		.cfi_endproc
 125              	.LFE41:
 126              		.size	palSetBusMode, .-palSetBusMode
 127              		.text
 128              	.Letext0:
 129              		.file 2 "/usr/local/lpcxpresso_7.3.0_186/lpcxpresso/tools/arm-none-eabi/include/machine/_default_t
 130              		.file 3 "/usr/local/lpcxpresso_7.3.0_186/lpcxpresso/tools/arm-none-eabi/include/stdint.h"
 131              		.file 4 "CMSIS_CORE_LPC11Uxx/inc/LPC11Uxx.h"
 132              		.file 5 "ChibiOS_2.6.5/os/hal/platforms/LPC11Uxx/pal_lld.h"
 133              		.file 6 "ChibiOS_2.6.5/os/hal/include/pal.h"
 134              		.section	.debug_info,"",%progbits
 135              	.Ldebug_info0:
 136 0000 07040000 		.4byte	0x407
 137 0004 0400     		.2byte	0x4
 138 0006 00000000 		.4byte	.Ldebug_abbrev0
 139 000a 04       		.byte	0x4
 140 000b 01       		.uleb128 0x1
 141 000c 9C010000 		.4byte	.LASF39
 142 0010 01       		.byte	0x1
 143 0011 DD000000 		.4byte	.LASF40
 144 0015 5F010000 		.4byte	.LASF41
 145 0019 00000000 		.4byte	.Ldebug_ranges0+0
 146 001d 00000000 		.4byte	0
 147 0021 00000000 		.4byte	.Ldebug_line0
 148 0025 02       		.uleb128 0x2
 149 0026 04       		.byte	0x4
 150 0027 05       		.byte	0x5
 151 0028 696E7400 		.ascii	"int\000"
 152 002c 03       		.uleb128 0x3
 153 002d 04       		.byte	0x4
 154 002e 07       		.byte	0x7
 155 002f 27010000 		.4byte	.LASF0
 156 0033 03       		.uleb128 0x3
 157 0034 01       		.byte	0x1
 158 0035 06       		.byte	0x6
 159 0036 A7020000 		.4byte	.LASF1
 160 003a 04       		.uleb128 0x4
 161 003b 0E000000 		.4byte	.LASF6
 162 003f 02       		.byte	0x2
 163 0040 1C       		.byte	0x1c
 164 0041 45000000 		.4byte	0x45
 165 0045 03       		.uleb128 0x3
 166 0046 01       		.byte	0x1
 167 0047 08       		.byte	0x8
 168 0048 CF000000 		.4byte	.LASF2
 169 004c 03       		.uleb128 0x3
 170 004d 02       		.byte	0x2
 171 004e 05       		.byte	0x5
ARM GAS  /tmp/cca3wkSE.s 			page 4


 172 004f 80020000 		.4byte	.LASF3
 173 0053 03       		.uleb128 0x3
 174 0054 02       		.byte	0x2
 175 0055 07       		.byte	0x7
 176 0056 2A000000 		.4byte	.LASF4
 177 005a 03       		.uleb128 0x3
 178 005b 04       		.byte	0x4
 179 005c 05       		.byte	0x5
 180 005d 9E020000 		.4byte	.LASF5
 181 0061 04       		.uleb128 0x4
 182 0062 FC000000 		.4byte	.LASF7
 183 0066 02       		.byte	0x2
 184 0067 38       		.byte	0x38
 185 0068 6C000000 		.4byte	0x6c
 186 006c 03       		.uleb128 0x3
 187 006d 04       		.byte	0x4
 188 006e 07       		.byte	0x7
 189 006f AF000000 		.4byte	.LASF8
 190 0073 03       		.uleb128 0x3
 191 0074 08       		.byte	0x8
 192 0075 05       		.byte	0x5
 193 0076 00000000 		.4byte	.LASF9
 194 007a 03       		.uleb128 0x3
 195 007b 08       		.byte	0x8
 196 007c 07       		.byte	0x7
 197 007d 40010000 		.4byte	.LASF10
 198 0081 04       		.uleb128 0x4
 199 0082 57010000 		.4byte	.LASF11
 200 0086 03       		.byte	0x3
 201 0087 2A       		.byte	0x2a
 202 0088 3A000000 		.4byte	0x3a
 203 008c 04       		.uleb128 0x4
 204 008d 95020000 		.4byte	.LASF12
 205 0091 03       		.byte	0x3
 206 0092 42       		.byte	0x42
 207 0093 61000000 		.4byte	0x61
 208 0097 04       		.uleb128 0x4
 209 0098 18000000 		.4byte	.LASF13
 210 009c 03       		.byte	0x3
 211 009d 60       		.byte	0x60
 212 009e 2C000000 		.4byte	0x2c
 213 00a2 03       		.uleb128 0x3
 214 00a3 01       		.byte	0x1
 215 00a4 02       		.byte	0x2
 216 00a5 B3020000 		.4byte	.LASF14
 217 00a9 03       		.uleb128 0x3
 218 00aa 04       		.byte	0x4
 219 00ab 07       		.byte	0x7
 220 00ac 66020000 		.4byte	.LASF15
 221 00b0 03       		.uleb128 0x3
 222 00b1 01       		.byte	0x1
 223 00b2 08       		.byte	0x8
 224 00b3 6F020000 		.4byte	.LASF16
 225 00b7 05       		.uleb128 0x5
 226 00b8 8C000000 		.4byte	0x8c
 227 00bc C7000000 		.4byte	0xc7
 228 00c0 06       		.uleb128 0x6
ARM GAS  /tmp/cca3wkSE.s 			page 5


 229 00c1 A9000000 		.4byte	0xa9
 230 00c5 3F       		.byte	0x3f
 231 00c6 00       		.byte	0
 232 00c7 05       		.uleb128 0x5
 233 00c8 8C000000 		.4byte	0x8c
 234 00cc D7000000 		.4byte	0xd7
 235 00d0 06       		.uleb128 0x6
 236 00d1 A9000000 		.4byte	0xa9
 237 00d5 01       		.byte	0x1
 238 00d6 00       		.byte	0
 239 00d7 07       		.uleb128 0x7
 240 00d8 40       		.byte	0x40
 241 00d9 04       		.byte	0x4
 242 00da 3F02     		.2byte	0x23f
 243 00dc F9000000 		.4byte	0xf9
 244 00e0 08       		.uleb128 0x8
 245 00e1 423000   		.ascii	"B0\000"
 246 00e4 04       		.byte	0x4
 247 00e5 4002     		.2byte	0x240
 248 00e7 09010000 		.4byte	0x109
 249 00eb 00       		.byte	0
 250 00ec 08       		.uleb128 0x8
 251 00ed 423100   		.ascii	"B1\000"
 252 00f0 04       		.byte	0x4
 253 00f1 4102     		.2byte	0x241
 254 00f3 0E010000 		.4byte	0x10e
 255 00f7 20       		.byte	0x20
 256 00f8 00       		.byte	0
 257 00f9 05       		.uleb128 0x5
 258 00fa 81000000 		.4byte	0x81
 259 00fe 09010000 		.4byte	0x109
 260 0102 06       		.uleb128 0x6
 261 0103 A9000000 		.4byte	0xa9
 262 0107 1F       		.byte	0x1f
 263 0108 00       		.byte	0
 264 0109 09       		.uleb128 0x9
 265 010a F9000000 		.4byte	0xf9
 266 010e 09       		.uleb128 0x9
 267 010f F9000000 		.4byte	0xf9
 268 0113 0A       		.uleb128 0xa
 269 0114 40       		.byte	0x40
 270 0115 04       		.byte	0x4
 271 0116 3E02     		.2byte	0x23e
 272 0118 2C010000 		.4byte	0x12c
 273 011c 0B       		.uleb128 0xb
 274 011d D7000000 		.4byte	0xd7
 275 0121 0C       		.uleb128 0xc
 276 0122 4200     		.ascii	"B\000"
 277 0124 04       		.byte	0x4
 278 0125 4302     		.2byte	0x243
 279 0127 3C010000 		.4byte	0x13c
 280 012b 00       		.byte	0
 281 012c 05       		.uleb128 0x5
 282 012d 81000000 		.4byte	0x81
 283 0131 3C010000 		.4byte	0x13c
 284 0135 06       		.uleb128 0x6
 285 0136 A9000000 		.4byte	0xa9
ARM GAS  /tmp/cca3wkSE.s 			page 6


 286 013a 3F       		.byte	0x3f
 287 013b 00       		.byte	0
 288 013c 09       		.uleb128 0x9
 289 013d 2C010000 		.4byte	0x12c
 290 0141 0D       		.uleb128 0xd
 291 0142 0001     		.2byte	0x100
 292 0144 04       		.byte	0x4
 293 0145 4702     		.2byte	0x247
 294 0147 64010000 		.4byte	0x164
 295 014b 08       		.uleb128 0x8
 296 014c 573000   		.ascii	"W0\000"
 297 014f 04       		.byte	0x4
 298 0150 4802     		.2byte	0x248
 299 0152 74010000 		.4byte	0x174
 300 0156 00       		.byte	0
 301 0157 08       		.uleb128 0x8
 302 0158 573100   		.ascii	"W1\000"
 303 015b 04       		.byte	0x4
 304 015c 4902     		.2byte	0x249
 305 015e 79010000 		.4byte	0x179
 306 0162 80       		.byte	0x80
 307 0163 00       		.byte	0
 308 0164 05       		.uleb128 0x5
 309 0165 8C000000 		.4byte	0x8c
 310 0169 74010000 		.4byte	0x174
 311 016d 06       		.uleb128 0x6
 312 016e A9000000 		.4byte	0xa9
 313 0172 1F       		.byte	0x1f
 314 0173 00       		.byte	0
 315 0174 09       		.uleb128 0x9
 316 0175 64010000 		.4byte	0x164
 317 0179 09       		.uleb128 0x9
 318 017a 64010000 		.4byte	0x164
 319 017e 0E       		.uleb128 0xe
 320 017f 0001     		.2byte	0x100
 321 0181 04       		.byte	0x4
 322 0182 4602     		.2byte	0x246
 323 0184 98010000 		.4byte	0x198
 324 0188 0B       		.uleb128 0xb
 325 0189 41010000 		.4byte	0x141
 326 018d 0C       		.uleb128 0xc
 327 018e 5700     		.ascii	"W\000"
 328 0190 04       		.byte	0x4
 329 0191 4B02     		.2byte	0x24b
 330 0193 98010000 		.4byte	0x198
 331 0197 00       		.byte	0
 332 0198 09       		.uleb128 0x9
 333 0199 B7000000 		.4byte	0xb7
 334 019d 0D       		.uleb128 0xd
 335 019e 0823     		.2byte	0x2308
 336 01a0 04       		.byte	0x4
 337 01a1 3D02     		.2byte	0x23d
 338 01a3 86020000 		.4byte	0x286
 339 01a7 0F       		.uleb128 0xf
 340 01a8 13010000 		.4byte	0x113
 341 01ac 00       		.byte	0
 342 01ad 10       		.uleb128 0x10
ARM GAS  /tmp/cca3wkSE.s 			page 7


 343 01ae 4B000000 		.4byte	.LASF17
 344 01b2 04       		.byte	0x4
 345 01b3 4502     		.2byte	0x245
 346 01b5 97020000 		.4byte	0x297
 347 01b9 40       		.byte	0x40
 348 01ba 11       		.uleb128 0x11
 349 01bb 7E010000 		.4byte	0x17e
 350 01bf 0010     		.2byte	0x1000
 351 01c1 12       		.uleb128 0x12
 352 01c2 92010000 		.4byte	.LASF18
 353 01c6 04       		.byte	0x4
 354 01c7 4D02     		.2byte	0x24d
 355 01c9 A1020000 		.4byte	0x2a1
 356 01cd 0011     		.2byte	0x1100
 357 01cf 13       		.uleb128 0x13
 358 01d0 44495200 		.ascii	"DIR\000"
 359 01d4 04       		.byte	0x4
 360 01d5 4E02     		.2byte	0x24e
 361 01d7 B2020000 		.4byte	0x2b2
 362 01db 0020     		.2byte	0x2000
 363 01dd 12       		.uleb128 0x12
 364 01de 5C000000 		.4byte	.LASF19
 365 01e2 04       		.byte	0x4
 366 01e3 4F02     		.2byte	0x24f
 367 01e5 B7020000 		.4byte	0x2b7
 368 01e9 0820     		.2byte	0x2008
 369 01eb 12       		.uleb128 0x12
 370 01ec 61020000 		.4byte	.LASF20
 371 01f0 04       		.byte	0x4
 372 01f1 5002     		.2byte	0x250
 373 01f3 C7020000 		.4byte	0x2c7
 374 01f7 8020     		.2byte	0x2080
 375 01f9 12       		.uleb128 0x12
 376 01fa 66000000 		.4byte	.LASF21
 377 01fe 04       		.byte	0x4
 378 01ff 5102     		.2byte	0x251
 379 0201 B7020000 		.4byte	0x2b7
 380 0205 8820     		.2byte	0x2088
 381 0207 13       		.uleb128 0x13
 382 0208 50494E00 		.ascii	"PIN\000"
 383 020c 04       		.byte	0x4
 384 020d 5202     		.2byte	0x252
 385 020f CC020000 		.4byte	0x2cc
 386 0213 0021     		.2byte	0x2100
 387 0215 12       		.uleb128 0x12
 388 0216 07010000 		.4byte	.LASF22
 389 021a 04       		.byte	0x4
 390 021b 5302     		.2byte	0x253
 391 021d B7020000 		.4byte	0x2b7
 392 0221 0821     		.2byte	0x2108
 393 0223 12       		.uleb128 0x12
 394 0224 8D010000 		.4byte	.LASF23
 395 0228 04       		.byte	0x4
 396 0229 5402     		.2byte	0x254
 397 022b D1020000 		.4byte	0x2d1
 398 022f 8021     		.2byte	0x2180
 399 0231 12       		.uleb128 0x12
ARM GAS  /tmp/cca3wkSE.s 			page 8


 400 0232 7D000000 		.4byte	.LASF24
 401 0236 04       		.byte	0x4
 402 0237 5502     		.2byte	0x255
 403 0239 B7020000 		.4byte	0x2b7
 404 023d 8821     		.2byte	0x2188
 405 023f 13       		.uleb128 0x13
 406 0240 53455400 		.ascii	"SET\000"
 407 0244 04       		.byte	0x4
 408 0245 5602     		.2byte	0x256
 409 0247 D6020000 		.4byte	0x2d6
 410 024b 0022     		.2byte	0x2200
 411 024d 12       		.uleb128 0x12
 412 024e 87000000 		.4byte	.LASF25
 413 0252 04       		.byte	0x4
 414 0253 5702     		.2byte	0x257
 415 0255 B7020000 		.4byte	0x2b7
 416 0259 0822     		.2byte	0x2208
 417 025b 13       		.uleb128 0x13
 418 025c 434C5200 		.ascii	"CLR\000"
 419 0260 04       		.byte	0x4
 420 0261 5802     		.2byte	0x258
 421 0263 DB020000 		.4byte	0x2db
 422 0267 8022     		.2byte	0x2280
 423 0269 12       		.uleb128 0x12
 424 026a 91000000 		.4byte	.LASF26
 425 026e 04       		.byte	0x4
 426 026f 5902     		.2byte	0x259
 427 0271 B7020000 		.4byte	0x2b7
 428 0275 8822     		.2byte	0x2288
 429 0277 13       		.uleb128 0x13
 430 0278 4E4F5400 		.ascii	"NOT\000"
 431 027c 04       		.byte	0x4
 432 027d 5A02     		.2byte	0x25a
 433 027f E0020000 		.4byte	0x2e0
 434 0283 0023     		.2byte	0x2300
 435 0285 00       		.byte	0
 436 0286 05       		.uleb128 0x5
 437 0287 8C000000 		.4byte	0x8c
 438 028b 97020000 		.4byte	0x297
 439 028f 14       		.uleb128 0x14
 440 0290 A9000000 		.4byte	0xa9
 441 0294 EF03     		.2byte	0x3ef
 442 0296 00       		.byte	0
 443 0297 15       		.uleb128 0x15
 444 0298 9C020000 		.4byte	0x29c
 445 029c 09       		.uleb128 0x9
 446 029d 86020000 		.4byte	0x286
 447 02a1 05       		.uleb128 0x5
 448 02a2 8C000000 		.4byte	0x8c
 449 02a6 B2020000 		.4byte	0x2b2
 450 02aa 14       		.uleb128 0x14
 451 02ab A9000000 		.4byte	0xa9
 452 02af BF03     		.2byte	0x3bf
 453 02b1 00       		.byte	0
 454 02b2 09       		.uleb128 0x9
 455 02b3 C7000000 		.4byte	0xc7
 456 02b7 05       		.uleb128 0x5
ARM GAS  /tmp/cca3wkSE.s 			page 9


 457 02b8 8C000000 		.4byte	0x8c
 458 02bc C7020000 		.4byte	0x2c7
 459 02c0 06       		.uleb128 0x6
 460 02c1 A9000000 		.4byte	0xa9
 461 02c5 1D       		.byte	0x1d
 462 02c6 00       		.byte	0
 463 02c7 09       		.uleb128 0x9
 464 02c8 C7000000 		.4byte	0xc7
 465 02cc 09       		.uleb128 0x9
 466 02cd C7000000 		.4byte	0xc7
 467 02d1 09       		.uleb128 0x9
 468 02d2 C7000000 		.4byte	0xc7
 469 02d6 09       		.uleb128 0x9
 470 02d7 C7000000 		.4byte	0xc7
 471 02db 09       		.uleb128 0x9
 472 02dc C7000000 		.4byte	0xc7
 473 02e0 09       		.uleb128 0x9
 474 02e1 C7000000 		.4byte	0xc7
 475 02e5 16       		.uleb128 0x16
 476 02e6 C1000000 		.4byte	.LASF27
 477 02ea 04       		.byte	0x4
 478 02eb 5B02     		.2byte	0x25b
 479 02ed 9D010000 		.4byte	0x19d
 480 02f1 04       		.uleb128 0x4
 481 02f2 70000000 		.4byte	.LASF28
 482 02f6 05       		.byte	0x5
 483 02f7 56       		.byte	0x56
 484 02f8 8C000000 		.4byte	0x8c
 485 02fc 04       		.uleb128 0x4
 486 02fd 9B000000 		.4byte	.LASF29
 487 0301 05       		.byte	0x5
 488 0302 5B       		.byte	0x5b
 489 0303 8C000000 		.4byte	0x8c
 490 0307 04       		.uleb128 0x4
 491 0308 8A020000 		.4byte	.LASF30
 492 030c 05       		.byte	0x5
 493 030d 60       		.byte	0x60
 494 030e 8C000000 		.4byte	0x8c
 495 0312 17       		.uleb128 0x17
 496 0313 0C       		.byte	0xc
 497 0314 06       		.byte	0x6
 498 0315 85       		.byte	0x85
 499 0316 3F030000 		.4byte	0x33f
 500 031a 18       		.uleb128 0x18
 501 031b 55000000 		.4byte	.LASF31
 502 031f 06       		.byte	0x6
 503 0320 89       		.byte	0x89
 504 0321 07030000 		.4byte	0x307
 505 0325 00       		.byte	0
 506 0326 18       		.uleb128 0x18
 507 0327 25000000 		.4byte	.LASF32
 508 032b 06       		.byte	0x6
 509 032c 8F       		.byte	0x8f
 510 032d F1020000 		.4byte	0x2f1
 511 0331 04       		.byte	0x4
 512 0332 18       		.uleb128 0x18
 513 0333 79020000 		.4byte	.LASF33
ARM GAS  /tmp/cca3wkSE.s 			page 10


 514 0337 06       		.byte	0x6
 515 0338 93       		.byte	0x93
 516 0339 97000000 		.4byte	0x97
 517 033d 08       		.byte	0x8
 518 033e 00       		.byte	0
 519 033f 04       		.uleb128 0x4
 520 0340 B9020000 		.4byte	.LASF34
 521 0344 06       		.byte	0x6
 522 0345 94       		.byte	0x94
 523 0346 12030000 		.4byte	0x312
 524 034a 19       		.uleb128 0x19
 525 034b A4000000 		.4byte	.LASF42
 526 034f 01       		.byte	0x1
 527 0350 4D       		.byte	0x4d
 528 0351 F1020000 		.4byte	0x2f1
 529 0355 00000000 		.4byte	.LFB39
 530 0359 1A000000 		.4byte	.LFE39-.LFB39
 531 035d 01       		.uleb128 0x1
 532 035e 9C       		.byte	0x9c
 533 035f 73030000 		.4byte	0x373
 534 0363 1A       		.uleb128 0x1a
 535 0364 62757300 		.ascii	"bus\000"
 536 0368 01       		.byte	0x1
 537 0369 4D       		.byte	0x4d
 538 036a 73030000 		.4byte	0x373
 539 036e 00000000 		.4byte	.LLST0
 540 0372 00       		.byte	0
 541 0373 1B       		.uleb128 0x1b
 542 0374 04       		.byte	0x4
 543 0375 3F030000 		.4byte	0x33f
 544 0379 1C       		.uleb128 0x1c
 545 037a 34010000 		.4byte	.LASF36
 546 037e 01       		.byte	0x1
 547 037f 67       		.byte	0x67
 548 0380 00000000 		.4byte	.LFB40
 549 0384 2C000000 		.4byte	.LFE40-.LFB40
 550 0388 01       		.uleb128 0x1
 551 0389 9C       		.byte	0x9c
 552 038a AD030000 		.4byte	0x3ad
 553 038e 1A       		.uleb128 0x1a
 554 038f 62757300 		.ascii	"bus\000"
 555 0393 01       		.byte	0x1
 556 0394 67       		.byte	0x67
 557 0395 73030000 		.4byte	0x373
 558 0399 21000000 		.4byte	.LLST1
 559 039d 1D       		.uleb128 0x1d
 560 039e 74020000 		.4byte	.LASF35
 561 03a2 01       		.byte	0x1
 562 03a3 67       		.byte	0x67
 563 03a4 F1020000 		.4byte	0x2f1
 564 03a8 42000000 		.4byte	.LLST2
 565 03ac 00       		.byte	0
 566 03ad 1C       		.uleb128 0x1c
 567 03ae 3D000000 		.4byte	.LASF37
 568 03b2 01       		.byte	0x1
 569 03b3 7F       		.byte	0x7f
 570 03b4 00000000 		.4byte	.LFB41
ARM GAS  /tmp/cca3wkSE.s 			page 11


 571 03b8 14000000 		.4byte	.LFE41-.LFB41
 572 03bc 01       		.uleb128 0x1
 573 03bd 9C       		.byte	0x9c
 574 03be F2030000 		.4byte	0x3f2
 575 03c2 1A       		.uleb128 0x1a
 576 03c3 62757300 		.ascii	"bus\000"
 577 03c7 01       		.byte	0x1
 578 03c8 7F       		.byte	0x7f
 579 03c9 73030000 		.4byte	0x373
 580 03cd 63000000 		.4byte	.LLST3
 581 03d1 1D       		.uleb128 0x1d
 582 03d2 88010000 		.4byte	.LASF38
 583 03d6 01       		.byte	0x1
 584 03d7 7F       		.byte	0x7f
 585 03d8 FC020000 		.4byte	0x2fc
 586 03dc 8F000000 		.4byte	.LLST4
 587 03e0 1E       		.uleb128 0x1e
 588 03e1 12000000 		.4byte	.LVL9
 589 03e5 F2030000 		.4byte	0x3f2
 590 03e9 1F       		.uleb128 0x1f
 591 03ea 01       		.uleb128 0x1
 592 03eb 52       		.byte	0x52
 593 03ec 03       		.uleb128 0x3
 594 03ed F3       		.byte	0xf3
 595 03ee 01       		.uleb128 0x1
 596 03ef 51       		.byte	0x51
 597 03f0 00       		.byte	0
 598 03f1 00       		.byte	0
 599 03f2 20       		.uleb128 0x20
 600 03f3 11010000 		.4byte	.LASF43
 601 03f7 05       		.byte	0x5
 602 03f8 2C01     		.2byte	0x12c
 603 03fa 21       		.uleb128 0x21
 604 03fb 07030000 		.4byte	0x307
 605 03ff 21       		.uleb128 0x21
 606 0400 F1020000 		.4byte	0x2f1
 607 0404 21       		.uleb128 0x21
 608 0405 FC020000 		.4byte	0x2fc
 609 0409 00       		.byte	0
 610 040a 00       		.byte	0
 611              		.section	.debug_abbrev,"",%progbits
 612              	.Ldebug_abbrev0:
 613 0000 01       		.uleb128 0x1
 614 0001 11       		.uleb128 0x11
 615 0002 01       		.byte	0x1
 616 0003 25       		.uleb128 0x25
 617 0004 0E       		.uleb128 0xe
 618 0005 13       		.uleb128 0x13
 619 0006 0B       		.uleb128 0xb
 620 0007 03       		.uleb128 0x3
 621 0008 0E       		.uleb128 0xe
 622 0009 1B       		.uleb128 0x1b
 623 000a 0E       		.uleb128 0xe
 624 000b 55       		.uleb128 0x55
 625 000c 17       		.uleb128 0x17
 626 000d 11       		.uleb128 0x11
 627 000e 01       		.uleb128 0x1
ARM GAS  /tmp/cca3wkSE.s 			page 12


 628 000f 10       		.uleb128 0x10
 629 0010 17       		.uleb128 0x17
 630 0011 00       		.byte	0
 631 0012 00       		.byte	0
 632 0013 02       		.uleb128 0x2
 633 0014 24       		.uleb128 0x24
 634 0015 00       		.byte	0
 635 0016 0B       		.uleb128 0xb
 636 0017 0B       		.uleb128 0xb
 637 0018 3E       		.uleb128 0x3e
 638 0019 0B       		.uleb128 0xb
 639 001a 03       		.uleb128 0x3
 640 001b 08       		.uleb128 0x8
 641 001c 00       		.byte	0
 642 001d 00       		.byte	0
 643 001e 03       		.uleb128 0x3
 644 001f 24       		.uleb128 0x24
 645 0020 00       		.byte	0
 646 0021 0B       		.uleb128 0xb
 647 0022 0B       		.uleb128 0xb
 648 0023 3E       		.uleb128 0x3e
 649 0024 0B       		.uleb128 0xb
 650 0025 03       		.uleb128 0x3
 651 0026 0E       		.uleb128 0xe
 652 0027 00       		.byte	0
 653 0028 00       		.byte	0
 654 0029 04       		.uleb128 0x4
 655 002a 16       		.uleb128 0x16
 656 002b 00       		.byte	0
 657 002c 03       		.uleb128 0x3
 658 002d 0E       		.uleb128 0xe
 659 002e 3A       		.uleb128 0x3a
 660 002f 0B       		.uleb128 0xb
 661 0030 3B       		.uleb128 0x3b
 662 0031 0B       		.uleb128 0xb
 663 0032 49       		.uleb128 0x49
 664 0033 13       		.uleb128 0x13
 665 0034 00       		.byte	0
 666 0035 00       		.byte	0
 667 0036 05       		.uleb128 0x5
 668 0037 01       		.uleb128 0x1
 669 0038 01       		.byte	0x1
 670 0039 49       		.uleb128 0x49
 671 003a 13       		.uleb128 0x13
 672 003b 01       		.uleb128 0x1
 673 003c 13       		.uleb128 0x13
 674 003d 00       		.byte	0
 675 003e 00       		.byte	0
 676 003f 06       		.uleb128 0x6
 677 0040 21       		.uleb128 0x21
 678 0041 00       		.byte	0
 679 0042 49       		.uleb128 0x49
 680 0043 13       		.uleb128 0x13
 681 0044 2F       		.uleb128 0x2f
 682 0045 0B       		.uleb128 0xb
 683 0046 00       		.byte	0
 684 0047 00       		.byte	0
ARM GAS  /tmp/cca3wkSE.s 			page 13


 685 0048 07       		.uleb128 0x7
 686 0049 13       		.uleb128 0x13
 687 004a 01       		.byte	0x1
 688 004b 0B       		.uleb128 0xb
 689 004c 0B       		.uleb128 0xb
 690 004d 3A       		.uleb128 0x3a
 691 004e 0B       		.uleb128 0xb
 692 004f 3B       		.uleb128 0x3b
 693 0050 05       		.uleb128 0x5
 694 0051 01       		.uleb128 0x1
 695 0052 13       		.uleb128 0x13
 696 0053 00       		.byte	0
 697 0054 00       		.byte	0
 698 0055 08       		.uleb128 0x8
 699 0056 0D       		.uleb128 0xd
 700 0057 00       		.byte	0
 701 0058 03       		.uleb128 0x3
 702 0059 08       		.uleb128 0x8
 703 005a 3A       		.uleb128 0x3a
 704 005b 0B       		.uleb128 0xb
 705 005c 3B       		.uleb128 0x3b
 706 005d 05       		.uleb128 0x5
 707 005e 49       		.uleb128 0x49
 708 005f 13       		.uleb128 0x13
 709 0060 38       		.uleb128 0x38
 710 0061 0B       		.uleb128 0xb
 711 0062 00       		.byte	0
 712 0063 00       		.byte	0
 713 0064 09       		.uleb128 0x9
 714 0065 35       		.uleb128 0x35
 715 0066 00       		.byte	0
 716 0067 49       		.uleb128 0x49
 717 0068 13       		.uleb128 0x13
 718 0069 00       		.byte	0
 719 006a 00       		.byte	0
 720 006b 0A       		.uleb128 0xa
 721 006c 17       		.uleb128 0x17
 722 006d 01       		.byte	0x1
 723 006e 0B       		.uleb128 0xb
 724 006f 0B       		.uleb128 0xb
 725 0070 3A       		.uleb128 0x3a
 726 0071 0B       		.uleb128 0xb
 727 0072 3B       		.uleb128 0x3b
 728 0073 05       		.uleb128 0x5
 729 0074 01       		.uleb128 0x1
 730 0075 13       		.uleb128 0x13
 731 0076 00       		.byte	0
 732 0077 00       		.byte	0
 733 0078 0B       		.uleb128 0xb
 734 0079 0D       		.uleb128 0xd
 735 007a 00       		.byte	0
 736 007b 49       		.uleb128 0x49
 737 007c 13       		.uleb128 0x13
 738 007d 00       		.byte	0
 739 007e 00       		.byte	0
 740 007f 0C       		.uleb128 0xc
 741 0080 0D       		.uleb128 0xd
ARM GAS  /tmp/cca3wkSE.s 			page 14


 742 0081 00       		.byte	0
 743 0082 03       		.uleb128 0x3
 744 0083 08       		.uleb128 0x8
 745 0084 3A       		.uleb128 0x3a
 746 0085 0B       		.uleb128 0xb
 747 0086 3B       		.uleb128 0x3b
 748 0087 05       		.uleb128 0x5
 749 0088 49       		.uleb128 0x49
 750 0089 13       		.uleb128 0x13
 751 008a 00       		.byte	0
 752 008b 00       		.byte	0
 753 008c 0D       		.uleb128 0xd
 754 008d 13       		.uleb128 0x13
 755 008e 01       		.byte	0x1
 756 008f 0B       		.uleb128 0xb
 757 0090 05       		.uleb128 0x5
 758 0091 3A       		.uleb128 0x3a
 759 0092 0B       		.uleb128 0xb
 760 0093 3B       		.uleb128 0x3b
 761 0094 05       		.uleb128 0x5
 762 0095 01       		.uleb128 0x1
 763 0096 13       		.uleb128 0x13
 764 0097 00       		.byte	0
 765 0098 00       		.byte	0
 766 0099 0E       		.uleb128 0xe
 767 009a 17       		.uleb128 0x17
 768 009b 01       		.byte	0x1
 769 009c 0B       		.uleb128 0xb
 770 009d 05       		.uleb128 0x5
 771 009e 3A       		.uleb128 0x3a
 772 009f 0B       		.uleb128 0xb
 773 00a0 3B       		.uleb128 0x3b
 774 00a1 05       		.uleb128 0x5
 775 00a2 01       		.uleb128 0x1
 776 00a3 13       		.uleb128 0x13
 777 00a4 00       		.byte	0
 778 00a5 00       		.byte	0
 779 00a6 0F       		.uleb128 0xf
 780 00a7 0D       		.uleb128 0xd
 781 00a8 00       		.byte	0
 782 00a9 49       		.uleb128 0x49
 783 00aa 13       		.uleb128 0x13
 784 00ab 38       		.uleb128 0x38
 785 00ac 0B       		.uleb128 0xb
 786 00ad 00       		.byte	0
 787 00ae 00       		.byte	0
 788 00af 10       		.uleb128 0x10
 789 00b0 0D       		.uleb128 0xd
 790 00b1 00       		.byte	0
 791 00b2 03       		.uleb128 0x3
 792 00b3 0E       		.uleb128 0xe
 793 00b4 3A       		.uleb128 0x3a
 794 00b5 0B       		.uleb128 0xb
 795 00b6 3B       		.uleb128 0x3b
 796 00b7 05       		.uleb128 0x5
 797 00b8 49       		.uleb128 0x49
 798 00b9 13       		.uleb128 0x13
ARM GAS  /tmp/cca3wkSE.s 			page 15


 799 00ba 38       		.uleb128 0x38
 800 00bb 0B       		.uleb128 0xb
 801 00bc 00       		.byte	0
 802 00bd 00       		.byte	0
 803 00be 11       		.uleb128 0x11
 804 00bf 0D       		.uleb128 0xd
 805 00c0 00       		.byte	0
 806 00c1 49       		.uleb128 0x49
 807 00c2 13       		.uleb128 0x13
 808 00c3 38       		.uleb128 0x38
 809 00c4 05       		.uleb128 0x5
 810 00c5 00       		.byte	0
 811 00c6 00       		.byte	0
 812 00c7 12       		.uleb128 0x12
 813 00c8 0D       		.uleb128 0xd
 814 00c9 00       		.byte	0
 815 00ca 03       		.uleb128 0x3
 816 00cb 0E       		.uleb128 0xe
 817 00cc 3A       		.uleb128 0x3a
 818 00cd 0B       		.uleb128 0xb
 819 00ce 3B       		.uleb128 0x3b
 820 00cf 05       		.uleb128 0x5
 821 00d0 49       		.uleb128 0x49
 822 00d1 13       		.uleb128 0x13
 823 00d2 38       		.uleb128 0x38
 824 00d3 05       		.uleb128 0x5
 825 00d4 00       		.byte	0
 826 00d5 00       		.byte	0
 827 00d6 13       		.uleb128 0x13
 828 00d7 0D       		.uleb128 0xd
 829 00d8 00       		.byte	0
 830 00d9 03       		.uleb128 0x3
 831 00da 08       		.uleb128 0x8
 832 00db 3A       		.uleb128 0x3a
 833 00dc 0B       		.uleb128 0xb
 834 00dd 3B       		.uleb128 0x3b
 835 00de 05       		.uleb128 0x5
 836 00df 49       		.uleb128 0x49
 837 00e0 13       		.uleb128 0x13
 838 00e1 38       		.uleb128 0x38
 839 00e2 05       		.uleb128 0x5
 840 00e3 00       		.byte	0
 841 00e4 00       		.byte	0
 842 00e5 14       		.uleb128 0x14
 843 00e6 21       		.uleb128 0x21
 844 00e7 00       		.byte	0
 845 00e8 49       		.uleb128 0x49
 846 00e9 13       		.uleb128 0x13
 847 00ea 2F       		.uleb128 0x2f
 848 00eb 05       		.uleb128 0x5
 849 00ec 00       		.byte	0
 850 00ed 00       		.byte	0
 851 00ee 15       		.uleb128 0x15
 852 00ef 26       		.uleb128 0x26
 853 00f0 00       		.byte	0
 854 00f1 49       		.uleb128 0x49
 855 00f2 13       		.uleb128 0x13
ARM GAS  /tmp/cca3wkSE.s 			page 16


 856 00f3 00       		.byte	0
 857 00f4 00       		.byte	0
 858 00f5 16       		.uleb128 0x16
 859 00f6 16       		.uleb128 0x16
 860 00f7 00       		.byte	0
 861 00f8 03       		.uleb128 0x3
 862 00f9 0E       		.uleb128 0xe
 863 00fa 3A       		.uleb128 0x3a
 864 00fb 0B       		.uleb128 0xb
 865 00fc 3B       		.uleb128 0x3b
 866 00fd 05       		.uleb128 0x5
 867 00fe 49       		.uleb128 0x49
 868 00ff 13       		.uleb128 0x13
 869 0100 00       		.byte	0
 870 0101 00       		.byte	0
 871 0102 17       		.uleb128 0x17
 872 0103 13       		.uleb128 0x13
 873 0104 01       		.byte	0x1
 874 0105 0B       		.uleb128 0xb
 875 0106 0B       		.uleb128 0xb
 876 0107 3A       		.uleb128 0x3a
 877 0108 0B       		.uleb128 0xb
 878 0109 3B       		.uleb128 0x3b
 879 010a 0B       		.uleb128 0xb
 880 010b 01       		.uleb128 0x1
 881 010c 13       		.uleb128 0x13
 882 010d 00       		.byte	0
 883 010e 00       		.byte	0
 884 010f 18       		.uleb128 0x18
 885 0110 0D       		.uleb128 0xd
 886 0111 00       		.byte	0
 887 0112 03       		.uleb128 0x3
 888 0113 0E       		.uleb128 0xe
 889 0114 3A       		.uleb128 0x3a
 890 0115 0B       		.uleb128 0xb
 891 0116 3B       		.uleb128 0x3b
 892 0117 0B       		.uleb128 0xb
 893 0118 49       		.uleb128 0x49
 894 0119 13       		.uleb128 0x13
 895 011a 38       		.uleb128 0x38
 896 011b 0B       		.uleb128 0xb
 897 011c 00       		.byte	0
 898 011d 00       		.byte	0
 899 011e 19       		.uleb128 0x19
 900 011f 2E       		.uleb128 0x2e
 901 0120 01       		.byte	0x1
 902 0121 3F       		.uleb128 0x3f
 903 0122 19       		.uleb128 0x19
 904 0123 03       		.uleb128 0x3
 905 0124 0E       		.uleb128 0xe
 906 0125 3A       		.uleb128 0x3a
 907 0126 0B       		.uleb128 0xb
 908 0127 3B       		.uleb128 0x3b
 909 0128 0B       		.uleb128 0xb
 910 0129 27       		.uleb128 0x27
 911 012a 19       		.uleb128 0x19
 912 012b 49       		.uleb128 0x49
ARM GAS  /tmp/cca3wkSE.s 			page 17


 913 012c 13       		.uleb128 0x13
 914 012d 11       		.uleb128 0x11
 915 012e 01       		.uleb128 0x1
 916 012f 12       		.uleb128 0x12
 917 0130 06       		.uleb128 0x6
 918 0131 40       		.uleb128 0x40
 919 0132 18       		.uleb128 0x18
 920 0133 9742     		.uleb128 0x2117
 921 0135 19       		.uleb128 0x19
 922 0136 01       		.uleb128 0x1
 923 0137 13       		.uleb128 0x13
 924 0138 00       		.byte	0
 925 0139 00       		.byte	0
 926 013a 1A       		.uleb128 0x1a
 927 013b 05       		.uleb128 0x5
 928 013c 00       		.byte	0
 929 013d 03       		.uleb128 0x3
 930 013e 08       		.uleb128 0x8
 931 013f 3A       		.uleb128 0x3a
 932 0140 0B       		.uleb128 0xb
 933 0141 3B       		.uleb128 0x3b
 934 0142 0B       		.uleb128 0xb
 935 0143 49       		.uleb128 0x49
 936 0144 13       		.uleb128 0x13
 937 0145 02       		.uleb128 0x2
 938 0146 17       		.uleb128 0x17
 939 0147 00       		.byte	0
 940 0148 00       		.byte	0
 941 0149 1B       		.uleb128 0x1b
 942 014a 0F       		.uleb128 0xf
 943 014b 00       		.byte	0
 944 014c 0B       		.uleb128 0xb
 945 014d 0B       		.uleb128 0xb
 946 014e 49       		.uleb128 0x49
 947 014f 13       		.uleb128 0x13
 948 0150 00       		.byte	0
 949 0151 00       		.byte	0
 950 0152 1C       		.uleb128 0x1c
 951 0153 2E       		.uleb128 0x2e
 952 0154 01       		.byte	0x1
 953 0155 3F       		.uleb128 0x3f
 954 0156 19       		.uleb128 0x19
 955 0157 03       		.uleb128 0x3
 956 0158 0E       		.uleb128 0xe
 957 0159 3A       		.uleb128 0x3a
 958 015a 0B       		.uleb128 0xb
 959 015b 3B       		.uleb128 0x3b
 960 015c 0B       		.uleb128 0xb
 961 015d 27       		.uleb128 0x27
 962 015e 19       		.uleb128 0x19
 963 015f 11       		.uleb128 0x11
 964 0160 01       		.uleb128 0x1
 965 0161 12       		.uleb128 0x12
 966 0162 06       		.uleb128 0x6
 967 0163 40       		.uleb128 0x40
 968 0164 18       		.uleb128 0x18
 969 0165 9742     		.uleb128 0x2117
ARM GAS  /tmp/cca3wkSE.s 			page 18


 970 0167 19       		.uleb128 0x19
 971 0168 01       		.uleb128 0x1
 972 0169 13       		.uleb128 0x13
 973 016a 00       		.byte	0
 974 016b 00       		.byte	0
 975 016c 1D       		.uleb128 0x1d
 976 016d 05       		.uleb128 0x5
 977 016e 00       		.byte	0
 978 016f 03       		.uleb128 0x3
 979 0170 0E       		.uleb128 0xe
 980 0171 3A       		.uleb128 0x3a
 981 0172 0B       		.uleb128 0xb
 982 0173 3B       		.uleb128 0x3b
 983 0174 0B       		.uleb128 0xb
 984 0175 49       		.uleb128 0x49
 985 0176 13       		.uleb128 0x13
 986 0177 02       		.uleb128 0x2
 987 0178 17       		.uleb128 0x17
 988 0179 00       		.byte	0
 989 017a 00       		.byte	0
 990 017b 1E       		.uleb128 0x1e
 991 017c 898201   		.uleb128 0x4109
 992 017f 01       		.byte	0x1
 993 0180 11       		.uleb128 0x11
 994 0181 01       		.uleb128 0x1
 995 0182 31       		.uleb128 0x31
 996 0183 13       		.uleb128 0x13
 997 0184 00       		.byte	0
 998 0185 00       		.byte	0
 999 0186 1F       		.uleb128 0x1f
 1000 0187 8A8201   		.uleb128 0x410a
 1001 018a 00       		.byte	0
 1002 018b 02       		.uleb128 0x2
 1003 018c 18       		.uleb128 0x18
 1004 018d 9142     		.uleb128 0x2111
 1005 018f 18       		.uleb128 0x18
 1006 0190 00       		.byte	0
 1007 0191 00       		.byte	0
 1008 0192 20       		.uleb128 0x20
 1009 0193 2E       		.uleb128 0x2e
 1010 0194 01       		.byte	0x1
 1011 0195 3F       		.uleb128 0x3f
 1012 0196 19       		.uleb128 0x19
 1013 0197 03       		.uleb128 0x3
 1014 0198 0E       		.uleb128 0xe
 1015 0199 3A       		.uleb128 0x3a
 1016 019a 0B       		.uleb128 0xb
 1017 019b 3B       		.uleb128 0x3b
 1018 019c 05       		.uleb128 0x5
 1019 019d 27       		.uleb128 0x27
 1020 019e 19       		.uleb128 0x19
 1021 019f 3C       		.uleb128 0x3c
 1022 01a0 19       		.uleb128 0x19
 1023 01a1 00       		.byte	0
 1024 01a2 00       		.byte	0
 1025 01a3 21       		.uleb128 0x21
 1026 01a4 05       		.uleb128 0x5
ARM GAS  /tmp/cca3wkSE.s 			page 19


 1027 01a5 00       		.byte	0
 1028 01a6 49       		.uleb128 0x49
 1029 01a7 13       		.uleb128 0x13
 1030 01a8 00       		.byte	0
 1031 01a9 00       		.byte	0
 1032 01aa 00       		.byte	0
 1033              		.section	.debug_loc,"",%progbits
 1034              	.Ldebug_loc0:
 1035              	.LLST0:
 1036 0000 00000000 		.4byte	.LVL0
 1037 0004 16000000 		.4byte	.LVL1
 1038 0008 0100     		.2byte	0x1
 1039 000a 50       		.byte	0x50
 1040 000b 16000000 		.4byte	.LVL1
 1041 000f 1A000000 		.4byte	.LFE39
 1042 0013 0400     		.2byte	0x4
 1043 0015 F3       		.byte	0xf3
 1044 0016 01       		.uleb128 0x1
 1045 0017 50       		.byte	0x50
 1046 0018 9F       		.byte	0x9f
 1047 0019 00000000 		.4byte	0
 1048 001d 00000000 		.4byte	0
 1049              	.LLST1:
 1050 0021 00000000 		.4byte	.LVL2
 1051 0025 1A000000 		.4byte	.LVL4
 1052 0029 0100     		.2byte	0x1
 1053 002b 50       		.byte	0x50
 1054 002c 1A000000 		.4byte	.LVL4
 1055 0030 2C000000 		.4byte	.LFE40
 1056 0034 0400     		.2byte	0x4
 1057 0036 F3       		.byte	0xf3
 1058 0037 01       		.uleb128 0x1
 1059 0038 50       		.byte	0x50
 1060 0039 9F       		.byte	0x9f
 1061 003a 00000000 		.4byte	0
 1062 003e 00000000 		.4byte	0
 1063              	.LLST2:
 1064 0042 00000000 		.4byte	.LVL2
 1065 0046 18000000 		.4byte	.LVL3
 1066 004a 0100     		.2byte	0x1
 1067 004c 51       		.byte	0x51
 1068 004d 18000000 		.4byte	.LVL3
 1069 0051 2C000000 		.4byte	.LFE40
 1070 0055 0400     		.2byte	0x4
 1071 0057 F3       		.byte	0xf3
 1072 0058 01       		.uleb128 0x1
 1073 0059 51       		.byte	0x51
 1074 005a 9F       		.byte	0x9f
 1075 005b 00000000 		.4byte	0
 1076 005f 00000000 		.4byte	0
 1077              	.LLST3:
 1078 0063 00000000 		.4byte	.LVL5
 1079 0067 08000000 		.4byte	.LVL6
 1080 006b 0100     		.2byte	0x1
 1081 006d 50       		.byte	0x50
 1082 006e 08000000 		.4byte	.LVL6
 1083 0072 0C000000 		.4byte	.LVL8
ARM GAS  /tmp/cca3wkSE.s 			page 20


 1084 0076 0100     		.2byte	0x1
 1085 0078 53       		.byte	0x53
 1086 0079 0C000000 		.4byte	.LVL8
 1087 007d 14000000 		.4byte	.LFE41
 1088 0081 0400     		.2byte	0x4
 1089 0083 F3       		.byte	0xf3
 1090 0084 01       		.uleb128 0x1
 1091 0085 50       		.byte	0x50
 1092 0086 9F       		.byte	0x9f
 1093 0087 00000000 		.4byte	0
 1094 008b 00000000 		.4byte	0
 1095              	.LLST4:
 1096 008f 00000000 		.4byte	.LVL5
 1097 0093 0A000000 		.4byte	.LVL7
 1098 0097 0100     		.2byte	0x1
 1099 0099 51       		.byte	0x51
 1100 009a 0A000000 		.4byte	.LVL7
 1101 009e 11000000 		.4byte	.LVL9-1
 1102 00a2 0100     		.2byte	0x1
 1103 00a4 52       		.byte	0x52
 1104 00a5 11000000 		.4byte	.LVL9-1
 1105 00a9 14000000 		.4byte	.LFE41
 1106 00ad 0400     		.2byte	0x4
 1107 00af F3       		.byte	0xf3
 1108 00b0 01       		.uleb128 0x1
 1109 00b1 51       		.byte	0x51
 1110 00b2 9F       		.byte	0x9f
 1111 00b3 00000000 		.4byte	0
 1112 00b7 00000000 		.4byte	0
 1113              		.section	.debug_aranges,"",%progbits
 1114 0000 2C000000 		.4byte	0x2c
 1115 0004 0200     		.2byte	0x2
 1116 0006 00000000 		.4byte	.Ldebug_info0
 1117 000a 04       		.byte	0x4
 1118 000b 00       		.byte	0
 1119 000c 0000     		.2byte	0
 1120 000e 0000     		.2byte	0
 1121 0010 00000000 		.4byte	.LFB39
 1122 0014 1A000000 		.4byte	.LFE39-.LFB39
 1123 0018 00000000 		.4byte	.LFB40
 1124 001c 2C000000 		.4byte	.LFE40-.LFB40
 1125 0020 00000000 		.4byte	.LFB41
 1126 0024 14000000 		.4byte	.LFE41-.LFB41
 1127 0028 00000000 		.4byte	0
 1128 002c 00000000 		.4byte	0
 1129              		.section	.debug_ranges,"",%progbits
 1130              	.Ldebug_ranges0:
 1131 0000 00000000 		.4byte	.LFB39
 1132 0004 1A000000 		.4byte	.LFE39
 1133 0008 00000000 		.4byte	.LFB40
 1134 000c 2C000000 		.4byte	.LFE40
 1135 0010 00000000 		.4byte	.LFB41
 1136 0014 14000000 		.4byte	.LFE41
 1137 0018 00000000 		.4byte	0
 1138 001c 00000000 		.4byte	0
 1139              		.section	.debug_line,"",%progbits
 1140              	.Ldebug_line0:
ARM GAS  /tmp/cca3wkSE.s 			page 21


 1141 0000 A8010000 		.section	.debug_str,"MS",%progbits,1
 1141      02006C01 
 1141      00000201 
 1141      FB0E0D00 
 1141      01010101 
 1142              	.LASF9:
 1143 0000 6C6F6E67 		.ascii	"long long int\000"
 1143      206C6F6E 
 1143      6720696E 
 1143      7400
 1144              	.LASF6:
 1145 000e 5F5F7569 		.ascii	"__uint8_t\000"
 1145      6E74385F 
 1145      7400
 1146              	.LASF13:
 1147 0018 75696E74 		.ascii	"uint_fast8_t\000"
 1147      5F666173 
 1147      74385F74 
 1147      00
 1148              	.LASF32:
 1149 0025 6D61736B 		.ascii	"mask\000"
 1149      00
 1150              	.LASF4:
 1151 002a 73686F72 		.ascii	"short unsigned int\000"
 1151      7420756E 
 1151      7369676E 
 1151      65642069 
 1151      6E7400
 1152              	.LASF37:
 1153 003d 70616C53 		.ascii	"palSetBusMode\000"
 1153      65744275 
 1153      734D6F64 
 1153      6500
 1154              	.LASF17:
 1155 004b 52455345 		.ascii	"RESERVED0\000"
 1155      52564544 
 1155      3000
 1156              	.LASF31:
 1157 0055 706F7274 		.ascii	"portid\000"
 1157      696400
 1158              	.LASF19:
 1159 005c 52455345 		.ascii	"RESERVED2\000"
 1159      52564544 
 1159      3200
 1160              	.LASF21:
 1161 0066 52455345 		.ascii	"RESERVED3\000"
 1161      52564544 
 1161      3300
 1162              	.LASF28:
 1163 0070 696F706F 		.ascii	"ioportmask_t\000"
 1163      72746D61 
 1163      736B5F74 
 1163      00
 1164              	.LASF24:
 1165 007d 52455345 		.ascii	"RESERVED5\000"
 1165      52564544 
 1165      3500
ARM GAS  /tmp/cca3wkSE.s 			page 22


 1166              	.LASF25:
 1167 0087 52455345 		.ascii	"RESERVED6\000"
 1167      52564544 
 1167      3600
 1168              	.LASF26:
 1169 0091 52455345 		.ascii	"RESERVED7\000"
 1169      52564544 
 1169      3700
 1170              	.LASF29:
 1171 009b 696F6D6F 		.ascii	"iomode_t\000"
 1171      64655F74 
 1171      00
 1172              	.LASF42:
 1173 00a4 70616C52 		.ascii	"palReadBus\000"
 1173      65616442 
 1173      757300
 1174              	.LASF8:
 1175 00af 6C6F6E67 		.ascii	"long unsigned int\000"
 1175      20756E73 
 1175      69676E65 
 1175      6420696E 
 1175      7400
 1176              	.LASF27:
 1177 00c1 4C50435F 		.ascii	"LPC_GPIO_Type\000"
 1177      4750494F 
 1177      5F547970 
 1177      6500
 1178              	.LASF2:
 1179 00cf 756E7369 		.ascii	"unsigned char\000"
 1179      676E6564 
 1179      20636861 
 1179      7200
 1180              	.LASF40:
 1181 00dd 43686962 		.ascii	"ChibiOS_2.6.5/os/hal/src/pal.c\000"
 1181      694F535F 
 1181      322E362E 
 1181      352F6F73 
 1181      2F68616C 
 1182              	.LASF7:
 1183 00fc 5F5F7569 		.ascii	"__uint32_t\000"
 1183      6E743332 
 1183      5F7400
 1184              	.LASF22:
 1185 0107 52455345 		.ascii	"RESERVED4\000"
 1185      52564544 
 1185      3400
 1186              	.LASF43:
 1187 0111 5F70616C 		.ascii	"_pal_lld_setgroupmode\000"
 1187      5F6C6C64 
 1187      5F736574 
 1187      67726F75 
 1187      706D6F64 
 1188              	.LASF0:
 1189 0127 756E7369 		.ascii	"unsigned int\000"
 1189      676E6564 
 1189      20696E74 
 1189      00
ARM GAS  /tmp/cca3wkSE.s 			page 23


 1190              	.LASF36:
 1191 0134 70616C57 		.ascii	"palWriteBus\000"
 1191      72697465 
 1191      42757300 
 1192              	.LASF10:
 1193 0140 6C6F6E67 		.ascii	"long long unsigned int\000"
 1193      206C6F6E 
 1193      6720756E 
 1193      7369676E 
 1193      65642069 
 1194              	.LASF11:
 1195 0157 75696E74 		.ascii	"uint8_t\000"
 1195      385F7400 
 1196              	.LASF41:
 1197 015f 2F484444 		.ascii	"/HDD/Projects/workspace_test4/Altimeter/\000"
 1197      2F50726F 
 1197      6A656374 
 1197      732F776F 
 1197      726B7370 
 1198              	.LASF38:
 1199 0188 6D6F6465 		.ascii	"mode\000"
 1199      00
 1200              	.LASF23:
 1201 018d 4D50494E 		.ascii	"MPIN\000"
 1201      00
 1202              	.LASF18:
 1203 0192 52455345 		.ascii	"RESERVED1\000"
 1203      52564544 
 1203      3100
 1204              	.LASF39:
 1205 019c 474E5520 		.ascii	"GNU C 4.8.4 20140526 (release) [ARM/embedded-4_8-br"
 1205      4320342E 
 1205      382E3420 
 1205      32303134 
 1205      30353236 
 1206 01cf 616E6368 		.ascii	"anch revision 211358] -mcpu=cortex-m0 -mno-thumb-in"
 1206      20726576 
 1206      6973696F 
 1206      6E203231 
 1206      31333538 
 1207 0202 74657277 		.ascii	"terwork -mthumb -ggdb -O1 -fomit-frame-pointer -ffu"
 1207      6F726B20 
 1207      2D6D7468 
 1207      756D6220 
 1207      2D676764 
 1208 0235 6E637469 		.ascii	"nction-sections -fdata-sections -fno-common\000"
 1208      6F6E2D73 
 1208      65637469 
 1208      6F6E7320 
 1208      2D666461 
 1209              	.LASF20:
 1210 0261 4D41534B 		.ascii	"MASK\000"
 1210      00
 1211              	.LASF15:
 1212 0266 73697A65 		.ascii	"sizetype\000"
 1212      74797065 
 1212      00
ARM GAS  /tmp/cca3wkSE.s 			page 24


 1213              	.LASF16:
 1214 026f 63686172 		.ascii	"char\000"
 1214      00
 1215              	.LASF35:
 1216 0274 62697473 		.ascii	"bits\000"
 1216      00
 1217              	.LASF33:
 1218 0279 6F666673 		.ascii	"offset\000"
 1218      657400
 1219              	.LASF3:
 1220 0280 73686F72 		.ascii	"short int\000"
 1220      7420696E 
 1220      7400
 1221              	.LASF30:
 1222 028a 696F706F 		.ascii	"ioportid_t\000"
 1222      72746964 
 1222      5F7400
 1223              	.LASF12:
 1224 0295 75696E74 		.ascii	"uint32_t\000"
 1224      33325F74 
 1224      00
 1225              	.LASF5:
 1226 029e 6C6F6E67 		.ascii	"long int\000"
 1226      20696E74 
 1226      00
 1227              	.LASF1:
 1228 02a7 7369676E 		.ascii	"signed char\000"
 1228      65642063 
 1228      68617200 
 1229              	.LASF14:
 1230 02b3 5F426F6F 		.ascii	"_Bool\000"
 1230      6C00
 1231              	.LASF34:
 1232 02b9 494F4275 		.ascii	"IOBus\000"
 1232      7300
 1233              		.ident	"GCC: (GNU Tools for ARM Embedded Processors) 4.8.4 20140526 (release) [ARM/embedded-4_8-br
ARM GAS  /tmp/cca3wkSE.s 			page 25


DEFINED SYMBOLS
                            *ABS*:00000000 pal.c
     /tmp/cca3wkSE.s:18     .text.palReadBus:00000000 $t
     /tmp/cca3wkSE.s:23     .text.palReadBus:00000000 palReadBus
     /tmp/cca3wkSE.s:50     .text.palWriteBus:00000000 $t
     /tmp/cca3wkSE.s:55     .text.palWriteBus:00000000 palWriteBus
     /tmp/cca3wkSE.s:95     .text.palSetBusMode:00000000 $t
     /tmp/cca3wkSE.s:100    .text.palSetBusMode:00000000 palSetBusMode
                     .debug_frame:00000010 $d

UNDEFINED SYMBOLS
_pal_lld_setgroupmode
