ARM GAS  /tmp/cc0a1ntr.s 			page 1


   1              		.cpu cortex-m0
   2              		.fpu softvfp
   3              		.eabi_attribute 20, 1
   4              		.eabi_attribute 21, 1
   5              		.eabi_attribute 23, 3
   6              		.eabi_attribute 24, 1
   7              		.eabi_attribute 25, 1
   8              		.eabi_attribute 26, 1
   9              		.eabi_attribute 30, 1
  10              		.eabi_attribute 34, 0
  11              		.eabi_attribute 18, 4
  12              		.code	16
  13              		.file	"pal_lld.c"
  14              		.text
  15              	.Ltext0:
  16              		.cfi_sections	.debug_frame
  17              		.section	.text._pal_lld_init,"ax",%progbits
  18              		.align	2
  19              		.global	_pal_lld_init
  20              		.code	16
  21              		.thumb_func
  22              		.type	_pal_lld_init, %function
  23              	_pal_lld_init:
  24              	.LFB39:
  25              		.file 1 "ChibiOS_2.6.5/os/hal/platforms/LPC11Uxx/pal_lld.c"
  26              		.loc 1 57 0
  27              		.cfi_startproc
  28              	.LVL0:
  29              		.loc 1 59 0
  30 0000 A023     		mov	r3, #160
  31 0002 DB05     		lsl	r3, r3, #23
  32 0004 8022     		mov	r2, #128
  33 0006 9201     		lsl	r2, r2, #6
  34 0008 4168     		ldr	r1, [r0, #4]
  35 000a 9950     		str	r1, [r3, r2]
  36              		.loc 1 60 0
  37 000c 054A     		ldr	r2, .L2
  38 000e C168     		ldr	r1, [r0, #12]
  39 0010 9950     		str	r1, [r3, r2]
  40              		.loc 1 61 0
  41 0012 8422     		mov	r2, #132
  42 0014 9201     		lsl	r2, r2, #6
  43 0016 0168     		ldr	r1, [r0]
  44 0018 9950     		str	r1, [r3, r2]
  45              		.loc 1 62 0
  46 001a 8168     		ldr	r1, [r0, #8]
  47 001c 024A     		ldr	r2, .L2+4
  48 001e 9950     		str	r1, [r3, r2]
  49              		.loc 1 63 0
  50              		@ sp needed
  51 0020 7047     		bx	lr
  52              	.L3:
  53 0022 C046     		.align	2
  54              	.L2:
  55 0024 04200000 		.word	8196
  56 0028 04210000 		.word	8452
  57              		.cfi_endproc
ARM GAS  /tmp/cc0a1ntr.s 			page 2


  58              	.LFE39:
  59              		.size	_pal_lld_init, .-_pal_lld_init
  60              		.section	.text._pal_lld_setgroupmode,"ax",%progbits
  61              		.align	2
  62              		.global	_pal_lld_setgroupmode
  63              		.code	16
  64              		.thumb_func
  65              		.type	_pal_lld_setgroupmode, %function
  66              	_pal_lld_setgroupmode:
  67              	.LFB40:
  68              		.loc 1 82 0
  69              		.cfi_startproc
  70              	.LVL1:
  71 0000 10B5     		push	{r4, lr}
  72              		.cfi_def_cfa_offset 8
  73              		.cfi_offset 4, -8
  74              		.cfi_offset 14, -4
  75              		.loc 1 84 0
  76 0002 012A     		cmp	r2, #1
  77 0004 10D0     		beq	.L6
  78 0006 002A     		cmp	r2, #0
  79 0008 04D0     		beq	.L7
  80 000a 022A     		cmp	r2, #2
  81 000c 02D0     		beq	.L7
  82 000e 062A     		cmp	r2, #6
  83 0010 13D0     		beq	.L8
  84 0012 1BE0     		b	.L4
  85              	.L7:
  86 0014 8000     		lsl	r0, r0, #2
  87              	.LVL2:
  88 0016 A023     		mov	r3, #160
  89 0018 DB05     		lsl	r3, r3, #23
  90 001a C018     		add	r0, r0, r3
  91              		.loc 1 87 0
  92 001c 8023     		mov	r3, #128
  93 001e 9B01     		lsl	r3, r3, #6
  94 0020 C258     		ldr	r2, [r0, r3]
  95              	.LVL3:
  96 0022 8A43     		bic	r2, r1
  97 0024 C250     		str	r2, [r0, r3]
  98              		.loc 1 88 0
  99 0026 11E0     		b	.L4
 100              	.LVL4:
 101              	.L6:
 102              		.loc 1 90 0
 103 0028 8823     		mov	r3, #136
 104 002a 1B01     		lsl	r3, r3, #4
 105 002c C218     		add	r2, r0, r3
 106              	.LVL5:
 107 002e 9200     		lsl	r2, r2, #2
 108 0030 0124     		mov	r4, #1
 109 0032 6442     		neg	r4, r4
 110 0034 A023     		mov	r3, #160
 111 0036 DB05     		lsl	r3, r3, #23
 112 0038 D450     		str	r4, [r2, r3]
 113              	.L8:
 114 003a 8000     		lsl	r0, r0, #2
ARM GAS  /tmp/cc0a1ntr.s 			page 3


 115              	.LVL6:
 116 003c A023     		mov	r3, #160
 117 003e DB05     		lsl	r3, r3, #23
 118 0040 C018     		add	r0, r0, r3
 119              		.loc 1 92 0
 120 0042 8023     		mov	r3, #128
 121 0044 9B01     		lsl	r3, r3, #6
 122 0046 C258     		ldr	r2, [r0, r3]
 123 0048 1143     		orr	r1, r2
 124              	.LVL7:
 125 004a C150     		str	r1, [r0, r3]
 126              	.L4:
 127              		.loc 1 95 0
 128              		@ sp needed
 129 004c 10BD     		pop	{r4, pc}
 130              		.cfi_endproc
 131              	.LFE40:
 132              		.size	_pal_lld_setgroupmode, .-_pal_lld_setgroupmode
 133 004e C046     		.text
 134              	.Letext0:
 135              		.file 2 "/usr/local/lpcxpresso_7.3.0_186/lpcxpresso/tools/arm-none-eabi/include/machine/_default_t
 136              		.file 3 "/usr/local/lpcxpresso_7.3.0_186/lpcxpresso/tools/arm-none-eabi/include/stdint.h"
 137              		.file 4 "CMSIS_CORE_LPC11Uxx/inc/LPC11Uxx.h"
 138              		.file 5 "ChibiOS_2.6.5/os/hal/platforms/LPC11Uxx/pal_lld.h"
 139              		.section	.debug_info,"",%progbits
 140              	.Ldebug_info0:
 141 0000 C7030000 		.4byte	0x3c7
 142 0004 0400     		.2byte	0x4
 143 0006 00000000 		.4byte	.Ldebug_abbrev0
 144 000a 04       		.byte	0x4
 145 000b 01       		.uleb128 0x1
 146 000c 8F010000 		.4byte	.LASF37
 147 0010 01       		.byte	0x1
 148 0011 9F000000 		.4byte	.LASF38
 149 0015 F1000000 		.4byte	.LASF39
 150 0019 00000000 		.4byte	.Ldebug_ranges0+0
 151 001d 00000000 		.4byte	0
 152 0021 00000000 		.4byte	.Ldebug_line0
 153 0025 02       		.uleb128 0x2
 154 0026 04       		.byte	0x4
 155 0027 05       		.byte	0x5
 156 0028 696E7400 		.ascii	"int\000"
 157 002c 03       		.uleb128 0x3
 158 002d 04       		.byte	0x4
 159 002e 07       		.byte	0x7
 160 002f 50010000 		.4byte	.LASF0
 161 0033 03       		.uleb128 0x3
 162 0034 01       		.byte	0x1
 163 0035 06       		.byte	0x6
 164 0036 A1020000 		.4byte	.LASF1
 165 003a 04       		.uleb128 0x4
 166 003b 0E000000 		.4byte	.LASF6
 167 003f 02       		.byte	0x2
 168 0040 1C       		.byte	0x1c
 169 0041 45000000 		.4byte	0x45
 170 0045 03       		.uleb128 0x3
 171 0046 01       		.byte	0x1
ARM GAS  /tmp/cc0a1ntr.s 			page 4


 172 0047 08       		.byte	0x8
 173 0048 D1000000 		.4byte	.LASF2
 174 004c 03       		.uleb128 0x3
 175 004d 02       		.byte	0x2
 176 004e 05       		.byte	0x5
 177 004f 6D020000 		.4byte	.LASF3
 178 0053 03       		.uleb128 0x3
 179 0054 02       		.byte	0x2
 180 0055 07       		.byte	0x7
 181 0056 2B000000 		.4byte	.LASF4
 182 005a 03       		.uleb128 0x3
 183 005b 04       		.byte	0x4
 184 005c 05       		.byte	0x5
 185 005d 98020000 		.4byte	.LASF5
 186 0061 04       		.uleb128 0x4
 187 0062 2F010000 		.4byte	.LASF7
 188 0066 02       		.byte	0x2
 189 0067 38       		.byte	0x38
 190 0068 6C000000 		.4byte	0x6c
 191 006c 03       		.uleb128 0x3
 192 006d 04       		.byte	0x4
 193 006e 07       		.byte	0x7
 194 006f DF000000 		.4byte	.LASF8
 195 0073 03       		.uleb128 0x3
 196 0074 08       		.byte	0x8
 197 0075 05       		.byte	0x5
 198 0076 00000000 		.4byte	.LASF9
 199 007a 03       		.uleb128 0x3
 200 007b 08       		.byte	0x8
 201 007c 07       		.byte	0x7
 202 007d 5D010000 		.4byte	.LASF10
 203 0081 04       		.uleb128 0x4
 204 0082 74010000 		.4byte	.LASF11
 205 0086 03       		.byte	0x3
 206 0087 2A       		.byte	0x2a
 207 0088 3A000000 		.4byte	0x3a
 208 008c 04       		.uleb128 0x4
 209 008d 8F020000 		.4byte	.LASF12
 210 0091 03       		.byte	0x3
 211 0092 42       		.byte	0x42
 212 0093 61000000 		.4byte	0x61
 213 0097 03       		.uleb128 0x3
 214 0098 01       		.byte	0x1
 215 0099 02       		.byte	0x2
 216 009a AD020000 		.4byte	.LASF13
 217 009e 03       		.uleb128 0x3
 218 009f 04       		.byte	0x4
 219 00a0 07       		.byte	0x7
 220 00a1 86010000 		.4byte	.LASF14
 221 00a5 03       		.uleb128 0x3
 222 00a6 01       		.byte	0x1
 223 00a7 08       		.byte	0x8
 224 00a8 59020000 		.4byte	.LASF15
 225 00ac 05       		.uleb128 0x5
 226 00ad 8C000000 		.4byte	0x8c
 227 00b1 BC000000 		.4byte	0xbc
 228 00b5 06       		.uleb128 0x6
ARM GAS  /tmp/cc0a1ntr.s 			page 5


 229 00b6 9E000000 		.4byte	0x9e
 230 00ba 3F       		.byte	0x3f
 231 00bb 00       		.byte	0
 232 00bc 05       		.uleb128 0x5
 233 00bd 8C000000 		.4byte	0x8c
 234 00c1 CC000000 		.4byte	0xcc
 235 00c5 06       		.uleb128 0x6
 236 00c6 9E000000 		.4byte	0x9e
 237 00ca 01       		.byte	0x1
 238 00cb 00       		.byte	0
 239 00cc 07       		.uleb128 0x7
 240 00cd 40       		.byte	0x40
 241 00ce 04       		.byte	0x4
 242 00cf 3F02     		.2byte	0x23f
 243 00d1 EE000000 		.4byte	0xee
 244 00d5 08       		.uleb128 0x8
 245 00d6 423000   		.ascii	"B0\000"
 246 00d9 04       		.byte	0x4
 247 00da 4002     		.2byte	0x240
 248 00dc FE000000 		.4byte	0xfe
 249 00e0 00       		.byte	0
 250 00e1 08       		.uleb128 0x8
 251 00e2 423100   		.ascii	"B1\000"
 252 00e5 04       		.byte	0x4
 253 00e6 4102     		.2byte	0x241
 254 00e8 03010000 		.4byte	0x103
 255 00ec 20       		.byte	0x20
 256 00ed 00       		.byte	0
 257 00ee 05       		.uleb128 0x5
 258 00ef 81000000 		.4byte	0x81
 259 00f3 FE000000 		.4byte	0xfe
 260 00f7 06       		.uleb128 0x6
 261 00f8 9E000000 		.4byte	0x9e
 262 00fc 1F       		.byte	0x1f
 263 00fd 00       		.byte	0
 264 00fe 09       		.uleb128 0x9
 265 00ff EE000000 		.4byte	0xee
 266 0103 09       		.uleb128 0x9
 267 0104 EE000000 		.4byte	0xee
 268 0108 0A       		.uleb128 0xa
 269 0109 40       		.byte	0x40
 270 010a 04       		.byte	0x4
 271 010b 3E02     		.2byte	0x23e
 272 010d 21010000 		.4byte	0x121
 273 0111 0B       		.uleb128 0xb
 274 0112 CC000000 		.4byte	0xcc
 275 0116 0C       		.uleb128 0xc
 276 0117 4200     		.ascii	"B\000"
 277 0119 04       		.byte	0x4
 278 011a 4302     		.2byte	0x243
 279 011c 31010000 		.4byte	0x131
 280 0120 00       		.byte	0
 281 0121 05       		.uleb128 0x5
 282 0122 81000000 		.4byte	0x81
 283 0126 31010000 		.4byte	0x131
 284 012a 06       		.uleb128 0x6
 285 012b 9E000000 		.4byte	0x9e
ARM GAS  /tmp/cc0a1ntr.s 			page 6


 286 012f 3F       		.byte	0x3f
 287 0130 00       		.byte	0
 288 0131 09       		.uleb128 0x9
 289 0132 21010000 		.4byte	0x121
 290 0136 0D       		.uleb128 0xd
 291 0137 0001     		.2byte	0x100
 292 0139 04       		.byte	0x4
 293 013a 4702     		.2byte	0x247
 294 013c 59010000 		.4byte	0x159
 295 0140 08       		.uleb128 0x8
 296 0141 573000   		.ascii	"W0\000"
 297 0144 04       		.byte	0x4
 298 0145 4802     		.2byte	0x248
 299 0147 69010000 		.4byte	0x169
 300 014b 00       		.byte	0
 301 014c 08       		.uleb128 0x8
 302 014d 573100   		.ascii	"W1\000"
 303 0150 04       		.byte	0x4
 304 0151 4902     		.2byte	0x249
 305 0153 6E010000 		.4byte	0x16e
 306 0157 80       		.byte	0x80
 307 0158 00       		.byte	0
 308 0159 05       		.uleb128 0x5
 309 015a 8C000000 		.4byte	0x8c
 310 015e 69010000 		.4byte	0x169
 311 0162 06       		.uleb128 0x6
 312 0163 9E000000 		.4byte	0x9e
 313 0167 1F       		.byte	0x1f
 314 0168 00       		.byte	0
 315 0169 09       		.uleb128 0x9
 316 016a 59010000 		.4byte	0x159
 317 016e 09       		.uleb128 0x9
 318 016f 59010000 		.4byte	0x159
 319 0173 0E       		.uleb128 0xe
 320 0174 0001     		.2byte	0x100
 321 0176 04       		.byte	0x4
 322 0177 4602     		.2byte	0x246
 323 0179 8D010000 		.4byte	0x18d
 324 017d 0B       		.uleb128 0xb
 325 017e 36010000 		.4byte	0x136
 326 0182 0C       		.uleb128 0xc
 327 0183 5700     		.ascii	"W\000"
 328 0185 04       		.byte	0x4
 329 0186 4B02     		.2byte	0x24b
 330 0188 8D010000 		.4byte	0x18d
 331 018c 00       		.byte	0
 332 018d 09       		.uleb128 0x9
 333 018e AC000000 		.4byte	0xac
 334 0192 0D       		.uleb128 0xd
 335 0193 0823     		.2byte	0x2308
 336 0195 04       		.byte	0x4
 337 0196 3D02     		.2byte	0x23d
 338 0198 7B020000 		.4byte	0x27b
 339 019c 0F       		.uleb128 0xf
 340 019d 08010000 		.4byte	0x108
 341 01a1 00       		.byte	0
 342 01a2 10       		.uleb128 0x10
ARM GAS  /tmp/cc0a1ntr.s 			page 7


 343 01a3 47000000 		.4byte	.LASF16
 344 01a7 04       		.byte	0x4
 345 01a8 4502     		.2byte	0x245
 346 01aa 8C020000 		.4byte	0x28c
 347 01ae 40       		.byte	0x40
 348 01af 11       		.uleb128 0x11
 349 01b0 73010000 		.4byte	0x173
 350 01b4 0010     		.2byte	0x1000
 351 01b6 12       		.uleb128 0x12
 352 01b7 51000000 		.4byte	.LASF17
 353 01bb 04       		.byte	0x4
 354 01bc 4D02     		.2byte	0x24d
 355 01be 96020000 		.4byte	0x296
 356 01c2 0011     		.2byte	0x1100
 357 01c4 13       		.uleb128 0x13
 358 01c5 44495200 		.ascii	"DIR\000"
 359 01c9 04       		.byte	0x4
 360 01ca 4E02     		.2byte	0x24e
 361 01cc A7020000 		.4byte	0x2a7
 362 01d0 0020     		.2byte	0x2000
 363 01d2 12       		.uleb128 0x12
 364 01d3 5B000000 		.4byte	.LASF18
 365 01d7 04       		.byte	0x4
 366 01d8 4F02     		.2byte	0x24f
 367 01da AC020000 		.4byte	0x2ac
 368 01de 0820     		.2byte	0x2008
 369 01e0 12       		.uleb128 0x12
 370 01e1 54020000 		.4byte	.LASF19
 371 01e5 04       		.byte	0x4
 372 01e6 5002     		.2byte	0x250
 373 01e8 BC020000 		.4byte	0x2bc
 374 01ec 8020     		.2byte	0x2080
 375 01ee 12       		.uleb128 0x12
 376 01ef 65000000 		.4byte	.LASF20
 377 01f3 04       		.byte	0x4
 378 01f4 5102     		.2byte	0x251
 379 01f6 AC020000 		.4byte	0x2ac
 380 01fa 8820     		.2byte	0x2088
 381 01fc 13       		.uleb128 0x13
 382 01fd 50494E00 		.ascii	"PIN\000"
 383 0201 04       		.byte	0x4
 384 0202 5202     		.2byte	0x252
 385 0204 C1020000 		.4byte	0x2c1
 386 0208 0021     		.2byte	0x2100
 387 020a 12       		.uleb128 0x12
 388 020b 5E020000 		.4byte	.LASF21
 389 020f 04       		.byte	0x4
 390 0210 5302     		.2byte	0x253
 391 0212 AC020000 		.4byte	0x2ac
 392 0216 0821     		.2byte	0x2108
 393 0218 12       		.uleb128 0x12
 394 0219 81010000 		.4byte	.LASF22
 395 021d 04       		.byte	0x4
 396 021e 5402     		.2byte	0x254
 397 0220 C6020000 		.4byte	0x2c6
 398 0224 8021     		.2byte	0x2180
 399 0226 12       		.uleb128 0x12
ARM GAS  /tmp/cc0a1ntr.s 			page 8


 400 0227 7C000000 		.4byte	.LASF23
 401 022b 04       		.byte	0x4
 402 022c 5502     		.2byte	0x255
 403 022e AC020000 		.4byte	0x2ac
 404 0232 8821     		.2byte	0x2188
 405 0234 13       		.uleb128 0x13
 406 0235 53455400 		.ascii	"SET\000"
 407 0239 04       		.byte	0x4
 408 023a 5602     		.2byte	0x256
 409 023c CB020000 		.4byte	0x2cb
 410 0240 0022     		.2byte	0x2200
 411 0242 12       		.uleb128 0x12
 412 0243 86000000 		.4byte	.LASF24
 413 0247 04       		.byte	0x4
 414 0248 5702     		.2byte	0x257
 415 024a AC020000 		.4byte	0x2ac
 416 024e 0822     		.2byte	0x2208
 417 0250 13       		.uleb128 0x13
 418 0251 434C5200 		.ascii	"CLR\000"
 419 0255 04       		.byte	0x4
 420 0256 5802     		.2byte	0x258
 421 0258 D0020000 		.4byte	0x2d0
 422 025c 8022     		.2byte	0x2280
 423 025e 12       		.uleb128 0x12
 424 025f 90000000 		.4byte	.LASF25
 425 0263 04       		.byte	0x4
 426 0264 5902     		.2byte	0x259
 427 0266 AC020000 		.4byte	0x2ac
 428 026a 8822     		.2byte	0x2288
 429 026c 13       		.uleb128 0x13
 430 026d 4E4F5400 		.ascii	"NOT\000"
 431 0271 04       		.byte	0x4
 432 0272 5A02     		.2byte	0x25a
 433 0274 D5020000 		.4byte	0x2d5
 434 0278 0023     		.2byte	0x2300
 435 027a 00       		.byte	0
 436 027b 05       		.uleb128 0x5
 437 027c 8C000000 		.4byte	0x8c
 438 0280 8C020000 		.4byte	0x28c
 439 0284 14       		.uleb128 0x14
 440 0285 9E000000 		.4byte	0x9e
 441 0289 EF03     		.2byte	0x3ef
 442 028b 00       		.byte	0
 443 028c 15       		.uleb128 0x15
 444 028d 91020000 		.4byte	0x291
 445 0291 09       		.uleb128 0x9
 446 0292 7B020000 		.4byte	0x27b
 447 0296 05       		.uleb128 0x5
 448 0297 8C000000 		.4byte	0x8c
 449 029b A7020000 		.4byte	0x2a7
 450 029f 14       		.uleb128 0x14
 451 02a0 9E000000 		.4byte	0x9e
 452 02a4 BF03     		.2byte	0x3bf
 453 02a6 00       		.byte	0
 454 02a7 09       		.uleb128 0x9
 455 02a8 BC000000 		.4byte	0xbc
 456 02ac 05       		.uleb128 0x5
ARM GAS  /tmp/cc0a1ntr.s 			page 9


 457 02ad 8C000000 		.4byte	0x8c
 458 02b1 BC020000 		.4byte	0x2bc
 459 02b5 06       		.uleb128 0x6
 460 02b6 9E000000 		.4byte	0x9e
 461 02ba 1D       		.byte	0x1d
 462 02bb 00       		.byte	0
 463 02bc 09       		.uleb128 0x9
 464 02bd BC000000 		.4byte	0xbc
 465 02c1 09       		.uleb128 0x9
 466 02c2 BC000000 		.4byte	0xbc
 467 02c6 09       		.uleb128 0x9
 468 02c7 BC000000 		.4byte	0xbc
 469 02cb 09       		.uleb128 0x9
 470 02cc BC000000 		.4byte	0xbc
 471 02d0 09       		.uleb128 0x9
 472 02d1 BC000000 		.4byte	0xbc
 473 02d5 09       		.uleb128 0x9
 474 02d6 BC000000 		.4byte	0xbc
 475 02da 16       		.uleb128 0x16
 476 02db 10010000 		.4byte	.LASF26
 477 02df 04       		.byte	0x4
 478 02e0 5B02     		.2byte	0x25b
 479 02e2 92010000 		.4byte	0x192
 480 02e6 17       		.uleb128 0x17
 481 02e7 08       		.byte	0x8
 482 02e8 05       		.byte	0x5
 483 02e9 2E       		.byte	0x2e
 484 02ea 07030000 		.4byte	0x307
 485 02ee 18       		.uleb128 0x18
 486 02ef 9A000000 		.4byte	.LASF27
 487 02f3 05       		.byte	0x5
 488 02f4 30       		.byte	0x30
 489 02f5 8C000000 		.4byte	0x8c
 490 02f9 00       		.byte	0
 491 02fa 19       		.uleb128 0x19
 492 02fb 64697200 		.ascii	"dir\000"
 493 02ff 05       		.byte	0x5
 494 0300 32       		.byte	0x32
 495 0301 8C000000 		.4byte	0x8c
 496 0305 04       		.byte	0x4
 497 0306 00       		.byte	0
 498 0307 04       		.uleb128 0x4
 499 0308 82020000 		.4byte	.LASF28
 500 030c 05       		.byte	0x5
 501 030d 33       		.byte	0x33
 502 030e E6020000 		.4byte	0x2e6
 503 0312 17       		.uleb128 0x17
 504 0313 10       		.byte	0x10
 505 0314 05       		.byte	0x5
 506 0315 41       		.byte	0x41
 507 0316 31030000 		.4byte	0x331
 508 031a 19       		.uleb128 0x19
 509 031b 503000   		.ascii	"P0\000"
 510 031e 05       		.byte	0x5
 511 031f 43       		.byte	0x43
 512 0320 07030000 		.4byte	0x307
 513 0324 00       		.byte	0
ARM GAS  /tmp/cc0a1ntr.s 			page 10


 514 0325 19       		.uleb128 0x19
 515 0326 503100   		.ascii	"P1\000"
 516 0329 05       		.byte	0x5
 517 032a 45       		.byte	0x45
 518 032b 07030000 		.4byte	0x307
 519 032f 08       		.byte	0x8
 520 0330 00       		.byte	0
 521 0331 04       		.uleb128 0x4
 522 0332 25010000 		.4byte	.LASF29
 523 0336 05       		.byte	0x5
 524 0337 46       		.byte	0x46
 525 0338 12030000 		.4byte	0x312
 526 033c 04       		.uleb128 0x4
 527 033d 6F000000 		.4byte	.LASF30
 528 0341 05       		.byte	0x5
 529 0342 56       		.byte	0x56
 530 0343 8C000000 		.4byte	0x8c
 531 0347 04       		.uleb128 0x4
 532 0348 3E000000 		.4byte	.LASF31
 533 034c 05       		.byte	0x5
 534 034d 5B       		.byte	0x5b
 535 034e 8C000000 		.4byte	0x8c
 536 0352 04       		.uleb128 0x4
 537 0353 77020000 		.4byte	.LASF32
 538 0357 05       		.byte	0x5
 539 0358 60       		.byte	0x60
 540 0359 8C000000 		.4byte	0x8c
 541 035d 1A       		.uleb128 0x1a
 542 035e 18000000 		.4byte	.LASF40
 543 0362 01       		.byte	0x1
 544 0363 39       		.byte	0x39
 545 0364 00000000 		.4byte	.LFB39
 546 0368 2C000000 		.4byte	.LFE39-.LFB39
 547 036c 01       		.uleb128 0x1
 548 036d 9C       		.byte	0x9c
 549 036e 80030000 		.4byte	0x380
 550 0372 1B       		.uleb128 0x1b
 551 0373 1E010000 		.4byte	.LASF33
 552 0377 01       		.byte	0x1
 553 0378 39       		.byte	0x39
 554 0379 80030000 		.4byte	0x380
 555 037d 01       		.uleb128 0x1
 556 037e 50       		.byte	0x50
 557 037f 00       		.byte	0
 558 0380 1C       		.uleb128 0x1c
 559 0381 04       		.byte	0x4
 560 0382 86030000 		.4byte	0x386
 561 0386 15       		.uleb128 0x15
 562 0387 31030000 		.4byte	0x331
 563 038b 1D       		.uleb128 0x1d
 564 038c 3A010000 		.4byte	.LASF41
 565 0390 01       		.byte	0x1
 566 0391 50       		.byte	0x50
 567 0392 00000000 		.4byte	.LFB40
 568 0396 4E000000 		.4byte	.LFE40-.LFB40
 569 039a 01       		.uleb128 0x1
 570 039b 9C       		.byte	0x9c
ARM GAS  /tmp/cc0a1ntr.s 			page 11


 571 039c 1E       		.uleb128 0x1e
 572 039d 68020000 		.4byte	.LASF34
 573 03a1 01       		.byte	0x1
 574 03a2 50       		.byte	0x50
 575 03a3 52030000 		.4byte	0x352
 576 03a7 00000000 		.4byte	.LLST0
 577 03ab 1E       		.uleb128 0x1e
 578 03ac 26000000 		.4byte	.LASF35
 579 03b0 01       		.byte	0x1
 580 03b1 51       		.byte	0x51
 581 03b2 3C030000 		.4byte	0x33c
 582 03b6 3A000000 		.4byte	.LLST1
 583 03ba 1E       		.uleb128 0x1e
 584 03bb 7C010000 		.4byte	.LASF36
 585 03bf 01       		.byte	0x1
 586 03c0 52       		.byte	0x52
 587 03c1 47030000 		.4byte	0x347
 588 03c5 5B000000 		.4byte	.LLST2
 589 03c9 00       		.byte	0
 590 03ca 00       		.byte	0
 591              		.section	.debug_abbrev,"",%progbits
 592              	.Ldebug_abbrev0:
 593 0000 01       		.uleb128 0x1
 594 0001 11       		.uleb128 0x11
 595 0002 01       		.byte	0x1
 596 0003 25       		.uleb128 0x25
 597 0004 0E       		.uleb128 0xe
 598 0005 13       		.uleb128 0x13
 599 0006 0B       		.uleb128 0xb
 600 0007 03       		.uleb128 0x3
 601 0008 0E       		.uleb128 0xe
 602 0009 1B       		.uleb128 0x1b
 603 000a 0E       		.uleb128 0xe
 604 000b 55       		.uleb128 0x55
 605 000c 17       		.uleb128 0x17
 606 000d 11       		.uleb128 0x11
 607 000e 01       		.uleb128 0x1
 608 000f 10       		.uleb128 0x10
 609 0010 17       		.uleb128 0x17
 610 0011 00       		.byte	0
 611 0012 00       		.byte	0
 612 0013 02       		.uleb128 0x2
 613 0014 24       		.uleb128 0x24
 614 0015 00       		.byte	0
 615 0016 0B       		.uleb128 0xb
 616 0017 0B       		.uleb128 0xb
 617 0018 3E       		.uleb128 0x3e
 618 0019 0B       		.uleb128 0xb
 619 001a 03       		.uleb128 0x3
 620 001b 08       		.uleb128 0x8
 621 001c 00       		.byte	0
 622 001d 00       		.byte	0
 623 001e 03       		.uleb128 0x3
 624 001f 24       		.uleb128 0x24
 625 0020 00       		.byte	0
 626 0021 0B       		.uleb128 0xb
 627 0022 0B       		.uleb128 0xb
ARM GAS  /tmp/cc0a1ntr.s 			page 12


 628 0023 3E       		.uleb128 0x3e
 629 0024 0B       		.uleb128 0xb
 630 0025 03       		.uleb128 0x3
 631 0026 0E       		.uleb128 0xe
 632 0027 00       		.byte	0
 633 0028 00       		.byte	0
 634 0029 04       		.uleb128 0x4
 635 002a 16       		.uleb128 0x16
 636 002b 00       		.byte	0
 637 002c 03       		.uleb128 0x3
 638 002d 0E       		.uleb128 0xe
 639 002e 3A       		.uleb128 0x3a
 640 002f 0B       		.uleb128 0xb
 641 0030 3B       		.uleb128 0x3b
 642 0031 0B       		.uleb128 0xb
 643 0032 49       		.uleb128 0x49
 644 0033 13       		.uleb128 0x13
 645 0034 00       		.byte	0
 646 0035 00       		.byte	0
 647 0036 05       		.uleb128 0x5
 648 0037 01       		.uleb128 0x1
 649 0038 01       		.byte	0x1
 650 0039 49       		.uleb128 0x49
 651 003a 13       		.uleb128 0x13
 652 003b 01       		.uleb128 0x1
 653 003c 13       		.uleb128 0x13
 654 003d 00       		.byte	0
 655 003e 00       		.byte	0
 656 003f 06       		.uleb128 0x6
 657 0040 21       		.uleb128 0x21
 658 0041 00       		.byte	0
 659 0042 49       		.uleb128 0x49
 660 0043 13       		.uleb128 0x13
 661 0044 2F       		.uleb128 0x2f
 662 0045 0B       		.uleb128 0xb
 663 0046 00       		.byte	0
 664 0047 00       		.byte	0
 665 0048 07       		.uleb128 0x7
 666 0049 13       		.uleb128 0x13
 667 004a 01       		.byte	0x1
 668 004b 0B       		.uleb128 0xb
 669 004c 0B       		.uleb128 0xb
 670 004d 3A       		.uleb128 0x3a
 671 004e 0B       		.uleb128 0xb
 672 004f 3B       		.uleb128 0x3b
 673 0050 05       		.uleb128 0x5
 674 0051 01       		.uleb128 0x1
 675 0052 13       		.uleb128 0x13
 676 0053 00       		.byte	0
 677 0054 00       		.byte	0
 678 0055 08       		.uleb128 0x8
 679 0056 0D       		.uleb128 0xd
 680 0057 00       		.byte	0
 681 0058 03       		.uleb128 0x3
 682 0059 08       		.uleb128 0x8
 683 005a 3A       		.uleb128 0x3a
 684 005b 0B       		.uleb128 0xb
ARM GAS  /tmp/cc0a1ntr.s 			page 13


 685 005c 3B       		.uleb128 0x3b
 686 005d 05       		.uleb128 0x5
 687 005e 49       		.uleb128 0x49
 688 005f 13       		.uleb128 0x13
 689 0060 38       		.uleb128 0x38
 690 0061 0B       		.uleb128 0xb
 691 0062 00       		.byte	0
 692 0063 00       		.byte	0
 693 0064 09       		.uleb128 0x9
 694 0065 35       		.uleb128 0x35
 695 0066 00       		.byte	0
 696 0067 49       		.uleb128 0x49
 697 0068 13       		.uleb128 0x13
 698 0069 00       		.byte	0
 699 006a 00       		.byte	0
 700 006b 0A       		.uleb128 0xa
 701 006c 17       		.uleb128 0x17
 702 006d 01       		.byte	0x1
 703 006e 0B       		.uleb128 0xb
 704 006f 0B       		.uleb128 0xb
 705 0070 3A       		.uleb128 0x3a
 706 0071 0B       		.uleb128 0xb
 707 0072 3B       		.uleb128 0x3b
 708 0073 05       		.uleb128 0x5
 709 0074 01       		.uleb128 0x1
 710 0075 13       		.uleb128 0x13
 711 0076 00       		.byte	0
 712 0077 00       		.byte	0
 713 0078 0B       		.uleb128 0xb
 714 0079 0D       		.uleb128 0xd
 715 007a 00       		.byte	0
 716 007b 49       		.uleb128 0x49
 717 007c 13       		.uleb128 0x13
 718 007d 00       		.byte	0
 719 007e 00       		.byte	0
 720 007f 0C       		.uleb128 0xc
 721 0080 0D       		.uleb128 0xd
 722 0081 00       		.byte	0
 723 0082 03       		.uleb128 0x3
 724 0083 08       		.uleb128 0x8
 725 0084 3A       		.uleb128 0x3a
 726 0085 0B       		.uleb128 0xb
 727 0086 3B       		.uleb128 0x3b
 728 0087 05       		.uleb128 0x5
 729 0088 49       		.uleb128 0x49
 730 0089 13       		.uleb128 0x13
 731 008a 00       		.byte	0
 732 008b 00       		.byte	0
 733 008c 0D       		.uleb128 0xd
 734 008d 13       		.uleb128 0x13
 735 008e 01       		.byte	0x1
 736 008f 0B       		.uleb128 0xb
 737 0090 05       		.uleb128 0x5
 738 0091 3A       		.uleb128 0x3a
 739 0092 0B       		.uleb128 0xb
 740 0093 3B       		.uleb128 0x3b
 741 0094 05       		.uleb128 0x5
ARM GAS  /tmp/cc0a1ntr.s 			page 14


 742 0095 01       		.uleb128 0x1
 743 0096 13       		.uleb128 0x13
 744 0097 00       		.byte	0
 745 0098 00       		.byte	0
 746 0099 0E       		.uleb128 0xe
 747 009a 17       		.uleb128 0x17
 748 009b 01       		.byte	0x1
 749 009c 0B       		.uleb128 0xb
 750 009d 05       		.uleb128 0x5
 751 009e 3A       		.uleb128 0x3a
 752 009f 0B       		.uleb128 0xb
 753 00a0 3B       		.uleb128 0x3b
 754 00a1 05       		.uleb128 0x5
 755 00a2 01       		.uleb128 0x1
 756 00a3 13       		.uleb128 0x13
 757 00a4 00       		.byte	0
 758 00a5 00       		.byte	0
 759 00a6 0F       		.uleb128 0xf
 760 00a7 0D       		.uleb128 0xd
 761 00a8 00       		.byte	0
 762 00a9 49       		.uleb128 0x49
 763 00aa 13       		.uleb128 0x13
 764 00ab 38       		.uleb128 0x38
 765 00ac 0B       		.uleb128 0xb
 766 00ad 00       		.byte	0
 767 00ae 00       		.byte	0
 768 00af 10       		.uleb128 0x10
 769 00b0 0D       		.uleb128 0xd
 770 00b1 00       		.byte	0
 771 00b2 03       		.uleb128 0x3
 772 00b3 0E       		.uleb128 0xe
 773 00b4 3A       		.uleb128 0x3a
 774 00b5 0B       		.uleb128 0xb
 775 00b6 3B       		.uleb128 0x3b
 776 00b7 05       		.uleb128 0x5
 777 00b8 49       		.uleb128 0x49
 778 00b9 13       		.uleb128 0x13
 779 00ba 38       		.uleb128 0x38
 780 00bb 0B       		.uleb128 0xb
 781 00bc 00       		.byte	0
 782 00bd 00       		.byte	0
 783 00be 11       		.uleb128 0x11
 784 00bf 0D       		.uleb128 0xd
 785 00c0 00       		.byte	0
 786 00c1 49       		.uleb128 0x49
 787 00c2 13       		.uleb128 0x13
 788 00c3 38       		.uleb128 0x38
 789 00c4 05       		.uleb128 0x5
 790 00c5 00       		.byte	0
 791 00c6 00       		.byte	0
 792 00c7 12       		.uleb128 0x12
 793 00c8 0D       		.uleb128 0xd
 794 00c9 00       		.byte	0
 795 00ca 03       		.uleb128 0x3
 796 00cb 0E       		.uleb128 0xe
 797 00cc 3A       		.uleb128 0x3a
 798 00cd 0B       		.uleb128 0xb
ARM GAS  /tmp/cc0a1ntr.s 			page 15


 799 00ce 3B       		.uleb128 0x3b
 800 00cf 05       		.uleb128 0x5
 801 00d0 49       		.uleb128 0x49
 802 00d1 13       		.uleb128 0x13
 803 00d2 38       		.uleb128 0x38
 804 00d3 05       		.uleb128 0x5
 805 00d4 00       		.byte	0
 806 00d5 00       		.byte	0
 807 00d6 13       		.uleb128 0x13
 808 00d7 0D       		.uleb128 0xd
 809 00d8 00       		.byte	0
 810 00d9 03       		.uleb128 0x3
 811 00da 08       		.uleb128 0x8
 812 00db 3A       		.uleb128 0x3a
 813 00dc 0B       		.uleb128 0xb
 814 00dd 3B       		.uleb128 0x3b
 815 00de 05       		.uleb128 0x5
 816 00df 49       		.uleb128 0x49
 817 00e0 13       		.uleb128 0x13
 818 00e1 38       		.uleb128 0x38
 819 00e2 05       		.uleb128 0x5
 820 00e3 00       		.byte	0
 821 00e4 00       		.byte	0
 822 00e5 14       		.uleb128 0x14
 823 00e6 21       		.uleb128 0x21
 824 00e7 00       		.byte	0
 825 00e8 49       		.uleb128 0x49
 826 00e9 13       		.uleb128 0x13
 827 00ea 2F       		.uleb128 0x2f
 828 00eb 05       		.uleb128 0x5
 829 00ec 00       		.byte	0
 830 00ed 00       		.byte	0
 831 00ee 15       		.uleb128 0x15
 832 00ef 26       		.uleb128 0x26
 833 00f0 00       		.byte	0
 834 00f1 49       		.uleb128 0x49
 835 00f2 13       		.uleb128 0x13
 836 00f3 00       		.byte	0
 837 00f4 00       		.byte	0
 838 00f5 16       		.uleb128 0x16
 839 00f6 16       		.uleb128 0x16
 840 00f7 00       		.byte	0
 841 00f8 03       		.uleb128 0x3
 842 00f9 0E       		.uleb128 0xe
 843 00fa 3A       		.uleb128 0x3a
 844 00fb 0B       		.uleb128 0xb
 845 00fc 3B       		.uleb128 0x3b
 846 00fd 05       		.uleb128 0x5
 847 00fe 49       		.uleb128 0x49
 848 00ff 13       		.uleb128 0x13
 849 0100 00       		.byte	0
 850 0101 00       		.byte	0
 851 0102 17       		.uleb128 0x17
 852 0103 13       		.uleb128 0x13
 853 0104 01       		.byte	0x1
 854 0105 0B       		.uleb128 0xb
 855 0106 0B       		.uleb128 0xb
ARM GAS  /tmp/cc0a1ntr.s 			page 16


 856 0107 3A       		.uleb128 0x3a
 857 0108 0B       		.uleb128 0xb
 858 0109 3B       		.uleb128 0x3b
 859 010a 0B       		.uleb128 0xb
 860 010b 01       		.uleb128 0x1
 861 010c 13       		.uleb128 0x13
 862 010d 00       		.byte	0
 863 010e 00       		.byte	0
 864 010f 18       		.uleb128 0x18
 865 0110 0D       		.uleb128 0xd
 866 0111 00       		.byte	0
 867 0112 03       		.uleb128 0x3
 868 0113 0E       		.uleb128 0xe
 869 0114 3A       		.uleb128 0x3a
 870 0115 0B       		.uleb128 0xb
 871 0116 3B       		.uleb128 0x3b
 872 0117 0B       		.uleb128 0xb
 873 0118 49       		.uleb128 0x49
 874 0119 13       		.uleb128 0x13
 875 011a 38       		.uleb128 0x38
 876 011b 0B       		.uleb128 0xb
 877 011c 00       		.byte	0
 878 011d 00       		.byte	0
 879 011e 19       		.uleb128 0x19
 880 011f 0D       		.uleb128 0xd
 881 0120 00       		.byte	0
 882 0121 03       		.uleb128 0x3
 883 0122 08       		.uleb128 0x8
 884 0123 3A       		.uleb128 0x3a
 885 0124 0B       		.uleb128 0xb
 886 0125 3B       		.uleb128 0x3b
 887 0126 0B       		.uleb128 0xb
 888 0127 49       		.uleb128 0x49
 889 0128 13       		.uleb128 0x13
 890 0129 38       		.uleb128 0x38
 891 012a 0B       		.uleb128 0xb
 892 012b 00       		.byte	0
 893 012c 00       		.byte	0
 894 012d 1A       		.uleb128 0x1a
 895 012e 2E       		.uleb128 0x2e
 896 012f 01       		.byte	0x1
 897 0130 3F       		.uleb128 0x3f
 898 0131 19       		.uleb128 0x19
 899 0132 03       		.uleb128 0x3
 900 0133 0E       		.uleb128 0xe
 901 0134 3A       		.uleb128 0x3a
 902 0135 0B       		.uleb128 0xb
 903 0136 3B       		.uleb128 0x3b
 904 0137 0B       		.uleb128 0xb
 905 0138 27       		.uleb128 0x27
 906 0139 19       		.uleb128 0x19
 907 013a 11       		.uleb128 0x11
 908 013b 01       		.uleb128 0x1
 909 013c 12       		.uleb128 0x12
 910 013d 06       		.uleb128 0x6
 911 013e 40       		.uleb128 0x40
 912 013f 18       		.uleb128 0x18
ARM GAS  /tmp/cc0a1ntr.s 			page 17


 913 0140 9742     		.uleb128 0x2117
 914 0142 19       		.uleb128 0x19
 915 0143 01       		.uleb128 0x1
 916 0144 13       		.uleb128 0x13
 917 0145 00       		.byte	0
 918 0146 00       		.byte	0
 919 0147 1B       		.uleb128 0x1b
 920 0148 05       		.uleb128 0x5
 921 0149 00       		.byte	0
 922 014a 03       		.uleb128 0x3
 923 014b 0E       		.uleb128 0xe
 924 014c 3A       		.uleb128 0x3a
 925 014d 0B       		.uleb128 0xb
 926 014e 3B       		.uleb128 0x3b
 927 014f 0B       		.uleb128 0xb
 928 0150 49       		.uleb128 0x49
 929 0151 13       		.uleb128 0x13
 930 0152 02       		.uleb128 0x2
 931 0153 18       		.uleb128 0x18
 932 0154 00       		.byte	0
 933 0155 00       		.byte	0
 934 0156 1C       		.uleb128 0x1c
 935 0157 0F       		.uleb128 0xf
 936 0158 00       		.byte	0
 937 0159 0B       		.uleb128 0xb
 938 015a 0B       		.uleb128 0xb
 939 015b 49       		.uleb128 0x49
 940 015c 13       		.uleb128 0x13
 941 015d 00       		.byte	0
 942 015e 00       		.byte	0
 943 015f 1D       		.uleb128 0x1d
 944 0160 2E       		.uleb128 0x2e
 945 0161 01       		.byte	0x1
 946 0162 3F       		.uleb128 0x3f
 947 0163 19       		.uleb128 0x19
 948 0164 03       		.uleb128 0x3
 949 0165 0E       		.uleb128 0xe
 950 0166 3A       		.uleb128 0x3a
 951 0167 0B       		.uleb128 0xb
 952 0168 3B       		.uleb128 0x3b
 953 0169 0B       		.uleb128 0xb
 954 016a 27       		.uleb128 0x27
 955 016b 19       		.uleb128 0x19
 956 016c 11       		.uleb128 0x11
 957 016d 01       		.uleb128 0x1
 958 016e 12       		.uleb128 0x12
 959 016f 06       		.uleb128 0x6
 960 0170 40       		.uleb128 0x40
 961 0171 18       		.uleb128 0x18
 962 0172 9742     		.uleb128 0x2117
 963 0174 19       		.uleb128 0x19
 964 0175 00       		.byte	0
 965 0176 00       		.byte	0
 966 0177 1E       		.uleb128 0x1e
 967 0178 05       		.uleb128 0x5
 968 0179 00       		.byte	0
 969 017a 03       		.uleb128 0x3
ARM GAS  /tmp/cc0a1ntr.s 			page 18


 970 017b 0E       		.uleb128 0xe
 971 017c 3A       		.uleb128 0x3a
 972 017d 0B       		.uleb128 0xb
 973 017e 3B       		.uleb128 0x3b
 974 017f 0B       		.uleb128 0xb
 975 0180 49       		.uleb128 0x49
 976 0181 13       		.uleb128 0x13
 977 0182 02       		.uleb128 0x2
 978 0183 17       		.uleb128 0x17
 979 0184 00       		.byte	0
 980 0185 00       		.byte	0
 981 0186 00       		.byte	0
 982              		.section	.debug_loc,"",%progbits
 983              	.Ldebug_loc0:
 984              	.LLST0:
 985 0000 00000000 		.4byte	.LVL1
 986 0004 16000000 		.4byte	.LVL2
 987 0008 0100     		.2byte	0x1
 988 000a 50       		.byte	0x50
 989 000b 16000000 		.4byte	.LVL2
 990 000f 28000000 		.4byte	.LVL4
 991 0013 0400     		.2byte	0x4
 992 0015 F3       		.byte	0xf3
 993 0016 01       		.uleb128 0x1
 994 0017 50       		.byte	0x50
 995 0018 9F       		.byte	0x9f
 996 0019 28000000 		.4byte	.LVL4
 997 001d 3C000000 		.4byte	.LVL6
 998 0021 0100     		.2byte	0x1
 999 0023 50       		.byte	0x50
 1000 0024 3C000000 		.4byte	.LVL6
 1001 0028 4E000000 		.4byte	.LFE40
 1002 002c 0400     		.2byte	0x4
 1003 002e F3       		.byte	0xf3
 1004 002f 01       		.uleb128 0x1
 1005 0030 50       		.byte	0x50
 1006 0031 9F       		.byte	0x9f
 1007 0032 00000000 		.4byte	0
 1008 0036 00000000 		.4byte	0
 1009              	.LLST1:
 1010 003a 00000000 		.4byte	.LVL1
 1011 003e 4A000000 		.4byte	.LVL7
 1012 0042 0100     		.2byte	0x1
 1013 0044 51       		.byte	0x51
 1014 0045 4A000000 		.4byte	.LVL7
 1015 0049 4E000000 		.4byte	.LFE40
 1016 004d 0400     		.2byte	0x4
 1017 004f F3       		.byte	0xf3
 1018 0050 01       		.uleb128 0x1
 1019 0051 51       		.byte	0x51
 1020 0052 9F       		.byte	0x9f
 1021 0053 00000000 		.4byte	0
 1022 0057 00000000 		.4byte	0
 1023              	.LLST2:
 1024 005b 00000000 		.4byte	.LVL1
 1025 005f 22000000 		.4byte	.LVL3
 1026 0063 0100     		.2byte	0x1
ARM GAS  /tmp/cc0a1ntr.s 			page 19


 1027 0065 52       		.byte	0x52
 1028 0066 22000000 		.4byte	.LVL3
 1029 006a 28000000 		.4byte	.LVL4
 1030 006e 0400     		.2byte	0x4
 1031 0070 F3       		.byte	0xf3
 1032 0071 01       		.uleb128 0x1
 1033 0072 52       		.byte	0x52
 1034 0073 9F       		.byte	0x9f
 1035 0074 28000000 		.4byte	.LVL4
 1036 0078 2E000000 		.4byte	.LVL5
 1037 007c 0100     		.2byte	0x1
 1038 007e 52       		.byte	0x52
 1039 007f 2E000000 		.4byte	.LVL5
 1040 0083 4E000000 		.4byte	.LFE40
 1041 0087 0400     		.2byte	0x4
 1042 0089 F3       		.byte	0xf3
 1043 008a 01       		.uleb128 0x1
 1044 008b 52       		.byte	0x52
 1045 008c 9F       		.byte	0x9f
 1046 008d 00000000 		.4byte	0
 1047 0091 00000000 		.4byte	0
 1048              		.section	.debug_aranges,"",%progbits
 1049 0000 24000000 		.4byte	0x24
 1050 0004 0200     		.2byte	0x2
 1051 0006 00000000 		.4byte	.Ldebug_info0
 1052 000a 04       		.byte	0x4
 1053 000b 00       		.byte	0
 1054 000c 0000     		.2byte	0
 1055 000e 0000     		.2byte	0
 1056 0010 00000000 		.4byte	.LFB39
 1057 0014 2C000000 		.4byte	.LFE39-.LFB39
 1058 0018 00000000 		.4byte	.LFB40
 1059 001c 4E000000 		.4byte	.LFE40-.LFB40
 1060 0020 00000000 		.4byte	0
 1061 0024 00000000 		.4byte	0
 1062              		.section	.debug_ranges,"",%progbits
 1063              	.Ldebug_ranges0:
 1064 0000 00000000 		.4byte	.LFB39
 1065 0004 2C000000 		.4byte	.LFE39
 1066 0008 00000000 		.4byte	.LFB40
 1067 000c 4E000000 		.4byte	.LFE40
 1068 0010 00000000 		.4byte	0
 1069 0014 00000000 		.4byte	0
 1070              		.section	.debug_line,"",%progbits
 1071              	.Ldebug_line0:
 1072 0000 61010000 		.section	.debug_str,"MS",%progbits,1
 1072      02003101 
 1072      00000201 
 1072      FB0E0D00 
 1072      01010101 
 1073              	.LASF9:
 1074 0000 6C6F6E67 		.ascii	"long long int\000"
 1074      206C6F6E 
 1074      6720696E 
 1074      7400
 1075              	.LASF6:
 1076 000e 5F5F7569 		.ascii	"__uint8_t\000"
ARM GAS  /tmp/cc0a1ntr.s 			page 20


 1076      6E74385F 
 1076      7400
 1077              	.LASF40:
 1078 0018 5F70616C 		.ascii	"_pal_lld_init\000"
 1078      5F6C6C64 
 1078      5F696E69 
 1078      7400
 1079              	.LASF35:
 1080 0026 6D61736B 		.ascii	"mask\000"
 1080      00
 1081              	.LASF4:
 1082 002b 73686F72 		.ascii	"short unsigned int\000"
 1082      7420756E 
 1082      7369676E 
 1082      65642069 
 1082      6E7400
 1083              	.LASF31:
 1084 003e 696F6D6F 		.ascii	"iomode_t\000"
 1084      64655F74 
 1084      00
 1085              	.LASF16:
 1086 0047 52455345 		.ascii	"RESERVED0\000"
 1086      52564544 
 1086      3000
 1087              	.LASF17:
 1088 0051 52455345 		.ascii	"RESERVED1\000"
 1088      52564544 
 1088      3100
 1089              	.LASF18:
 1090 005b 52455345 		.ascii	"RESERVED2\000"
 1090      52564544 
 1090      3200
 1091              	.LASF20:
 1092 0065 52455345 		.ascii	"RESERVED3\000"
 1092      52564544 
 1092      3300
 1093              	.LASF30:
 1094 006f 696F706F 		.ascii	"ioportmask_t\000"
 1094      72746D61 
 1094      736B5F74 
 1094      00
 1095              	.LASF23:
 1096 007c 52455345 		.ascii	"RESERVED5\000"
 1096      52564544 
 1096      3500
 1097              	.LASF24:
 1098 0086 52455345 		.ascii	"RESERVED6\000"
 1098      52564544 
 1098      3600
 1099              	.LASF25:
 1100 0090 52455345 		.ascii	"RESERVED7\000"
 1100      52564544 
 1100      3700
 1101              	.LASF27:
 1102 009a 64617461 		.ascii	"data\000"
 1102      00
 1103              	.LASF38:
ARM GAS  /tmp/cc0a1ntr.s 			page 21


 1104 009f 43686962 		.ascii	"ChibiOS_2.6.5/os/hal/platforms/LPC11Uxx/pal_lld.c\000"
 1104      694F535F 
 1104      322E362E 
 1104      352F6F73 
 1104      2F68616C 
 1105              	.LASF2:
 1106 00d1 756E7369 		.ascii	"unsigned char\000"
 1106      676E6564 
 1106      20636861 
 1106      7200
 1107              	.LASF8:
 1108 00df 6C6F6E67 		.ascii	"long unsigned int\000"
 1108      20756E73 
 1108      69676E65 
 1108      6420696E 
 1108      7400
 1109              	.LASF39:
 1110 00f1 2F484444 		.ascii	"/HDD/GIT/variometer/Altimeter/\000"
 1110      2F474954 
 1110      2F766172 
 1110      696F6D65 
 1110      7465722F 
 1111              	.LASF26:
 1112 0110 4C50435F 		.ascii	"LPC_GPIO_Type\000"
 1112      4750494F 
 1112      5F547970 
 1112      6500
 1113              	.LASF33:
 1114 011e 636F6E66 		.ascii	"config\000"
 1114      696700
 1115              	.LASF29:
 1116 0125 50414C43 		.ascii	"PALConfig\000"
 1116      6F6E6669 
 1116      6700
 1117              	.LASF7:
 1118 012f 5F5F7569 		.ascii	"__uint32_t\000"
 1118      6E743332 
 1118      5F7400
 1119              	.LASF41:
 1120 013a 5F70616C 		.ascii	"_pal_lld_setgroupmode\000"
 1120      5F6C6C64 
 1120      5F736574 
 1120      67726F75 
 1120      706D6F64 
 1121              	.LASF0:
 1122 0150 756E7369 		.ascii	"unsigned int\000"
 1122      676E6564 
 1122      20696E74 
 1122      00
 1123              	.LASF10:
 1124 015d 6C6F6E67 		.ascii	"long long unsigned int\000"
 1124      206C6F6E 
 1124      6720756E 
 1124      7369676E 
 1124      65642069 
 1125              	.LASF11:
 1126 0174 75696E74 		.ascii	"uint8_t\000"
ARM GAS  /tmp/cc0a1ntr.s 			page 22


 1126      385F7400 
 1127              	.LASF36:
 1128 017c 6D6F6465 		.ascii	"mode\000"
 1128      00
 1129              	.LASF22:
 1130 0181 4D50494E 		.ascii	"MPIN\000"
 1130      00
 1131              	.LASF14:
 1132 0186 73697A65 		.ascii	"sizetype\000"
 1132      74797065 
 1132      00
 1133              	.LASF37:
 1134 018f 474E5520 		.ascii	"GNU C 4.8.4 20140526 (release) [ARM/embedded-4_8-br"
 1134      4320342E 
 1134      382E3420 
 1134      32303134 
 1134      30353236 
 1135 01c2 616E6368 		.ascii	"anch revision 211358] -mcpu=cortex-m0 -mno-thumb-in"
 1135      20726576 
 1135      6973696F 
 1135      6E203231 
 1135      31333538 
 1136 01f5 74657277 		.ascii	"terwork -mthumb -ggdb -O1 -fomit-frame-pointer -ffu"
 1136      6F726B20 
 1136      2D6D7468 
 1136      756D6220 
 1136      2D676764 
 1137 0228 6E637469 		.ascii	"nction-sections -fdata-sections -fno-common\000"
 1137      6F6E2D73 
 1137      65637469 
 1137      6F6E7320 
 1137      2D666461 
 1138              	.LASF19:
 1139 0254 4D41534B 		.ascii	"MASK\000"
 1139      00
 1140              	.LASF15:
 1141 0259 63686172 		.ascii	"char\000"
 1141      00
 1142              	.LASF21:
 1143 025e 52455345 		.ascii	"RESERVED4\000"
 1143      52564544 
 1143      3400
 1144              	.LASF34:
 1145 0268 706F7274 		.ascii	"port\000"
 1145      00
 1146              	.LASF3:
 1147 026d 73686F72 		.ascii	"short int\000"
 1147      7420696E 
 1147      7400
 1148              	.LASF32:
 1149 0277 696F706F 		.ascii	"ioportid_t\000"
 1149      72746964 
 1149      5F7400
 1150              	.LASF28:
 1151 0282 6770696F 		.ascii	"gpio_setup_t\000"
 1151      5F736574 
 1151      75705F74 
ARM GAS  /tmp/cc0a1ntr.s 			page 23


 1151      00
 1152              	.LASF12:
 1153 028f 75696E74 		.ascii	"uint32_t\000"
 1153      33325F74 
 1153      00
 1154              	.LASF5:
 1155 0298 6C6F6E67 		.ascii	"long int\000"
 1155      20696E74 
 1155      00
 1156              	.LASF1:
 1157 02a1 7369676E 		.ascii	"signed char\000"
 1157      65642063 
 1157      68617200 
 1158              	.LASF13:
 1159 02ad 5F426F6F 		.ascii	"_Bool\000"
 1159      6C00
 1160              		.ident	"GCC: (GNU Tools for ARM Embedded Processors) 4.8.4 20140526 (release) [ARM/embedded-4_8-br
ARM GAS  /tmp/cc0a1ntr.s 			page 24


DEFINED SYMBOLS
                            *ABS*:00000000 pal_lld.c
     /tmp/cc0a1ntr.s:18     .text._pal_lld_init:00000000 $t
     /tmp/cc0a1ntr.s:23     .text._pal_lld_init:00000000 _pal_lld_init
     /tmp/cc0a1ntr.s:55     .text._pal_lld_init:00000024 $d
     /tmp/cc0a1ntr.s:61     .text._pal_lld_setgroupmode:00000000 $t
     /tmp/cc0a1ntr.s:66     .text._pal_lld_setgroupmode:00000000 _pal_lld_setgroupmode
                     .debug_frame:00000010 $d

NO UNDEFINED SYMBOLS
