ARM GAS  /tmp/ccHweYzX.s 			page 1


   1              		.cpu cortex-m0
   2              		.fpu softvfp
   3              		.eabi_attribute 20, 1
   4              		.eabi_attribute 21, 1
   5              		.eabi_attribute 23, 3
   6              		.eabi_attribute 24, 1
   7              		.eabi_attribute 25, 1
   8              		.eabi_attribute 26, 1
   9              		.eabi_attribute 30, 1
  10              		.eabi_attribute 34, 0
  11              		.eabi_attribute 18, 4
  12              		.code	16
  13              		.file	"pwm.c"
  14              		.text
  15              	.Ltext0:
  16              		.cfi_sections	.debug_frame
  17              		.section	.text.pwmInit,"ax",%progbits
  18              		.align	2
  19              		.global	pwmInit
  20              		.code	16
  21              		.thumb_func
  22              		.type	pwmInit, %function
  23              	pwmInit:
  24              	.LFB39:
  25              		.file 1 "ChibiOS_2.6.5/os/hal/src/pwm.c"
  26              		.loc 1 68 0
  27              		.cfi_startproc
  28 0000 08B5     		push	{r3, lr}
  29              		.cfi_def_cfa_offset 8
  30              		.cfi_offset 3, -8
  31              		.cfi_offset 14, -4
  32              		.loc 1 70 0
  33 0002 FFF7FEFF 		bl	pwm_lld_init
  34              	.LVL0:
  35              		.loc 1 71 0
  36              		@ sp needed
  37 0006 08BD     		pop	{r3, pc}
  38              		.cfi_endproc
  39              	.LFE39:
  40              		.size	pwmInit, .-pwmInit
  41              		.section	.text.pwmObjectInit,"ax",%progbits
  42              		.align	2
  43              		.global	pwmObjectInit
  44              		.code	16
  45              		.thumb_func
  46              		.type	pwmObjectInit, %function
  47              	pwmObjectInit:
  48              	.LFB40:
  49              		.loc 1 80 0
  50              		.cfi_startproc
  51              	.LVL1:
  52              		.loc 1 82 0
  53 0000 0123     		mov	r3, #1
  54 0002 0370     		strb	r3, [r0]
  55              		.loc 1 83 0
  56 0004 0023     		mov	r3, #0
  57 0006 4360     		str	r3, [r0, #4]
ARM GAS  /tmp/ccHweYzX.s 			page 2


  58              		.loc 1 87 0
  59              		@ sp needed
  60 0008 7047     		bx	lr
  61              		.cfi_endproc
  62              	.LFE40:
  63              		.size	pwmObjectInit, .-pwmObjectInit
  64 000a C046     		.section	.text.pwmStart,"ax",%progbits
  65              		.align	2
  66              		.global	pwmStart
  67              		.code	16
  68              		.thumb_func
  69              		.type	pwmStart, %function
  70              	pwmStart:
  71              	.LFB41:
  72              		.loc 1 99 0
  73              		.cfi_startproc
  74              	.LVL2:
  75 0000 10B5     		push	{r4, lr}
  76              		.cfi_def_cfa_offset 8
  77              		.cfi_offset 4, -8
  78              		.cfi_offset 14, -4
  79 0002 041C     		mov	r4, r0
  80              		.loc 1 103 0
  81              	@ 103 "ChibiOS_2.6.5/os/hal/src/pwm.c" 1
  82 0004 72B6     		cpsid   i
  83              	@ 0 "" 2
  84              		.loc 1 106 0
  85              		.code	16
  86 0006 4160     		str	r1, [r0, #4]
  87              		.loc 1 107 0
  88 0008 8B88     		ldrh	r3, [r1, #4]
  89 000a 0381     		strh	r3, [r0, #8]
  90              		.loc 1 108 0
  91 000c FFF7FEFF 		bl	pwm_lld_start
  92              	.LVL3:
  93              		.loc 1 109 0
  94 0010 0223     		mov	r3, #2
  95 0012 2370     		strb	r3, [r4]
  96              		.loc 1 110 0
  97              	@ 110 "ChibiOS_2.6.5/os/hal/src/pwm.c" 1
  98 0014 62B6     		cpsie   i
  99              	@ 0 "" 2
 100              		.loc 1 111 0
 101              		.code	16
 102              		@ sp needed
 103              	.LVL4:
 104 0016 10BD     		pop	{r4, pc}
 105              		.cfi_endproc
 106              	.LFE41:
 107              		.size	pwmStart, .-pwmStart
 108              		.section	.text.pwmStop,"ax",%progbits
 109              		.align	2
 110              		.global	pwmStop
 111              		.code	16
 112              		.thumb_func
 113              		.type	pwmStop, %function
 114              	pwmStop:
ARM GAS  /tmp/ccHweYzX.s 			page 3


 115              	.LFB42:
 116              		.loc 1 120 0
 117              		.cfi_startproc
 118              	.LVL5:
 119 0000 10B5     		push	{r4, lr}
 120              		.cfi_def_cfa_offset 8
 121              		.cfi_offset 4, -8
 122              		.cfi_offset 14, -4
 123 0002 041C     		mov	r4, r0
 124              		.loc 1 124 0
 125              	@ 124 "ChibiOS_2.6.5/os/hal/src/pwm.c" 1
 126 0004 72B6     		cpsid   i
 127              	@ 0 "" 2
 128              		.loc 1 127 0
 129              		.code	16
 130 0006 FFF7FEFF 		bl	pwm_lld_stop
 131              	.LVL6:
 132              		.loc 1 128 0
 133 000a 0123     		mov	r3, #1
 134 000c 2370     		strb	r3, [r4]
 135              		.loc 1 129 0
 136              	@ 129 "ChibiOS_2.6.5/os/hal/src/pwm.c" 1
 137 000e 62B6     		cpsie   i
 138              	@ 0 "" 2
 139              		.loc 1 130 0
 140              		.code	16
 141              		@ sp needed
 142              	.LVL7:
 143 0010 10BD     		pop	{r4, pc}
 144              		.cfi_endproc
 145              	.LFE42:
 146              		.size	pwmStop, .-pwmStop
 147 0012 C046     		.section	.text.pwmChangePeriod,"ax",%progbits
 148              		.align	2
 149              		.global	pwmChangePeriod
 150              		.code	16
 151              		.thumb_func
 152              		.type	pwmChangePeriod, %function
 153              	pwmChangePeriod:
 154              	.LFB43:
 155              		.loc 1 147 0
 156              		.cfi_startproc
 157              	.LVL8:
 158              		.loc 1 151 0
 159              	@ 151 "ChibiOS_2.6.5/os/hal/src/pwm.c" 1
 160 0000 72B6     		cpsid   i
 161              	@ 0 "" 2
 162              		.loc 1 154 0
 163              		.code	16
 164 0002 0181     		strh	r1, [r0, #8]
 165 0004 0369     		ldr	r3, [r0, #16]
 166 0006 5962     		str	r1, [r3, #36]
 167              		.loc 1 155 0
 168              	@ 155 "ChibiOS_2.6.5/os/hal/src/pwm.c" 1
 169 0008 62B6     		cpsie   i
 170              	@ 0 "" 2
 171              		.loc 1 156 0
ARM GAS  /tmp/ccHweYzX.s 			page 4


 172              		.code	16
 173              		@ sp needed
 174 000a 7047     		bx	lr
 175              		.cfi_endproc
 176              	.LFE43:
 177              		.size	pwmChangePeriod, .-pwmChangePeriod
 178              		.section	.text.pwmEnableChannel,"ax",%progbits
 179              		.align	2
 180              		.global	pwmEnableChannel
 181              		.code	16
 182              		.thumb_func
 183              		.type	pwmEnableChannel, %function
 184              	pwmEnableChannel:
 185              	.LFB44:
 186              		.loc 1 174 0
 187              		.cfi_startproc
 188              	.LVL9:
 189 0000 08B5     		push	{r3, lr}
 190              		.cfi_def_cfa_offset 8
 191              		.cfi_offset 3, -8
 192              		.cfi_offset 14, -4
 193              		.loc 1 179 0
 194              	@ 179 "ChibiOS_2.6.5/os/hal/src/pwm.c" 1
 195 0002 72B6     		cpsid   i
 196              	@ 0 "" 2
 197              		.loc 1 182 0
 198              		.code	16
 199 0004 FFF7FEFF 		bl	pwm_lld_enable_channel
 200              	.LVL10:
 201              		.loc 1 183 0
 202              	@ 183 "ChibiOS_2.6.5/os/hal/src/pwm.c" 1
 203 0008 62B6     		cpsie   i
 204              	@ 0 "" 2
 205              		.loc 1 184 0
 206              		.code	16
 207              		@ sp needed
 208 000a 08BD     		pop	{r3, pc}
 209              		.cfi_endproc
 210              	.LFE44:
 211              		.size	pwmEnableChannel, .-pwmEnableChannel
 212              		.section	.text.pwmDisableChannel,"ax",%progbits
 213              		.align	2
 214              		.global	pwmDisableChannel
 215              		.code	16
 216              		.thumb_func
 217              		.type	pwmDisableChannel, %function
 218              	pwmDisableChannel:
 219              	.LFB45:
 220              		.loc 1 200 0
 221              		.cfi_startproc
 222              	.LVL11:
 223 0000 08B5     		push	{r3, lr}
 224              		.cfi_def_cfa_offset 8
 225              		.cfi_offset 3, -8
 226              		.cfi_offset 14, -4
 227              		.loc 1 205 0
 228              	@ 205 "ChibiOS_2.6.5/os/hal/src/pwm.c" 1
ARM GAS  /tmp/ccHweYzX.s 			page 5


 229 0002 72B6     		cpsid   i
 230              	@ 0 "" 2
 231              		.loc 1 208 0
 232              		.code	16
 233 0004 FFF7FEFF 		bl	pwm_lld_disable_channel
 234              	.LVL12:
 235              		.loc 1 209 0
 236              	@ 209 "ChibiOS_2.6.5/os/hal/src/pwm.c" 1
 237 0008 62B6     		cpsie   i
 238              	@ 0 "" 2
 239              		.loc 1 210 0
 240              		.code	16
 241              		@ sp needed
 242 000a 08BD     		pop	{r3, pc}
 243              		.cfi_endproc
 244              	.LFE45:
 245              		.size	pwmDisableChannel, .-pwmDisableChannel
 246              		.text
 247              	.Letext0:
 248              		.file 2 "/usr/local/lpcxpresso_7.3.0_186/lpcxpresso/tools/arm-none-eabi/include/machine/_default_t
 249              		.file 3 "/usr/local/lpcxpresso_7.3.0_186/lpcxpresso/tools/arm-none-eabi/include/stdint.h"
 250              		.file 4 "CMSIS_CORE_LPC11Uxx/inc/LPC11Uxx.h"
 251              		.file 5 "ChibiOS_2.6.5/os/hal/include/pwm.h"
 252              		.file 6 "ChibiOS_2.6.5/os/hal/platforms/LPC11Uxx/pwm_lld.h"
 253              		.section	.debug_info,"",%progbits
 254              	.Ldebug_info0:
 255 0000 7B050000 		.4byte	0x57b
 256 0004 0400     		.2byte	0x4
 257 0006 00000000 		.4byte	.Ldebug_abbrev0
 258 000a 04       		.byte	0x4
 259 000b 01       		.uleb128 0x1
 260 000c 7B010000 		.4byte	.LASF54
 261 0010 01       		.byte	0x1
 262 0011 B9020000 		.4byte	.LASF55
 263 0015 7A000000 		.4byte	.LASF56
 264 0019 00000000 		.4byte	.Ldebug_ranges0+0
 265 001d 00000000 		.4byte	0
 266 0021 00000000 		.4byte	.Ldebug_line0
 267 0025 02       		.uleb128 0x2
 268 0026 04       		.byte	0x4
 269 0027 05       		.byte	0x5
 270 0028 696E7400 		.ascii	"int\000"
 271 002c 03       		.uleb128 0x3
 272 002d 04       		.byte	0x4
 273 002e 07       		.byte	0x7
 274 002f 65020000 		.4byte	.LASF0
 275 0033 03       		.uleb128 0x3
 276 0034 01       		.byte	0x1
 277 0035 06       		.byte	0x6
 278 0036 CA000000 		.4byte	.LASF1
 279 003a 04       		.uleb128 0x4
 280 003b 29010000 		.4byte	.LASF4
 281 003f 02       		.byte	0x2
 282 0040 1C       		.byte	0x1c
 283 0041 45000000 		.4byte	0x45
 284 0045 03       		.uleb128 0x3
 285 0046 01       		.byte	0x1
ARM GAS  /tmp/ccHweYzX.s 			page 6


 286 0047 08       		.byte	0x8
 287 0048 5B010000 		.4byte	.LASF2
 288 004c 03       		.uleb128 0x3
 289 004d 02       		.byte	0x2
 290 004e 05       		.byte	0x5
 291 004f 1D000000 		.4byte	.LASF3
 292 0053 04       		.uleb128 0x4
 293 0054 5F000000 		.4byte	.LASF5
 294 0058 02       		.byte	0x2
 295 0059 26       		.byte	0x26
 296 005a 5E000000 		.4byte	0x5e
 297 005e 03       		.uleb128 0x3
 298 005f 02       		.byte	0x2
 299 0060 07       		.byte	0x7
 300 0061 72020000 		.4byte	.LASF6
 301 0065 03       		.uleb128 0x3
 302 0066 04       		.byte	0x4
 303 0067 05       		.byte	0x5
 304 0068 A0020000 		.4byte	.LASF7
 305 006c 04       		.uleb128 0x4
 306 006d 4F000000 		.4byte	.LASF8
 307 0071 02       		.byte	0x2
 308 0072 38       		.byte	0x38
 309 0073 77000000 		.4byte	0x77
 310 0077 03       		.uleb128 0x3
 311 0078 04       		.byte	0x4
 312 0079 07       		.byte	0x7
 313 007a FA020000 		.4byte	.LASF9
 314 007e 03       		.uleb128 0x3
 315 007f 08       		.byte	0x8
 316 0080 05       		.byte	0x5
 317 0081 E5000000 		.4byte	.LASF10
 318 0085 03       		.uleb128 0x3
 319 0086 08       		.byte	0x8
 320 0087 07       		.byte	0x7
 321 0088 45020000 		.4byte	.LASF11
 322 008c 04       		.uleb128 0x4
 323 008d A7000000 		.4byte	.LASF12
 324 0091 03       		.byte	0x3
 325 0092 2A       		.byte	0x2a
 326 0093 3A000000 		.4byte	0x3a
 327 0097 04       		.uleb128 0x4
 328 0098 97020000 		.4byte	.LASF13
 329 009c 03       		.byte	0x3
 330 009d 36       		.byte	0x36
 331 009e 53000000 		.4byte	0x53
 332 00a2 04       		.uleb128 0x4
 333 00a3 5C020000 		.4byte	.LASF14
 334 00a7 03       		.byte	0x3
 335 00a8 42       		.byte	0x42
 336 00a9 6C000000 		.4byte	0x6c
 337 00ad 03       		.uleb128 0x3
 338 00ae 01       		.byte	0x1
 339 00af 02       		.byte	0x2
 340 00b0 B3020000 		.4byte	.LASF15
 341 00b4 05       		.uleb128 0x5
 342 00b5 A2000000 		.4byte	0xa2
ARM GAS  /tmp/ccHweYzX.s 			page 7


 343 00b9 03       		.uleb128 0x3
 344 00ba 04       		.byte	0x4
 345 00bb 07       		.byte	0x7
 346 00bc 24030000 		.4byte	.LASF16
 347 00c0 03       		.uleb128 0x3
 348 00c1 01       		.byte	0x1
 349 00c2 08       		.byte	0x8
 350 00c3 92020000 		.4byte	.LASF17
 351 00c7 06       		.uleb128 0x6
 352 00c8 B4000000 		.4byte	0xb4
 353 00cc 07       		.uleb128 0x7
 354 00cd A2000000 		.4byte	0xa2
 355 00d1 DC000000 		.4byte	0xdc
 356 00d5 08       		.uleb128 0x8
 357 00d6 B9000000 		.4byte	0xb9
 358 00da 03       		.byte	0x3
 359 00db 00       		.byte	0
 360 00dc 09       		.uleb128 0x9
 361 00dd 10       		.byte	0x10
 362 00de 04       		.byte	0x4
 363 00df E4       		.byte	0xe4
 364 00e0 15010000 		.4byte	0x115
 365 00e4 0A       		.uleb128 0xa
 366 00e5 4D523000 		.ascii	"MR0\000"
 367 00e9 04       		.byte	0x4
 368 00ea E5       		.byte	0xe5
 369 00eb B4000000 		.4byte	0xb4
 370 00ef 00       		.byte	0
 371 00f0 0A       		.uleb128 0xa
 372 00f1 4D523100 		.ascii	"MR1\000"
 373 00f5 04       		.byte	0x4
 374 00f6 E6       		.byte	0xe6
 375 00f7 B4000000 		.4byte	0xb4
 376 00fb 04       		.byte	0x4
 377 00fc 0A       		.uleb128 0xa
 378 00fd 4D523200 		.ascii	"MR2\000"
 379 0101 04       		.byte	0x4
 380 0102 E7       		.byte	0xe7
 381 0103 B4000000 		.4byte	0xb4
 382 0107 08       		.byte	0x8
 383 0108 0A       		.uleb128 0xa
 384 0109 4D523300 		.ascii	"MR3\000"
 385 010d 04       		.byte	0x4
 386 010e E8       		.byte	0xe8
 387 010f B4000000 		.4byte	0xb4
 388 0113 0C       		.byte	0xc
 389 0114 00       		.byte	0
 390 0115 0B       		.uleb128 0xb
 391 0116 10       		.byte	0x10
 392 0117 04       		.byte	0x4
 393 0118 E2       		.byte	0xe2
 394 0119 2D010000 		.4byte	0x12d
 395 011d 0C       		.uleb128 0xc
 396 011e 4D5200   		.ascii	"MR\000"
 397 0121 04       		.byte	0x4
 398 0122 E3       		.byte	0xe3
 399 0123 2D010000 		.4byte	0x12d
ARM GAS  /tmp/ccHweYzX.s 			page 8


 400 0127 0D       		.uleb128 0xd
 401 0128 DC000000 		.4byte	0xdc
 402 012c 00       		.byte	0
 403 012d 05       		.uleb128 0x5
 404 012e CC000000 		.4byte	0xcc
 405 0132 09       		.uleb128 0x9
 406 0133 10       		.byte	0x10
 407 0134 04       		.byte	0x4
 408 0135 EE       		.byte	0xee
 409 0136 6B010000 		.4byte	0x16b
 410 013a 0A       		.uleb128 0xa
 411 013b 43523000 		.ascii	"CR0\000"
 412 013f 04       		.byte	0x4
 413 0140 EF       		.byte	0xef
 414 0141 C7000000 		.4byte	0xc7
 415 0145 00       		.byte	0
 416 0146 0A       		.uleb128 0xa
 417 0147 43523100 		.ascii	"CR1\000"
 418 014b 04       		.byte	0x4
 419 014c F0       		.byte	0xf0
 420 014d C7000000 		.4byte	0xc7
 421 0151 04       		.byte	0x4
 422 0152 0A       		.uleb128 0xa
 423 0153 43523200 		.ascii	"CR2\000"
 424 0157 04       		.byte	0x4
 425 0158 F1       		.byte	0xf1
 426 0159 C7000000 		.4byte	0xc7
 427 015d 08       		.byte	0x8
 428 015e 0A       		.uleb128 0xa
 429 015f 43523300 		.ascii	"CR3\000"
 430 0163 04       		.byte	0x4
 431 0164 F2       		.byte	0xf2
 432 0165 C7000000 		.4byte	0xc7
 433 0169 0C       		.byte	0xc
 434 016a 00       		.byte	0
 435 016b 0B       		.uleb128 0xb
 436 016c 10       		.byte	0x10
 437 016d 04       		.byte	0x4
 438 016e EC       		.byte	0xec
 439 016f 83010000 		.4byte	0x183
 440 0173 0C       		.uleb128 0xc
 441 0174 435200   		.ascii	"CR\000"
 442 0177 04       		.byte	0x4
 443 0178 ED       		.byte	0xed
 444 0179 83010000 		.4byte	0x183
 445 017d 0D       		.uleb128 0xd
 446 017e 32010000 		.4byte	0x132
 447 0182 00       		.byte	0
 448 0183 06       		.uleb128 0x6
 449 0184 88010000 		.4byte	0x188
 450 0188 05       		.uleb128 0x5
 451 0189 CC000000 		.4byte	0xcc
 452 018d 09       		.uleb128 0x9
 453 018e 78       		.byte	0x78
 454 018f 04       		.byte	0x4
 455 0190 DB       		.byte	0xdb
 456 0191 22020000 		.4byte	0x222
ARM GAS  /tmp/ccHweYzX.s 			page 9


 457 0195 0A       		.uleb128 0xa
 458 0196 495200   		.ascii	"IR\000"
 459 0199 04       		.byte	0x4
 460 019a DC       		.byte	0xdc
 461 019b B4000000 		.4byte	0xb4
 462 019f 00       		.byte	0
 463 01a0 0A       		.uleb128 0xa
 464 01a1 54435200 		.ascii	"TCR\000"
 465 01a5 04       		.byte	0x4
 466 01a6 DD       		.byte	0xdd
 467 01a7 B4000000 		.4byte	0xb4
 468 01ab 04       		.byte	0x4
 469 01ac 0A       		.uleb128 0xa
 470 01ad 544300   		.ascii	"TC\000"
 471 01b0 04       		.byte	0x4
 472 01b1 DE       		.byte	0xde
 473 01b2 B4000000 		.4byte	0xb4
 474 01b6 08       		.byte	0x8
 475 01b7 0A       		.uleb128 0xa
 476 01b8 505200   		.ascii	"PR\000"
 477 01bb 04       		.byte	0x4
 478 01bc DF       		.byte	0xdf
 479 01bd B4000000 		.4byte	0xb4
 480 01c1 0C       		.byte	0xc
 481 01c2 0A       		.uleb128 0xa
 482 01c3 504300   		.ascii	"PC\000"
 483 01c6 04       		.byte	0x4
 484 01c7 E0       		.byte	0xe0
 485 01c8 B4000000 		.4byte	0xb4
 486 01cc 10       		.byte	0x10
 487 01cd 0A       		.uleb128 0xa
 488 01ce 4D435200 		.ascii	"MCR\000"
 489 01d2 04       		.byte	0x4
 490 01d3 E1       		.byte	0xe1
 491 01d4 B4000000 		.4byte	0xb4
 492 01d8 14       		.byte	0x14
 493 01d9 0E       		.uleb128 0xe
 494 01da 15010000 		.4byte	0x115
 495 01de 18       		.byte	0x18
 496 01df 0A       		.uleb128 0xa
 497 01e0 43435200 		.ascii	"CCR\000"
 498 01e4 04       		.byte	0x4
 499 01e5 EB       		.byte	0xeb
 500 01e6 B4000000 		.4byte	0xb4
 501 01ea 28       		.byte	0x28
 502 01eb 0E       		.uleb128 0xe
 503 01ec 6B010000 		.4byte	0x16b
 504 01f0 2C       		.byte	0x2c
 505 01f1 0A       		.uleb128 0xa
 506 01f2 454D5200 		.ascii	"EMR\000"
 507 01f6 04       		.byte	0x4
 508 01f7 F5       		.byte	0xf5
 509 01f8 B4000000 		.4byte	0xb4
 510 01fc 3C       		.byte	0x3c
 511 01fd 0F       		.uleb128 0xf
 512 01fe E0020000 		.4byte	.LASF18
 513 0202 04       		.byte	0x4
ARM GAS  /tmp/ccHweYzX.s 			page 10


 514 0203 F6       		.byte	0xf6
 515 0204 32020000 		.4byte	0x232
 516 0208 40       		.byte	0x40
 517 0209 0F       		.uleb128 0xf
 518 020a 40020000 		.4byte	.LASF19
 519 020e 04       		.byte	0x4
 520 020f F7       		.byte	0xf7
 521 0210 B4000000 		.4byte	0xb4
 522 0214 70       		.byte	0x70
 523 0215 0F       		.uleb128 0xf
 524 0216 4A000000 		.4byte	.LASF20
 525 021a 04       		.byte	0x4
 526 021b F8       		.byte	0xf8
 527 021c B4000000 		.4byte	0xb4
 528 0220 74       		.byte	0x74
 529 0221 00       		.byte	0
 530 0222 07       		.uleb128 0x7
 531 0223 A2000000 		.4byte	0xa2
 532 0227 32020000 		.4byte	0x232
 533 022b 08       		.uleb128 0x8
 534 022c B9000000 		.4byte	0xb9
 535 0230 0B       		.byte	0xb
 536 0231 00       		.byte	0
 537 0232 06       		.uleb128 0x6
 538 0233 37020000 		.4byte	0x237
 539 0237 05       		.uleb128 0x5
 540 0238 22020000 		.4byte	0x222
 541 023c 04       		.uleb128 0x4
 542 023d F3000000 		.4byte	.LASF21
 543 0241 04       		.byte	0x4
 544 0242 F9       		.byte	0xf9
 545 0243 8D010000 		.4byte	0x18d
 546 0247 10       		.uleb128 0x10
 547 0248 01       		.byte	0x1
 548 0249 05       		.byte	0x5
 549 024a 55       		.byte	0x55
 550 024b 62020000 		.4byte	0x262
 551 024f 11       		.uleb128 0x11
 552 0250 50010000 		.4byte	.LASF22
 553 0254 00       		.sleb128 0
 554 0255 11       		.uleb128 0x11
 555 0256 03010000 		.4byte	.LASF23
 556 025a 01       		.sleb128 1
 557 025b 11       		.uleb128 0x11
 558 025c 12030000 		.4byte	.LASF24
 559 0260 02       		.sleb128 2
 560 0261 00       		.byte	0
 561 0262 04       		.uleb128 0x4
 562 0263 52030000 		.4byte	.LASF25
 563 0267 05       		.byte	0x5
 564 0268 59       		.byte	0x59
 565 0269 47020000 		.4byte	0x247
 566 026d 04       		.uleb128 0x4
 567 026e A9020000 		.4byte	.LASF26
 568 0272 05       		.byte	0x5
 569 0273 5E       		.byte	0x5e
 570 0274 78020000 		.4byte	0x278
ARM GAS  /tmp/ccHweYzX.s 			page 11


 571 0278 12       		.uleb128 0x12
 572 0279 A9020000 		.4byte	.LASF26
 573 027d 14       		.byte	0x14
 574 027e 06       		.byte	0x6
 575 027f 1401     		.2byte	0x114
 576 0281 C7020000 		.4byte	0x2c7
 577 0285 13       		.uleb128 0x13
 578 0286 17000000 		.4byte	.LASF27
 579 028a 06       		.byte	0x6
 580 028b 1801     		.2byte	0x118
 581 028d 62020000 		.4byte	0x262
 582 0291 00       		.byte	0
 583 0292 13       		.uleb128 0x13
 584 0293 73000000 		.4byte	.LASF28
 585 0297 06       		.byte	0x6
 586 0298 1C01     		.2byte	0x11c
 587 029a 8E030000 		.4byte	0x38e
 588 029e 04       		.byte	0x4
 589 029f 13       		.uleb128 0x13
 590 02a0 22010000 		.4byte	.LASF29
 591 02a4 06       		.byte	0x6
 592 02a5 2001     		.2byte	0x120
 593 02a7 FF020000 		.4byte	0x2ff
 594 02ab 08       		.byte	0x8
 595 02ac 13       		.uleb128 0x13
 596 02ad 0C030000 		.4byte	.LASF30
 597 02b1 06       		.byte	0x6
 598 02b2 2801     		.2byte	0x128
 599 02b4 A2000000 		.4byte	0xa2
 600 02b8 0C       		.byte	0xc
 601 02b9 14       		.uleb128 0x14
 602 02ba 74696D00 		.ascii	"tim\000"
 603 02be 06       		.byte	0x6
 604 02bf 2C01     		.2byte	0x12c
 605 02c1 99030000 		.4byte	0x399
 606 02c5 10       		.byte	0x10
 607 02c6 00       		.byte	0
 608 02c7 04       		.uleb128 0x4
 609 02c8 5D030000 		.4byte	.LASF31
 610 02cc 05       		.byte	0x5
 611 02cd 65       		.byte	0x65
 612 02ce D2020000 		.4byte	0x2d2
 613 02d2 15       		.uleb128 0x15
 614 02d3 04       		.byte	0x4
 615 02d4 D8020000 		.4byte	0x2d8
 616 02d8 16       		.uleb128 0x16
 617 02d9 E3020000 		.4byte	0x2e3
 618 02dd 17       		.uleb128 0x17
 619 02de E3020000 		.4byte	0x2e3
 620 02e2 00       		.byte	0
 621 02e3 15       		.uleb128 0x15
 622 02e4 04       		.byte	0x4
 623 02e5 6D020000 		.4byte	0x26d
 624 02e9 04       		.uleb128 0x4
 625 02ea 48030000 		.4byte	.LASF32
 626 02ee 06       		.byte	0x6
 627 02ef D6       		.byte	0xd6
ARM GAS  /tmp/ccHweYzX.s 			page 12


 628 02f0 A2000000 		.4byte	0xa2
 629 02f4 04       		.uleb128 0x4
 630 02f5 3D000000 		.4byte	.LASF33
 631 02f9 06       		.byte	0x6
 632 02fa DB       		.byte	0xdb
 633 02fb 8C000000 		.4byte	0x8c
 634 02ff 04       		.uleb128 0x4
 635 0300 27000000 		.4byte	.LASF34
 636 0304 06       		.byte	0x6
 637 0305 E0       		.byte	0xe0
 638 0306 97000000 		.4byte	0x97
 639 030a 09       		.uleb128 0x9
 640 030b 08       		.byte	0x8
 641 030c 06       		.byte	0x6
 642 030d E5       		.byte	0xe5
 643 030e 2B030000 		.4byte	0x32b
 644 0312 0F       		.uleb128 0xf
 645 0313 5A000000 		.4byte	.LASF35
 646 0317 06       		.byte	0x6
 647 0318 E9       		.byte	0xe9
 648 0319 E9020000 		.4byte	0x2e9
 649 031d 00       		.byte	0
 650 031e 0F       		.uleb128 0xf
 651 031f 6B030000 		.4byte	.LASF36
 652 0323 06       		.byte	0x6
 653 0324 EF       		.byte	0xef
 654 0325 C7020000 		.4byte	0x2c7
 655 0329 04       		.byte	0x4
 656 032a 00       		.byte	0
 657 032b 04       		.uleb128 0x4
 658 032c 37030000 		.4byte	.LASF37
 659 0330 06       		.byte	0x6
 660 0331 F1       		.byte	0xf1
 661 0332 0A030000 		.4byte	0x30a
 662 0336 09       		.uleb128 0x9
 663 0337 1C       		.byte	0x1c
 664 0338 06       		.byte	0x6
 665 0339 F6       		.byte	0xf6
 666 033a 72030000 		.4byte	0x372
 667 033e 0F       		.uleb128 0xf
 668 033f 2D030000 		.4byte	.LASF38
 669 0343 06       		.byte	0x6
 670 0344 FC       		.byte	0xfc
 671 0345 A2000000 		.4byte	0xa2
 672 0349 00       		.byte	0
 673 034a 13       		.uleb128 0x13
 674 034b 22010000 		.4byte	.LASF29
 675 034f 06       		.byte	0x6
 676 0350 0201     		.2byte	0x102
 677 0352 FF020000 		.4byte	0x2ff
 678 0356 04       		.byte	0x4
 679 0357 13       		.uleb128 0x13
 680 0358 6B030000 		.4byte	.LASF36
 681 035c 06       		.byte	0x6
 682 035d 0801     		.2byte	0x108
 683 035f C7020000 		.4byte	0x2c7
 684 0363 08       		.byte	0x8
ARM GAS  /tmp/ccHweYzX.s 			page 13


 685 0364 13       		.uleb128 0x13
 686 0365 6A000000 		.4byte	.LASF39
 687 0369 06       		.byte	0x6
 688 036a 0C01     		.2byte	0x10c
 689 036c 72030000 		.4byte	0x372
 690 0370 0C       		.byte	0xc
 691 0371 00       		.byte	0
 692 0372 07       		.uleb128 0x7
 693 0373 2B030000 		.4byte	0x32b
 694 0377 82030000 		.4byte	0x382
 695 037b 08       		.uleb128 0x8
 696 037c B9000000 		.4byte	0xb9
 697 0380 01       		.byte	0x1
 698 0381 00       		.byte	0
 699 0382 18       		.uleb128 0x18
 700 0383 C0000000 		.4byte	.LASF40
 701 0387 06       		.byte	0x6
 702 0388 0F01     		.2byte	0x10f
 703 038a 36030000 		.4byte	0x336
 704 038e 15       		.uleb128 0x15
 705 038f 04       		.byte	0x4
 706 0390 94030000 		.4byte	0x394
 707 0394 06       		.uleb128 0x6
 708 0395 82030000 		.4byte	0x382
 709 0399 15       		.uleb128 0x15
 710 039a 04       		.byte	0x4
 711 039b 3C020000 		.4byte	0x23c
 712 039f 19       		.uleb128 0x19
 713 03a0 1A010000 		.4byte	.LASF41
 714 03a4 01       		.byte	0x1
 715 03a5 44       		.byte	0x44
 716 03a6 00000000 		.4byte	.LFB39
 717 03aa 08000000 		.4byte	.LFE39-.LFB39
 718 03ae 01       		.uleb128 0x1
 719 03af 9C       		.byte	0x9c
 720 03b0 BE030000 		.4byte	0x3be
 721 03b4 1A       		.uleb128 0x1a
 722 03b5 06000000 		.4byte	.LVL0
 723 03b9 23050000 		.4byte	0x523
 724 03bd 00       		.byte	0
 725 03be 19       		.uleb128 0x19
 726 03bf 99000000 		.4byte	.LASF42
 727 03c3 01       		.byte	0x1
 728 03c4 50       		.byte	0x50
 729 03c5 00000000 		.4byte	.LFB40
 730 03c9 0A000000 		.4byte	.LFE40-.LFB40
 731 03cd 01       		.uleb128 0x1
 732 03ce 9C       		.byte	0x9c
 733 03cf E1030000 		.4byte	0x3e1
 734 03d3 1B       		.uleb128 0x1b
 735 03d4 4B010000 		.4byte	.LASF44
 736 03d8 01       		.byte	0x1
 737 03d9 50       		.byte	0x50
 738 03da E3020000 		.4byte	0x2e3
 739 03de 01       		.uleb128 0x1
 740 03df 50       		.byte	0x50
 741 03e0 00       		.byte	0
ARM GAS  /tmp/ccHweYzX.s 			page 14


 742 03e1 19       		.uleb128 0x19
 743 03e2 DC000000 		.4byte	.LASF43
 744 03e6 01       		.byte	0x1
 745 03e7 63       		.byte	0x63
 746 03e8 00000000 		.4byte	.LFB41
 747 03ec 18000000 		.4byte	.LFE41-.LFB41
 748 03f0 01       		.uleb128 0x1
 749 03f1 9C       		.byte	0x9c
 750 03f2 25040000 		.4byte	0x425
 751 03f6 1C       		.uleb128 0x1c
 752 03f7 4B010000 		.4byte	.LASF44
 753 03fb 01       		.byte	0x1
 754 03fc 63       		.byte	0x63
 755 03fd E3020000 		.4byte	0x2e3
 756 0401 00000000 		.4byte	.LLST0
 757 0405 1C       		.uleb128 0x1c
 758 0406 73000000 		.4byte	.LASF28
 759 040a 01       		.byte	0x1
 760 040b 63       		.byte	0x63
 761 040c 8E030000 		.4byte	0x38e
 762 0410 2C000000 		.4byte	.LLST1
 763 0414 1D       		.uleb128 0x1d
 764 0415 10000000 		.4byte	.LVL3
 765 0419 2B050000 		.4byte	0x52b
 766 041d 1E       		.uleb128 0x1e
 767 041e 01       		.uleb128 0x1
 768 041f 50       		.byte	0x50
 769 0420 02       		.uleb128 0x2
 770 0421 74       		.byte	0x74
 771 0422 00       		.sleb128 0
 772 0423 00       		.byte	0
 773 0424 00       		.byte	0
 774 0425 19       		.uleb128 0x19
 775 0426 1C030000 		.4byte	.LASF45
 776 042a 01       		.byte	0x1
 777 042b 78       		.byte	0x78
 778 042c 00000000 		.4byte	.LFB42
 779 0430 12000000 		.4byte	.LFE42-.LFB42
 780 0434 01       		.uleb128 0x1
 781 0435 9C       		.byte	0x9c
 782 0436 5A040000 		.4byte	0x45a
 783 043a 1C       		.uleb128 0x1c
 784 043b 4B010000 		.4byte	.LASF44
 785 043f 01       		.byte	0x1
 786 0440 78       		.byte	0x78
 787 0441 E3020000 		.4byte	0x2e3
 788 0445 4D000000 		.4byte	.LLST2
 789 0449 1D       		.uleb128 0x1d
 790 044a 0A000000 		.4byte	.LVL6
 791 044e 3D050000 		.4byte	0x53d
 792 0452 1E       		.uleb128 0x1e
 793 0453 01       		.uleb128 0x1
 794 0454 50       		.byte	0x50
 795 0455 02       		.uleb128 0x2
 796 0456 74       		.byte	0x74
 797 0457 00       		.sleb128 0
 798 0458 00       		.byte	0
ARM GAS  /tmp/ccHweYzX.s 			page 15


 799 0459 00       		.byte	0
 800 045a 19       		.uleb128 0x19
 801 045b EA020000 		.4byte	.LASF46
 802 045f 01       		.byte	0x1
 803 0460 93       		.byte	0x93
 804 0461 00000000 		.4byte	.LFB43
 805 0465 0C000000 		.4byte	.LFE43-.LFB43
 806 0469 01       		.uleb128 0x1
 807 046a 9C       		.byte	0x9c
 808 046b 8A040000 		.4byte	0x48a
 809 046f 1B       		.uleb128 0x1b
 810 0470 4B010000 		.4byte	.LASF44
 811 0474 01       		.byte	0x1
 812 0475 93       		.byte	0x93
 813 0476 E3020000 		.4byte	0x2e3
 814 047a 01       		.uleb128 0x1
 815 047b 50       		.byte	0x50
 816 047c 1B       		.uleb128 0x1b
 817 047d 22010000 		.4byte	.LASF29
 818 0481 01       		.byte	0x1
 819 0482 93       		.byte	0x93
 820 0483 FF020000 		.4byte	0x2ff
 821 0487 01       		.uleb128 0x1
 822 0488 51       		.byte	0x51
 823 0489 00       		.byte	0
 824 048a 19       		.uleb128 0x19
 825 048b AF000000 		.4byte	.LASF47
 826 048f 01       		.byte	0x1
 827 0490 AC       		.byte	0xac
 828 0491 00000000 		.4byte	.LFB44
 829 0495 0C000000 		.4byte	.LFE44-.LFB44
 830 0499 01       		.uleb128 0x1
 831 049a 9C       		.byte	0x9c
 832 049b DE040000 		.4byte	0x4de
 833 049f 1C       		.uleb128 0x1c
 834 04a0 4B010000 		.4byte	.LASF44
 835 04a4 01       		.byte	0x1
 836 04a5 AC       		.byte	0xac
 837 04a6 E3020000 		.4byte	0x2e3
 838 04aa 79000000 		.4byte	.LLST3
 839 04ae 1C       		.uleb128 0x1c
 840 04af D8020000 		.4byte	.LASF48
 841 04b3 01       		.byte	0x1
 842 04b4 AD       		.byte	0xad
 843 04b5 F4020000 		.4byte	0x2f4
 844 04b9 9A000000 		.4byte	.LLST4
 845 04bd 1C       		.uleb128 0x1c
 846 04be D6000000 		.4byte	.LASF49
 847 04c2 01       		.byte	0x1
 848 04c3 AE       		.byte	0xae
 849 04c4 FF020000 		.4byte	0x2ff
 850 04c8 BB000000 		.4byte	.LLST5
 851 04cc 1D       		.uleb128 0x1d
 852 04cd 08000000 		.4byte	.LVL10
 853 04d1 4F050000 		.4byte	0x54f
 854 04d5 1E       		.uleb128 0x1e
 855 04d6 01       		.uleb128 0x1
ARM GAS  /tmp/ccHweYzX.s 			page 16


 856 04d7 50       		.byte	0x50
 857 04d8 03       		.uleb128 0x3
 858 04d9 F3       		.byte	0xf3
 859 04da 01       		.uleb128 0x1
 860 04db 50       		.byte	0x50
 861 04dc 00       		.byte	0
 862 04dd 00       		.byte	0
 863 04de 19       		.uleb128 0x19
 864 04df 69010000 		.4byte	.LASF50
 865 04e3 01       		.byte	0x1
 866 04e4 C8       		.byte	0xc8
 867 04e5 00000000 		.4byte	.LFB45
 868 04e9 0C000000 		.4byte	.LFE45-.LFB45
 869 04ed 01       		.uleb128 0x1
 870 04ee 9C       		.byte	0x9c
 871 04ef 23050000 		.4byte	0x523
 872 04f3 1C       		.uleb128 0x1c
 873 04f4 4B010000 		.4byte	.LASF44
 874 04f8 01       		.byte	0x1
 875 04f9 C8       		.byte	0xc8
 876 04fa E3020000 		.4byte	0x2e3
 877 04fe DC000000 		.4byte	.LLST6
 878 0502 1C       		.uleb128 0x1c
 879 0503 D8020000 		.4byte	.LASF48
 880 0507 01       		.byte	0x1
 881 0508 C8       		.byte	0xc8
 882 0509 F4020000 		.4byte	0x2f4
 883 050d FD000000 		.4byte	.LLST7
 884 0511 1D       		.uleb128 0x1d
 885 0512 08000000 		.4byte	.LVL12
 886 0516 6B050000 		.4byte	0x56b
 887 051a 1E       		.uleb128 0x1e
 888 051b 01       		.uleb128 0x1
 889 051c 50       		.byte	0x50
 890 051d 03       		.uleb128 0x3
 891 051e F3       		.byte	0xf3
 892 051f 01       		.uleb128 0x1
 893 0520 50       		.byte	0x50
 894 0521 00       		.byte	0
 895 0522 00       		.byte	0
 896 0523 1F       		.uleb128 0x1f
 897 0524 85020000 		.4byte	.LASF57
 898 0528 06       		.byte	0x6
 899 0529 5D01     		.2byte	0x15d
 900 052b 20       		.uleb128 0x20
 901 052c 0C010000 		.4byte	.LASF51
 902 0530 06       		.byte	0x6
 903 0531 5E01     		.2byte	0x15e
 904 0533 3D050000 		.4byte	0x53d
 905 0537 17       		.uleb128 0x17
 906 0538 E3020000 		.4byte	0x2e3
 907 053c 00       		.byte	0
 908 053d 20       		.uleb128 0x20
 909 053e 30000000 		.4byte	.LASF52
 910 0542 06       		.byte	0x6
 911 0543 5F01     		.2byte	0x15f
 912 0545 4F050000 		.4byte	0x54f
ARM GAS  /tmp/ccHweYzX.s 			page 17


 913 0549 17       		.uleb128 0x17
 914 054a E3020000 		.4byte	0x2e3
 915 054e 00       		.byte	0
 916 054f 20       		.uleb128 0x20
 917 0550 00000000 		.4byte	.LASF53
 918 0554 06       		.byte	0x6
 919 0555 6001     		.2byte	0x160
 920 0557 6B050000 		.4byte	0x56b
 921 055b 17       		.uleb128 0x17
 922 055c E3020000 		.4byte	0x2e3
 923 0560 17       		.uleb128 0x17
 924 0561 F4020000 		.4byte	0x2f4
 925 0565 17       		.uleb128 0x17
 926 0566 FF020000 		.4byte	0x2ff
 927 056a 00       		.byte	0
 928 056b 21       		.uleb128 0x21
 929 056c 33010000 		.4byte	.LASF58
 930 0570 06       		.byte	0x6
 931 0571 6301     		.2byte	0x163
 932 0573 17       		.uleb128 0x17
 933 0574 E3020000 		.4byte	0x2e3
 934 0578 17       		.uleb128 0x17
 935 0579 F4020000 		.4byte	0x2f4
 936 057d 00       		.byte	0
 937 057e 00       		.byte	0
 938              		.section	.debug_abbrev,"",%progbits
 939              	.Ldebug_abbrev0:
 940 0000 01       		.uleb128 0x1
 941 0001 11       		.uleb128 0x11
 942 0002 01       		.byte	0x1
 943 0003 25       		.uleb128 0x25
 944 0004 0E       		.uleb128 0xe
 945 0005 13       		.uleb128 0x13
 946 0006 0B       		.uleb128 0xb
 947 0007 03       		.uleb128 0x3
 948 0008 0E       		.uleb128 0xe
 949 0009 1B       		.uleb128 0x1b
 950 000a 0E       		.uleb128 0xe
 951 000b 55       		.uleb128 0x55
 952 000c 17       		.uleb128 0x17
 953 000d 11       		.uleb128 0x11
 954 000e 01       		.uleb128 0x1
 955 000f 10       		.uleb128 0x10
 956 0010 17       		.uleb128 0x17
 957 0011 00       		.byte	0
 958 0012 00       		.byte	0
 959 0013 02       		.uleb128 0x2
 960 0014 24       		.uleb128 0x24
 961 0015 00       		.byte	0
 962 0016 0B       		.uleb128 0xb
 963 0017 0B       		.uleb128 0xb
 964 0018 3E       		.uleb128 0x3e
 965 0019 0B       		.uleb128 0xb
 966 001a 03       		.uleb128 0x3
 967 001b 08       		.uleb128 0x8
 968 001c 00       		.byte	0
 969 001d 00       		.byte	0
ARM GAS  /tmp/ccHweYzX.s 			page 18


 970 001e 03       		.uleb128 0x3
 971 001f 24       		.uleb128 0x24
 972 0020 00       		.byte	0
 973 0021 0B       		.uleb128 0xb
 974 0022 0B       		.uleb128 0xb
 975 0023 3E       		.uleb128 0x3e
 976 0024 0B       		.uleb128 0xb
 977 0025 03       		.uleb128 0x3
 978 0026 0E       		.uleb128 0xe
 979 0027 00       		.byte	0
 980 0028 00       		.byte	0
 981 0029 04       		.uleb128 0x4
 982 002a 16       		.uleb128 0x16
 983 002b 00       		.byte	0
 984 002c 03       		.uleb128 0x3
 985 002d 0E       		.uleb128 0xe
 986 002e 3A       		.uleb128 0x3a
 987 002f 0B       		.uleb128 0xb
 988 0030 3B       		.uleb128 0x3b
 989 0031 0B       		.uleb128 0xb
 990 0032 49       		.uleb128 0x49
 991 0033 13       		.uleb128 0x13
 992 0034 00       		.byte	0
 993 0035 00       		.byte	0
 994 0036 05       		.uleb128 0x5
 995 0037 35       		.uleb128 0x35
 996 0038 00       		.byte	0
 997 0039 49       		.uleb128 0x49
 998 003a 13       		.uleb128 0x13
 999 003b 00       		.byte	0
 1000 003c 00       		.byte	0
 1001 003d 06       		.uleb128 0x6
 1002 003e 26       		.uleb128 0x26
 1003 003f 00       		.byte	0
 1004 0040 49       		.uleb128 0x49
 1005 0041 13       		.uleb128 0x13
 1006 0042 00       		.byte	0
 1007 0043 00       		.byte	0
 1008 0044 07       		.uleb128 0x7
 1009 0045 01       		.uleb128 0x1
 1010 0046 01       		.byte	0x1
 1011 0047 49       		.uleb128 0x49
 1012 0048 13       		.uleb128 0x13
 1013 0049 01       		.uleb128 0x1
 1014 004a 13       		.uleb128 0x13
 1015 004b 00       		.byte	0
 1016 004c 00       		.byte	0
 1017 004d 08       		.uleb128 0x8
 1018 004e 21       		.uleb128 0x21
 1019 004f 00       		.byte	0
 1020 0050 49       		.uleb128 0x49
 1021 0051 13       		.uleb128 0x13
 1022 0052 2F       		.uleb128 0x2f
 1023 0053 0B       		.uleb128 0xb
 1024 0054 00       		.byte	0
 1025 0055 00       		.byte	0
 1026 0056 09       		.uleb128 0x9
ARM GAS  /tmp/ccHweYzX.s 			page 19


 1027 0057 13       		.uleb128 0x13
 1028 0058 01       		.byte	0x1
 1029 0059 0B       		.uleb128 0xb
 1030 005a 0B       		.uleb128 0xb
 1031 005b 3A       		.uleb128 0x3a
 1032 005c 0B       		.uleb128 0xb
 1033 005d 3B       		.uleb128 0x3b
 1034 005e 0B       		.uleb128 0xb
 1035 005f 01       		.uleb128 0x1
 1036 0060 13       		.uleb128 0x13
 1037 0061 00       		.byte	0
 1038 0062 00       		.byte	0
 1039 0063 0A       		.uleb128 0xa
 1040 0064 0D       		.uleb128 0xd
 1041 0065 00       		.byte	0
 1042 0066 03       		.uleb128 0x3
 1043 0067 08       		.uleb128 0x8
 1044 0068 3A       		.uleb128 0x3a
 1045 0069 0B       		.uleb128 0xb
 1046 006a 3B       		.uleb128 0x3b
 1047 006b 0B       		.uleb128 0xb
 1048 006c 49       		.uleb128 0x49
 1049 006d 13       		.uleb128 0x13
 1050 006e 38       		.uleb128 0x38
 1051 006f 0B       		.uleb128 0xb
 1052 0070 00       		.byte	0
 1053 0071 00       		.byte	0
 1054 0072 0B       		.uleb128 0xb
 1055 0073 17       		.uleb128 0x17
 1056 0074 01       		.byte	0x1
 1057 0075 0B       		.uleb128 0xb
 1058 0076 0B       		.uleb128 0xb
 1059 0077 3A       		.uleb128 0x3a
 1060 0078 0B       		.uleb128 0xb
 1061 0079 3B       		.uleb128 0x3b
 1062 007a 0B       		.uleb128 0xb
 1063 007b 01       		.uleb128 0x1
 1064 007c 13       		.uleb128 0x13
 1065 007d 00       		.byte	0
 1066 007e 00       		.byte	0
 1067 007f 0C       		.uleb128 0xc
 1068 0080 0D       		.uleb128 0xd
 1069 0081 00       		.byte	0
 1070 0082 03       		.uleb128 0x3
 1071 0083 08       		.uleb128 0x8
 1072 0084 3A       		.uleb128 0x3a
 1073 0085 0B       		.uleb128 0xb
 1074 0086 3B       		.uleb128 0x3b
 1075 0087 0B       		.uleb128 0xb
 1076 0088 49       		.uleb128 0x49
 1077 0089 13       		.uleb128 0x13
 1078 008a 00       		.byte	0
 1079 008b 00       		.byte	0
 1080 008c 0D       		.uleb128 0xd
 1081 008d 0D       		.uleb128 0xd
 1082 008e 00       		.byte	0
 1083 008f 49       		.uleb128 0x49
ARM GAS  /tmp/ccHweYzX.s 			page 20


 1084 0090 13       		.uleb128 0x13
 1085 0091 00       		.byte	0
 1086 0092 00       		.byte	0
 1087 0093 0E       		.uleb128 0xe
 1088 0094 0D       		.uleb128 0xd
 1089 0095 00       		.byte	0
 1090 0096 49       		.uleb128 0x49
 1091 0097 13       		.uleb128 0x13
 1092 0098 38       		.uleb128 0x38
 1093 0099 0B       		.uleb128 0xb
 1094 009a 00       		.byte	0
 1095 009b 00       		.byte	0
 1096 009c 0F       		.uleb128 0xf
 1097 009d 0D       		.uleb128 0xd
 1098 009e 00       		.byte	0
 1099 009f 03       		.uleb128 0x3
 1100 00a0 0E       		.uleb128 0xe
 1101 00a1 3A       		.uleb128 0x3a
 1102 00a2 0B       		.uleb128 0xb
 1103 00a3 3B       		.uleb128 0x3b
 1104 00a4 0B       		.uleb128 0xb
 1105 00a5 49       		.uleb128 0x49
 1106 00a6 13       		.uleb128 0x13
 1107 00a7 38       		.uleb128 0x38
 1108 00a8 0B       		.uleb128 0xb
 1109 00a9 00       		.byte	0
 1110 00aa 00       		.byte	0
 1111 00ab 10       		.uleb128 0x10
 1112 00ac 04       		.uleb128 0x4
 1113 00ad 01       		.byte	0x1
 1114 00ae 0B       		.uleb128 0xb
 1115 00af 0B       		.uleb128 0xb
 1116 00b0 3A       		.uleb128 0x3a
 1117 00b1 0B       		.uleb128 0xb
 1118 00b2 3B       		.uleb128 0x3b
 1119 00b3 0B       		.uleb128 0xb
 1120 00b4 01       		.uleb128 0x1
 1121 00b5 13       		.uleb128 0x13
 1122 00b6 00       		.byte	0
 1123 00b7 00       		.byte	0
 1124 00b8 11       		.uleb128 0x11
 1125 00b9 28       		.uleb128 0x28
 1126 00ba 00       		.byte	0
 1127 00bb 03       		.uleb128 0x3
 1128 00bc 0E       		.uleb128 0xe
 1129 00bd 1C       		.uleb128 0x1c
 1130 00be 0D       		.uleb128 0xd
 1131 00bf 00       		.byte	0
 1132 00c0 00       		.byte	0
 1133 00c1 12       		.uleb128 0x12
 1134 00c2 13       		.uleb128 0x13
 1135 00c3 01       		.byte	0x1
 1136 00c4 03       		.uleb128 0x3
 1137 00c5 0E       		.uleb128 0xe
 1138 00c6 0B       		.uleb128 0xb
 1139 00c7 0B       		.uleb128 0xb
 1140 00c8 3A       		.uleb128 0x3a
ARM GAS  /tmp/ccHweYzX.s 			page 21


 1141 00c9 0B       		.uleb128 0xb
 1142 00ca 3B       		.uleb128 0x3b
 1143 00cb 05       		.uleb128 0x5
 1144 00cc 01       		.uleb128 0x1
 1145 00cd 13       		.uleb128 0x13
 1146 00ce 00       		.byte	0
 1147 00cf 00       		.byte	0
 1148 00d0 13       		.uleb128 0x13
 1149 00d1 0D       		.uleb128 0xd
 1150 00d2 00       		.byte	0
 1151 00d3 03       		.uleb128 0x3
 1152 00d4 0E       		.uleb128 0xe
 1153 00d5 3A       		.uleb128 0x3a
 1154 00d6 0B       		.uleb128 0xb
 1155 00d7 3B       		.uleb128 0x3b
 1156 00d8 05       		.uleb128 0x5
 1157 00d9 49       		.uleb128 0x49
 1158 00da 13       		.uleb128 0x13
 1159 00db 38       		.uleb128 0x38
 1160 00dc 0B       		.uleb128 0xb
 1161 00dd 00       		.byte	0
 1162 00de 00       		.byte	0
 1163 00df 14       		.uleb128 0x14
 1164 00e0 0D       		.uleb128 0xd
 1165 00e1 00       		.byte	0
 1166 00e2 03       		.uleb128 0x3
 1167 00e3 08       		.uleb128 0x8
 1168 00e4 3A       		.uleb128 0x3a
 1169 00e5 0B       		.uleb128 0xb
 1170 00e6 3B       		.uleb128 0x3b
 1171 00e7 05       		.uleb128 0x5
 1172 00e8 49       		.uleb128 0x49
 1173 00e9 13       		.uleb128 0x13
 1174 00ea 38       		.uleb128 0x38
 1175 00eb 0B       		.uleb128 0xb
 1176 00ec 00       		.byte	0
 1177 00ed 00       		.byte	0
 1178 00ee 15       		.uleb128 0x15
 1179 00ef 0F       		.uleb128 0xf
 1180 00f0 00       		.byte	0
 1181 00f1 0B       		.uleb128 0xb
 1182 00f2 0B       		.uleb128 0xb
 1183 00f3 49       		.uleb128 0x49
 1184 00f4 13       		.uleb128 0x13
 1185 00f5 00       		.byte	0
 1186 00f6 00       		.byte	0
 1187 00f7 16       		.uleb128 0x16
 1188 00f8 15       		.uleb128 0x15
 1189 00f9 01       		.byte	0x1
 1190 00fa 27       		.uleb128 0x27
 1191 00fb 19       		.uleb128 0x19
 1192 00fc 01       		.uleb128 0x1
 1193 00fd 13       		.uleb128 0x13
 1194 00fe 00       		.byte	0
 1195 00ff 00       		.byte	0
 1196 0100 17       		.uleb128 0x17
 1197 0101 05       		.uleb128 0x5
ARM GAS  /tmp/ccHweYzX.s 			page 22


 1198 0102 00       		.byte	0
 1199 0103 49       		.uleb128 0x49
 1200 0104 13       		.uleb128 0x13
 1201 0105 00       		.byte	0
 1202 0106 00       		.byte	0
 1203 0107 18       		.uleb128 0x18
 1204 0108 16       		.uleb128 0x16
 1205 0109 00       		.byte	0
 1206 010a 03       		.uleb128 0x3
 1207 010b 0E       		.uleb128 0xe
 1208 010c 3A       		.uleb128 0x3a
 1209 010d 0B       		.uleb128 0xb
 1210 010e 3B       		.uleb128 0x3b
 1211 010f 05       		.uleb128 0x5
 1212 0110 49       		.uleb128 0x49
 1213 0111 13       		.uleb128 0x13
 1214 0112 00       		.byte	0
 1215 0113 00       		.byte	0
 1216 0114 19       		.uleb128 0x19
 1217 0115 2E       		.uleb128 0x2e
 1218 0116 01       		.byte	0x1
 1219 0117 3F       		.uleb128 0x3f
 1220 0118 19       		.uleb128 0x19
 1221 0119 03       		.uleb128 0x3
 1222 011a 0E       		.uleb128 0xe
 1223 011b 3A       		.uleb128 0x3a
 1224 011c 0B       		.uleb128 0xb
 1225 011d 3B       		.uleb128 0x3b
 1226 011e 0B       		.uleb128 0xb
 1227 011f 27       		.uleb128 0x27
 1228 0120 19       		.uleb128 0x19
 1229 0121 11       		.uleb128 0x11
 1230 0122 01       		.uleb128 0x1
 1231 0123 12       		.uleb128 0x12
 1232 0124 06       		.uleb128 0x6
 1233 0125 40       		.uleb128 0x40
 1234 0126 18       		.uleb128 0x18
 1235 0127 9742     		.uleb128 0x2117
 1236 0129 19       		.uleb128 0x19
 1237 012a 01       		.uleb128 0x1
 1238 012b 13       		.uleb128 0x13
 1239 012c 00       		.byte	0
 1240 012d 00       		.byte	0
 1241 012e 1A       		.uleb128 0x1a
 1242 012f 898201   		.uleb128 0x4109
 1243 0132 00       		.byte	0
 1244 0133 11       		.uleb128 0x11
 1245 0134 01       		.uleb128 0x1
 1246 0135 31       		.uleb128 0x31
 1247 0136 13       		.uleb128 0x13
 1248 0137 00       		.byte	0
 1249 0138 00       		.byte	0
 1250 0139 1B       		.uleb128 0x1b
 1251 013a 05       		.uleb128 0x5
 1252 013b 00       		.byte	0
 1253 013c 03       		.uleb128 0x3
 1254 013d 0E       		.uleb128 0xe
ARM GAS  /tmp/ccHweYzX.s 			page 23


 1255 013e 3A       		.uleb128 0x3a
 1256 013f 0B       		.uleb128 0xb
 1257 0140 3B       		.uleb128 0x3b
 1258 0141 0B       		.uleb128 0xb
 1259 0142 49       		.uleb128 0x49
 1260 0143 13       		.uleb128 0x13
 1261 0144 02       		.uleb128 0x2
 1262 0145 18       		.uleb128 0x18
 1263 0146 00       		.byte	0
 1264 0147 00       		.byte	0
 1265 0148 1C       		.uleb128 0x1c
 1266 0149 05       		.uleb128 0x5
 1267 014a 00       		.byte	0
 1268 014b 03       		.uleb128 0x3
 1269 014c 0E       		.uleb128 0xe
 1270 014d 3A       		.uleb128 0x3a
 1271 014e 0B       		.uleb128 0xb
 1272 014f 3B       		.uleb128 0x3b
 1273 0150 0B       		.uleb128 0xb
 1274 0151 49       		.uleb128 0x49
 1275 0152 13       		.uleb128 0x13
 1276 0153 02       		.uleb128 0x2
 1277 0154 17       		.uleb128 0x17
 1278 0155 00       		.byte	0
 1279 0156 00       		.byte	0
 1280 0157 1D       		.uleb128 0x1d
 1281 0158 898201   		.uleb128 0x4109
 1282 015b 01       		.byte	0x1
 1283 015c 11       		.uleb128 0x11
 1284 015d 01       		.uleb128 0x1
 1285 015e 31       		.uleb128 0x31
 1286 015f 13       		.uleb128 0x13
 1287 0160 00       		.byte	0
 1288 0161 00       		.byte	0
 1289 0162 1E       		.uleb128 0x1e
 1290 0163 8A8201   		.uleb128 0x410a
 1291 0166 00       		.byte	0
 1292 0167 02       		.uleb128 0x2
 1293 0168 18       		.uleb128 0x18
 1294 0169 9142     		.uleb128 0x2111
 1295 016b 18       		.uleb128 0x18
 1296 016c 00       		.byte	0
 1297 016d 00       		.byte	0
 1298 016e 1F       		.uleb128 0x1f
 1299 016f 2E       		.uleb128 0x2e
 1300 0170 00       		.byte	0
 1301 0171 3F       		.uleb128 0x3f
 1302 0172 19       		.uleb128 0x19
 1303 0173 03       		.uleb128 0x3
 1304 0174 0E       		.uleb128 0xe
 1305 0175 3A       		.uleb128 0x3a
 1306 0176 0B       		.uleb128 0xb
 1307 0177 3B       		.uleb128 0x3b
 1308 0178 05       		.uleb128 0x5
 1309 0179 27       		.uleb128 0x27
 1310 017a 19       		.uleb128 0x19
 1311 017b 3C       		.uleb128 0x3c
ARM GAS  /tmp/ccHweYzX.s 			page 24


 1312 017c 19       		.uleb128 0x19
 1313 017d 00       		.byte	0
 1314 017e 00       		.byte	0
 1315 017f 20       		.uleb128 0x20
 1316 0180 2E       		.uleb128 0x2e
 1317 0181 01       		.byte	0x1
 1318 0182 3F       		.uleb128 0x3f
 1319 0183 19       		.uleb128 0x19
 1320 0184 03       		.uleb128 0x3
 1321 0185 0E       		.uleb128 0xe
 1322 0186 3A       		.uleb128 0x3a
 1323 0187 0B       		.uleb128 0xb
 1324 0188 3B       		.uleb128 0x3b
 1325 0189 05       		.uleb128 0x5
 1326 018a 27       		.uleb128 0x27
 1327 018b 19       		.uleb128 0x19
 1328 018c 3C       		.uleb128 0x3c
 1329 018d 19       		.uleb128 0x19
 1330 018e 01       		.uleb128 0x1
 1331 018f 13       		.uleb128 0x13
 1332 0190 00       		.byte	0
 1333 0191 00       		.byte	0
 1334 0192 21       		.uleb128 0x21
 1335 0193 2E       		.uleb128 0x2e
 1336 0194 01       		.byte	0x1
 1337 0195 3F       		.uleb128 0x3f
 1338 0196 19       		.uleb128 0x19
 1339 0197 03       		.uleb128 0x3
 1340 0198 0E       		.uleb128 0xe
 1341 0199 3A       		.uleb128 0x3a
 1342 019a 0B       		.uleb128 0xb
 1343 019b 3B       		.uleb128 0x3b
 1344 019c 05       		.uleb128 0x5
 1345 019d 27       		.uleb128 0x27
 1346 019e 19       		.uleb128 0x19
 1347 019f 3C       		.uleb128 0x3c
 1348 01a0 19       		.uleb128 0x19
 1349 01a1 00       		.byte	0
 1350 01a2 00       		.byte	0
 1351 01a3 00       		.byte	0
 1352              		.section	.debug_loc,"",%progbits
 1353              	.Ldebug_loc0:
 1354              	.LLST0:
 1355 0000 00000000 		.4byte	.LVL2
 1356 0004 0F000000 		.4byte	.LVL3-1
 1357 0008 0100     		.2byte	0x1
 1358 000a 50       		.byte	0x50
 1359 000b 0F000000 		.4byte	.LVL3-1
 1360 000f 16000000 		.4byte	.LVL4
 1361 0013 0100     		.2byte	0x1
 1362 0015 54       		.byte	0x54
 1363 0016 16000000 		.4byte	.LVL4
 1364 001a 18000000 		.4byte	.LFE41
 1365 001e 0400     		.2byte	0x4
 1366 0020 F3       		.byte	0xf3
 1367 0021 01       		.uleb128 0x1
 1368 0022 50       		.byte	0x50
ARM GAS  /tmp/ccHweYzX.s 			page 25


 1369 0023 9F       		.byte	0x9f
 1370 0024 00000000 		.4byte	0
 1371 0028 00000000 		.4byte	0
 1372              	.LLST1:
 1373 002c 00000000 		.4byte	.LVL2
 1374 0030 0F000000 		.4byte	.LVL3-1
 1375 0034 0100     		.2byte	0x1
 1376 0036 51       		.byte	0x51
 1377 0037 0F000000 		.4byte	.LVL3-1
 1378 003b 18000000 		.4byte	.LFE41
 1379 003f 0400     		.2byte	0x4
 1380 0041 F3       		.byte	0xf3
 1381 0042 01       		.uleb128 0x1
 1382 0043 51       		.byte	0x51
 1383 0044 9F       		.byte	0x9f
 1384 0045 00000000 		.4byte	0
 1385 0049 00000000 		.4byte	0
 1386              	.LLST2:
 1387 004d 00000000 		.4byte	.LVL5
 1388 0051 09000000 		.4byte	.LVL6-1
 1389 0055 0100     		.2byte	0x1
 1390 0057 50       		.byte	0x50
 1391 0058 09000000 		.4byte	.LVL6-1
 1392 005c 10000000 		.4byte	.LVL7
 1393 0060 0100     		.2byte	0x1
 1394 0062 54       		.byte	0x54
 1395 0063 10000000 		.4byte	.LVL7
 1396 0067 12000000 		.4byte	.LFE42
 1397 006b 0400     		.2byte	0x4
 1398 006d F3       		.byte	0xf3
 1399 006e 01       		.uleb128 0x1
 1400 006f 50       		.byte	0x50
 1401 0070 9F       		.byte	0x9f
 1402 0071 00000000 		.4byte	0
 1403 0075 00000000 		.4byte	0
 1404              	.LLST3:
 1405 0079 00000000 		.4byte	.LVL9
 1406 007d 07000000 		.4byte	.LVL10-1
 1407 0081 0100     		.2byte	0x1
 1408 0083 50       		.byte	0x50
 1409 0084 07000000 		.4byte	.LVL10-1
 1410 0088 0C000000 		.4byte	.LFE44
 1411 008c 0400     		.2byte	0x4
 1412 008e F3       		.byte	0xf3
 1413 008f 01       		.uleb128 0x1
 1414 0090 50       		.byte	0x50
 1415 0091 9F       		.byte	0x9f
 1416 0092 00000000 		.4byte	0
 1417 0096 00000000 		.4byte	0
 1418              	.LLST4:
 1419 009a 00000000 		.4byte	.LVL9
 1420 009e 07000000 		.4byte	.LVL10-1
 1421 00a2 0100     		.2byte	0x1
 1422 00a4 51       		.byte	0x51
 1423 00a5 07000000 		.4byte	.LVL10-1
 1424 00a9 0C000000 		.4byte	.LFE44
 1425 00ad 0400     		.2byte	0x4
ARM GAS  /tmp/ccHweYzX.s 			page 26


 1426 00af F3       		.byte	0xf3
 1427 00b0 01       		.uleb128 0x1
 1428 00b1 51       		.byte	0x51
 1429 00b2 9F       		.byte	0x9f
 1430 00b3 00000000 		.4byte	0
 1431 00b7 00000000 		.4byte	0
 1432              	.LLST5:
 1433 00bb 00000000 		.4byte	.LVL9
 1434 00bf 07000000 		.4byte	.LVL10-1
 1435 00c3 0100     		.2byte	0x1
 1436 00c5 52       		.byte	0x52
 1437 00c6 07000000 		.4byte	.LVL10-1
 1438 00ca 0C000000 		.4byte	.LFE44
 1439 00ce 0400     		.2byte	0x4
 1440 00d0 F3       		.byte	0xf3
 1441 00d1 01       		.uleb128 0x1
 1442 00d2 52       		.byte	0x52
 1443 00d3 9F       		.byte	0x9f
 1444 00d4 00000000 		.4byte	0
 1445 00d8 00000000 		.4byte	0
 1446              	.LLST6:
 1447 00dc 00000000 		.4byte	.LVL11
 1448 00e0 07000000 		.4byte	.LVL12-1
 1449 00e4 0100     		.2byte	0x1
 1450 00e6 50       		.byte	0x50
 1451 00e7 07000000 		.4byte	.LVL12-1
 1452 00eb 0C000000 		.4byte	.LFE45
 1453 00ef 0400     		.2byte	0x4
 1454 00f1 F3       		.byte	0xf3
 1455 00f2 01       		.uleb128 0x1
 1456 00f3 50       		.byte	0x50
 1457 00f4 9F       		.byte	0x9f
 1458 00f5 00000000 		.4byte	0
 1459 00f9 00000000 		.4byte	0
 1460              	.LLST7:
 1461 00fd 00000000 		.4byte	.LVL11
 1462 0101 07000000 		.4byte	.LVL12-1
 1463 0105 0100     		.2byte	0x1
 1464 0107 51       		.byte	0x51
 1465 0108 07000000 		.4byte	.LVL12-1
 1466 010c 0C000000 		.4byte	.LFE45
 1467 0110 0400     		.2byte	0x4
 1468 0112 F3       		.byte	0xf3
 1469 0113 01       		.uleb128 0x1
 1470 0114 51       		.byte	0x51
 1471 0115 9F       		.byte	0x9f
 1472 0116 00000000 		.4byte	0
 1473 011a 00000000 		.4byte	0
 1474              		.section	.debug_aranges,"",%progbits
 1475 0000 4C000000 		.4byte	0x4c
 1476 0004 0200     		.2byte	0x2
 1477 0006 00000000 		.4byte	.Ldebug_info0
 1478 000a 04       		.byte	0x4
 1479 000b 00       		.byte	0
 1480 000c 0000     		.2byte	0
 1481 000e 0000     		.2byte	0
 1482 0010 00000000 		.4byte	.LFB39
ARM GAS  /tmp/ccHweYzX.s 			page 27


 1483 0014 08000000 		.4byte	.LFE39-.LFB39
 1484 0018 00000000 		.4byte	.LFB40
 1485 001c 0A000000 		.4byte	.LFE40-.LFB40
 1486 0020 00000000 		.4byte	.LFB41
 1487 0024 18000000 		.4byte	.LFE41-.LFB41
 1488 0028 00000000 		.4byte	.LFB42
 1489 002c 12000000 		.4byte	.LFE42-.LFB42
 1490 0030 00000000 		.4byte	.LFB43
 1491 0034 0C000000 		.4byte	.LFE43-.LFB43
 1492 0038 00000000 		.4byte	.LFB44
 1493 003c 0C000000 		.4byte	.LFE44-.LFB44
 1494 0040 00000000 		.4byte	.LFB45
 1495 0044 0C000000 		.4byte	.LFE45-.LFB45
 1496 0048 00000000 		.4byte	0
 1497 004c 00000000 		.4byte	0
 1498              		.section	.debug_ranges,"",%progbits
 1499              	.Ldebug_ranges0:
 1500 0000 00000000 		.4byte	.LFB39
 1501 0004 08000000 		.4byte	.LFE39
 1502 0008 00000000 		.4byte	.LFB40
 1503 000c 0A000000 		.4byte	.LFE40
 1504 0010 00000000 		.4byte	.LFB41
 1505 0014 18000000 		.4byte	.LFE41
 1506 0018 00000000 		.4byte	.LFB42
 1507 001c 12000000 		.4byte	.LFE42
 1508 0020 00000000 		.4byte	.LFB43
 1509 0024 0C000000 		.4byte	.LFE43
 1510 0028 00000000 		.4byte	.LFB44
 1511 002c 0C000000 		.4byte	.LFE44
 1512 0030 00000000 		.4byte	.LFB45
 1513 0034 0C000000 		.4byte	.LFE45
 1514 0038 00000000 		.4byte	0
 1515 003c 00000000 		.4byte	0
 1516              		.section	.debug_line,"",%progbits
 1517              	.Ldebug_line0:
 1518 0000 FF010000 		.section	.debug_str,"MS",%progbits,1
 1518      02006C01 
 1518      00000201 
 1518      FB0E0D00 
 1518      01010101 
 1519              	.LASF53:
 1520 0000 70776D5F 		.ascii	"pwm_lld_enable_channel\000"
 1520      6C6C645F 
 1520      656E6162 
 1520      6C655F63 
 1520      68616E6E 
 1521              	.LASF27:
 1522 0017 73746174 		.ascii	"state\000"
 1522      6500
 1523              	.LASF3:
 1524 001d 73686F72 		.ascii	"short int\000"
 1524      7420696E 
 1524      7400
 1525              	.LASF34:
 1526 0027 70776D63 		.ascii	"pwmcnt_t\000"
 1526      6E745F74 
 1526      00
ARM GAS  /tmp/ccHweYzX.s 			page 28


 1527              	.LASF52:
 1528 0030 70776D5F 		.ascii	"pwm_lld_stop\000"
 1528      6C6C645F 
 1528      73746F70 
 1528      00
 1529              	.LASF33:
 1530 003d 70776D63 		.ascii	"pwmchannel_t\000"
 1530      68616E6E 
 1530      656C5F74 
 1530      00
 1531              	.LASF20:
 1532 004a 50574D43 		.ascii	"PWMC\000"
 1532      00
 1533              	.LASF8:
 1534 004f 5F5F7569 		.ascii	"__uint32_t\000"
 1534      6E743332 
 1534      5F7400
 1535              	.LASF35:
 1536 005a 6D6F6465 		.ascii	"mode\000"
 1536      00
 1537              	.LASF5:
 1538 005f 5F5F7569 		.ascii	"__uint16_t\000"
 1538      6E743136 
 1538      5F7400
 1539              	.LASF39:
 1540 006a 6368616E 		.ascii	"channels\000"
 1540      6E656C73 
 1540      00
 1541              	.LASF28:
 1542 0073 636F6E66 		.ascii	"config\000"
 1542      696700
 1543              	.LASF56:
 1544 007a 2F484444 		.ascii	"/HDD/GIT/variometer/Altimeter/\000"
 1544      2F474954 
 1544      2F766172 
 1544      696F6D65 
 1544      7465722F 
 1545              	.LASF42:
 1546 0099 70776D4F 		.ascii	"pwmObjectInit\000"
 1546      626A6563 
 1546      74496E69 
 1546      7400
 1547              	.LASF12:
 1548 00a7 75696E74 		.ascii	"uint8_t\000"
 1548      385F7400 
 1549              	.LASF47:
 1550 00af 70776D45 		.ascii	"pwmEnableChannel\000"
 1550      6E61626C 
 1550      65436861 
 1550      6E6E656C 
 1550      00
 1551              	.LASF40:
 1552 00c0 50574D43 		.ascii	"PWMConfig\000"
 1552      6F6E6669 
 1552      6700
 1553              	.LASF1:
 1554 00ca 7369676E 		.ascii	"signed char\000"
ARM GAS  /tmp/ccHweYzX.s 			page 29


 1554      65642063 
 1554      68617200 
 1555              	.LASF49:
 1556 00d6 77696474 		.ascii	"width\000"
 1556      6800
 1557              	.LASF43:
 1558 00dc 70776D53 		.ascii	"pwmStart\000"
 1558      74617274 
 1558      00
 1559              	.LASF10:
 1560 00e5 6C6F6E67 		.ascii	"long long int\000"
 1560      206C6F6E 
 1560      6720696E 
 1560      7400
 1561              	.LASF21:
 1562 00f3 4C50435F 		.ascii	"LPC_CTxxBx_Type\000"
 1562      43547878 
 1562      42785F54 
 1562      79706500 
 1563              	.LASF23:
 1564 0103 50574D5F 		.ascii	"PWM_STOP\000"
 1564      53544F50 
 1564      00
 1565              	.LASF51:
 1566 010c 70776D5F 		.ascii	"pwm_lld_start\000"
 1566      6C6C645F 
 1566      73746172 
 1566      7400
 1567              	.LASF41:
 1568 011a 70776D49 		.ascii	"pwmInit\000"
 1568      6E697400 
 1569              	.LASF29:
 1570 0122 70657269 		.ascii	"period\000"
 1570      6F6400
 1571              	.LASF4:
 1572 0129 5F5F7569 		.ascii	"__uint8_t\000"
 1572      6E74385F 
 1572      7400
 1573              	.LASF58:
 1574 0133 70776D5F 		.ascii	"pwm_lld_disable_channel\000"
 1574      6C6C645F 
 1574      64697361 
 1574      626C655F 
 1574      6368616E 
 1575              	.LASF44:
 1576 014b 70776D70 		.ascii	"pwmp\000"
 1576      00
 1577              	.LASF22:
 1578 0150 50574D5F 		.ascii	"PWM_UNINIT\000"
 1578      554E494E 
 1578      495400
 1579              	.LASF2:
 1580 015b 756E7369 		.ascii	"unsigned char\000"
 1580      676E6564 
 1580      20636861 
 1580      7200
 1581              	.LASF50:
ARM GAS  /tmp/ccHweYzX.s 			page 30


 1582 0169 70776D44 		.ascii	"pwmDisableChannel\000"
 1582      69736162 
 1582      6C654368 
 1582      616E6E65 
 1582      6C00
 1583              	.LASF54:
 1584 017b 474E5520 		.ascii	"GNU C 4.8.4 20140526 (release) [ARM/embedded-4_8-br"
 1584      4320342E 
 1584      382E3420 
 1584      32303134 
 1584      30353236 
 1585 01ae 616E6368 		.ascii	"anch revision 211358] -mcpu=cortex-m0 -mno-thumb-in"
 1585      20726576 
 1585      6973696F 
 1585      6E203231 
 1585      31333538 
 1586 01e1 74657277 		.ascii	"terwork -mthumb -ggdb -O1 -fomit-frame-pointer -ffu"
 1586      6F726B20 
 1586      2D6D7468 
 1586      756D6220 
 1586      2D676764 
 1587 0214 6E637469 		.ascii	"nction-sections -fdata-sections -fno-common\000"
 1587      6F6E2D73 
 1587      65637469 
 1587      6F6E7320 
 1587      2D666461 
 1588              	.LASF19:
 1589 0240 43544352 		.ascii	"CTCR\000"
 1589      00
 1590              	.LASF11:
 1591 0245 6C6F6E67 		.ascii	"long long unsigned int\000"
 1591      206C6F6E 
 1591      6720756E 
 1591      7369676E 
 1591      65642069 
 1592              	.LASF14:
 1593 025c 75696E74 		.ascii	"uint32_t\000"
 1593      33325F74 
 1593      00
 1594              	.LASF0:
 1595 0265 756E7369 		.ascii	"unsigned int\000"
 1595      676E6564 
 1595      20696E74 
 1595      00
 1596              	.LASF6:
 1597 0272 73686F72 		.ascii	"short unsigned int\000"
 1597      7420756E 
 1597      7369676E 
 1597      65642069 
 1597      6E7400
 1598              	.LASF57:
 1599 0285 70776D5F 		.ascii	"pwm_lld_init\000"
 1599      6C6C645F 
 1599      696E6974 
 1599      00
 1600              	.LASF17:
 1601 0292 63686172 		.ascii	"char\000"
ARM GAS  /tmp/ccHweYzX.s 			page 31


 1601      00
 1602              	.LASF13:
 1603 0297 75696E74 		.ascii	"uint16_t\000"
 1603      31365F74 
 1603      00
 1604              	.LASF7:
 1605 02a0 6C6F6E67 		.ascii	"long int\000"
 1605      20696E74 
 1605      00
 1606              	.LASF26:
 1607 02a9 50574D44 		.ascii	"PWMDriver\000"
 1607      72697665 
 1607      7200
 1608              	.LASF15:
 1609 02b3 5F426F6F 		.ascii	"_Bool\000"
 1609      6C00
 1610              	.LASF55:
 1611 02b9 43686962 		.ascii	"ChibiOS_2.6.5/os/hal/src/pwm.c\000"
 1611      694F535F 
 1611      322E362E 
 1611      352F6F73 
 1611      2F68616C 
 1612              	.LASF48:
 1613 02d8 6368616E 		.ascii	"channel\000"
 1613      6E656C00 
 1614              	.LASF18:
 1615 02e0 52455345 		.ascii	"RESERVED0\000"
 1615      52564544 
 1615      3000
 1616              	.LASF46:
 1617 02ea 70776D43 		.ascii	"pwmChangePeriod\000"
 1617      68616E67 
 1617      65506572 
 1617      696F6400 
 1618              	.LASF9:
 1619 02fa 6C6F6E67 		.ascii	"long unsigned int\000"
 1619      20756E73 
 1619      69676E65 
 1619      6420696E 
 1619      7400
 1620              	.LASF30:
 1621 030c 636C6F63 		.ascii	"clock\000"
 1621      6B00
 1622              	.LASF24:
 1623 0312 50574D5F 		.ascii	"PWM_READY\000"
 1623      52454144 
 1623      5900
 1624              	.LASF45:
 1625 031c 70776D53 		.ascii	"pwmStop\000"
 1625      746F7000 
 1626              	.LASF16:
 1627 0324 73697A65 		.ascii	"sizetype\000"
 1627      74797065 
 1627      00
 1628              	.LASF38:
 1629 032d 66726571 		.ascii	"frequency\000"
 1629      75656E63 
ARM GAS  /tmp/ccHweYzX.s 			page 32


 1629      7900
 1630              	.LASF37:
 1631 0337 50574D43 		.ascii	"PWMChannelConfig\000"
 1631      68616E6E 
 1631      656C436F 
 1631      6E666967 
 1631      00
 1632              	.LASF32:
 1633 0348 70776D6D 		.ascii	"pwmmode_t\000"
 1633      6F64655F 
 1633      7400
 1634              	.LASF25:
 1635 0352 70776D73 		.ascii	"pwmstate_t\000"
 1635      74617465 
 1635      5F7400
 1636              	.LASF31:
 1637 035d 70776D63 		.ascii	"pwmcallback_t\000"
 1637      616C6C62 
 1637      61636B5F 
 1637      7400
 1638              	.LASF36:
 1639 036b 63616C6C 		.ascii	"callback\000"
 1639      6261636B 
 1639      00
 1640              		.ident	"GCC: (GNU Tools for ARM Embedded Processors) 4.8.4 20140526 (release) [ARM/embedded-4_8-br
ARM GAS  /tmp/ccHweYzX.s 			page 33


DEFINED SYMBOLS
                            *ABS*:00000000 pwm.c
     /tmp/ccHweYzX.s:18     .text.pwmInit:00000000 $t
     /tmp/ccHweYzX.s:23     .text.pwmInit:00000000 pwmInit
     /tmp/ccHweYzX.s:42     .text.pwmObjectInit:00000000 $t
     /tmp/ccHweYzX.s:47     .text.pwmObjectInit:00000000 pwmObjectInit
     /tmp/ccHweYzX.s:65     .text.pwmStart:00000000 $t
     /tmp/ccHweYzX.s:70     .text.pwmStart:00000000 pwmStart
     /tmp/ccHweYzX.s:109    .text.pwmStop:00000000 $t
     /tmp/ccHweYzX.s:114    .text.pwmStop:00000000 pwmStop
     /tmp/ccHweYzX.s:148    .text.pwmChangePeriod:00000000 $t
     /tmp/ccHweYzX.s:153    .text.pwmChangePeriod:00000000 pwmChangePeriod
     /tmp/ccHweYzX.s:179    .text.pwmEnableChannel:00000000 $t
     /tmp/ccHweYzX.s:184    .text.pwmEnableChannel:00000000 pwmEnableChannel
     /tmp/ccHweYzX.s:213    .text.pwmDisableChannel:00000000 $t
     /tmp/ccHweYzX.s:218    .text.pwmDisableChannel:00000000 pwmDisableChannel
                     .debug_frame:00000010 $d

UNDEFINED SYMBOLS
pwm_lld_init
pwm_lld_start
pwm_lld_stop
pwm_lld_enable_channel
pwm_lld_disable_channel
