ARM GAS  /tmp/ccgocw86.s 			page 1


   1              		.cpu cortex-m0
   2              		.fpu softvfp
   3              		.eabi_attribute 20, 1
   4              		.eabi_attribute 21, 1
   5              		.eabi_attribute 23, 3
   6              		.eabi_attribute 24, 1
   7              		.eabi_attribute 25, 1
   8              		.eabi_attribute 26, 1
   9              		.eabi_attribute 30, 1
  10              		.eabi_attribute 34, 0
  11              		.eabi_attribute 18, 4
  12              		.code	16
  13              		.file	"vectors.c"
  14              		.text
  15              	.Ltext0:
  16              		.cfi_sections	.debug_frame
  17              		.section	.text._unhandled_exception,"ax",%progbits
  18              		.align	2
  19              		.global	_unhandled_exception
  20              		.code	16
  21              		.thumb_func
  22              		.type	_unhandled_exception, %function
  23              	_unhandled_exception:
  24              	.LFB7:
  25              		.file 1 "ChibiOS_2.6.5/os/ports/GCC/ARMCMx/LPC11xx/vectors.c"
  26              		.loc 1 153 0
  27              		.cfi_startproc
  28              	.L2:
  29 0000 FEE7     		b	.L2
  30              		.cfi_endproc
  31              	.LFE7:
  32              		.size	_unhandled_exception, .-_unhandled_exception
  33              		.weak	NMIVector
  34              		.thumb_set NMIVector,_unhandled_exception
  35              		.weak	HardFaultVector
  36              		.thumb_set HardFaultVector,_unhandled_exception
  37              		.weak	MemManageVector
  38              		.thumb_set MemManageVector,_unhandled_exception
  39              		.weak	BusFaultVector
  40              		.thumb_set BusFaultVector,_unhandled_exception
  41              		.weak	UsageFaultVector
  42              		.thumb_set UsageFaultVector,_unhandled_exception
  43              		.weak	Vector1C
  44              		.thumb_set Vector1C,_unhandled_exception
  45              		.weak	Vector20
  46              		.thumb_set Vector20,_unhandled_exception
  47              		.weak	Vector24
  48              		.thumb_set Vector24,_unhandled_exception
  49              		.weak	Vector28
  50              		.thumb_set Vector28,_unhandled_exception
  51              		.weak	SVCallVector
  52              		.thumb_set SVCallVector,_unhandled_exception
  53              		.weak	DebugMonitorVector
  54              		.thumb_set DebugMonitorVector,_unhandled_exception
  55              		.weak	Vector34
  56              		.thumb_set Vector34,_unhandled_exception
  57              		.weak	PendSVVector
ARM GAS  /tmp/ccgocw86.s 			page 2


  58              		.thumb_set PendSVVector,_unhandled_exception
  59              		.weak	SysTickVector
  60              		.thumb_set SysTickVector,_unhandled_exception
  61              		.weak	Vector40
  62              		.thumb_set Vector40,_unhandled_exception
  63              		.weak	Vector44
  64              		.thumb_set Vector44,_unhandled_exception
  65              		.weak	Vector48
  66              		.thumb_set Vector48,_unhandled_exception
  67              		.weak	Vector4C
  68              		.thumb_set Vector4C,_unhandled_exception
  69              		.weak	Vector50
  70              		.thumb_set Vector50,_unhandled_exception
  71              		.weak	Vector54
  72              		.thumb_set Vector54,_unhandled_exception
  73              		.weak	Vector58
  74              		.thumb_set Vector58,_unhandled_exception
  75              		.weak	Vector5C
  76              		.thumb_set Vector5C,_unhandled_exception
  77              		.weak	Vector60
  78              		.thumb_set Vector60,_unhandled_exception
  79              		.weak	Vector64
  80              		.thumb_set Vector64,_unhandled_exception
  81              		.weak	Vector68
  82              		.thumb_set Vector68,_unhandled_exception
  83              		.weak	Vector6C
  84              		.thumb_set Vector6C,_unhandled_exception
  85              		.weak	Vector70
  86              		.thumb_set Vector70,_unhandled_exception
  87              		.weak	Vector74
  88              		.thumb_set Vector74,_unhandled_exception
  89              		.weak	Vector78
  90              		.thumb_set Vector78,_unhandled_exception
  91              		.weak	Vector7C
  92              		.thumb_set Vector7C,_unhandled_exception
  93              		.weak	Vector80
  94              		.thumb_set Vector80,_unhandled_exception
  95              		.weak	Vector84
  96              		.thumb_set Vector84,_unhandled_exception
  97              		.weak	Vector88
  98              		.thumb_set Vector88,_unhandled_exception
  99              		.weak	Vector8C
 100              		.thumb_set Vector8C,_unhandled_exception
 101              		.weak	Vector90
 102              		.thumb_set Vector90,_unhandled_exception
 103              		.weak	Vector94
 104              		.thumb_set Vector94,_unhandled_exception
 105              		.weak	Vector98
 106              		.thumb_set Vector98,_unhandled_exception
 107              		.weak	Vector9C
 108              		.thumb_set Vector9C,_unhandled_exception
 109              		.weak	VectorA0
 110              		.thumb_set VectorA0,_unhandled_exception
 111              		.weak	VectorA4
 112              		.thumb_set VectorA4,_unhandled_exception
 113              		.weak	VectorA8
 114              		.thumb_set VectorA8,_unhandled_exception
ARM GAS  /tmp/ccgocw86.s 			page 3


 115              		.weak	VectorAC
 116              		.thumb_set VectorAC,_unhandled_exception
 117              		.weak	VectorB0
 118              		.thumb_set VectorB0,_unhandled_exception
 119              		.weak	VectorB4
 120              		.thumb_set VectorB4,_unhandled_exception
 121              		.weak	VectorB8
 122              		.thumb_set VectorB8,_unhandled_exception
 123              		.weak	VectorBC
 124              		.thumb_set VectorBC,_unhandled_exception
 125              		.global	_vectors
 126 0002 C046     		.section	vectors,"aw",%progbits
 127              		.align	2
 128              		.type	_vectors, %object
 129              		.size	_vectors, 192
 130              	_vectors:
 131 0000 00000000 		.word	__main_stack_end__
 132 0004 00000000 		.word	ResetHandler
 133 0008 00000000 		.word	NMIVector
 134 000c 00000000 		.word	HardFaultVector
 135 0010 00000000 		.word	MemManageVector
 136 0014 00000000 		.word	BusFaultVector
 137 0018 00000000 		.word	UsageFaultVector
 138 001c 00000000 		.word	Vector1C
 139 0020 00000000 		.word	Vector20
 140 0024 00000000 		.word	Vector24
 141 0028 00000000 		.word	Vector28
 142 002c 00000000 		.word	SVCallVector
 143 0030 00000000 		.word	DebugMonitorVector
 144 0034 00000000 		.word	Vector34
 145 0038 00000000 		.word	PendSVVector
 146 003c 00000000 		.word	SysTickVector
 147 0040 00000000 		.word	Vector40
 148 0044 00000000 		.word	Vector44
 149 0048 00000000 		.word	Vector48
 150 004c 00000000 		.word	Vector4C
 151 0050 00000000 		.word	Vector50
 152 0054 00000000 		.word	Vector54
 153 0058 00000000 		.word	Vector58
 154 005c 00000000 		.word	Vector5C
 155 0060 00000000 		.word	Vector60
 156 0064 00000000 		.word	Vector64
 157 0068 00000000 		.word	Vector68
 158 006c 00000000 		.word	Vector6C
 159 0070 00000000 		.word	Vector70
 160 0074 00000000 		.word	Vector74
 161 0078 00000000 		.word	Vector78
 162 007c 00000000 		.word	Vector7C
 163 0080 00000000 		.word	Vector80
 164 0084 00000000 		.word	Vector84
 165 0088 00000000 		.word	Vector88
 166 008c 00000000 		.word	Vector8C
 167 0090 00000000 		.word	Vector90
 168 0094 00000000 		.word	Vector94
 169 0098 00000000 		.word	USB_IRQHandler
 170 009c 00000000 		.word	Vector9C
 171 00a0 00000000 		.word	VectorA0
ARM GAS  /tmp/ccgocw86.s 			page 4


 172 00a4 00000000 		.word	VectorA4
 173 00a8 00000000 		.word	VectorA8
 174 00ac 00000000 		.word	VectorAC
 175 00b0 00000000 		.word	VectorB0
 176 00b4 00000000 		.word	VectorB4
 177 00b8 00000000 		.word	VectorB8
 178 00bc 00000000 		.word	VectorBC
 179              		.text
 180              	.Letext0:
 181              		.file 2 "/usr/local/lpcxpresso_7.3.0_186/lpcxpresso/tools/arm-none-eabi/include/machine/_default_t
 182              		.file 3 "/usr/local/lpcxpresso_7.3.0_186/lpcxpresso/tools/arm-none-eabi/include/stdint.h"
 183              		.section	.debug_info,"",%progbits
 184              	.Ldebug_info0:
 185 0000 C8010000 		.4byte	0x1c8
 186 0004 0400     		.2byte	0x4
 187 0006 00000000 		.4byte	.Ldebug_abbrev0
 188 000a 04       		.byte	0x4
 189 000b 01       		.uleb128 0x1
 190 000c 65010000 		.4byte	.LASF35
 191 0010 01       		.byte	0x1
 192 0011 33000000 		.4byte	.LASF36
 193 0015 95000000 		.4byte	.LASF37
 194 0019 00000000 		.4byte	.Ldebug_ranges0+0
 195 001d 00000000 		.4byte	0
 196 0021 00000000 		.4byte	.Ldebug_line0
 197 0025 02       		.uleb128 0x2
 198 0026 04       		.byte	0x4
 199 0027 05       		.byte	0x5
 200 0028 696E7400 		.ascii	"int\000"
 201 002c 03       		.uleb128 0x3
 202 002d 04       		.byte	0x4
 203 002e 07       		.byte	0x7
 204 002f EA000000 		.4byte	.LASF0
 205 0033 03       		.uleb128 0x3
 206 0034 01       		.byte	0x1
 207 0035 06       		.byte	0x6
 208 0036 A5020000 		.4byte	.LASF1
 209 003a 03       		.uleb128 0x3
 210 003b 01       		.byte	0x1
 211 003c 08       		.byte	0x8
 212 003d 75000000 		.4byte	.LASF2
 213 0041 03       		.uleb128 0x3
 214 0042 02       		.byte	0x2
 215 0043 05       		.byte	0x5
 216 0044 6B020000 		.4byte	.LASF3
 217 0048 03       		.uleb128 0x3
 218 0049 02       		.byte	0x2
 219 004a 07       		.byte	0x7
 220 004b B4000000 		.4byte	.LASF4
 221 004f 03       		.uleb128 0x3
 222 0050 04       		.byte	0x4
 223 0051 05       		.byte	0x5
 224 0052 9C020000 		.4byte	.LASF5
 225 0056 04       		.uleb128 0x4
 226 0057 DF000000 		.4byte	.LASF9
 227 005b 02       		.byte	0x2
 228 005c 38       		.byte	0x38
ARM GAS  /tmp/ccgocw86.s 			page 5


 229 005d 61000000 		.4byte	0x61
 230 0061 03       		.uleb128 0x3
 231 0062 04       		.byte	0x4
 232 0063 07       		.byte	0x7
 233 0064 83000000 		.4byte	.LASF6
 234 0068 03       		.uleb128 0x3
 235 0069 08       		.byte	0x8
 236 006a 05       		.byte	0x5
 237 006b 2A020000 		.4byte	.LASF7
 238 006f 03       		.uleb128 0x3
 239 0070 08       		.byte	0x8
 240 0071 07       		.byte	0x7
 241 0072 02010000 		.4byte	.LASF8
 242 0076 04       		.uleb128 0x4
 243 0077 93020000 		.4byte	.LASF10
 244 007b 03       		.byte	0x3
 245 007c 42       		.byte	0x42
 246 007d 56000000 		.4byte	0x56
 247 0081 03       		.uleb128 0x3
 248 0082 01       		.byte	0x1
 249 0083 02       		.byte	0x2
 250 0084 CE020000 		.4byte	.LASF11
 251 0088 03       		.uleb128 0x3
 252 0089 04       		.byte	0x4
 253 008a 07       		.byte	0x7
 254 008b 4E010000 		.4byte	.LASF12
 255 008f 03       		.uleb128 0x3
 256 0090 01       		.byte	0x1
 257 0091 08       		.byte	0x8
 258 0092 38020000 		.4byte	.LASF13
 259 0096 04       		.uleb128 0x4
 260 0097 09000000 		.4byte	.LASF14
 261 009b 01       		.byte	0x1
 262 009c 2B       		.byte	0x2b
 263 009d A1000000 		.4byte	0xa1
 264 00a1 05       		.uleb128 0x5
 265 00a2 04       		.byte	0x4
 266 00a3 A7000000 		.4byte	0xa7
 267 00a7 06       		.uleb128 0x6
 268 00a8 07       		.uleb128 0x7
 269 00a9 C0       		.byte	0xc0
 270 00aa 01       		.byte	0x1
 271 00ab 30       		.byte	0x30
 272 00ac 7D010000 		.4byte	0x17d
 273 00b0 08       		.uleb128 0x8
 274 00b1 28000000 		.4byte	.LASF15
 275 00b5 01       		.byte	0x1
 276 00b6 31       		.byte	0x31
 277 00b7 7D010000 		.4byte	0x17d
 278 00bb 00       		.byte	0
 279 00bc 08       		.uleb128 0x8
 280 00bd 75020000 		.4byte	.LASF16
 281 00c1 01       		.byte	0x1
 282 00c2 32       		.byte	0x32
 283 00c3 96000000 		.4byte	0x96
 284 00c7 04       		.byte	0x4
 285 00c8 08       		.uleb128 0x8
ARM GAS  /tmp/ccgocw86.s 			page 6


 286 00c9 F7000000 		.4byte	.LASF17
 287 00cd 01       		.byte	0x1
 288 00ce 33       		.byte	0x33
 289 00cf 96000000 		.4byte	0x96
 290 00d3 08       		.byte	0x8
 291 00d4 08       		.uleb128 0x8
 292 00d5 82020000 		.4byte	.LASF18
 293 00d9 01       		.byte	0x1
 294 00da 34       		.byte	0x34
 295 00db 96000000 		.4byte	0x96
 296 00df 0C       		.byte	0xc
 297 00e0 08       		.uleb128 0x8
 298 00e1 3D020000 		.4byte	.LASF19
 299 00e5 01       		.byte	0x1
 300 00e6 35       		.byte	0x35
 301 00e7 96000000 		.4byte	0x96
 302 00eb 10       		.byte	0x10
 303 00ec 08       		.uleb128 0x8
 304 00ed 19010000 		.4byte	.LASF20
 305 00f1 01       		.byte	0x1
 306 00f2 36       		.byte	0x36
 307 00f3 96000000 		.4byte	0x96
 308 00f7 14       		.byte	0x14
 309 00f8 08       		.uleb128 0x8
 310 00f9 32010000 		.4byte	.LASF21
 311 00fd 01       		.byte	0x1
 312 00fe 37       		.byte	0x37
 313 00ff 96000000 		.4byte	0x96
 314 0103 18       		.byte	0x18
 315 0104 08       		.uleb128 0x8
 316 0105 C7000000 		.4byte	.LASF22
 317 0109 01       		.byte	0x1
 318 010a 38       		.byte	0x38
 319 010b 96000000 		.4byte	0x96
 320 010f 1C       		.byte	0x1c
 321 0110 08       		.uleb128 0x8
 322 0111 C5020000 		.4byte	.LASF23
 323 0115 01       		.byte	0x1
 324 0116 39       		.byte	0x39
 325 0117 96000000 		.4byte	0x96
 326 011b 20       		.byte	0x20
 327 011c 08       		.uleb128 0x8
 328 011d 00000000 		.4byte	.LASF24
 329 0121 01       		.byte	0x1
 330 0122 3A       		.byte	0x3a
 331 0123 96000000 		.4byte	0x96
 332 0127 24       		.byte	0x24
 333 0128 08       		.uleb128 0x8
 334 0129 29010000 		.4byte	.LASF25
 335 012d 01       		.byte	0x1
 336 012e 3B       		.byte	0x3b
 337 012f 96000000 		.4byte	0x96
 338 0133 28       		.byte	0x28
 339 0134 08       		.uleb128 0x8
 340 0135 67000000 		.4byte	.LASF26
 341 0139 01       		.byte	0x1
 342 013a 3C       		.byte	0x3c
ARM GAS  /tmp/ccgocw86.s 			page 7


 343 013b 96000000 		.4byte	0x96
 344 013f 2C       		.byte	0x2c
 345 0140 08       		.uleb128 0x8
 346 0141 B1020000 		.4byte	.LASF27
 347 0145 01       		.byte	0x1
 348 0146 3D       		.byte	0x3d
 349 0147 96000000 		.4byte	0x96
 350 014b 30       		.byte	0x30
 351 014c 08       		.uleb128 0x8
 352 014d 16000000 		.4byte	.LASF28
 353 0151 01       		.byte	0x1
 354 0152 3E       		.byte	0x3e
 355 0153 96000000 		.4byte	0x96
 356 0157 34       		.byte	0x34
 357 0158 08       		.uleb128 0x8
 358 0159 57010000 		.4byte	.LASF29
 359 015d 01       		.byte	0x1
 360 015e 3F       		.byte	0x3f
 361 015f 96000000 		.4byte	0x96
 362 0163 38       		.byte	0x38
 363 0164 08       		.uleb128 0x8
 364 0165 D0000000 		.4byte	.LASF30
 365 0169 01       		.byte	0x1
 366 016a 40       		.byte	0x40
 367 016b 96000000 		.4byte	0x96
 368 016f 3C       		.byte	0x3c
 369 0170 08       		.uleb128 0x8
 370 0171 63020000 		.4byte	.LASF31
 371 0175 01       		.byte	0x1
 372 0176 41       		.byte	0x41
 373 0177 83010000 		.4byte	0x183
 374 017b 40       		.byte	0x40
 375 017c 00       		.byte	0
 376 017d 05       		.uleb128 0x5
 377 017e 04       		.byte	0x4
 378 017f 76000000 		.4byte	0x76
 379 0183 09       		.uleb128 0x9
 380 0184 96000000 		.4byte	0x96
 381 0188 93010000 		.4byte	0x193
 382 018c 0A       		.uleb128 0xa
 383 018d 88000000 		.4byte	0x88
 384 0191 1F       		.byte	0x1f
 385 0192 00       		.byte	0
 386 0193 04       		.uleb128 0x4
 387 0194 44010000 		.4byte	.LASF32
 388 0198 01       		.byte	0x1
 389 0199 42       		.byte	0x42
 390 019a A8000000 		.4byte	0xa8
 391 019e 0B       		.uleb128 0xb
 392 019f 4E020000 		.4byte	.LASF38
 393 01a3 01       		.byte	0x1
 394 01a4 99       		.byte	0x99
 395 01a5 00000000 		.4byte	.LFB7
 396 01a9 02000000 		.4byte	.LFE7-.LFB7
 397 01ad 01       		.uleb128 0x1
 398 01ae 9C       		.byte	0x9c
 399 01af 0C       		.uleb128 0xc
ARM GAS  /tmp/ccgocw86.s 			page 8


 400 01b0 D4020000 		.4byte	.LASF33
 401 01b4 01       		.byte	0x1
 402 01b5 45       		.byte	0x45
 403 01b6 76000000 		.4byte	0x76
 404 01ba 0D       		.uleb128 0xd
 405 01bb 1F000000 		.4byte	.LASF34
 406 01bf 01       		.byte	0x1
 407 01c0 7E       		.byte	0x7e
 408 01c1 93010000 		.4byte	0x193
 409 01c5 05       		.uleb128 0x5
 410 01c6 03       		.byte	0x3
 411 01c7 00000000 		.4byte	_vectors
 412 01cb 00       		.byte	0
 413              		.section	.debug_abbrev,"",%progbits
 414              	.Ldebug_abbrev0:
 415 0000 01       		.uleb128 0x1
 416 0001 11       		.uleb128 0x11
 417 0002 01       		.byte	0x1
 418 0003 25       		.uleb128 0x25
 419 0004 0E       		.uleb128 0xe
 420 0005 13       		.uleb128 0x13
 421 0006 0B       		.uleb128 0xb
 422 0007 03       		.uleb128 0x3
 423 0008 0E       		.uleb128 0xe
 424 0009 1B       		.uleb128 0x1b
 425 000a 0E       		.uleb128 0xe
 426 000b 55       		.uleb128 0x55
 427 000c 17       		.uleb128 0x17
 428 000d 11       		.uleb128 0x11
 429 000e 01       		.uleb128 0x1
 430 000f 10       		.uleb128 0x10
 431 0010 17       		.uleb128 0x17
 432 0011 00       		.byte	0
 433 0012 00       		.byte	0
 434 0013 02       		.uleb128 0x2
 435 0014 24       		.uleb128 0x24
 436 0015 00       		.byte	0
 437 0016 0B       		.uleb128 0xb
 438 0017 0B       		.uleb128 0xb
 439 0018 3E       		.uleb128 0x3e
 440 0019 0B       		.uleb128 0xb
 441 001a 03       		.uleb128 0x3
 442 001b 08       		.uleb128 0x8
 443 001c 00       		.byte	0
 444 001d 00       		.byte	0
 445 001e 03       		.uleb128 0x3
 446 001f 24       		.uleb128 0x24
 447 0020 00       		.byte	0
 448 0021 0B       		.uleb128 0xb
 449 0022 0B       		.uleb128 0xb
 450 0023 3E       		.uleb128 0x3e
 451 0024 0B       		.uleb128 0xb
 452 0025 03       		.uleb128 0x3
 453 0026 0E       		.uleb128 0xe
 454 0027 00       		.byte	0
 455 0028 00       		.byte	0
 456 0029 04       		.uleb128 0x4
ARM GAS  /tmp/ccgocw86.s 			page 9


 457 002a 16       		.uleb128 0x16
 458 002b 00       		.byte	0
 459 002c 03       		.uleb128 0x3
 460 002d 0E       		.uleb128 0xe
 461 002e 3A       		.uleb128 0x3a
 462 002f 0B       		.uleb128 0xb
 463 0030 3B       		.uleb128 0x3b
 464 0031 0B       		.uleb128 0xb
 465 0032 49       		.uleb128 0x49
 466 0033 13       		.uleb128 0x13
 467 0034 00       		.byte	0
 468 0035 00       		.byte	0
 469 0036 05       		.uleb128 0x5
 470 0037 0F       		.uleb128 0xf
 471 0038 00       		.byte	0
 472 0039 0B       		.uleb128 0xb
 473 003a 0B       		.uleb128 0xb
 474 003b 49       		.uleb128 0x49
 475 003c 13       		.uleb128 0x13
 476 003d 00       		.byte	0
 477 003e 00       		.byte	0
 478 003f 06       		.uleb128 0x6
 479 0040 15       		.uleb128 0x15
 480 0041 00       		.byte	0
 481 0042 27       		.uleb128 0x27
 482 0043 19       		.uleb128 0x19
 483 0044 00       		.byte	0
 484 0045 00       		.byte	0
 485 0046 07       		.uleb128 0x7
 486 0047 13       		.uleb128 0x13
 487 0048 01       		.byte	0x1
 488 0049 0B       		.uleb128 0xb
 489 004a 0B       		.uleb128 0xb
 490 004b 3A       		.uleb128 0x3a
 491 004c 0B       		.uleb128 0xb
 492 004d 3B       		.uleb128 0x3b
 493 004e 0B       		.uleb128 0xb
 494 004f 01       		.uleb128 0x1
 495 0050 13       		.uleb128 0x13
 496 0051 00       		.byte	0
 497 0052 00       		.byte	0
 498 0053 08       		.uleb128 0x8
 499 0054 0D       		.uleb128 0xd
 500 0055 00       		.byte	0
 501 0056 03       		.uleb128 0x3
 502 0057 0E       		.uleb128 0xe
 503 0058 3A       		.uleb128 0x3a
 504 0059 0B       		.uleb128 0xb
 505 005a 3B       		.uleb128 0x3b
 506 005b 0B       		.uleb128 0xb
 507 005c 49       		.uleb128 0x49
 508 005d 13       		.uleb128 0x13
 509 005e 38       		.uleb128 0x38
 510 005f 0B       		.uleb128 0xb
 511 0060 00       		.byte	0
 512 0061 00       		.byte	0
 513 0062 09       		.uleb128 0x9
ARM GAS  /tmp/ccgocw86.s 			page 10


 514 0063 01       		.uleb128 0x1
 515 0064 01       		.byte	0x1
 516 0065 49       		.uleb128 0x49
 517 0066 13       		.uleb128 0x13
 518 0067 01       		.uleb128 0x1
 519 0068 13       		.uleb128 0x13
 520 0069 00       		.byte	0
 521 006a 00       		.byte	0
 522 006b 0A       		.uleb128 0xa
 523 006c 21       		.uleb128 0x21
 524 006d 00       		.byte	0
 525 006e 49       		.uleb128 0x49
 526 006f 13       		.uleb128 0x13
 527 0070 2F       		.uleb128 0x2f
 528 0071 0B       		.uleb128 0xb
 529 0072 00       		.byte	0
 530 0073 00       		.byte	0
 531 0074 0B       		.uleb128 0xb
 532 0075 2E       		.uleb128 0x2e
 533 0076 00       		.byte	0
 534 0077 3F       		.uleb128 0x3f
 535 0078 19       		.uleb128 0x19
 536 0079 03       		.uleb128 0x3
 537 007a 0E       		.uleb128 0xe
 538 007b 3A       		.uleb128 0x3a
 539 007c 0B       		.uleb128 0xb
 540 007d 3B       		.uleb128 0x3b
 541 007e 0B       		.uleb128 0xb
 542 007f 27       		.uleb128 0x27
 543 0080 19       		.uleb128 0x19
 544 0081 11       		.uleb128 0x11
 545 0082 01       		.uleb128 0x1
 546 0083 12       		.uleb128 0x12
 547 0084 06       		.uleb128 0x6
 548 0085 40       		.uleb128 0x40
 549 0086 18       		.uleb128 0x18
 550 0087 9742     		.uleb128 0x2117
 551 0089 19       		.uleb128 0x19
 552 008a 00       		.byte	0
 553 008b 00       		.byte	0
 554 008c 0C       		.uleb128 0xc
 555 008d 34       		.uleb128 0x34
 556 008e 00       		.byte	0
 557 008f 03       		.uleb128 0x3
 558 0090 0E       		.uleb128 0xe
 559 0091 3A       		.uleb128 0x3a
 560 0092 0B       		.uleb128 0xb
 561 0093 3B       		.uleb128 0x3b
 562 0094 0B       		.uleb128 0xb
 563 0095 49       		.uleb128 0x49
 564 0096 13       		.uleb128 0x13
 565 0097 3F       		.uleb128 0x3f
 566 0098 19       		.uleb128 0x19
 567 0099 3C       		.uleb128 0x3c
 568 009a 19       		.uleb128 0x19
 569 009b 00       		.byte	0
 570 009c 00       		.byte	0
ARM GAS  /tmp/ccgocw86.s 			page 11


 571 009d 0D       		.uleb128 0xd
 572 009e 34       		.uleb128 0x34
 573 009f 00       		.byte	0
 574 00a0 03       		.uleb128 0x3
 575 00a1 0E       		.uleb128 0xe
 576 00a2 3A       		.uleb128 0x3a
 577 00a3 0B       		.uleb128 0xb
 578 00a4 3B       		.uleb128 0x3b
 579 00a5 0B       		.uleb128 0xb
 580 00a6 49       		.uleb128 0x49
 581 00a7 13       		.uleb128 0x13
 582 00a8 3F       		.uleb128 0x3f
 583 00a9 19       		.uleb128 0x19
 584 00aa 02       		.uleb128 0x2
 585 00ab 18       		.uleb128 0x18
 586 00ac 00       		.byte	0
 587 00ad 00       		.byte	0
 588 00ae 00       		.byte	0
 589              		.section	.debug_aranges,"",%progbits
 590 0000 1C000000 		.4byte	0x1c
 591 0004 0200     		.2byte	0x2
 592 0006 00000000 		.4byte	.Ldebug_info0
 593 000a 04       		.byte	0x4
 594 000b 00       		.byte	0
 595 000c 0000     		.2byte	0
 596 000e 0000     		.2byte	0
 597 0010 00000000 		.4byte	.LFB7
 598 0014 02000000 		.4byte	.LFE7-.LFB7
 599 0018 00000000 		.4byte	0
 600 001c 00000000 		.4byte	0
 601              		.section	.debug_ranges,"",%progbits
 602              	.Ldebug_ranges0:
 603 0000 00000000 		.4byte	.LFB7
 604 0004 02000000 		.4byte	.LFE7
 605 0008 00000000 		.4byte	0
 606 000c 00000000 		.4byte	0
 607              		.section	.debug_line,"",%progbits
 608              	.Ldebug_line0:
 609 0000 16010000 		.section	.debug_str,"MS",%progbits,1
 609      02000001 
 609      00000201 
 609      FB0E0D00 
 609      01010101 
 610              	.LASF24:
 611 0000 76656374 		.ascii	"vector24\000"
 611      6F723234 
 611      00
 612              	.LASF14:
 613 0009 6972715F 		.ascii	"irq_vector_t\000"
 613      76656374 
 613      6F725F74 
 613      00
 614              	.LASF28:
 615 0016 76656374 		.ascii	"vector34\000"
 615      6F723334 
 615      00
 616              	.LASF34:
ARM GAS  /tmp/ccgocw86.s 			page 12


 617 001f 5F766563 		.ascii	"_vectors\000"
 617      746F7273 
 617      00
 618              	.LASF15:
 619 0028 696E6974 		.ascii	"init_stack\000"
 619      5F737461 
 619      636B00
 620              	.LASF36:
 621 0033 43686962 		.ascii	"ChibiOS_2.6.5/os/ports/GCC/ARMCMx/LPC11xx/vectors.c"
 621      694F535F 
 621      322E362E 
 621      352F6F73 
 621      2F706F72 
 622 0066 00       		.ascii	"\000"
 623              	.LASF26:
 624 0067 73766361 		.ascii	"svcall_vector\000"
 624      6C6C5F76 
 624      6563746F 
 624      7200
 625              	.LASF2:
 626 0075 756E7369 		.ascii	"unsigned char\000"
 626      676E6564 
 626      20636861 
 626      7200
 627              	.LASF6:
 628 0083 6C6F6E67 		.ascii	"long unsigned int\000"
 628      20756E73 
 628      69676E65 
 628      6420696E 
 628      7400
 629              	.LASF37:
 630 0095 2F484444 		.ascii	"/HDD/GIT/variometer/Altimeter/\000"
 630      2F474954 
 630      2F766172 
 630      696F6D65 
 630      7465722F 
 631              	.LASF4:
 632 00b4 73686F72 		.ascii	"short unsigned int\000"
 632      7420756E 
 632      7369676E 
 632      65642069 
 632      6E7400
 633              	.LASF22:
 634 00c7 76656374 		.ascii	"vector1c\000"
 634      6F723163 
 634      00
 635              	.LASF30:
 636 00d0 73797374 		.ascii	"systick_vector\000"
 636      69636B5F 
 636      76656374 
 636      6F7200
 637              	.LASF9:
 638 00df 5F5F7569 		.ascii	"__uint32_t\000"
 638      6E743332 
 638      5F7400
 639              	.LASF0:
 640 00ea 756E7369 		.ascii	"unsigned int\000"
ARM GAS  /tmp/ccgocw86.s 			page 13


 640      676E6564 
 640      20696E74 
 640      00
 641              	.LASF17:
 642 00f7 6E6D695F 		.ascii	"nmi_vector\000"
 642      76656374 
 642      6F7200
 643              	.LASF8:
 644 0102 6C6F6E67 		.ascii	"long long unsigned int\000"
 644      206C6F6E 
 644      6720756E 
 644      7369676E 
 644      65642069 
 645              	.LASF20:
 646 0119 62757366 		.ascii	"busfault_vector\000"
 646      61756C74 
 646      5F766563 
 646      746F7200 
 647              	.LASF25:
 648 0129 76656374 		.ascii	"vector28\000"
 648      6F723238 
 648      00
 649              	.LASF21:
 650 0132 75736167 		.ascii	"usagefault_vector\000"
 650      65666175 
 650      6C745F76 
 650      6563746F 
 650      7200
 651              	.LASF32:
 652 0144 76656374 		.ascii	"vectors_t\000"
 652      6F72735F 
 652      7400
 653              	.LASF12:
 654 014e 73697A65 		.ascii	"sizetype\000"
 654      74797065 
 654      00
 655              	.LASF29:
 656 0157 70656E64 		.ascii	"pendsv_vector\000"
 656      73765F76 
 656      6563746F 
 656      7200
 657              	.LASF35:
 658 0165 474E5520 		.ascii	"GNU C 4.8.4 20140526 (release) [ARM/embedded-4_8-br"
 658      4320342E 
 658      382E3420 
 658      32303134 
 658      30353236 
 659 0198 616E6368 		.ascii	"anch revision 211358] -mcpu=cortex-m0 -mno-thumb-in"
 659      20726576 
 659      6973696F 
 659      6E203231 
 659      31333538 
 660 01cb 74657277 		.ascii	"terwork -mthumb -ggdb -O1 -fomit-frame-pointer -ffu"
 660      6F726B20 
 660      2D6D7468 
 660      756D6220 
 660      2D676764 
ARM GAS  /tmp/ccgocw86.s 			page 14


 661 01fe 6E637469 		.ascii	"nction-sections -fdata-sections -fno-common\000"
 661      6F6E2D73 
 661      65637469 
 661      6F6E7320 
 661      2D666461 
 662              	.LASF7:
 663 022a 6C6F6E67 		.ascii	"long long int\000"
 663      206C6F6E 
 663      6720696E 
 663      7400
 664              	.LASF13:
 665 0238 63686172 		.ascii	"char\000"
 665      00
 666              	.LASF19:
 667 023d 6D656D6D 		.ascii	"memmanage_vector\000"
 667      616E6167 
 667      655F7665 
 667      63746F72 
 667      00
 668              	.LASF38:
 669 024e 5F756E68 		.ascii	"_unhandled_exception\000"
 669      616E646C 
 669      65645F65 
 669      78636570 
 669      74696F6E 
 670              	.LASF31:
 671 0263 76656374 		.ascii	"vectors\000"
 671      6F727300 
 672              	.LASF3:
 673 026b 73686F72 		.ascii	"short int\000"
 673      7420696E 
 673      7400
 674              	.LASF16:
 675 0275 72657365 		.ascii	"reset_vector\000"
 675      745F7665 
 675      63746F72 
 675      00
 676              	.LASF18:
 677 0282 68617264 		.ascii	"hardfault_vector\000"
 677      6661756C 
 677      745F7665 
 677      63746F72 
 677      00
 678              	.LASF10:
 679 0293 75696E74 		.ascii	"uint32_t\000"
 679      33325F74 
 679      00
 680              	.LASF5:
 681 029c 6C6F6E67 		.ascii	"long int\000"
 681      20696E74 
 681      00
 682              	.LASF1:
 683 02a5 7369676E 		.ascii	"signed char\000"
 683      65642063 
 683      68617200 
 684              	.LASF27:
 685 02b1 64656275 		.ascii	"debugmonitor_vector\000"
ARM GAS  /tmp/ccgocw86.s 			page 15


 685      676D6F6E 
 685      69746F72 
 685      5F766563 
 685      746F7200 
 686              	.LASF23:
 687 02c5 76656374 		.ascii	"vector20\000"
 687      6F723230 
 687      00
 688              	.LASF11:
 689 02ce 5F426F6F 		.ascii	"_Bool\000"
 689      6C00
 690              	.LASF33:
 691 02d4 5F5F6D61 		.ascii	"__main_stack_end__\000"
 691      696E5F73 
 691      7461636B 
 691      5F656E64 
 691      5F5F00
 692              		.ident	"GCC: (GNU Tools for ARM Embedded Processors) 4.8.4 20140526 (release) [ARM/embedded-4_8-br
ARM GAS  /tmp/ccgocw86.s 			page 16


DEFINED SYMBOLS
                            *ABS*:00000000 vectors.c
     /tmp/ccgocw86.s:18     .text._unhandled_exception:00000000 $t
     /tmp/ccgocw86.s:23     .text._unhandled_exception:00000000 _unhandled_exception
     /tmp/ccgocw86.s:23     .text._unhandled_exception:00000000 NMIVector
     /tmp/ccgocw86.s:23     .text._unhandled_exception:00000000 HardFaultVector
     /tmp/ccgocw86.s:23     .text._unhandled_exception:00000000 MemManageVector
     /tmp/ccgocw86.s:23     .text._unhandled_exception:00000000 BusFaultVector
     /tmp/ccgocw86.s:23     .text._unhandled_exception:00000000 UsageFaultVector
     /tmp/ccgocw86.s:23     .text._unhandled_exception:00000000 Vector1C
     /tmp/ccgocw86.s:23     .text._unhandled_exception:00000000 Vector20
     /tmp/ccgocw86.s:23     .text._unhandled_exception:00000000 Vector24
     /tmp/ccgocw86.s:23     .text._unhandled_exception:00000000 Vector28
     /tmp/ccgocw86.s:23     .text._unhandled_exception:00000000 SVCallVector
     /tmp/ccgocw86.s:23     .text._unhandled_exception:00000000 DebugMonitorVector
     /tmp/ccgocw86.s:23     .text._unhandled_exception:00000000 Vector34
     /tmp/ccgocw86.s:23     .text._unhandled_exception:00000000 PendSVVector
     /tmp/ccgocw86.s:23     .text._unhandled_exception:00000000 SysTickVector
     /tmp/ccgocw86.s:23     .text._unhandled_exception:00000000 Vector40
     /tmp/ccgocw86.s:23     .text._unhandled_exception:00000000 Vector44
     /tmp/ccgocw86.s:23     .text._unhandled_exception:00000000 Vector48
     /tmp/ccgocw86.s:23     .text._unhandled_exception:00000000 Vector4C
     /tmp/ccgocw86.s:23     .text._unhandled_exception:00000000 Vector50
     /tmp/ccgocw86.s:23     .text._unhandled_exception:00000000 Vector54
     /tmp/ccgocw86.s:23     .text._unhandled_exception:00000000 Vector58
     /tmp/ccgocw86.s:23     .text._unhandled_exception:00000000 Vector5C
     /tmp/ccgocw86.s:23     .text._unhandled_exception:00000000 Vector60
     /tmp/ccgocw86.s:23     .text._unhandled_exception:00000000 Vector64
     /tmp/ccgocw86.s:23     .text._unhandled_exception:00000000 Vector68
     /tmp/ccgocw86.s:23     .text._unhandled_exception:00000000 Vector6C
     /tmp/ccgocw86.s:23     .text._unhandled_exception:00000000 Vector70
     /tmp/ccgocw86.s:23     .text._unhandled_exception:00000000 Vector74
     /tmp/ccgocw86.s:23     .text._unhandled_exception:00000000 Vector78
     /tmp/ccgocw86.s:23     .text._unhandled_exception:00000000 Vector7C
     /tmp/ccgocw86.s:23     .text._unhandled_exception:00000000 Vector80
     /tmp/ccgocw86.s:23     .text._unhandled_exception:00000000 Vector84
     /tmp/ccgocw86.s:23     .text._unhandled_exception:00000000 Vector88
     /tmp/ccgocw86.s:23     .text._unhandled_exception:00000000 Vector8C
     /tmp/ccgocw86.s:23     .text._unhandled_exception:00000000 Vector90
     /tmp/ccgocw86.s:23     .text._unhandled_exception:00000000 Vector94
     /tmp/ccgocw86.s:23     .text._unhandled_exception:00000000 Vector98
     /tmp/ccgocw86.s:23     .text._unhandled_exception:00000000 Vector9C
     /tmp/ccgocw86.s:23     .text._unhandled_exception:00000000 VectorA0
     /tmp/ccgocw86.s:23     .text._unhandled_exception:00000000 VectorA4
     /tmp/ccgocw86.s:23     .text._unhandled_exception:00000000 VectorA8
     /tmp/ccgocw86.s:23     .text._unhandled_exception:00000000 VectorAC
     /tmp/ccgocw86.s:23     .text._unhandled_exception:00000000 VectorB0
     /tmp/ccgocw86.s:23     .text._unhandled_exception:00000000 VectorB4
     /tmp/ccgocw86.s:23     .text._unhandled_exception:00000000 VectorB8
     /tmp/ccgocw86.s:23     .text._unhandled_exception:00000000 VectorBC
     /tmp/ccgocw86.s:130    vectors:00000000 _vectors
     /tmp/ccgocw86.s:127    vectors:00000000 $d
                     .debug_frame:00000010 $d

UNDEFINED SYMBOLS
__main_stack_end__
ResetHandler
ARM GAS  /tmp/ccgocw86.s 			page 17


USB_IRQHandler
